#	A	C	D	E	F	G	H	I	K	L	M	N	P	Q	R	S	T	V	W	Y
A7ZH66	0.12	0.0	0.04	0.02	0.06	0.06	0.0	0.11	0.09	0.07	0.01	0.06	0.03	0.01	0.03	0.12	0.03	0.1	0.0	0.04
B4EYH3	0.11	0.02	0.04	0.05	0.04	0.08	0.0	0.08	0.05	0.07	0.02	0.06	0.04	0.02	0.03	0.1	0.11	0.08	0.0	0.0
B7LBY5	0.06	0.0	0.04	0.04	0.04	0.09	0.02	0.09	0.07	0.1	0.04	0.05	0.03	0.02	0.05	0.08	0.06	0.06	0.01	0.05
B7MX50	0.13	0.0	0.02	0.03	0.03	0.14	0.01	0.03	0.04	0.11	0.03	0.06	0.04	0.01	0.08	0.08	0.04	0.07	0.01	0.04
B7MX52	0.08	0.0	0.06	0.03	0.05	0.13	0.01	0.06	0.09	0.05	0.03	0.1	0.02	0.0	0.01	0.09	0.06	0.08	0.01	0.04
B7NCM9	0.12	0.0	0.05	0.02	0.03	0.07	0.01	0.07	0.08	0.1	0.03	0.08	0.01	0.02	0.04	0.08	0.07	0.07	0.01	0.04
C8TQ66	0.17	0.02	0.05	0.01	0.02	0.07	0.01	0.03	0.05	0.09	0.02	0.04	0.02	0.01	0.03	0.1	0.11	0.09	0.02	0.04
D2AJC0	0.09	0.02	0.03	0.03	0.03	0.04	0.02	0.08	0.08	0.1	0.01	0.04	0.03	0.03	0.07	0.11	0.07	0.06	0.01	0.05
O32591	0.07	0.01	0.04	0.03	0.05	0.08	0.02	0.09	0.1	0.1	0.03	0.04	0.01	0.04	0.04	0.12	0.04	0.04	0.0	0.05
O84419	0.11	0.01	0.07	0.05	0.05	0.03	0.01	0.02	0.04	0.05	0.04	0.03	0.02	0.03	0.03	0.23	0.1	0.05	0.0	0.03
O86164	0.04	0.02	0.07	0.03	0.09	0.09	0.02	0.03	0.04	0.11	0.01	0.05	0.05	0.02	0.0	0.13	0.13	0.04	0.01	0.02
O87657	0.12	0.02	0.03	0.07	0.05	0.12	0.03	0.05	0.04	0.04	0.03	0.06	0.01	0.01	0.0	0.11	0.11	0.1	0.0	0.0
O87661	0.08	0.02	0.07	0.02	0.03	0.06	0.01	0.07	0.05	0.09	0.05	0.09	0.04	0.03	0.02	0.07	0.11	0.07	0.0	0.02
O88093	0.11	0.02	0.02	0.04	0.08	0.08	0.01	0.05	0.05	0.1	0.03	0.06	0.04	0.02	0.08	0.06	0.03	0.08	0.0	0.04
P04128	0.2	0.02	0.04	0.02	0.03	0.08	0.01	0.03	0.04	0.09	0.01	0.05	0.0	0.05	0.01	0.09	0.1	0.13	0.0	0.0
P05788	0.13	0.03	0.06	0.02	0.03	0.08	0.02	0.09	0.07	0.08	0.01	0.04	0.07	0.04	0.04	0.05	0.08	0.05	0.0	0.01
P07268	0.08	0.0	0.06	0.06	0.08	0.09	0.02	0.05	0.07	0.05	0.01	0.07	0.02	0.05	0.02	0.09	0.09	0.04	0.01	0.04
P08062	0.05	0.0	0.08	0.11	0.01	0.09	0.04	0.02	0.03	0.05	0.05	0.09	0.04	0.04	0.04	0.13	0.08	0.05	0.0	0.0
P08189	0.14	0.03	0.04	0.02	0.06	0.06	0.02	0.04	0.03	0.09	0.02	0.09	0.04	0.01	0.04	0.07	0.07	0.1	0.01	0.02
P0C081	0.09	0.0	0.05	0.05	0.01	0.1	0.01	0.07	0.11	0.12	0.01	0.09	0.01	0.06	0.01	0.07	0.07	0.03	0.01	0.03
P0C1A2	0.16	0.0	0.03	0.04	0.03	0.11	0.0	0.09	0.05	0.06	0.04	0.04	0.01	0.02	0.02	0.14	0.09	0.04	0.01	0.02
P11312	0.11	0.02	0.03	0.03	0.04	0.07	0.0	0.05	0.06	0.09	0.01	0.08	0.04	0.04	0.0	0.09	0.12	0.09	0.0	0.03
P12730	0.15	0.02	0.03	0.03	0.05	0.09	0.02	0.04	0.05	0.07	0.02	0.08	0.01	0.02	0.01	0.11	0.08	0.12	0.0	0.0
P13719	0.15	0.02	0.06	0.02	0.02	0.08	0.01	0.05	0.05	0.08	0.04	0.05	0.01	0.05	0.03	0.05	0.14	0.07	0.0	0.02
P14212	0.07	0.02	0.03	0.03	0.05	0.07	0.01	0.03	0.11	0.1	0.02	0.11	0.03	0.02	0.0	0.05	0.14	0.1	0.0	0.01
P15320	0.23	0.0	0.02	0.02	0.02	0.12	0.01	0.04	0.02	0.09	0.01	0.13	0.04	0.06	0.02	0.06	0.02	0.07	0.0	0.02
P15377	0.05	0.0	0.05	0.03	0.01	0.11	0.01	0.06	0.11	0.13	0.01	0.08	0.01	0.09	0.02	0.09	0.08	0.03	0.01	0.02
P15493	0.1	0.0	0.03	0.03	0.04	0.09	0.03	0.07	0.01	0.12	0.02	0.02	0.02	0.08	0.04	0.11	0.07	0.07	0.01	0.04
P16316	0.1	0.0	0.05	0.02	0.05	0.1	0.03	0.0	0.06	0.05	0.01	0.08	0.05	0.03	0.02	0.08	0.13	0.05	0.02	0.07
P16317	0.09	0.0	0.07	0.02	0.06	0.08	0.02	0.03	0.05	0.07	0.01	0.09	0.01	0.05	0.04	0.13	0.07	0.06	0.01	0.04
P16466	0.11	0.0	0.03	0.02	0.04	0.12	0.03	0.06	0.04	0.07	0.01	0.14	0.05	0.06	0.01	0.09	0.02	0.08	0.0	0.02
P21413	0.12	0.02	0.04	0.02	0.03	0.06	0.0	0.04	0.07	0.13	0.02	0.09	0.02	0.03	0.01	0.13	0.11	0.04	0.0	0.02
P24093	0.14	0.02	0.07	0.03	0.05	0.08	0.01	0.03	0.06	0.07	0.03	0.03	0.03	0.05	0.04	0.05	0.12	0.09	0.0	0.0
P26876	0.09	0.0	0.04	0.05	0.02	0.09	0.01	0.06	0.04	0.15	0.02	0.01	0.05	0.08	0.03	0.08	0.05	0.08	0.01	0.04
P33406	0.09	0.0	0.04	0.07	0.04	0.1	0.03	0.04	0.1	0.05	0.07	0.05	0.04	0.01	0.01	0.09	0.06	0.1	0.01	0.0
P35695	0.14	0.03	0.01	0.06	0.06	0.04	0.01	0.07	0.09	0.07	0.02	0.07	0.03	0.01	0.02	0.1	0.08	0.05	0.02	0.02
P43529	0.12	0.01	0.05	0.03	0.04	0.06	0.01	0.07	0.07	0.04	0.07	0.06	0.01	0.02	0.05	0.09	0.06	0.1	0.01	0.03
P43660	0.08	0.02	0.07	0.05	0.07	0.07	0.0	0.06	0.1	0.05	0.02	0.05	0.02	0.04	0.0	0.11	0.06	0.13	0.0	0.0
A2A0X2	0.06	0.0	0.01	0.03	0.05	0.02	0.03	0.06	0.05	0.06	0.01	0.06	0.08	0.05	0.05	0.21	0.1	0.05	0.0	0.02
A9MYP6	0.07	0.06	0.06	0.05	0.1	0.03	0.02	0.06	0.05	0.09	0.02	0.02	0.04	0.06	0.06	0.11	0.04	0.01	0.01	0.04
N0AC86	0.09	0.01	0.07	0.06	0.06	0.09	0.03	0.05	0.0	0.08	0.03	0.05	0.03	0.02	0.09	0.05	0.06	0.1	0.02	0.01
B7V0T1	0.18	0.0	0.01	0.06	0.02	0.07	0.02	0.03	0.02	0.12	0.01	0.01	0.07	0.12	0.08	0.1	0.02	0.05	0.01	0.0
B8ZYE8	0.09	0.0	0.0	0.0	0.05	0.1	0.03	0.03	0.0	0.03	0.06	0.05	0.1	0.04	0.07	0.18	0.1	0.07	0.0	0.0
C6USR0	0.02	0.04	0.05	0.05	0.05	0.07	0.02	0.08	0.07	0.02	0.02	0.08	0.02	0.03	0.07	0.14	0.05	0.09	0.01	0.02
D0ZRB2	0.1	0.04	0.02	0.11	0.05	0.02	0.03	0.09	0.04	0.05	0.02	0.07	0.05	0.06	0.03	0.11	0.04	0.02	0.01	0.04
D0ZVG2	0.13	0.04	0.03	0.1	0.06	0.04	0.02	0.08	0.02	0.06	0.03	0.06	0.07	0.09	0.04	0.05	0.02	0.03	0.02	0.01
D2AJ72	0.01	0.03	0.05	0.05	0.05	0.06	0.02	0.12	0.12	0.04	0.02	0.07	0.0	0.03	0.06	0.12	0.05	0.07	0.01	0.02
D2TI21	0.03	0.03	0.04	0.04	0.03	0.07	0.01	0.06	0.08	0.06	0.03	0.07	0.02	0.03	0.07	0.15	0.07	0.07	0.02	0.02
P18009	0.02	0.04	0.04	0.08	0.02	0.02	0.03	0.08	0.03	0.17	0.01	0.08	0.06	0.02	0.1	0.09	0.05	0.03	0.02	0.01
P18014	0.04	0.02	0.01	0.08	0.04	0.02	0.03	0.05	0.05	0.14	0.01	0.12	0.06	0.03	0.03	0.16	0.05	0.04	0.01	0.01
Q27RI1	0.1	0.0	0.04	0.06	0.04	0.07	0.04	0.05	0.03	0.11	0.01	0.1	0.0	0.11	0.07	0.06	0.05	0.06	0.0	0.0
Q4ZMD6	0.1	0.0	0.03	0.11	0.02	0.05	0.0	0.02	0.0	0.05	0.01	0.05	0.11	0.05	0.14	0.12	0.07	0.04	0.03	0.0
Q31SR9	0.04	0.03	0.04	0.03	0.07	0.04	0.02	0.07	0.06	0.07	0.03	0.1	0.06	0.07	0.04	0.08	0.01	0.08	0.0	0.06
Q327E0	0.1	0.02	0.07	0.03	0.06	0.01	0.02	0.09	0.08	0.06	0.04	0.09	0.03	0.05	0.04	0.13	0.05	0.02	0.0	0.01
Q47279	0.04	0.0	0.01	0.01	0.03	0.32	0.0	0.04	0.01	0.14	0.08	0.04	0.02	0.06	0.01	0.16	0.03	0.0	0.0	0.0
Q840G7	0.09	0.0	0.02	0.03	0.01	0.07	0.02	0.01	0.04	0.06	0.02	0.07	0.07	0.09	0.12	0.16	0.08	0.04	0.0	0.0
Q887C6	0.13	0.0	0.08	0.03	0.02	0.05	0.01	0.05	0.07	0.13	0.03	0.05	0.02	0.06	0.0	0.17	0.06	0.04	0.0	0.0
Q887D0	0.17	0.0	0.02	0.03	0.01	0.1	0.05	0.04	0.01	0.07	0.03	0.04	0.07	0.06	0.05	0.12	0.07	0.06	0.0	0.0
Q89T99	0.08	0.03	0.1	0.06	0.02	0.06	0.0	0.02	0.02	0.06	0.02	0.02	0.07	0.04	0.05	0.19	0.1	0.03	0.01	0.02
Q8RP17	0.13	0.0	0.03	0.07	0.06	0.07	0.03	0.03	0.02	0.09	0.01	0.03	0.06	0.08	0.05	0.13	0.09	0.02	0.0	0.0
Q8ZQC8	0.05	0.02	0.05	0.1	0.05	0.04	0.05	0.04	0.06	0.09	0.04	0.06	0.03	0.05	0.07	0.04	0.05	0.06	0.01	0.04
Q9ANI0	0.15	0.0	0.02	0.02	0.01	0.07	0.0	0.0	0.0	0.07	0.07	0.04	0.15	0.06	0.0	0.06	0.06	0.17	0.0	0.05
Q9FCY7	0.11	0.0	0.01	0.04	0.03	0.08	0.02	0.03	0.09	0.07	0.02	0.1	0.08	0.07	0.03	0.12	0.08	0.02	0.0	0.0
Q9FD10	0.09	0.02	0.01	0.1	0.06	0.04	0.05	0.08	0.07	0.11	0.01	0.03	0.03	0.06	0.03	0.09	0.04	0.03	0.01	0.04
Q9KH44	0.09	0.01	0.02	0.06	0.04	0.08	0.01	0.02	0.13	0.07	0.02	0.06	0.04	0.09	0.04	0.08	0.08	0.04	0.0	0.02
Q9L6W0	0.13	0.0	0.03	0.05	0.01	0.09	0.0	0.02	0.0	0.06	0.02	0.08	0.07	0.08	0.11	0.15	0.07	0.01	0.0	0.02
Q9WWH0	0.12	0.0	0.03	0.08	0.03	0.04	0.0	0.03	0.04	0.05	0.04	0.08	0.06	0.04	0.06	0.23	0.04	0.0	0.01	0.02
Q9Z6N7	0.08	0.01	0.03	0.07	0.01	0.04	0.01	0.06	0.02	0.18	0.02	0.03	0.05	0.07	0.0	0.12	0.09	0.11	0.0	0.0
Q9Z747	0.04	0.01	0.05	0.09	0.02	0.01	0.06	0.02	0.07	0.22	0.01	0.02	0.1	0.06	0.01	0.1	0.06	0.03	0.01	0.01
Q9Z753	0.09	0.0	0.05	0.08	0.03	0.03	0.03	0.06	0.09	0.1	0.02	0.03	0.04	0.03	0.05	0.09	0.09	0.07	0.0	0.02
Q9Z7D6	0.06	0.01	0.06	0.13	0.06	0.05	0.01	0.05	0.04	0.11	0.02	0.05	0.06	0.03	0.03	0.07	0.05	0.07	0.02	0.02
Q9Z7N3	0.07	0.02	0.07	0.09	0.08	0.06	0.02	0.07	0.02	0.09	0.01	0.06	0.04	0.05	0.01	0.08	0.06	0.04	0.01	0.05
Q9Z7Y1	0.13	0.0	0.02	0.05	0.03	0.09	0.03	0.04	0.0	0.04	0.02	0.01	0.04	0.1	0.0	0.15	0.2	0.05	0.0	0.0
P44596	0.1	0.01	0.04	0.03	0.06	0.1	0.02	0.05	0.07	0.05	0.03	0.06	0.01	0.04	0.03	0.06	0.06	0.11	0.01	0.06
P55128	0.12	0.0	0.04	0.05	0.02	0.11	0.02	0.04	0.11	0.14	0.01	0.05	0.01	0.06	0.02	0.09	0.05	0.04	0.0	0.02
P62593	0.08	0.02	0.05	0.07	0.08	0.06	0.03	0.05	0.04	0.12	0.03	0.02	0.05	0.05	0.07	0.06	0.02	0.08	0.0	0.02
Q03011	0.09	0.02	0.05	0.05	0.03	0.1	0.01	0.05	0.06	0.1	0.01	0.04	0.03	0.04	0.02	0.09	0.13	0.07	0.0	0.01
Q04681	0.15	0.02	0.04	0.06	0.02	0.05	0.0	0.08	0.09	0.08	0.01	0.05	0.04	0.03	0.0	0.11	0.08	0.08	0.0	0.01
Q07162	0.1	0.0	0.07	0.02	0.05	0.11	0.02	0.04	0.07	0.06	0.02	0.06	0.02	0.05	0.03	0.09	0.06	0.05	0.02	0.06
Q09KJ5	0.13	0.0	0.06	0.04	0.04	0.12	0.02	0.05	0.02	0.11	0.01	0.06	0.04	0.06	0.0	0.09	0.05	0.03	0.02	0.05
Q0PAN9	0.06	0.02	0.02	0.05	0.01	0.03	0.02	0.09	0.08	0.1	0.01	0.1	0.01	0.03	0.03	0.12	0.18	0.02	0.0	0.02
Q0WA34	0.08	0.02	0.03	0.03	0.02	0.14	0.01	0.06	0.02	0.07	0.03	0.04	0.03	0.02	0.02	0.15	0.11	0.08	0.01	0.03
Q1RDH0	0.09	0.02	0.05	0.02	0.05	0.1	0.04	0.05	0.03	0.1	0.08	0.03	0.03	0.05	0.05	0.09	0.02	0.07	0.01	0.02
Q3YL96	0.1	0.0	0.02	0.01	0.02	0.12	0.02	0.07	0.03	0.1	0.02	0.12	0.09	0.05	0.03	0.03	0.06	0.08	0.0	0.03
Q46945	0.14	0.02	0.06	0.03	0.03	0.05	0.0	0.04	0.06	0.1	0.02	0.08	0.02	0.03	0.0	0.11	0.11	0.09	0.0	0.01
Q54151	0.09	0.04	0.05	0.02	0.02	0.09	0.01	0.1	0.08	0.1	0.01	0.03	0.04	0.03	0.07	0.05	0.03	0.08	0.0	0.06
Q54450	0.08	0.0	0.06	0.01	0.07	0.16	0.03	0.02	0.0	0.08	0.01	0.08	0.01	0.04	0.0	0.14	0.08	0.05	0.01	0.07
Q54455	0.11	0.0	0.05	0.0	0.03	0.07	0.0	0.05	0.03	0.1	0.02	0.07	0.01	0.09	0.0	0.09	0.12	0.09	0.0	0.07
Q56806	0.17	0.01	0.03	0.03	0.02	0.11	0.0	0.06	0.1	0.06	0.02	0.03	0.03	0.01	0.01	0.1	0.1	0.08	0.01	0.02
Q59986	0.07	0.0	0.02	0.08	0.05	0.07	0.01	0.04	0.08	0.09	0.02	0.05	0.04	0.04	0.04	0.07	0.07	0.11	0.0	0.05
Q673F0	0.09	0.03	0.05	0.02	0.07	0.08	0.02	0.09	0.08	0.08	0.03	0.05	0.03	0.01	0.05	0.09	0.07	0.04	0.0	0.02
Q6D3F9	0.1	0.0	0.1	0.02	0.07	0.1	0.01	0.02	0.05	0.08	0.01	0.04	0.03	0.06	0.03	0.09	0.07	0.08	0.02	0.02
Q6D881	0.09	0.01	0.08	0.03	0.05	0.03	0.0	0.02	0.05	0.09	0.03	0.08	0.02	0.04	0.03	0.11	0.1	0.06	0.03	0.05
Q7B2V9	0.09	0.03	0.05	0.03	0.04	0.1	0.01	0.14	0.09	0.07	0.01	0.06	0.02	0.04	0.0	0.11	0.05	0.06	0.0	0.0
Q7CL15	0.08	0.0	0.07	0.04	0.06	0.09	0.03	0.06	0.03	0.05	0.03	0.06	0.03	0.06	0.02	0.14	0.08	0.0	0.01	0.06
Q7D2D9	0.09	0.0	0.05	0.09	0.01	0.06	0.02	0.03	0.04	0.06	0.03	0.03	0.08	0.03	0.09	0.1	0.1	0.07	0.0	0.02
Q7N8E9	0.07	0.03	0.03	0.05	0.09	0.04	0.02	0.05	0.05	0.04	0.02	0.05	0.04	0.04	0.05	0.11	0.06	0.07	0.02	0.07
Q7N8F0	0.06	0.02	0.05	0.05	0.07	0.09	0.04	0.05	0.07	0.11	0.04	0.02	0.03	0.03	0.04	0.06	0.06	0.07	0.0	0.04
Q7N8F1	0.07	0.03	0.06	0.01	0.05	0.1	0.04	0.07	0.0	0.07	0.04	0.08	0.06	0.04	0.01	0.04	0.05	0.11	0.03	0.04
Q8GH86	0.11	0.0	0.13	0.02	0.0	0.03	0.0	0.1	0.11	0.09	0.02	0.09	0.02	0.09	0.03	0.06	0.05	0.05	0.0	0.0
Q8RTZ9	0.12	0.0	0.03	0.02	0.02	0.07	0.0	0.04	0.05	0.13	0.02	0.11	0.02	0.08	0.02	0.06	0.11	0.07	0.0	0.03
Q8VLQ5	0.1	0.01	0.04	0.04	0.04	0.04	0.0	0.05	0.08	0.11	0.04	0.04	0.02	0.1	0.01	0.1	0.1	0.06	0.0	0.02
Q8VT81	0.1	0.0	0.06	0.08	0.01	0.04	0.01	0.06	0.09	0.15	0.02	0.02	0.02	0.08	0.12	0.07	0.02	0.03	0.0	0.02
Q92JF7	0.07	0.01	0.05	0.04	0.06	0.01	0.02	0.03	0.11	0.11	0.02	0.06	0.03	0.07	0.01	0.13	0.09	0.03	0.03	0.02
Q93RN3	0.07	0.0	0.07	0.04	0.06	0.08	0.01	0.07	0.07	0.05	0.01	0.06	0.05	0.07	0.04	0.08	0.06	0.06	0.01	0.04
Q9ALK7	0.05	0.03	0.05	0.04	0.08	0.05	0.01	0.12	0.1	0.07	0.03	0.09	0.02	0.04	0.02	0.07	0.06	0.06	0.0	0.01
Q9ALL1	0.12	0.02	0.04	0.03	0.03	0.06	0.01	0.07	0.05	0.1	0.03	0.07	0.02	0.05	0.02	0.15	0.07	0.05	0.0	0.01
Q9EZE7	0.15	0.01	0.03	0.01	0.05	0.07	0.01	0.05	0.07	0.13	0.02	0.09	0.02	0.05	0.03	0.07	0.03	0.06	0.01	0.04
Q9I747	0.07	0.01	0.06	0.05	0.02	0.13	0.03	0.07	0.1	0.05	0.07	0.03	0.02	0.04	0.01	0.09	0.04	0.06	0.02	0.03
Q9PJY1	0.1	0.0	0.03	0.12	0.06	0.03	0.02	0.06	0.03	0.05	0.01	0.06	0.04	0.04	0.02	0.2	0.06	0.06	0.0	0.01
Q9PL47	0.03	0.03	0.06	0.02	0.1	0.07	0.03	0.06	0.07	0.16	0.02	0.05	0.06	0.02	0.02	0.04	0.08	0.04	0.0	0.04
Q9RB65	0.07	0.03	0.06	0.02	0.07	0.09	0.0	0.04	0.04	0.1	0.01	0.05	0.02	0.02	0.0	0.15	0.17	0.02	0.01	0.03
Q9RHT3	0.1	0.0	0.06	0.02	0.04	0.12	0.05	0.02	0.0	0.09	0.01	0.12	0.02	0.02	0.0	0.14	0.06	0.04	0.02	0.07
Q9XB65	0.06	0.0	0.07	0.04	0.03	0.1	0.03	0.04	0.09	0.05	0.01	0.1	0.03	0.07	0.02	0.09	0.07	0.04	0.03	0.03
Q9XD84	0.09	0.0	0.02	0.03	0.0	0.12	0.01	0.04	0.06	0.08	0.04	0.06	0.03	0.03	0.05	0.11	0.12	0.06	0.02	0.03
Q9Z393	0.08	0.02	0.06	0.01	0.06	0.12	0.01	0.05	0.05	0.1	0.01	0.05	0.04	0.0	0.0	0.11	0.16	0.03	0.0	0.04
Q9Z398	0.09	0.01	0.02	0.02	0.07	0.09	0.02	0.04	0.02	0.12	0.01	0.07	0.06	0.04	0.0	0.13	0.12	0.03	0.01	0.03
Q9Z3A1	0.07	0.01	0.05	0.04	0.08	0.08	0.0	0.03	0.05	0.1	0.02	0.06	0.03	0.01	0.01	0.16	0.14	0.05	0.0	0.01
Q9Z896	0.07	0.03	0.04	0.02	0.09	0.08	0.0	0.09	0.04	0.09	0.02	0.05	0.04	0.01	0.05	0.14	0.09	0.03	0.0	0.02
Q9Z898	0.11	0.01	0.05	0.02	0.1	0.09	0.01	0.03	0.02	0.11	0.01	0.05	0.02	0.03	0.0	0.17	0.09	0.05	0.01	0.02
Q9ZNI5	0.17	0.02	0.04	0.02	0.03	0.14	0.02	0.02	0.07	0.09	0.01	0.01	0.06	0.04	0.02	0.05	0.06	0.05	0.02	0.06
