[2020-03-08 13:47:35,882]: ---mrmd 2.0 start----
[2020-03-08 13:48:57,517]: ANOVA start...
[2020-03-08 13:48:57,769]: ANOVA end.
[2020-03-08 13:48:57,769]: mic start...
[2020-03-08 13:49:09,430]: mic end.
[2020-03-08 13:49:09,431]: mrmd start...
[2020-03-08 13:49:09,734]: mrmd end.
[2020-03-08 13:49:09,735]: mRMR start...
[2020-03-08 13:49:17,513]: mRMR end.
[2020-03-08 13:49:17,513]: lasso start...
[2020-03-08 13:49:17,815]: lasso end.
[2020-03-08 13:49:17,815]: chi2 start...
[2020-03-08 13:49:17,981]: chi2 end.
[2020-03-08 13:49:17,982]: ref start...
[2020-03-08 13:49:23,345]: ref end.
[2020-03-08 13:49:24,157]: Start dimension reduction ...
[2020-03-08 13:49:32,415]: length=1 f1=0.6756 accuarcy=0.7620 precision=0.8050 recall=0.7620 auc=0.5340 
[2020-03-08 13:49:41,280]: length=31 f1=0.7821 accuarcy=0.8062 precision=0.7960 recall=0.8062 auc=0.6637 
[2020-03-08 13:49:51,785]: length=61 f1=0.8190 accuarcy=0.8349 precision=0.8304 recall=0.8349 auc=0.7149 
[2020-03-08 13:50:01,134]: length=64 f1=0.8129 accuarcy=0.8301 precision=0.8251 recall=0.8301 auc=0.7060 
[2020-03-08 13:50:01,135]: ----------
[2020-03-08 13:50:01,136]: the max f1 = 0.8190
[2020-03-08 13:50:01,136]: ['fea28' 'fea8' 'fea7' 'fea35' 'fea36' 'fea19' 'fea25' 'fea54' 'fea30'
 'fea39' 'fea52' 'fea34' 'fea26' 'fea57' 'fea9' 'fea22' 'fea0' 'fea58'
 'fea45' 'fea18' 'fea61' 'fea47' 'fea53' 'fea38' 'fea44' 'fea31' 'fea43'
 'fea12' 'fea50' 'fea42' 'fea40' 'fea11' 'fea29' 'fea2' 'fea16' 'fea41'
 'fea24' 'fea48' 'fea14' 'fea5' 'fea6' 'fea33' 'fea56' 'fea20' 'fea21'
 'fea1' 'fea62' 'fea17' 'fea3' 'fea59' 'fea63' 'fea49' 'fea23' 'fea4'
 'fea15' 'fea13' 'fea37' 'fea10' 'fea32' 'fea46' 'fea60'],length = 61
[2020-03-08 13:50:01,137]: -----------
[2020-03-08 13:50:10,391]: ***confusion matrix***
[2020-03-08 13:50:10,392]:                pos_class      neg_class      
[2020-03-08 13:50:10,392]: pos_class      TP:325            FN:366            
[2020-03-08 13:50:10,392]: neg_class      FP:82             TN:1941           
[2020-03-08 13:50:10,394]: f1 =0.8190 
[2020-03-08 13:50:10,395]: accuarcy = 0.8349 
[2020-03-08 13:50:10,397]: precision =0.8304 
[2020-03-08 13:50:10,398]: recall =0.8349
[2020-03-08 13:50:10,399]: auc = 0.7149
[2020-03-08 13:50:10,590]: -----------
[2020-03-08 13:50:10,590]: metrics have been saved in the J:\多设备共享\work\pycharm_remote_server\FMRMD2.0\Results\positive_negative.metrics.csv.
