[2020-03-09 18:04:22,048]: ---mrmd 2.0 start----
[2020-03-09 18:05:33,626]: ANOVA start...
[2020-03-09 18:05:33,681]: ANOVA end.
[2020-03-09 18:05:33,681]: mic start...
[2020-03-09 18:05:45,129]: mic end.
[2020-03-09 18:05:45,130]: mrmd start...
[2020-03-09 18:05:45,196]: mrmd end.
[2020-03-09 18:05:45,197]: mRMR start...
[2020-03-09 18:05:45,404]: mRMR end.
[2020-03-09 18:05:45,405]: lasso start...
[2020-03-09 18:05:45,495]: lasso end.
[2020-03-09 18:05:45,496]: chi2 start...
[2020-03-09 18:05:45,575]: chi2 end.
[2020-03-09 18:05:45,576]: ref start...
[2020-03-09 18:05:45,858]: ref end.
[2020-03-09 18:05:46,021]: Start dimension reduction ...
[2020-03-09 18:05:54,936]: length=1 f1=0.6367 accuarcy=0.7454 precision=0.5556 recall=0.7454 auc=0.5000 
[2020-03-09 18:06:04,361]: length=2 f1=0.6367 accuarcy=0.7454 precision=0.5556 recall=0.7454 auc=0.5000 
[2020-03-09 18:06:12,898]: length=3 f1=0.6367 accuarcy=0.7454 precision=0.5556 recall=0.7454 auc=0.5000 
[2020-03-09 18:06:21,266]: length=4 f1=0.6367 accuarcy=0.7454 precision=0.5556 recall=0.7454 auc=0.5000 
[2020-03-09 18:06:29,537]: length=5 f1=0.6367 accuarcy=0.7454 precision=0.5556 recall=0.7454 auc=0.5000 
[2020-03-09 18:06:40,253]: length=6 f1=0.6367 accuarcy=0.7454 precision=0.5556 recall=0.7454 auc=0.5000 
[2020-03-09 18:06:49,193]: length=7 f1=0.6367 accuarcy=0.7454 precision=0.5556 recall=0.7454 auc=0.5000 
[2020-03-09 18:06:58,052]: length=8 f1=0.6367 accuarcy=0.7454 precision=0.5556 recall=0.7454 auc=0.5000 
[2020-03-09 18:07:07,296]: length=9 f1=0.6367 accuarcy=0.7454 precision=0.5556 recall=0.7454 auc=0.5000 
[2020-03-09 18:07:16,857]: length=10 f1=0.6367 accuarcy=0.7454 precision=0.5556 recall=0.7454 auc=0.5000 
[2020-03-09 18:07:27,476]: length=11 f1=0.6437 accuarcy=0.6769 precision=0.6240 recall=0.6769 auc=0.5036 
[2020-03-09 18:07:37,506]: length=12 f1=0.6437 accuarcy=0.6769 precision=0.6240 recall=0.6769 auc=0.5036 
[2020-03-09 18:07:47,675]: length=13 f1=0.6437 accuarcy=0.6769 precision=0.6240 recall=0.6769 auc=0.5036 
[2020-03-09 18:07:57,680]: length=14 f1=0.6437 accuarcy=0.6769 precision=0.6240 recall=0.6769 auc=0.5036 
[2020-03-09 18:08:06,670]: length=15 f1=0.6540 accuarcy=0.6835 precision=0.6370 recall=0.6835 auc=0.5171 
[2020-03-09 18:08:18,369]: length=16 f1=0.6536 accuarcy=0.6802 precision=0.6375 recall=0.6802 auc=0.5182 
[2020-03-09 18:08:28,880]: length=17 f1=0.6559 accuarcy=0.6842 precision=0.6395 recall=0.6842 auc=0.5200 
[2020-03-09 18:08:38,713]: length=18 f1=0.6581 accuarcy=0.6861 precision=0.6420 recall=0.6861 auc=0.5226 
[2020-03-09 18:08:48,648]: length=19 f1=0.6652 accuarcy=0.6949 precision=0.6498 recall=0.6949 auc=0.5300 
[2020-03-09 18:08:58,213]: length=20 f1=0.6617 accuarcy=0.6916 precision=0.6457 recall=0.6916 auc=0.5259 
[2020-03-09 18:08:58,213]: ----------
[2020-03-09 18:08:58,213]: the max f1 = 0.6652
[2020-03-09 18:08:58,213]: ['H' 'F' 'P' 'V' 'L' 'M' 'Y' 'K' 'N' 'Q' 'A' 'W' 'I' 'D' 'C' 'E' 'T' 'R'
 'G'],length = 19
[2020-03-09 18:08:58,213]: -----------
[2020-03-09 18:09:06,961]: ***confusion matrix***
[2020-03-09 18:09:06,961]:                pos_class      neg_class      
[2020-03-09 18:09:06,961]: pos_class      TP:134            FN:557            
[2020-03-09 18:09:06,961]: neg_class      FP:271            TN:1752           
[2020-03-09 18:09:06,971]: f1 =0.6652 
[2020-03-09 18:09:06,971]: accuarcy = 0.6949 
[2020-03-09 18:09:06,971]: precision =0.6498 
[2020-03-09 18:09:06,971]: recall =0.6949
[2020-03-09 18:09:06,971]: auc = 0.5300
[2020-03-09 18:09:07,051]: -----------
[2020-03-09 18:09:07,051]: metrics have been saved in the J:\多设备共享\work\pycharm_remote_server\FMRMD2.0\Results\positive_negative.metrics.csv.
[2020-03-09 18:10:14,926]: Scatter charts visualized by t-SNE dataset has been saved in the .\Results\5648e74a-61ed-11ea-bbe9-e4b318db5e79.csv.png.
[2020-03-09 18:10:14,926]: Reduced dimensional dataset has been saved in the J:\多设备共享\work\pycharm_remote_server\FMRMD2.0\Results\positive_negative.result.csv.
[2020-03-09 18:10:14,926]: ---mrmd 2.0 end---
