[2020-03-09 10:47:29,932]: ---mrmd 2.0 start----
[2020-03-09 10:48:51,368]: ANOVA start...
[2020-03-09 10:48:53,144]: ANOVA end.
[2020-03-09 10:48:53,145]: mic start...
[2020-03-09 10:49:09,256]: mic end.
[2020-03-09 10:49:09,257]: mrmd start...
[2020-03-09 10:49:16,251]: mrmd end.
[2020-03-09 10:49:16,253]: mRMR start...
[2020-03-09 10:59:01,829]: mRMR end.
[2020-03-09 10:59:01,829]: lasso start...
[2020-03-09 10:59:04,282]: lasso end.
[2020-03-09 10:59:04,282]: chi2 start...
[2020-03-09 10:59:06,572]: chi2 end.
[2020-03-09 10:59:06,572]: ref start...
[2020-03-09 11:11:37,286]: ref end.
[2020-03-09 11:11:48,416]: Start dimension reduction ...
[2020-03-09 11:11:54,784]: length=1 f1=0.6628 accuarcy=0.7001 precision=0.6461 recall=0.7001 auc=0.5239 
[2020-03-09 11:12:03,787]: length=21 f1=0.6678 accuarcy=0.6839 precision=0.6568 recall=0.6839 auc=0.5426 
[2020-03-09 11:12:11,401]: length=41 f1=0.7020 accuarcy=0.7347 precision=0.6952 recall=0.7347 auc=0.5700 
[2020-03-09 11:12:19,126]: length=61 f1=0.7062 accuarcy=0.7436 precision=0.7040 recall=0.7436 auc=0.5721 
[2020-03-09 11:12:26,778]: length=81 f1=0.7028 accuarcy=0.7413 precision=0.7000 recall=0.7413 auc=0.5678 
[2020-03-09 11:12:34,254]: length=101 f1=0.6989 accuarcy=0.7377 precision=0.6945 recall=0.7377 auc=0.5634 
[2020-03-09 11:12:42,122]: length=121 f1=0.7032 accuarcy=0.7402 precision=0.6994 recall=0.7402 auc=0.5690 
[2020-03-09 11:12:49,842]: length=141 f1=0.7076 accuarcy=0.7458 precision=0.7066 recall=0.7458 auc=0.5731 
[2020-03-09 11:12:59,068]: length=161 f1=0.7048 accuarcy=0.7421 precision=0.7019 recall=0.7421 auc=0.5707 
[2020-03-09 11:13:07,682]: length=181 f1=0.7063 accuarcy=0.7424 precision=0.7031 recall=0.7424 auc=0.5728 
[2020-03-09 11:13:15,371]: length=201 f1=0.7043 accuarcy=0.7413 precision=0.7010 recall=0.7413 auc=0.5702 
[2020-03-09 11:13:23,762]: length=221 f1=0.7004 accuarcy=0.7380 precision=0.6959 recall=0.7380 auc=0.5656 
[2020-03-09 11:13:32,459]: length=241 f1=0.6992 accuarcy=0.7424 precision=0.6987 recall=0.7424 auc=0.5619 
[2020-03-09 11:13:41,139]: length=261 f1=0.6996 accuarcy=0.7417 precision=0.6983 recall=0.7417 auc=0.5628 
[2020-03-09 11:13:51,472]: length=281 f1=0.7028 accuarcy=0.7443 precision=0.7026 recall=0.7443 auc=0.5664 
[2020-03-09 11:13:59,888]: length=301 f1=0.6967 accuarcy=0.7373 precision=0.6927 recall=0.7373 auc=0.5603 
[2020-03-09 11:14:08,904]: length=321 f1=0.7082 accuarcy=0.7513 precision=0.7130 recall=0.7513 auc=0.5716 
[2020-03-09 11:14:17,455]: length=341 f1=0.7105 accuarcy=0.7531 precision=0.7162 recall=0.7531 auc=0.5743 
[2020-03-09 11:14:28,843]: length=361 f1=0.7051 accuarcy=0.7461 precision=0.7057 recall=0.7461 auc=0.5691 
[2020-03-09 11:14:37,936]: length=381 f1=0.7033 accuarcy=0.7469 precision=0.7056 recall=0.7469 auc=0.5663 
[2020-03-09 11:14:46,895]: length=400 f1=0.7022 accuarcy=0.7458 precision=0.7038 recall=0.7458 auc=0.5650 
[2020-03-09 11:14:46,897]: ----------
[2020-03-09 11:14:46,897]: the max f1 = 0.7105
[2020-03-09 11:14:46,900]: ['AC' 'CG' 'IM' 'AL' 'AM' 'IL' 'II' 'MM' 'EN' 'DN' 'AP' 'WM' 'NN' 'EY'
 'CI' 'QY' 'KN' 'QN' 'PM' 'MC' 'TM' 'NY' 'MW' 'VM' 'WC' 'AG' 'PI' 'GA'
 'DY' 'KC' 'CN' 'GM' 'NQ' 'GC' 'CA' 'GN' 'KM' 'LL' 'WA' 'TY' 'PQ' 'HY'
 'GG' 'CY' 'FC' 'RI' 'YA' 'AI' 'CM' 'GY' 'FA' 'AQ' 'PN' 'KA' 'QK' 'EI'
 'EK' 'LC' 'NP' 'CP' 'QP' 'YC' 'AN' 'QH' 'AW' 'ML' 'SA' 'WN' 'WW' 'FG'
 'MH' 'RW' 'HP' 'PR' 'TW' 'TQ' 'QQ' 'QG' 'PY' 'KY' 'FP' 'EL' 'HQ' 'WR'
 'DI' 'WI' 'DP' 'WL' 'MI' 'CQ' 'CD' 'MG' 'EQ' 'PP' 'DK' 'AD' 'EH' 'QI'
 'EW' 'KQ' 'FH' 'PH' 'GQ' 'WY' 'HR' 'RY' 'HN' 'LM' 'MK' 'WP' 'QC' 'MA'
 'GL' 'LY' 'NI' 'IQ' 'AY' 'IW' 'TR' 'FI' 'WQ' 'EP' 'MR' 'GR' 'EG' 'NR'
 'LP' 'VW' 'WT' 'YG' 'TN' 'KI' 'VC' 'KP' 'SM' 'IY' 'MN' 'MQ' 'FK' 'PA'
 'RK' 'HL' 'GW' 'FN' 'SW' 'RT' 'ER' 'GP' 'EM' 'KL' 'PW' 'YI' 'IK' 'SR'
 'NH' 'HH' 'DL' 'RM' 'HK' 'AK' 'HM' 'DT' 'LH' 'DM' 'IC' 'NT' 'FT' 'VH'
 'PT' 'LW' 'VQ' 'AR' 'NG' 'QT' 'DR' 'YM' 'IH' 'SG' 'PC' 'WK' 'MY' 'ST'
 'GK' 'NW' 'QW' 'HG' 'NL' 'RA' 'HW' 'LQ' 'PG' 'LA' 'ET' 'DH' 'CK' 'IP'
 'LR' 'KH' 'LG' 'TC' 'FD' 'NM' 'TP' 'LI' 'YP' 'KK' 'AT' 'KR' 'DA' 'SC'
 'RR' 'VY' 'SP' 'KW' 'VN' 'YW' 'RL' 'TA' 'CW' 'DC' 'NC' 'CC' 'CL' 'PL'
 'VA' 'RC' 'NA' 'KT' 'LT' 'VL' 'SL' 'YR' 'SQ' 'TH' 'TT' 'VR' 'RN' 'YN'
 'VG' 'TI' 'VT' 'HC' 'CT' 'DQ' 'QA' 'RP' 'VI' 'GI' 'WH' 'FM' 'FY' 'TK'
 'VP' 'HT' 'FE' 'RG' 'IG' 'MF' 'FR' 'QF' 'IR' 'DS' 'IN' 'FQ' 'YD' 'KD'
 'HI' 'MP' 'WG' 'EA' 'CR' 'EV' 'QD' 'RQ' 'EC' 'GH' 'RV' 'NV' 'KG' 'WS'
 'IT' 'PK' 'WD' 'EF' 'LN' 'FF' 'VS' 'ID' 'WV' 'PF' 'IA' 'RD' 'FW' 'TS'
 'YY' 'LF' 'DV' 'QV' 'NK' 'PD' 'QS' 'FL' 'QE' 'RH' 'GV' 'HF' 'SS' 'CE'
 'QM' 'PE' 'IE' 'MS' 'EE' 'NF' 'AA' 'YT' 'CS' 'LD' 'YF' 'LS' 'LE' 'YE'
 'VV' 'MD' 'QR' 'HD' 'AV' 'GT' 'KE' 'ND' 'YQ' 'VK' 'VE' 'SI' 'YH' 'SY'
 'NE' 'VF' 'AS' 'GS' 'IV'],length = 341
[2020-03-09 11:14:46,900]: -----------
[2020-03-09 11:14:55,360]: ***confusion matrix***
[2020-03-09 11:14:55,360]:                pos_class      neg_class      
[2020-03-09 11:14:55,360]: pos_class      TP:145            FN:546            
[2020-03-09 11:14:55,360]: neg_class      FP:124            TN:1899           
[2020-03-09 11:14:55,362]: f1 =0.7105 
[2020-03-09 11:14:55,362]: accuarcy = 0.7531 
[2020-03-09 11:14:55,363]: precision =0.7162 
[2020-03-09 11:14:55,364]: recall =0.7531
[2020-03-09 11:14:55,365]: auc = 0.5743
[2020-03-09 11:14:57,925]: -----------
[2020-03-09 11:14:57,925]: metrics have been saved in the J:\多设备共享\work\pycharm_remote_server\FMRMD2.0\Results\positive_negative.metrics.csv.
[2020-03-09 11:16:21,102]: Scatter charts visualized by t-SNE dataset has been saved in the .\Results\4d789d18-61b0-11ea-a3c8-e4b318db5e79.csv.png.
[2020-03-09 11:16:21,103]: Reduced dimensional dataset has been saved in the J:\多设备共享\work\pycharm_remote_server\FMRMD2.0\Results\positive_negative.result.csv.
[2020-03-09 11:16:21,103]: ---mrmd 2.0 end---
