[2020-04-03 13:32:40,364]: ---mrmd 2.0 start----
[2020-04-03 13:32:58,606]: ANOVA start...
[2020-04-03 13:32:58,639]: ANOVA end.
[2020-04-03 13:32:58,639]: mic start...
[2020-04-03 13:32:59,273]: mic end.
[2020-04-03 13:32:59,274]: mrmd start...
[2020-04-03 13:33:01,552]: mrmd end.
[2020-04-03 13:33:01,552]: mRMR start...
[2020-04-03 13:35:21,832]: mRMR end.
[2020-04-03 13:35:21,832]: lasso start...
[2020-04-03 13:35:22,056]: lasso end.
[2020-04-03 13:35:22,056]: chi2 start...
[2020-04-03 13:35:22,186]: chi2 end.
[2020-04-03 13:35:22,186]: ref start...
[2020-04-03 13:35:39,805]: ref end.
[2020-04-03 13:35:39,853]: rank start ...
[2020-04-03 13:35:39,893]: The final  rank is
[2020-04-03 13:35:39,893]: Pos16.ZSCALE1 : 0.0023
[2020-04-03 13:35:39,893]: Pos4.ZSCALE3 : 0.0023
[2020-04-03 13:35:39,893]: Pos48.ZSCALE2 : 0.0023
[2020-04-03 13:35:39,893]: Pos42.ZSCALE3 : 0.0023
[2020-04-03 13:35:39,893]: Pos55.ZSCALE2 : 0.0023
[2020-04-03 13:35:39,893]: Pos51.ZSCALE1 : 0.0023
[2020-04-03 13:35:39,893]: Pos54.ZSCALE4 : 0.0022
[2020-04-03 13:35:39,893]: Pos12.ZSCALE3 : 0.0022
[2020-04-03 13:35:39,893]: Pos80.ZSCALE4 : 0.0022
[2020-04-03 13:35:39,893]: Pos87.ZSCALE1 : 0.0022
[2020-04-03 13:35:39,894]: Pos57.ZSCALE2 : 0.0022
[2020-04-03 13:35:39,894]: Pos63.ZSCALE1 : 0.0022
[2020-04-03 13:35:39,894]: Pos31.ZSCALE2 : 0.0022
[2020-04-03 13:35:39,894]: Pos16.ZSCALE2 : 0.0022
[2020-04-03 13:35:39,894]: Pos80.ZSCALE1 : 0.0022
[2020-04-03 13:35:39,894]: Pos65.ZSCALE1 : 0.0022
[2020-04-03 13:35:39,894]: Pos79.ZSCALE2 : 0.0022
[2020-04-03 13:35:39,894]: Pos10.ZSCALE3 : 0.0022
[2020-04-03 13:35:39,894]: Pos7.ZSCALE2 : 0.0022
[2020-04-03 13:35:39,894]: Pos17.ZSCALE2 : 0.0022
[2020-04-03 13:35:39,894]: Pos17.ZSCALE3 : 0.0022
[2020-04-03 13:35:39,894]: Pos46.ZSCALE3 : 0.0022
[2020-04-03 13:35:39,894]: Pos9.ZSCALE3 : 0.0022
[2020-04-03 13:35:39,894]: Pos60.ZSCALE5 : 0.0022
[2020-04-03 13:35:39,894]: Pos45.ZSCALE1 : 0.0022
[2020-04-03 13:35:39,894]: Pos82.ZSCALE3 : 0.0022
[2020-04-03 13:35:39,894]: Pos32.ZSCALE3 : 0.0022
[2020-04-03 13:35:39,895]: Pos9.ZSCALE1 : 0.0022
[2020-04-03 13:35:39,895]: Pos11.ZSCALE1 : 0.0022
[2020-04-03 13:35:39,895]: Pos31.ZSCALE4 : 0.0022
[2020-04-03 13:35:39,895]: Pos14.ZSCALE4 : 0.0022
[2020-04-03 13:35:39,895]: Pos13.ZSCALE3 : 0.0022
[2020-04-03 13:35:39,895]: Pos92.ZSCALE3 : 0.0022
[2020-04-03 13:35:39,895]: Pos2.ZSCALE1 : 0.0022
[2020-04-03 13:35:39,895]: Pos30.ZSCALE5 : 0.0022
[2020-04-03 13:35:39,895]: Pos15.ZSCALE5 : 0.0022
[2020-04-03 13:35:39,895]: Pos72.ZSCALE1 : 0.0022
[2020-04-03 13:35:39,895]: Pos36.ZSCALE1 : 0.0022
[2020-04-03 13:35:39,895]: Pos86.ZSCALE3 : 0.0022
[2020-04-03 13:35:39,895]: Pos51.ZSCALE4 : 0.0022
[2020-04-03 13:35:39,895]: Pos4.ZSCALE2 : 0.0022
[2020-04-03 13:35:39,895]: Pos64.ZSCALE3 : 0.0022
[2020-04-03 13:35:39,895]: Pos91.ZSCALE3 : 0.0022
[2020-04-03 13:35:39,896]: Pos18.ZSCALE2 : 0.0022
[2020-04-03 13:35:39,896]: Pos8.ZSCALE3 : 0.0022
[2020-04-03 13:35:39,896]: Pos52.ZSCALE5 : 0.0022
[2020-04-03 13:35:39,896]: Pos52.ZSCALE2 : 0.0022
[2020-04-03 13:35:39,896]: Pos21.ZSCALE3 : 0.0022
[2020-04-03 13:35:39,896]: Pos73.ZSCALE4 : 0.0022
[2020-04-03 13:35:39,896]: Pos34.ZSCALE2 : 0.0022
[2020-04-03 13:35:39,896]: Pos11.ZSCALE3 : 0.0022
[2020-04-03 13:35:39,896]: Pos75.ZSCALE2 : 0.0022
[2020-04-03 13:35:39,896]: Pos100.ZSCALE1 : 0.0022
[2020-04-03 13:35:39,896]: Pos42.ZSCALE1 : 0.0022
[2020-04-03 13:35:39,896]: Pos81.ZSCALE2 : 0.0022
[2020-04-03 13:35:39,896]: Pos65.ZSCALE3 : 0.0022
[2020-04-03 13:35:39,896]: Pos62.ZSCALE2 : 0.0022
[2020-04-03 13:35:39,896]: Pos60.ZSCALE2 : 0.0022
[2020-04-03 13:35:39,896]: Pos24.ZSCALE5 : 0.0022
[2020-04-03 13:35:39,897]: Pos27.ZSCALE2 : 0.0022
[2020-04-03 13:35:39,897]: Pos86.ZSCALE1 : 0.0022
[2020-04-03 13:35:39,897]: Pos70.ZSCALE3 : 0.0022
[2020-04-03 13:35:39,897]: Pos8.ZSCALE1 : 0.0022
[2020-04-03 13:35:39,897]: Pos10.ZSCALE1 : 0.0022
[2020-04-03 13:35:39,897]: Pos75.ZSCALE1 : 0.0022
[2020-04-03 13:35:39,897]: Pos18.ZSCALE3 : 0.0022
[2020-04-03 13:35:39,897]: Pos83.ZSCALE4 : 0.0022
[2020-04-03 13:35:39,897]: Pos74.ZSCALE1 : 0.0022
[2020-04-03 13:35:39,897]: Pos2.ZSCALE2 : 0.0022
[2020-04-03 13:35:39,897]: Pos45.ZSCALE4 : 0.0022
[2020-04-03 13:35:39,897]: Pos75.ZSCALE4 : 0.0022
[2020-04-03 13:35:39,897]: Pos14.ZSCALE3 : 0.0022
[2020-04-03 13:35:39,897]: Pos50.ZSCALE1 : 0.0022
[2020-04-03 13:35:39,897]: Pos30.ZSCALE2 : 0.0022
[2020-04-03 13:35:39,897]: Pos69.ZSCALE1 : 0.0022
[2020-04-03 13:35:39,897]: Pos63.ZSCALE3 : 0.0022
[2020-04-03 13:35:39,898]: Pos73.ZSCALE3 : 0.0022
[2020-04-03 13:35:39,898]: Pos57.ZSCALE3 : 0.0022
[2020-04-03 13:35:39,898]: Pos21.ZSCALE4 : 0.0022
[2020-04-03 13:35:39,898]: Pos28.ZSCALE1 : 0.0022
[2020-04-03 13:35:39,898]: Pos30.ZSCALE4 : 0.0022
[2020-04-03 13:35:39,898]: Pos60.ZSCALE4 : 0.0022
[2020-04-03 13:35:39,898]: Pos98.ZSCALE3 : 0.0022
[2020-04-03 13:35:39,898]: Pos77.ZSCALE3 : 0.0022
[2020-04-03 13:35:39,898]: Pos76.ZSCALE2 : 0.0022
[2020-04-03 13:35:39,898]: Pos47.ZSCALE1 : 0.0022
[2020-04-03 13:35:39,898]: Pos37.ZSCALE2 : 0.0022
[2020-04-03 13:35:39,898]: Pos51.ZSCALE2 : 0.0022
[2020-04-03 13:35:39,898]: Pos84.ZSCALE3 : 0.0022
[2020-04-03 13:35:39,898]: Pos68.ZSCALE5 : 0.0022
[2020-04-03 13:35:39,898]: Pos2.ZSCALE4 : 0.0022
[2020-04-03 13:35:39,898]: Pos52.ZSCALE4 : 0.0022
[2020-04-03 13:35:39,898]: Pos61.ZSCALE3 : 0.0022
[2020-04-03 13:35:39,899]: Pos70.ZSCALE1 : 0.0022
[2020-04-03 13:35:39,899]: Pos43.ZSCALE2 : 0.0022
[2020-04-03 13:35:39,899]: Pos91.ZSCALE1 : 0.0022
[2020-04-03 13:35:39,899]: Pos99.ZSCALE1 : 0.0022
[2020-04-03 13:35:39,899]: Pos66.ZSCALE3 : 0.0022
[2020-04-03 13:35:39,899]: Pos46.ZSCALE4 : 0.0022
[2020-04-03 13:35:39,899]: Pos34.ZSCALE3 : 0.0022
[2020-04-03 13:35:39,899]: Pos32.ZSCALE1 : 0.0022
[2020-04-03 13:35:39,899]: Pos68.ZSCALE1 : 0.0022
[2020-04-03 13:35:39,899]: Pos4.ZSCALE1 : 0.0022
[2020-04-03 13:35:39,899]: Pos6.ZSCALE1 : 0.0022
[2020-04-03 13:35:39,899]: Pos74.ZSCALE4 : 0.0022
[2020-04-03 13:35:39,899]: Pos5.ZSCALE3 : 0.0022
[2020-04-03 13:35:39,899]: Pos6.ZSCALE5 : 0.0022
[2020-04-03 13:35:39,899]: Pos19.ZSCALE3 : 0.0022
[2020-04-03 13:35:39,899]: Pos37.ZSCALE3 : 0.0022
[2020-04-03 13:35:39,899]: Pos44.ZSCALE2 : 0.0022
[2020-04-03 13:35:39,900]: Pos39.ZSCALE1 : 0.0022
[2020-04-03 13:35:39,900]: Pos59.ZSCALE2 : 0.0022
[2020-04-03 13:35:39,900]: Pos5.ZSCALE1 : 0.0022
[2020-04-03 13:35:39,900]: Pos34.ZSCALE1 : 0.0022
[2020-04-03 13:35:39,900]: Pos78.ZSCALE2 : 0.0021
[2020-04-03 13:35:39,900]: Pos77.ZSCALE2 : 0.0021
[2020-04-03 13:35:39,900]: Pos20.ZSCALE1 : 0.0021
[2020-04-03 13:35:39,900]: Pos10.ZSCALE5 : 0.0021
[2020-04-03 13:35:39,900]: Pos3.ZSCALE5 : 0.0021
[2020-04-03 13:35:39,900]: Pos35.ZSCALE5 : 0.0021
[2020-04-03 13:35:39,900]: Pos47.ZSCALE2 : 0.0021
[2020-04-03 13:35:39,900]: Pos47.ZSCALE4 : 0.0021
[2020-04-03 13:35:39,900]: Pos11.ZSCALE5 : 0.0021
[2020-04-03 13:35:39,900]: Pos81.ZSCALE1 : 0.0021
[2020-04-03 13:35:39,900]: Pos41.ZSCALE5 : 0.0021
[2020-04-03 13:35:39,900]: Pos4.ZSCALE5 : 0.0021
[2020-04-03 13:35:39,901]: Pos40.ZSCALE2 : 0.0021
[2020-04-03 13:35:39,901]: Pos12.ZSCALE5 : 0.0021
[2020-04-03 13:35:39,901]: Pos39.ZSCALE4 : 0.0021
[2020-04-03 13:35:39,901]: Pos24.ZSCALE1 : 0.0021
[2020-04-03 13:35:39,901]: Pos46.ZSCALE1 : 0.0021
[2020-04-03 13:35:39,901]: Pos3.ZSCALE2 : 0.0021
[2020-04-03 13:35:39,901]: Pos54.ZSCALE1 : 0.0021
[2020-04-03 13:35:39,901]: Pos94.ZSCALE3 : 0.0021
[2020-04-03 13:35:39,901]: Pos55.ZSCALE1 : 0.0021
[2020-04-03 13:35:39,901]: Pos6.ZSCALE4 : 0.0021
[2020-04-03 13:35:39,901]: Pos29.ZSCALE1 : 0.0021
[2020-04-03 13:35:39,901]: Pos22.ZSCALE2 : 0.0021
[2020-04-03 13:35:39,901]: Pos21.ZSCALE1 : 0.0021
[2020-04-03 13:35:39,901]: Pos20.ZSCALE2 : 0.0021
[2020-04-03 13:35:39,901]: Pos62.ZSCALE1 : 0.0021
[2020-04-03 13:35:39,901]: Pos65.ZSCALE4 : 0.0021
[2020-04-03 13:35:39,901]: Pos100.ZSCALE2 : 0.0021
[2020-04-03 13:35:39,902]: Pos6.ZSCALE3 : 0.0021
[2020-04-03 13:35:39,902]: Pos77.ZSCALE1 : 0.0021
[2020-04-03 13:35:39,902]: Pos94.ZSCALE1 : 0.0021
[2020-04-03 13:35:39,902]: Pos28.ZSCALE4 : 0.0021
[2020-04-03 13:35:39,902]: Pos31.ZSCALE3 : 0.0021
[2020-04-03 13:35:39,902]: Pos19.ZSCALE2 : 0.0021
[2020-04-03 13:35:39,902]: Pos58.ZSCALE1 : 0.0021
[2020-04-03 13:35:39,902]: Pos74.ZSCALE2 : 0.0021
[2020-04-03 13:35:39,902]: Pos85.ZSCALE5 : 0.0021
[2020-04-03 13:35:39,902]: Pos71.ZSCALE2 : 0.0021
[2020-04-03 13:35:39,902]: Pos89.ZSCALE1 : 0.0021
[2020-04-03 13:35:39,902]: Pos76.ZSCALE3 : 0.0021
[2020-04-03 13:35:39,902]: Pos61.ZSCALE4 : 0.0021
[2020-04-03 13:35:39,902]: Pos33.ZSCALE2 : 0.0021
[2020-04-03 13:35:39,902]: Pos30.ZSCALE1 : 0.0021
[2020-04-03 13:35:39,902]: Pos18.ZSCALE1 : 0.0021
[2020-04-03 13:35:39,902]: Pos99.ZSCALE2 : 0.0021
[2020-04-03 13:35:39,903]: Pos52.ZSCALE3 : 0.0021
[2020-04-03 13:35:39,903]: Pos76.ZSCALE1 : 0.0021
[2020-04-03 13:35:39,903]: Pos61.ZSCALE1 : 0.0021
[2020-04-03 13:35:39,903]: Pos25.ZSCALE1 : 0.0021
[2020-04-03 13:35:39,903]: Pos29.ZSCALE2 : 0.0021
[2020-04-03 13:35:39,903]: Pos46.ZSCALE2 : 0.0021
[2020-04-03 13:35:39,903]: Pos39.ZSCALE5 : 0.0021
[2020-04-03 13:35:39,903]: Pos83.ZSCALE1 : 0.0021
[2020-04-03 13:35:39,903]: Pos84.ZSCALE1 : 0.0021
[2020-04-03 13:35:39,903]: Pos97.ZSCALE4 : 0.0021
[2020-04-03 13:35:39,903]: Pos16.ZSCALE3 : 0.0021
[2020-04-03 13:35:39,903]: Pos14.ZSCALE5 : 0.0021
[2020-04-03 13:35:39,903]: Pos38.ZSCALE1 : 0.0021
[2020-04-03 13:35:39,903]: Pos25.ZSCALE2 : 0.0021
[2020-04-03 13:35:39,903]: Pos78.ZSCALE1 : 0.0021
[2020-04-03 13:35:39,903]: Pos62.ZSCALE4 : 0.0021
[2020-04-03 13:35:39,903]: Pos49.ZSCALE1 : 0.0021
[2020-04-03 13:35:39,904]: Pos40.ZSCALE1 : 0.0021
[2020-04-03 13:35:39,904]: Pos71.ZSCALE1 : 0.0021
[2020-04-03 13:35:39,904]: Pos67.ZSCALE3 : 0.0021
[2020-04-03 13:35:39,904]: Pos26.ZSCALE2 : 0.0021
[2020-04-03 13:35:39,904]: Pos23.ZSCALE1 : 0.0021
[2020-04-03 13:35:39,904]: Pos92.ZSCALE2 : 0.0021
[2020-04-03 13:35:39,904]: Pos35.ZSCALE4 : 0.0021
[2020-04-03 13:35:39,904]: Pos82.ZSCALE1 : 0.0021
[2020-04-03 13:35:39,904]: Pos34.ZSCALE4 : 0.0021
[2020-04-03 13:35:39,904]: Pos44.ZSCALE1 : 0.0021
[2020-04-03 13:35:39,904]: Pos90.ZSCALE1 : 0.0021
[2020-04-03 13:35:39,904]: Pos27.ZSCALE4 : 0.0021
[2020-04-03 13:35:39,904]: Pos17.ZSCALE1 : 0.0021
[2020-04-03 13:35:39,904]: Pos90.ZSCALE3 : 0.0021
[2020-04-03 13:35:39,904]: Pos52.ZSCALE1 : 0.0021
[2020-04-03 13:35:39,904]: Pos92.ZSCALE1 : 0.0021
[2020-04-03 13:35:39,905]: Pos14.ZSCALE2 : 0.0021
[2020-04-03 13:35:39,905]: Pos93.ZSCALE1 : 0.0021
[2020-04-03 13:35:39,905]: Pos82.ZSCALE5 : 0.0021
[2020-04-03 13:35:39,905]: Pos55.ZSCALE4 : 0.0021
[2020-04-03 13:35:39,905]: Pos95.ZSCALE2 : 0.0021
[2020-04-03 13:35:39,905]: Pos24.ZSCALE2 : 0.0021
[2020-04-03 13:35:39,905]: Pos32.ZSCALE2 : 0.0021
[2020-04-03 13:35:39,905]: Pos56.ZSCALE2 : 0.0021
[2020-04-03 13:35:39,905]: Pos26.ZSCALE1 : 0.0021
[2020-04-03 13:35:39,905]: Pos56.ZSCALE1 : 0.0021
[2020-04-03 13:35:39,905]: Pos12.ZSCALE1 : 0.0021
[2020-04-03 13:35:39,905]: Pos95.ZSCALE1 : 0.0021
[2020-04-03 13:35:39,905]: Pos4.ZSCALE4 : 0.0021
[2020-04-03 13:35:39,905]: Pos27.ZSCALE1 : 0.0021
[2020-04-03 13:35:39,905]: Pos58.ZSCALE3 : 0.0021
[2020-04-03 13:35:39,905]: Pos66.ZSCALE1 : 0.0021
[2020-04-03 13:35:39,905]: Pos15.ZSCALE3 : 0.0021
[2020-04-03 13:35:39,906]: Pos50.ZSCALE3 : 0.0021
[2020-04-03 13:35:39,906]: Pos3.ZSCALE1 : 0.0021
[2020-04-03 13:35:39,906]: Pos15.ZSCALE1 : 0.0021
[2020-04-03 13:35:39,906]: Pos32.ZSCALE5 : 0.0021
[2020-04-03 13:35:39,906]: Pos7.ZSCALE1 : 0.0021
[2020-04-03 13:35:39,906]: Pos53.ZSCALE1 : 0.0021
[2020-04-03 13:35:39,906]: Pos69.ZSCALE5 : 0.0021
[2020-04-03 13:35:39,906]: Pos83.ZSCALE2 : 0.0021
[2020-04-03 13:35:39,906]: Pos28.ZSCALE5 : 0.0021
[2020-04-03 13:35:39,906]: Pos20.ZSCALE3 : 0.0021
[2020-04-03 13:35:39,906]: Pos57.ZSCALE1 : 0.0021
[2020-04-03 13:35:39,906]: Pos13.ZSCALE1 : 0.0021
[2020-04-03 13:35:39,906]: Pos88.ZSCALE1 : 0.0021
[2020-04-03 13:35:39,906]: Pos19.ZSCALE4 : 0.0021
[2020-04-03 13:35:39,906]: Pos8.ZSCALE4 : 0.0020
[2020-04-03 13:35:39,906]: Pos95.ZSCALE3 : 0.0020
[2020-04-03 13:35:39,906]: Pos6.ZSCALE2 : 0.0020
[2020-04-03 13:35:39,907]: Pos15.ZSCALE4 : 0.0020
[2020-04-03 13:35:39,907]: Pos47.ZSCALE5 : 0.0020
[2020-04-03 13:35:39,907]: Pos43.ZSCALE4 : 0.0020
[2020-04-03 13:35:39,907]: Pos24.ZSCALE4 : 0.0020
[2020-04-03 13:35:39,907]: Pos98.ZSCALE4 : 0.0020
[2020-04-03 13:35:39,907]: Pos73.ZSCALE2 : 0.0020
[2020-04-03 13:35:39,907]: Pos28.ZSCALE2 : 0.0020
[2020-04-03 13:35:39,907]: Pos57.ZSCALE4 : 0.0020
[2020-04-03 13:35:39,907]: Pos38.ZSCALE3 : 0.0020
[2020-04-03 13:35:39,907]: Pos44.ZSCALE5 : 0.0019
[2020-04-03 13:35:39,907]: Pos98.ZSCALE2 : 0.0019
[2020-04-03 13:35:39,907]: Pos2.ZSCALE3 : 0.0019
[2020-04-03 13:35:39,907]: Pos55.ZSCALE3 : 0.0019
[2020-04-03 13:35:39,907]: Pos53.ZSCALE4 : 0.0019
[2020-04-03 13:35:39,907]: Pos94.ZSCALE5 : 0.0019
[2020-04-03 13:35:39,907]: Pos63.ZSCALE4 : 0.0019
[2020-04-03 13:35:39,907]: Pos3.ZSCALE3 : 0.0019
[2020-04-03 13:35:39,908]: Pos50.ZSCALE2 : 0.0019
[2020-04-03 13:35:39,908]: Pos9.ZSCALE4 : 0.0019
[2020-04-03 13:35:39,908]: Pos5.ZSCALE4 : 0.0019
[2020-04-03 13:35:39,908]: Pos97.ZSCALE5 : 0.0019
[2020-04-03 13:35:39,908]: Pos40.ZSCALE5 : 0.0019
[2020-04-03 13:35:39,908]: Pos22.ZSCALE5 : 0.0019
[2020-04-03 13:35:39,908]: Pos16.ZSCALE4 : 0.0019
[2020-04-03 13:35:39,908]: Pos48.ZSCALE4 : 0.0019
[2020-04-03 13:35:39,908]: Pos61.ZSCALE2 : 0.0019
[2020-04-03 13:35:39,908]: Pos42.ZSCALE2 : 0.0019
[2020-04-03 13:35:39,908]: Pos10.ZSCALE4 : 0.0019
[2020-04-03 13:35:39,908]: Pos41.ZSCALE1 : 0.0019
[2020-04-03 13:35:39,908]: Pos25.ZSCALE3 : 0.0019
[2020-04-03 13:35:39,908]: Pos99.ZSCALE5 : 0.0019
[2020-04-03 13:35:39,908]: Pos87.ZSCALE3 : 0.0019
[2020-04-03 13:35:39,908]: Pos22.ZSCALE1 : 0.0019
[2020-04-03 13:35:39,909]: Pos17.ZSCALE5 : 0.0019
[2020-04-03 13:35:39,909]: Pos37.ZSCALE4 : 0.0019
[2020-04-03 13:35:39,909]: Pos89.ZSCALE2 : 0.0019
[2020-04-03 13:35:39,909]: Pos70.ZSCALE2 : 0.0019
[2020-04-03 13:35:39,909]: Pos89.ZSCALE4 : 0.0019
[2020-04-03 13:35:39,909]: Pos61.ZSCALE5 : 0.0019
[2020-04-03 13:35:39,909]: Pos78.ZSCALE5 : 0.0019
[2020-04-03 13:35:39,909]: Pos87.ZSCALE5 : 0.0019
[2020-04-03 13:35:39,909]: Pos82.ZSCALE2 : 0.0019
[2020-04-03 13:35:39,909]: Pos60.ZSCALE1 : 0.0019
[2020-04-03 13:35:39,909]: Pos27.ZSCALE3 : 0.0019
[2020-04-03 13:35:39,909]: Pos79.ZSCALE5 : 0.0019
[2020-04-03 13:35:39,909]: Pos29.ZSCALE3 : 0.0019
[2020-04-03 13:35:39,909]: Pos49.ZSCALE3 : 0.0019
[2020-04-03 13:35:39,909]: Pos72.ZSCALE2 : 0.0019
[2020-04-03 13:35:39,909]: Pos35.ZSCALE2 : 0.0019
[2020-04-03 13:35:39,909]: Pos25.ZSCALE5 : 0.0019
[2020-04-03 13:35:39,910]: Pos58.ZSCALE4 : 0.0019
[2020-04-03 13:35:39,910]: Pos21.ZSCALE5 : 0.0019
[2020-04-03 13:35:39,910]: Pos80.ZSCALE5 : 0.0019
[2020-04-03 13:35:39,910]: Pos71.ZSCALE4 : 0.0019
[2020-04-03 13:35:39,910]: Pos54.ZSCALE2 : 0.0019
[2020-04-03 13:35:39,910]: Pos42.ZSCALE4 : 0.0019
[2020-04-03 13:35:39,910]: Pos100.ZSCALE4 : 0.0019
[2020-04-03 13:35:39,910]: Pos97.ZSCALE1 : 0.0019
[2020-04-03 13:35:39,910]: Pos45.ZSCALE5 : 0.0019
[2020-04-03 13:35:39,910]: Pos66.ZSCALE5 : 0.0019
[2020-04-03 13:35:39,910]: Pos71.ZSCALE3 : 0.0019
[2020-04-03 13:35:39,910]: Pos72.ZSCALE3 : 0.0019
[2020-04-03 13:35:39,910]: Pos100.ZSCALE5 : 0.0019
[2020-04-03 13:35:39,910]: Pos99.ZSCALE3 : 0.0019
[2020-04-03 13:35:39,910]: Pos50.ZSCALE5 : 0.0019
[2020-04-03 13:35:39,910]: Pos68.ZSCALE3 : 0.0019
[2020-04-03 13:35:39,910]: Pos37.ZSCALE1 : 0.0019
[2020-04-03 13:35:39,910]: Pos13.ZSCALE4 : 0.0019
[2020-04-03 13:35:39,911]: Pos95.ZSCALE5 : 0.0019
[2020-04-03 13:35:39,911]: Pos99.ZSCALE4 : 0.0019
[2020-04-03 13:35:39,911]: Pos57.ZSCALE5 : 0.0019
[2020-04-03 13:35:39,911]: Pos30.ZSCALE3 : 0.0019
[2020-04-03 13:35:39,911]: Pos59.ZSCALE4 : 0.0019
[2020-04-03 13:35:39,911]: Pos35.ZSCALE1 : 0.0019
[2020-04-03 13:35:39,911]: Pos12.ZSCALE4 : 0.0019
[2020-04-03 13:35:39,911]: Pos79.ZSCALE4 : 0.0019
[2020-04-03 13:35:39,911]: Pos77.ZSCALE4 : 0.0019
[2020-04-03 13:35:39,911]: Pos85.ZSCALE2 : 0.0019
[2020-04-03 13:35:39,911]: Pos93.ZSCALE5 : 0.0019
[2020-04-03 13:35:39,911]: Pos71.ZSCALE5 : 0.0019
[2020-04-03 13:35:39,911]: Pos26.ZSCALE4 : 0.0019
[2020-04-03 13:35:39,911]: Pos87.ZSCALE2 : 0.0019
[2020-04-03 13:35:39,911]: Pos79.ZSCALE1 : 0.0019
[2020-04-03 13:35:39,911]: Pos13.ZSCALE2 : 0.0019
[2020-04-03 13:35:39,911]: Pos33.ZSCALE3 : 0.0019
[2020-04-03 13:35:39,912]: Pos28.ZSCALE3 : 0.0019
[2020-04-03 13:35:39,912]: Pos83.ZSCALE3 : 0.0019
[2020-04-03 13:35:39,912]: Pos8.ZSCALE5 : 0.0019
[2020-04-03 13:35:39,912]: Pos84.ZSCALE4 : 0.0019
[2020-04-03 13:35:39,912]: Pos67.ZSCALE4 : 0.0019
[2020-04-03 13:35:39,912]: Pos56.ZSCALE4 : 0.0019
[2020-04-03 13:35:39,912]: Pos48.ZSCALE3 : 0.0019
[2020-04-03 13:35:39,912]: Pos97.ZSCALE3 : 0.0019
[2020-04-03 13:35:39,912]: Pos70.ZSCALE5 : 0.0019
[2020-04-03 13:35:39,912]: Pos23.ZSCALE4 : 0.0019
[2020-04-03 13:35:39,912]: Pos68.ZSCALE2 : 0.0019
[2020-04-03 13:35:39,912]: Pos72.ZSCALE4 : 0.0019
[2020-04-03 13:35:39,912]: Pos20.ZSCALE4 : 0.0019
[2020-04-03 13:35:39,912]: Pos40.ZSCALE4 : 0.0019
[2020-04-03 13:35:39,912]: Pos81.ZSCALE3 : 0.0019
[2020-04-03 13:35:39,912]: Pos7.ZSCALE5 : 0.0019
[2020-04-03 13:35:39,912]: Pos95.ZSCALE4 : 0.0019
[2020-04-03 13:35:39,913]: Pos12.ZSCALE2 : 0.0019
[2020-04-03 13:35:39,913]: Pos70.ZSCALE4 : 0.0019
[2020-04-03 13:35:39,913]: Pos82.ZSCALE4 : 0.0019
[2020-04-03 13:35:39,913]: Pos5.ZSCALE2 : 0.0019
[2020-04-03 13:35:39,913]: Pos85.ZSCALE1 : 0.0019
[2020-04-03 13:35:39,913]: Pos58.ZSCALE5 : 0.0019
[2020-04-03 13:35:39,913]: Pos31.ZSCALE1 : 0.0019
[2020-04-03 13:35:39,913]: Pos56.ZSCALE3 : 0.0019
[2020-04-03 13:35:39,913]: Pos39.ZSCALE3 : 0.0019
[2020-04-03 13:35:39,913]: Pos17.ZSCALE4 : 0.0019
[2020-04-03 13:35:39,913]: Pos75.ZSCALE3 : 0.0019
[2020-04-03 13:35:39,913]: Pos43.ZSCALE3 : 0.0019
[2020-04-03 13:35:39,913]: Pos22.ZSCALE4 : 0.0019
[2020-04-03 13:35:39,913]: Pos93.ZSCALE3 : 0.0019
[2020-04-03 13:35:39,913]: Pos54.ZSCALE3 : 0.0019
[2020-04-03 13:35:39,913]: Pos67.ZSCALE1 : 0.0019
[2020-04-03 13:35:39,913]: Pos31.ZSCALE5 : 0.0019
[2020-04-03 13:35:39,914]: Pos10.ZSCALE2 : 0.0019
[2020-04-03 13:35:39,914]: Pos50.ZSCALE4 : 0.0019
[2020-04-03 13:35:39,914]: Pos66.ZSCALE2 : 0.0019
[2020-04-03 13:35:39,914]: Pos91.ZSCALE2 : 0.0019
[2020-04-03 13:35:39,914]: Pos33.ZSCALE5 : 0.0019
[2020-04-03 13:35:39,914]: Pos15.ZSCALE2 : 0.0019
[2020-04-03 13:35:39,914]: Pos76.ZSCALE5 : 0.0019
[2020-04-03 13:35:39,914]: Pos72.ZSCALE5 : 0.0019
[2020-04-03 13:35:39,914]: Pos88.ZSCALE3 : 0.0019
[2020-04-03 13:35:39,914]: Pos33.ZSCALE1 : 0.0019
[2020-04-03 13:35:39,914]: Pos47.ZSCALE3 : 0.0019
[2020-04-03 13:35:39,914]: Pos46.ZSCALE5 : 0.0019
[2020-04-03 13:35:39,914]: Pos29.ZSCALE4 : 0.0019
[2020-04-03 13:35:39,914]: Pos64.ZSCALE5 : 0.0019
[2020-04-03 13:35:39,914]: Pos88.ZSCALE5 : 0.0019
[2020-04-03 13:35:39,914]: Pos53.ZSCALE5 : 0.0019
[2020-04-03 13:35:39,914]: Pos11.ZSCALE2 : 0.0019
[2020-04-03 13:35:39,914]: Pos7.ZSCALE4 : 0.0019
[2020-04-03 13:35:39,915]: Pos67.ZSCALE5 : 0.0019
[2020-04-03 13:35:39,915]: Pos96.ZSCALE3 : 0.0019
[2020-04-03 13:35:39,915]: Pos36.ZSCALE3 : 0.0019
[2020-04-03 13:35:39,915]: Pos96.ZSCALE2 : 0.0019
[2020-04-03 13:35:39,915]: Pos23.ZSCALE5 : 0.0019
[2020-04-03 13:35:39,915]: Pos60.ZSCALE3 : 0.0019
[2020-04-03 13:35:39,915]: Pos88.ZSCALE2 : 0.0019
[2020-04-03 13:35:39,915]: Pos59.ZSCALE5 : 0.0019
[2020-04-03 13:35:39,915]: Pos65.ZSCALE5 : 0.0019
[2020-04-03 13:35:39,915]: Pos64.ZSCALE1 : 0.0019
[2020-04-03 13:35:39,915]: Pos44.ZSCALE4 : 0.0019
[2020-04-03 13:35:39,915]: Pos38.ZSCALE4 : 0.0019
[2020-04-03 13:35:39,915]: Pos25.ZSCALE4 : 0.0019
[2020-04-03 13:35:39,915]: Pos79.ZSCALE3 : 0.0019
[2020-04-03 13:35:39,915]: Pos80.ZSCALE2 : 0.0019
[2020-04-03 13:35:39,915]: Pos89.ZSCALE3 : 0.0019
[2020-04-03 13:35:39,915]: Pos94.ZSCALE4 : 0.0019
[2020-04-03 13:35:39,916]: Pos63.ZSCALE2 : 0.0019
[2020-04-03 13:35:39,916]: Pos48.ZSCALE5 : 0.0019
[2020-04-03 13:35:39,916]: Pos33.ZSCALE4 : 0.0019
[2020-04-03 13:35:39,916]: Pos69.ZSCALE4 : 0.0019
[2020-04-03 13:35:39,916]: Pos32.ZSCALE4 : 0.0019
[2020-04-03 13:35:39,916]: Pos89.ZSCALE5 : 0.0019
[2020-04-03 13:35:39,916]: Pos96.ZSCALE4 : 0.0019
[2020-04-03 13:35:39,916]: Pos9.ZSCALE2 : 0.0019
[2020-04-03 13:35:39,916]: Pos59.ZSCALE3 : 0.0019
[2020-04-03 13:35:39,916]: Pos21.ZSCALE2 : 0.0019
[2020-04-03 13:35:39,916]: Pos44.ZSCALE3 : 0.0019
[2020-04-03 13:35:39,916]: Pos38.ZSCALE5 : 0.0019
[2020-04-03 13:35:39,916]: Pos19.ZSCALE5 : 0.0019
[2020-04-03 13:35:39,916]: Pos56.ZSCALE5 : 0.0019
[2020-04-03 13:35:39,916]: Pos9.ZSCALE5 : 0.0019
[2020-04-03 13:35:39,916]: Pos34.ZSCALE5 : 0.0019
[2020-04-03 13:35:39,916]: Pos7.ZSCALE3 : 0.0019
[2020-04-03 13:35:39,917]: Pos3.ZSCALE4 : 0.0019
[2020-04-03 13:35:39,917]: Pos69.ZSCALE2 : 0.0019
[2020-04-03 13:35:39,917]: Pos26.ZSCALE3 : 0.0019
[2020-04-03 13:35:39,917]: Pos64.ZSCALE4 : 0.0019
[2020-04-03 13:35:39,917]: Pos74.ZSCALE5 : 0.0019
[2020-04-03 13:35:39,917]: Pos49.ZSCALE5 : 0.0019
[2020-04-03 13:35:39,917]: Pos73.ZSCALE5 : 0.0019
[2020-04-03 13:35:39,917]: Pos43.ZSCALE5 : 0.0019
[2020-04-03 13:35:39,917]: Pos77.ZSCALE5 : 0.0019
[2020-04-03 13:35:39,917]: Pos5.ZSCALE5 : 0.0019
[2020-04-03 13:35:39,917]: Pos41.ZSCALE4 : 0.0019
[2020-04-03 13:35:39,917]: Pos78.ZSCALE4 : 0.0019
[2020-04-03 13:35:39,917]: Pos100.ZSCALE3 : 0.0019
[2020-04-03 13:35:39,917]: Pos93.ZSCALE4 : 0.0019
[2020-04-03 13:35:39,917]: Pos8.ZSCALE2 : 0.0019
[2020-04-03 13:35:39,917]: Pos26.ZSCALE5 : 0.0019
[2020-04-03 13:35:39,917]: Pos87.ZSCALE4 : 0.0019
[2020-04-03 13:35:39,918]: Pos41.ZSCALE2 : 0.0019
[2020-04-03 13:35:39,918]: Pos38.ZSCALE2 : 0.0019
[2020-04-03 13:35:39,918]: Pos54.ZSCALE5 : 0.0019
[2020-04-03 13:35:39,918]: Pos90.ZSCALE2 : 0.0019
[2020-04-03 13:35:39,918]: Pos75.ZSCALE5 : 0.0019
[2020-04-03 13:35:39,918]: Pos24.ZSCALE3 : 0.0019
[2020-04-03 13:35:39,918]: Pos11.ZSCALE4 : 0.0019
[2020-04-03 13:35:39,918]: Pos96.ZSCALE1 : 0.0019
[2020-04-03 13:35:39,918]: Pos51.ZSCALE5 : 0.0019
[2020-04-03 13:35:39,918]: Pos48.ZSCALE1 : 0.0019
[2020-04-03 13:35:39,918]: Pos27.ZSCALE5 : 0.0019
[2020-04-03 13:35:39,918]: Pos23.ZSCALE3 : 0.0019
[2020-04-03 13:35:39,918]: Pos59.ZSCALE1 : 0.0019
[2020-04-03 13:35:39,918]: Pos37.ZSCALE5 : 0.0019
[2020-04-03 13:35:39,918]: Pos53.ZSCALE2 : 0.0019
[2020-04-03 13:35:39,918]: Pos69.ZSCALE3 : 0.0019
[2020-04-03 13:35:39,918]: Pos36.ZSCALE4 : 0.0019
[2020-04-03 13:35:39,918]: Pos22.ZSCALE3 : 0.0019
[2020-04-03 13:35:39,919]: Pos18.ZSCALE4 : 0.0019
[2020-04-03 13:35:39,919]: Pos86.ZSCALE5 : 0.0019
[2020-04-03 13:35:39,919]: Pos81.ZSCALE5 : 0.0019
[2020-04-03 13:35:39,919]: Pos36.ZSCALE5 : 0.0019
[2020-04-03 13:35:39,919]: Pos42.ZSCALE5 : 0.0019
[2020-04-03 13:35:39,919]: Pos80.ZSCALE3 : 0.0019
[2020-04-03 13:35:39,919]: Pos81.ZSCALE4 : 0.0019
[2020-04-03 13:35:39,919]: Pos35.ZSCALE3 : 0.0019
[2020-04-03 13:35:39,919]: Pos91.ZSCALE4 : 0.0019
[2020-04-03 13:35:39,919]: Pos84.ZSCALE2 : 0.0019
[2020-04-03 13:35:39,919]: Pos97.ZSCALE2 : 0.0019
[2020-04-03 13:35:39,919]: Pos55.ZSCALE5 : 0.0019
[2020-04-03 13:35:39,919]: Pos23.ZSCALE2 : 0.0019
[2020-04-03 13:35:39,919]: Pos73.ZSCALE1 : 0.0019
[2020-04-03 13:35:39,919]: Pos86.ZSCALE4 : 0.0019
[2020-04-03 13:35:39,919]: Pos58.ZSCALE2 : 0.0019
[2020-04-03 13:35:39,919]: Pos14.ZSCALE1 : 0.0019
[2020-04-03 13:35:39,920]: Pos92.ZSCALE5 : 0.0019
[2020-04-03 13:35:39,920]: Pos2.ZSCALE5 : 0.0019
[2020-04-03 13:35:39,920]: Pos96.ZSCALE5 : 0.0019
[2020-04-03 13:35:39,920]: Pos68.ZSCALE4 : 0.0019
[2020-04-03 13:35:39,920]: Pos94.ZSCALE2 : 0.0019
[2020-04-03 13:35:39,920]: Pos18.ZSCALE5 : 0.0019
[2020-04-03 13:35:39,920]: Pos86.ZSCALE2 : 0.0019
[2020-04-03 13:35:39,920]: Pos49.ZSCALE4 : 0.0019
[2020-04-03 13:35:39,920]: Pos76.ZSCALE4 : 0.0019
[2020-04-03 13:35:39,920]: Pos85.ZSCALE4 : 0.0019
[2020-04-03 13:35:39,920]: Pos83.ZSCALE5 : 0.0019
[2020-04-03 13:35:39,920]: Pos19.ZSCALE1 : 0.0019
[2020-04-03 13:35:39,920]: Pos62.ZSCALE3 : 0.0019
[2020-04-03 13:35:39,920]: Pos85.ZSCALE3 : 0.0019
[2020-04-03 13:35:39,920]: Pos84.ZSCALE5 : 0.0019
[2020-04-03 13:35:39,920]: Pos74.ZSCALE3 : 0.0019
[2020-04-03 13:35:39,920]: Pos91.ZSCALE5 : 0.0019
[2020-04-03 13:35:39,921]: Pos20.ZSCALE5 : 0.0019
[2020-04-03 13:35:39,921]: Pos62.ZSCALE5 : 0.0018
[2020-04-03 13:35:39,921]: Pos65.ZSCALE2 : 0.0018
[2020-04-03 13:35:39,921]: Pos88.ZSCALE4 : 0.0018
[2020-04-03 13:35:39,921]: Pos78.ZSCALE3 : 0.0018
[2020-04-03 13:35:39,921]: Pos16.ZSCALE5 : 0.0018
[2020-04-03 13:35:39,921]: Pos93.ZSCALE2 : 0.0018
[2020-04-03 13:35:39,921]: Pos45.ZSCALE3 : 0.0018
[2020-04-03 13:35:39,921]: Pos64.ZSCALE2 : 0.0018
[2020-04-03 13:35:39,921]: Pos49.ZSCALE2 : 0.0018
[2020-04-03 13:35:39,921]: Pos63.ZSCALE5 : 0.0018
[2020-04-03 13:35:39,921]: Pos90.ZSCALE4 : 0.0018
[2020-04-03 13:35:39,921]: Pos66.ZSCALE4 : 0.0018
[2020-04-03 13:35:39,921]: Pos13.ZSCALE5 : 0.0018
[2020-04-03 13:35:39,921]: Pos53.ZSCALE3 : 0.0018
[2020-04-03 13:35:39,921]: Pos29.ZSCALE5 : 0.0018
[2020-04-03 13:35:39,921]: Pos1.ZSCALE5 : 0.0017
[2020-04-03 13:35:39,922]: Pos98.ZSCALE5 : 0.0017
[2020-04-03 13:35:39,922]: Pos1.ZSCALE4 : 0.0017
[2020-04-03 13:35:39,922]: Pos67.ZSCALE2 : 0.0017
[2020-04-03 13:35:39,922]: Pos40.ZSCALE3 : 0.0017
[2020-04-03 13:35:39,922]: Pos92.ZSCALE4 : 0.0017
[2020-04-03 13:35:39,922]: Pos45.ZSCALE2 : 0.0017
[2020-04-03 13:35:39,922]: Pos98.ZSCALE1 : 0.0017
[2020-04-03 13:35:39,922]: Pos41.ZSCALE3 : 0.0017
[2020-04-03 13:35:39,922]: Pos90.ZSCALE5 : 0.0016
[2020-04-03 13:35:39,922]: Pos36.ZSCALE2 : 0.0016
[2020-04-03 13:35:39,922]: Pos43.ZSCALE1 : 0.0016
[2020-04-03 13:35:39,922]: Pos39.ZSCALE2 : 0.0016
[2020-04-03 13:35:39,922]: Pos51.ZSCALE3 : 0.0016
[2020-04-03 13:35:39,922]: Pos1.ZSCALE3 : 0.0015
[2020-04-03 13:35:39,922]: Pos1.ZSCALE1 : 0.0014
[2020-04-03 13:35:39,922]: Pos1.ZSCALE2 : 0.0011
[2020-04-03 13:35:39,922]: feature_rank end
[2020-04-03 13:35:40,045]: Start dimension reduction ...
[2020-04-03 13:35:41,074]: length=1 f1=0.4048 accuarcy=0.4050 precision=0.4173 recall=0.4050 auc=0.5520 
[2020-04-03 13:35:41,687]: length=101 f1=0.6044 accuarcy=0.6033 precision=0.6226 recall=0.6033 auc=0.6940 
[2020-04-03 13:35:42,183]: length=201 f1=0.4875 accuarcy=0.4876 precision=0.5100 recall=0.4876 auc=0.6050 
[2020-04-03 13:35:42,395]: length=301 f1=0.4292 accuarcy=0.4380 precision=0.4797 recall=0.4380 auc=0.5612 
[2020-04-03 13:35:42,593]: length=401 f1=0.4382 accuarcy=0.4545 precision=0.4871 recall=0.4545 auc=0.5712 
[2020-04-03 13:35:42,815]: length=500 f1=0.4158 accuarcy=0.4132 precision=0.4483 recall=0.4132 auc=0.5487 
[2020-04-03 13:35:42,815]: ----------
[2020-04-03 13:35:42,815]: the max f1 = 0.6044
[2020-04-03 13:35:42,816]: ['Pos16.ZSCALE1' 'Pos4.ZSCALE3' 'Pos48.ZSCALE2' 'Pos42.ZSCALE3'
 'Pos55.ZSCALE2' 'Pos51.ZSCALE1' 'Pos54.ZSCALE4' 'Pos12.ZSCALE3'
 'Pos80.ZSCALE4' 'Pos87.ZSCALE1' 'Pos57.ZSCALE2' 'Pos63.ZSCALE1'
 'Pos31.ZSCALE2' 'Pos16.ZSCALE2' 'Pos80.ZSCALE1' 'Pos65.ZSCALE1'
 'Pos79.ZSCALE2' 'Pos10.ZSCALE3' 'Pos7.ZSCALE2' 'Pos17.ZSCALE2'
 'Pos17.ZSCALE3' 'Pos46.ZSCALE3' 'Pos9.ZSCALE3' 'Pos60.ZSCALE5'
 'Pos45.ZSCALE1' 'Pos82.ZSCALE3' 'Pos32.ZSCALE3' 'Pos9.ZSCALE1'
 'Pos11.ZSCALE1' 'Pos31.ZSCALE4' 'Pos14.ZSCALE4' 'Pos13.ZSCALE3'
 'Pos92.ZSCALE3' 'Pos2.ZSCALE1' 'Pos30.ZSCALE5' 'Pos15.ZSCALE5'
 'Pos72.ZSCALE1' 'Pos36.ZSCALE1' 'Pos86.ZSCALE3' 'Pos51.ZSCALE4'
 'Pos4.ZSCALE2' 'Pos64.ZSCALE3' 'Pos91.ZSCALE3' 'Pos18.ZSCALE2'
 'Pos8.ZSCALE3' 'Pos52.ZSCALE5' 'Pos52.ZSCALE2' 'Pos21.ZSCALE3'
 'Pos73.ZSCALE4' 'Pos34.ZSCALE2' 'Pos11.ZSCALE3' 'Pos75.ZSCALE2'
 'Pos100.ZSCALE1' 'Pos42.ZSCALE1' 'Pos81.ZSCALE2' 'Pos65.ZSCALE3'
 'Pos62.ZSCALE2' 'Pos60.ZSCALE2' 'Pos24.ZSCALE5' 'Pos27.ZSCALE2'
 'Pos86.ZSCALE1' 'Pos70.ZSCALE3' 'Pos8.ZSCALE1' 'Pos10.ZSCALE1'
 'Pos75.ZSCALE1' 'Pos18.ZSCALE3' 'Pos83.ZSCALE4' 'Pos74.ZSCALE1'
 'Pos2.ZSCALE2' 'Pos45.ZSCALE4' 'Pos75.ZSCALE4' 'Pos14.ZSCALE3'
 'Pos50.ZSCALE1' 'Pos30.ZSCALE2' 'Pos69.ZSCALE1' 'Pos63.ZSCALE3'
 'Pos73.ZSCALE3' 'Pos57.ZSCALE3' 'Pos21.ZSCALE4' 'Pos28.ZSCALE1'
 'Pos30.ZSCALE4' 'Pos60.ZSCALE4' 'Pos98.ZSCALE3' 'Pos77.ZSCALE3'
 'Pos76.ZSCALE2' 'Pos47.ZSCALE1' 'Pos37.ZSCALE2' 'Pos51.ZSCALE2'
 'Pos84.ZSCALE3' 'Pos68.ZSCALE5' 'Pos2.ZSCALE4' 'Pos52.ZSCALE4'
 'Pos61.ZSCALE3' 'Pos70.ZSCALE1' 'Pos43.ZSCALE2' 'Pos91.ZSCALE1'
 'Pos99.ZSCALE1' 'Pos66.ZSCALE3' 'Pos46.ZSCALE4' 'Pos34.ZSCALE3'
 'Pos32.ZSCALE1'],length = 101
[2020-04-03 13:35:42,816]: -----------
[2020-04-03 13:35:43,007]: f1 =0.6044 
[2020-04-03 13:35:43,008]: accuarcy = 0.6033 
[2020-04-03 13:35:43,009]: precision =0.6226 
[2020-04-03 13:35:43,010]: recall =0.6033
[2020-04-03 13:35:43,014]: auc = 0.6940
[2020-04-03 13:35:43,028]: -----------
[2020-04-03 13:35:43,029]: The output by the terminal's log has been saved in the /home/heshida/work/FMRMD2.0/Logs/202004031332.log.
[2020-04-03 13:35:43,029]: metrics have been saved in the /home/heshida/work/FMRMD2.0/Results/1.pos.fasta.0.neg.fasta.2.med.fasta.metrics.csv.
[2020-04-03 13:35:43,821]: Scatter charts visualized by t-SNE dataset has been saved in the /home/heshida/work/FMRMD2.0/Results/1.pos.fasta.0.neg.fasta.2.med.fasta.fasta.out.csv.png.
[2020-04-03 13:35:43,821]: Reduced dimensional dataset has been saved in the /home/heshida/work/FMRMD2.0/Results/1.pos.fasta.0.neg.fasta.2.med.fasta.result.csv.
[2020-04-03 13:35:43,821]: ---mrmd 2.0 end---
