[2020-04-03 13:09:41,341]: ---mrmd 2.0 start----
[2020-04-03 13:09:58,781]: ANOVA start...
[2020-04-03 13:09:58,784]: ANOVA end.
[2020-04-03 13:09:58,784]: mic start...
[2020-04-03 13:09:58,959]: mic end.
[2020-04-03 13:09:58,960]: mrmd start...
[2020-04-03 13:09:58,980]: mrmd end.
[2020-04-03 13:09:58,980]: mRMR start...
[2020-04-03 13:09:59,023]: mRMR end.
[2020-04-03 13:09:59,023]: lasso start...
[2020-04-03 13:09:59,039]: lasso end.
[2020-04-03 13:09:59,039]: chi2 start...
[2020-04-03 13:09:59,050]: chi2 end.
[2020-04-03 13:09:59,050]: ref start...
[2020-04-03 13:09:59,140]: ref end.
[2020-04-03 13:09:59,140]: rank start ...
[2020-04-03 13:09:59,143]: The final  rank is
[2020-04-03 13:09:59,143]: alphaticr.alphaticr : 0.0526
[2020-04-03 13:09:59,143]: uncharger.negativecharger : 0.0514
[2020-04-03 13:09:59,143]: negativecharger.negativecharger : 0.0499
[2020-04-03 13:09:59,143]: postivecharger.aromatic : 0.0475
[2020-04-03 13:09:59,143]: postivecharger.uncharger : 0.0459
[2020-04-03 13:09:59,143]: negativecharger.alphaticr : 0.0454
[2020-04-03 13:09:59,143]: aromatic.alphaticr : 0.0450
[2020-04-03 13:09:59,143]: negativecharger.uncharger : 0.0448
[2020-04-03 13:09:59,143]: uncharger.aromatic : 0.0433
[2020-04-03 13:09:59,143]: aromatic.negativecharger : 0.0425
[2020-04-03 13:09:59,143]: uncharger.alphaticr : 0.0420
[2020-04-03 13:09:59,144]: alphaticr.aromatic : 0.0418
[2020-04-03 13:09:59,144]: postivecharger.negativecharger : 0.0414
[2020-04-03 13:09:59,144]: negativecharger.aromatic : 0.0405
[2020-04-03 13:09:59,144]: alphaticr.uncharger : 0.0390
[2020-04-03 13:09:59,144]: alphaticr.negativecharger : 0.0377
[2020-04-03 13:09:59,144]: uncharger.postivecharger : 0.0368
[2020-04-03 13:09:59,144]: negativecharger.postivecharger : 0.0364
[2020-04-03 13:09:59,144]: postivecharger.postivecharger : 0.0346
[2020-04-03 13:09:59,144]: postivecharger.alphaticr : 0.0345
[2020-04-03 13:09:59,144]: aromatic.uncharger : 0.0338
[2020-04-03 13:09:59,144]: aromatic.aromatic : 0.0306
[2020-04-03 13:09:59,144]: uncharger.uncharger : 0.0293
[2020-04-03 13:09:59,144]: aromatic.postivecharger : 0.0269
[2020-04-03 13:09:59,144]: alphaticr.postivecharger : 0.0261
[2020-04-03 13:09:59,144]: feature_rank end
[2020-04-03 13:09:59,159]: Start dimension reduction ...
[2020-04-03 13:10:00,159]: length=1 f1=0.4290 accuarcy=0.4298 precision=0.4294 recall=0.4298 auc=0.5720 
[2020-04-03 13:10:00,664]: length=25 f1=0.4893 accuarcy=0.4876 precision=0.4953 recall=0.4876 auc=0.6121 
[2020-04-03 13:10:00,665]: ----------
[2020-04-03 13:10:00,665]: the max f1 = 0.4893
[2020-04-03 13:10:00,665]: ['alphaticr.alphaticr' 'uncharger.negativecharger'
 'negativecharger.negativecharger' 'postivecharger.aromatic'
 'postivecharger.uncharger' 'negativecharger.alphaticr'
 'aromatic.alphaticr' 'negativecharger.uncharger' 'uncharger.aromatic'
 'aromatic.negativecharger' 'uncharger.alphaticr' 'alphaticr.aromatic'
 'postivecharger.negativecharger' 'negativecharger.aromatic'
 'alphaticr.uncharger' 'alphaticr.negativecharger'
 'uncharger.postivecharger' 'negativecharger.postivecharger'
 'postivecharger.postivecharger' 'postivecharger.alphaticr'
 'aromatic.uncharger' 'aromatic.aromatic' 'uncharger.uncharger'
 'aromatic.postivecharger' 'alphaticr.postivecharger'],length = 25
[2020-04-03 13:10:00,665]: -----------
[2020-04-03 13:10:01,120]: f1 =0.4893 
[2020-04-03 13:10:01,121]: accuarcy = 0.4876 
[2020-04-03 13:10:01,122]: precision =0.4953 
[2020-04-03 13:10:01,124]: recall =0.4876
[2020-04-03 13:10:01,127]: auc = 0.6121
[2020-04-03 13:10:01,137]: -----------
[2020-04-03 13:10:01,137]: The output by the terminal's log has been saved in the /home/heshida/work/FMRMD2.0/Logs/202004031309.log.
[2020-04-03 13:10:01,138]: metrics have been saved in the /home/heshida/work/FMRMD2.0/Results/1.pos.fasta.0.neg.fasta.2.med.fasta.metrics.csv.
[2020-04-03 13:10:01,892]: Scatter charts visualized by t-SNE dataset has been saved in the /home/heshida/work/FMRMD2.0/Results/1.pos.fasta.0.neg.fasta.2.med.fasta.fasta.out.csv.png.
[2020-04-03 13:10:01,892]: Reduced dimensional dataset has been saved in the /home/heshida/work/FMRMD2.0/Results/1.pos.fasta.0.neg.fasta.2.med.fasta.result.csv.
[2020-04-03 13:10:01,892]: ---mrmd 2.0 end---
