[2020-03-30 21:39:49,977]: ---mrmd 2.0 start----
[2020-03-30 21:40:28,757]: ANOVA start...
[2020-03-30 21:40:28,790]: ANOVA end.
[2020-03-30 21:40:28,790]: mic start...
[2020-03-30 21:40:29,903]: mic end.
[2020-03-30 21:40:29,903]: mrmd start...
[2020-03-30 21:40:29,959]: mrmd end.
[2020-03-30 21:40:29,959]: mRMR start...
[2020-03-30 21:40:30,082]: mRMR end.
[2020-03-30 21:40:30,083]: lasso start...
[2020-03-30 21:40:30,188]: lasso end.
[2020-03-30 21:40:30,189]: chi2 start...
[2020-03-30 21:40:30,288]: chi2 end.
[2020-03-30 21:40:30,288]: ref start...
[2020-03-30 21:40:30,475]: ref end.
[2020-03-30 21:40:30,476]: rank start ...
[2020-03-30 21:40:30,478]: The final  rank is
[2020-03-30 21:40:30,478]: A : 0.0760
[2020-03-30 21:40:30,478]: F : 0.0618
[2020-03-30 21:40:30,478]: T : 0.0616
[2020-03-30 21:40:30,478]: R : 0.0594
[2020-03-30 21:40:30,478]: S : 0.0589
[2020-03-30 21:40:30,479]: P : 0.0578
[2020-03-30 21:40:30,479]: G : 0.0559
[2020-03-30 21:40:30,479]: V : 0.0536
[2020-03-30 21:40:30,479]: C : 0.0524
[2020-03-30 21:40:30,479]: E : 0.0519
[2020-03-30 21:40:30,479]: Q : 0.0491
[2020-03-30 21:40:30,479]: M : 0.0482
[2020-03-30 21:40:30,479]: W : 0.0468
[2020-03-30 21:40:30,479]: N : 0.0455
[2020-03-30 21:40:30,479]: D : 0.0424
[2020-03-30 21:40:30,479]: K : 0.0399
[2020-03-30 21:40:30,479]: H : 0.0399
[2020-03-30 21:40:30,479]: L : 0.0363
[2020-03-30 21:40:30,479]: I : 0.0351
[2020-03-30 21:40:30,479]: Y : 0.0274
[2020-03-30 21:40:30,479]: feature_rank end
[2020-03-30 21:40:30,578]: Start dimension reduction ...
[2020-03-30 21:40:31,851]: length=1 f1=0.6437 accuarcy=0.6769 precision=0.6240 recall=0.6769 auc=0.5036 
[2020-03-30 21:40:32,585]: length=2 f1=0.6437 accuarcy=0.6769 precision=0.6240 recall=0.6769 auc=0.5036 
[2020-03-30 21:40:33,233]: length=3 f1=0.6437 accuarcy=0.6769 precision=0.6240 recall=0.6769 auc=0.5036 
[2020-03-30 21:40:33,665]: length=4 f1=0.6437 accuarcy=0.6769 precision=0.6240 recall=0.6769 auc=0.5036 
[2020-03-30 21:40:34,101]: length=5 f1=0.6437 accuarcy=0.6769 precision=0.6240 recall=0.6769 auc=0.5036 
[2020-03-30 21:40:34,549]: length=6 f1=0.6437 accuarcy=0.6769 precision=0.6240 recall=0.6769 auc=0.5036 
[2020-03-30 21:40:34,952]: length=7 f1=0.6687 accuarcy=0.6982 precision=0.6539 recall=0.6982 auc=0.5341 
[2020-03-30 21:40:35,398]: length=8 f1=0.6674 accuarcy=0.6960 precision=0.6526 recall=0.6960 auc=0.5331 
[2020-03-30 21:40:35,818]: length=9 f1=0.6639 accuarcy=0.6927 precision=0.6485 recall=0.6927 auc=0.5290 
[2020-03-30 21:40:36,269]: length=10 f1=0.6677 accuarcy=0.6957 precision=0.6530 recall=0.6957 auc=0.5338 
[2020-03-30 21:40:36,737]: length=11 f1=0.6649 accuarcy=0.6942 precision=0.6496 recall=0.6942 auc=0.5300 
[2020-03-30 21:40:37,142]: length=12 f1=0.6644 accuarcy=0.6934 precision=0.6491 recall=0.6934 auc=0.5295 
[2020-03-30 21:40:37,557]: length=13 f1=0.6612 accuarcy=0.6901 precision=0.6454 recall=0.6901 auc=0.5258 
[2020-03-30 21:40:38,003]: length=14 f1=0.6655 accuarcy=0.6942 precision=0.6504 recall=0.6942 auc=0.5309 
[2020-03-30 21:40:38,425]: length=15 f1=0.6655 accuarcy=0.6942 precision=0.6504 recall=0.6942 auc=0.5309 
[2020-03-30 21:40:38,843]: length=16 f1=0.6636 accuarcy=0.6927 precision=0.6481 recall=0.6927 auc=0.5285 
[2020-03-30 21:40:39,248]: length=17 f1=0.6650 accuarcy=0.6971 precision=0.6493 recall=0.6971 auc=0.5286 
[2020-03-30 21:40:39,686]: length=18 f1=0.6628 accuarcy=0.6920 precision=0.6472 recall=0.6920 auc=0.5275 
[2020-03-30 21:40:40,109]: length=19 f1=0.6623 accuarcy=0.6912 precision=0.6466 recall=0.6912 auc=0.5270 
[2020-03-30 21:40:40,520]: length=20 f1=0.6630 accuarcy=0.6931 precision=0.6473 recall=0.6931 auc=0.5273 
[2020-03-30 21:40:40,520]: ----------
[2020-03-30 21:40:40,520]: the max f1 = 0.6687
[2020-03-30 21:40:40,520]: ['A' 'F' 'T' 'R' 'S' 'P' 'G'],length = 7
[2020-03-30 21:40:40,521]: -----------
[2020-03-30 21:40:40,934]: f1 =0.6687 
[2020-03-30 21:40:40,935]: accuarcy = 0.6982 
[2020-03-30 21:40:40,938]: precision =0.6539 
[2020-03-30 21:40:40,940]: recall =0.6982
[2020-03-30 21:40:40,943]: auc = 0.5341
[2020-03-30 21:40:40,965]: -----------
[2020-03-30 21:40:40,965]: The output by the terminal's log has been saved in the /home/heshida/work/FMRMD2.0/Logs/202003302139.log.
[2020-03-30 21:40:40,965]: metrics have been saved in the /home/heshida/work/FMRMD2.0/Results/1.positive.txt.0.negative.txt.metrics.csv.
[2020-03-30 21:40:58,537]: Scatter charts visualized by t-SNE dataset has been saved in the /home/heshida/work/FMRMD2.0/Results/1.positive.txt.0.negative.txt.fasta.out.csv.png.
[2020-03-30 21:40:58,537]: Reduced dimensional dataset has been saved in the /home/heshida/work/FMRMD2.0/Results/1.positive.txt.0.negative.txt.result.csv.
[2020-03-30 21:40:58,537]: ---mrmd 2.0 end---
