[2020-03-23 21:02:01,145]: ---mrmd 2.0 start----
[2020-03-23 21:03:09,335]: ANOVA start...
[2020-03-23 21:03:09,435]: ANOVA end.
[2020-03-23 21:03:09,435]: mic start...
[2020-03-23 21:03:20,273]: mic end.
[2020-03-23 21:03:20,274]: mrmd start...
[2020-03-23 21:03:20,370]: mrmd end.
[2020-03-23 21:03:20,370]: mRMR start...
[2020-03-23 21:03:20,690]: mRMR end.
[2020-03-23 21:03:20,691]: lasso start...
[2020-03-23 21:03:20,804]: lasso end.
[2020-03-23 21:03:20,805]: chi2 start...
[2020-03-23 21:03:20,873]: chi2 end.
[2020-03-23 21:03:20,874]: ref start...
[2020-03-23 21:03:21,263]: ref end.
[2020-03-23 21:03:21,492]: Start dimension reduction ...
[2020-03-23 21:03:30,029]: length=1 f1=0.6367 accuarcy=0.7454 precision=0.5556 recall=0.7454 auc=0.5000 
[2020-03-23 21:03:37,475]: length=2 f1=0.6367 accuarcy=0.7454 precision=0.5556 recall=0.7454 auc=0.5000 
[2020-03-23 21:03:45,441]: length=3 f1=0.6367 accuarcy=0.7454 precision=0.5556 recall=0.7454 auc=0.5000 
[2020-03-23 21:03:53,114]: length=4 f1=0.6367 accuarcy=0.7454 precision=0.5556 recall=0.7454 auc=0.5000 
[2020-03-23 21:04:02,325]: length=5 f1=0.6367 accuarcy=0.7454 precision=0.5556 recall=0.7454 auc=0.5000 
[2020-03-23 21:04:11,455]: length=6 f1=0.6367 accuarcy=0.7454 precision=0.5556 recall=0.7454 auc=0.5000 
[2020-03-23 21:04:20,750]: length=7 f1=0.6367 accuarcy=0.7454 precision=0.5556 recall=0.7454 auc=0.5000 
[2020-03-23 21:04:28,456]: length=8 f1=0.6367 accuarcy=0.7454 precision=0.5556 recall=0.7454 auc=0.5000 
[2020-03-23 21:04:35,378]: length=9 f1=0.6367 accuarcy=0.7454 precision=0.5556 recall=0.7454 auc=0.5000 
[2020-03-23 21:04:43,622]: length=10 f1=0.6367 accuarcy=0.7454 precision=0.5556 recall=0.7454 auc=0.5000 
[2020-03-23 21:04:51,299]: length=11 f1=0.6437 accuarcy=0.6769 precision=0.6240 recall=0.6769 auc=0.5036 
[2020-03-23 21:04:59,429]: length=12 f1=0.6437 accuarcy=0.6769 precision=0.6240 recall=0.6769 auc=0.5036 
[2020-03-23 21:05:07,141]: length=13 f1=0.6437 accuarcy=0.6769 precision=0.6240 recall=0.6769 auc=0.5036 
[2020-03-23 21:05:16,307]: length=14 f1=0.6437 accuarcy=0.6769 precision=0.6240 recall=0.6769 auc=0.5036 
[2020-03-23 21:05:24,075]: length=15 f1=0.6540 accuarcy=0.6835 precision=0.6370 recall=0.6835 auc=0.5171 
[2020-03-23 21:05:32,656]: length=16 f1=0.6536 accuarcy=0.6802 precision=0.6375 recall=0.6802 auc=0.5182 
[2020-03-23 21:05:41,934]: length=17 f1=0.6559 accuarcy=0.6842 precision=0.6395 recall=0.6842 auc=0.5200 
[2020-03-23 21:05:49,683]: length=18 f1=0.6581 accuarcy=0.6861 precision=0.6420 recall=0.6861 auc=0.5226 
[2020-03-23 21:05:57,235]: length=19 f1=0.6652 accuarcy=0.6949 precision=0.6498 recall=0.6949 auc=0.5300 
[2020-03-23 21:06:04,912]: length=20 f1=0.6617 accuarcy=0.6916 precision=0.6457 recall=0.6916 auc=0.5259 
[2020-03-23 21:06:05,264]: ----------
[2020-03-23 21:06:05,264]: the max f1 = 0.6652
[2020-03-23 21:06:05,265]: ['H' 'F' 'P' 'V' 'L' 'M' 'Y' 'K' 'N' 'Q' 'A' 'W' 'I' 'D' 'C' 'E' 'T' 'R'
 'G'],length = 19
[2020-03-23 21:06:05,265]: -----------
[2020-03-23 21:06:12,092]: f1 =0.6652 
[2020-03-23 21:06:12,093]: accuarcy = 0.6949 
[2020-03-23 21:06:12,095]: precision =0.6498 
[2020-03-23 21:06:12,097]: recall =0.6949
