[2020-03-24 17:48:09,753]: ---mrmd 2.0 start----
[2020-03-24 17:49:16,876]: ANOVA start...
[2020-03-24 17:49:16,955]: ANOVA end.
[2020-03-24 17:49:16,955]: mic start...
[2020-03-24 17:49:24,833]: mic end.
[2020-03-24 17:49:24,833]: mrmd start...
[2020-03-24 17:49:24,895]: mrmd end.
[2020-03-24 17:49:24,896]: mRMR start...
[2020-03-24 17:49:25,035]: mRMR end.
[2020-03-24 17:49:25,035]: lasso start...
[2020-03-24 17:49:25,110]: lasso end.
[2020-03-24 17:49:25,110]: chi2 start...
[2020-03-24 17:49:25,193]: chi2 end.
[2020-03-24 17:49:25,193]: ref start...
[2020-03-24 17:49:25,458]: ref end.
[2020-03-24 17:49:25,617]: Start dimension reduction ...
[2020-03-24 17:49:31,871]: length=1 f1=0.6367 accuarcy=0.7454 precision=0.5556 recall=0.7454 auc=0.5000 
[2020-03-24 17:49:38,253]: length=2 f1=0.6367 accuarcy=0.7454 precision=0.5556 recall=0.7454 auc=0.5000 
[2020-03-24 17:49:44,534]: length=3 f1=0.6367 accuarcy=0.7454 precision=0.5556 recall=0.7454 auc=0.5000 
[2020-03-24 17:49:50,269]: length=4 f1=0.6367 accuarcy=0.7454 precision=0.5556 recall=0.7454 auc=0.5000 
[2020-03-24 17:49:56,609]: length=5 f1=0.6367 accuarcy=0.7454 precision=0.5556 recall=0.7454 auc=0.5000 
[2020-03-24 17:50:02,425]: length=6 f1=0.6367 accuarcy=0.7454 precision=0.5556 recall=0.7454 auc=0.5000 
[2020-03-24 17:50:08,361]: length=7 f1=0.6367 accuarcy=0.7454 precision=0.5556 recall=0.7454 auc=0.5000 
[2020-03-24 17:50:14,440]: length=8 f1=0.6367 accuarcy=0.7454 precision=0.5556 recall=0.7454 auc=0.5000 
[2020-03-24 17:50:21,445]: length=9 f1=0.6367 accuarcy=0.7454 precision=0.5556 recall=0.7454 auc=0.5000 
[2020-03-24 17:50:27,338]: length=10 f1=0.6367 accuarcy=0.7454 precision=0.5556 recall=0.7454 auc=0.5000 
[2020-03-24 17:50:33,599]: length=11 f1=0.6437 accuarcy=0.6769 precision=0.6240 recall=0.6769 auc=0.5036 
[2020-03-24 17:50:39,886]: length=12 f1=0.6437 accuarcy=0.6769 precision=0.6240 recall=0.6769 auc=0.5036 
[2020-03-24 17:50:46,180]: length=13 f1=0.6437 accuarcy=0.6769 precision=0.6240 recall=0.6769 auc=0.5036 
[2020-03-24 17:50:52,603]: length=14 f1=0.6437 accuarcy=0.6769 precision=0.6240 recall=0.6769 auc=0.5036 
[2020-03-24 17:50:59,025]: length=15 f1=0.6540 accuarcy=0.6835 precision=0.6370 recall=0.6835 auc=0.5171 
[2020-03-24 17:51:05,518]: length=16 f1=0.6536 accuarcy=0.6802 precision=0.6375 recall=0.6802 auc=0.5182 
[2020-03-24 17:51:12,260]: length=17 f1=0.6559 accuarcy=0.6842 precision=0.6395 recall=0.6842 auc=0.5200 
[2020-03-24 17:51:18,857]: length=18 f1=0.6581 accuarcy=0.6861 precision=0.6420 recall=0.6861 auc=0.5226 
[2020-03-24 17:51:25,340]: length=19 f1=0.6652 accuarcy=0.6949 precision=0.6498 recall=0.6949 auc=0.5300 
[2020-03-24 17:51:31,761]: length=20 f1=0.6617 accuarcy=0.6916 precision=0.6457 recall=0.6916 auc=0.5259 
[2020-03-24 17:51:31,763]: ----------
[2020-03-24 17:51:31,763]: the max f1 = 0.6652
[2020-03-24 17:51:31,763]: ['H' 'F' 'P' 'V' 'L' 'M' 'Y' 'K' 'N' 'Q' 'A' 'W' 'I' 'D' 'C' 'E' 'T' 'R'
 'G'],length = 19
[2020-03-24 17:51:31,763]: -----------
[2020-03-24 17:51:38,246]: f1 =0.6652 
[2020-03-24 17:51:38,247]: accuarcy = 0.6949 
[2020-03-24 17:51:38,249]: precision =0.6498 
[2020-03-24 17:51:38,250]: recall =0.6949
[2020-03-24 17:51:38,253]: auc = 0.5300
[2020-03-24 17:51:38,326]: -----------
[2020-03-24 17:51:38,326]: The output by the terminal's log has been saved in the J:\多设备共享\work\pycharm_remote_server\FMRMD2.0\Logs\202003241748.log.
[2020-03-24 17:51:38,326]: metrics have been saved in the J:\多设备共享\work\pycharm_remote_server\FMRMD2.0\Results\1.positive.txt.0.negative.txt.metrics.csv.
[2020-03-24 17:52:48,157]: Scatter charts visualized by t-SNE dataset has been saved in the J:\多设备共享\work\pycharm_remote_server\FMRMD2.0\Results\8f29f5fe-6db4-11ea-9352-c85b761ee439.csv.png.
[2020-03-24 17:52:48,158]: Reduced dimensional dataset has been saved in the J:\多设备共享\work\pycharm_remote_server\FMRMD2.0\Results\1.positive.txt.0.negative.txt.result.csv.
[2020-03-24 17:52:48,158]: ---mrmd 2.0 end---
