[2020-03-23 21:41:46,088]: ---mrmd 2.0 start----
[2020-03-23 21:42:58,569]: ANOVA start...
[2020-03-23 21:42:58,650]: ANOVA end.
[2020-03-23 21:42:58,650]: mic start...
[2020-03-23 21:43:07,331]: mic end.
[2020-03-23 21:43:07,331]: mrmd start...
[2020-03-23 21:43:07,395]: mrmd end.
[2020-03-23 21:43:07,395]: mRMR start...
[2020-03-23 21:43:07,620]: mRMR end.
[2020-03-23 21:43:07,620]: lasso start...
[2020-03-23 21:43:07,680]: lasso end.
[2020-03-23 21:43:07,680]: chi2 start...
[2020-03-23 21:43:07,733]: chi2 end.
[2020-03-23 21:43:07,733]: ref start...
[2020-03-23 21:43:08,030]: ref end.
[2020-03-23 21:43:08,182]: Start dimension reduction ...
[2020-03-23 21:43:14,030]: length=1 f1=0.6367 accuarcy=0.7454 precision=0.5556 recall=0.7454 auc=0.5000 
[2020-03-23 21:43:20,113]: length=6 f1=0.6367 accuarcy=0.7454 precision=0.5556 recall=0.7454 auc=0.5000 
[2020-03-23 21:43:28,743]: length=11 f1=0.6437 accuarcy=0.6769 precision=0.6240 recall=0.6769 auc=0.5036 
[2020-03-23 21:43:36,298]: length=16 f1=0.6536 accuarcy=0.6802 precision=0.6375 recall=0.6802 auc=0.5182 
[2020-03-23 21:43:44,443]: length=20 f1=0.6617 accuarcy=0.6916 precision=0.6457 recall=0.6916 auc=0.5259 
[2020-03-23 21:43:44,445]: ----------
[2020-03-23 21:43:44,445]: the max f1 = 0.6617
[2020-03-23 21:43:44,445]: ['H' 'F' 'P' 'V' 'L' 'M' 'Y' 'K' 'N' 'Q' 'A' 'W' 'I' 'D' 'C' 'E' 'T' 'R'
 'G' 'S'],length = 20
[2020-03-23 21:43:44,445]: -----------
[2020-03-23 21:43:51,194]: f1 =0.6617 
[2020-03-23 21:43:51,195]: accuarcy = 0.6916 
[2020-03-23 21:43:51,197]: precision =0.6457 
[2020-03-23 21:43:51,199]: recall =0.6916
[2020-03-23 21:43:51,201]: auc = 0.5259
[2020-03-23 21:43:51,277]: -----------
[2020-03-23 21:43:51,277]: The output by the terminal's log has been saved in the J:\多设备共享\work\pycharm_remote_server\FMRMD2.0\Logs\202003232141.log.
[2020-03-23 21:43:51,340]: metrics have been saved in the J:\多设备共享\work\pycharm_remote_server\FMRMD2.0\Results\J:/多设备共享/work/pycharm_remote_server/FMRMD2.0\Temp\1.positive.txt.0.negative.txt.metrics.csv.
