[2020-03-31 17:13:42,939]: ---mrmd 2.0 start----
[2020-03-31 17:14:38,666]: ANOVA start...
[2020-03-31 17:14:40,216]: ANOVA end.
[2020-03-31 17:14:40,216]: mic start...
[2020-03-31 17:15:01,979]: mic end.
[2020-03-31 17:15:01,980]: mrmd start...
[2020-03-31 17:15:38,413]: mrmd end.
[2020-03-31 17:15:38,416]: mRMR start...
[2020-03-31 17:19:48,960]: mRMR end.
[2020-03-31 17:19:48,960]: lasso start...
[2020-03-31 17:19:51,353]: lasso end.
[2020-03-31 17:19:51,354]: chi2 start...
[2020-03-31 17:19:53,299]: chi2 end.
[2020-03-31 17:19:53,312]: ref start...
[2020-03-31 17:20:40,562]: ref end.
[2020-03-31 17:20:40,608]: rank start ...
[2020-03-31 17:20:40,850]: The final  rank is
[2020-03-31 17:20:40,851]: fea939 : 0.0013
[2020-03-31 17:20:40,851]: fea578 : 0.0013
[2020-03-31 17:20:40,851]: fea576 : 0.0013
[2020-03-31 17:20:40,851]: fea687 : 0.0013
[2020-03-31 17:20:40,852]: fea952 : 0.0013
[2020-03-31 17:20:40,852]: fea583 : 0.0013
[2020-03-31 17:20:40,852]: fea644 : 0.0013
[2020-03-31 17:20:40,852]: fea929 : 0.0012
[2020-03-31 17:20:40,852]: fea763 : 0.0012
[2020-03-31 17:20:40,852]: fea698 : 0.0012
[2020-03-31 17:20:40,852]: fea707 : 0.0012
[2020-03-31 17:20:40,852]: fea744 : 0.0012
[2020-03-31 17:20:40,852]: fea592 : 0.0012
[2020-03-31 17:20:40,853]: fea910 : 0.0012
[2020-03-31 17:20:40,853]: fea520 : 0.0012
[2020-03-31 17:20:40,853]: fea936 : 0.0012
[2020-03-31 17:20:40,853]: fea648 : 0.0012
[2020-03-31 17:20:40,853]: fea931 : 0.0012
[2020-03-31 17:20:40,853]: fea716 : 0.0012
[2020-03-31 17:20:40,853]: fea930 : 0.0012
[2020-03-31 17:20:40,853]: fea569 : 0.0012
[2020-03-31 17:20:40,854]: fea653 : 0.0012
[2020-03-31 17:20:40,854]: fea596 : 0.0012
[2020-03-31 17:20:40,854]: fea913 : 0.0012
[2020-03-31 17:20:40,854]: fea932 : 0.0012
[2020-03-31 17:20:40,854]: fea951 : 0.0012
[2020-03-31 17:20:40,854]: fea640 : 0.0012
[2020-03-31 17:20:40,854]: fea943 : 0.0012
[2020-03-31 17:20:40,854]: fea552 : 0.0012
[2020-03-31 17:20:40,855]: fea715 : 0.0012
[2020-03-31 17:20:40,855]: fea738 : 0.0012
[2020-03-31 17:20:40,855]: fea690 : 0.0012
[2020-03-31 17:20:40,855]: fea907 : 0.0012
[2020-03-31 17:20:40,855]: fea682 : 0.0012
[2020-03-31 17:20:40,855]: fea584 : 0.0011
[2020-03-31 17:20:40,855]: fea953 : 0.0011
[2020-03-31 17:20:40,855]: fea960 : 0.0011
[2020-03-31 17:20:40,856]: fea672 : 0.0011
[2020-03-31 17:20:40,856]: fea641 : 0.0011
[2020-03-31 17:20:40,856]: fea664 : 0.0011
[2020-03-31 17:20:40,856]: fea488 : 0.0011
[2020-03-31 17:20:40,856]: fea515 : 0.0011
[2020-03-31 17:20:40,856]: fea739 : 0.0011
[2020-03-31 17:20:40,856]: fea665 : 0.0011
[2020-03-31 17:20:40,856]: fea729 : 0.0011
[2020-03-31 17:20:40,856]: fea720 : 0.0011
[2020-03-31 17:20:40,857]: fea691 : 0.0011
[2020-03-31 17:20:40,857]: fea909 : 0.0011
[2020-03-31 17:20:40,857]: fea605 : 0.0011
[2020-03-31 17:20:40,857]: fea827 : 0.0011
[2020-03-31 17:20:40,857]: fea635 : 0.0011
[2020-03-31 17:20:40,857]: fea628 : 0.0011
[2020-03-31 17:20:40,857]: fea638 : 0.0011
[2020-03-31 17:20:40,857]: fea684 : 0.0011
[2020-03-31 17:20:40,858]: fea819 : 0.0011
[2020-03-31 17:20:40,858]: fea757 : 0.0011
[2020-03-31 17:20:40,858]: fea622 : 0.0011
[2020-03-31 17:20:40,858]: fea604 : 0.0011
[2020-03-31 17:20:40,858]: fea267 : 0.0011
[2020-03-31 17:20:40,858]: fea538 : 0.0011
[2020-03-31 17:20:40,858]: fea540 : 0.0011
[2020-03-31 17:20:40,858]: fea634 : 0.0011
[2020-03-31 17:20:40,859]: fea539 : 0.0011
[2020-03-31 17:20:40,859]: fea577 : 0.0011
[2020-03-31 17:20:40,859]: fea551 : 0.0011
[2020-03-31 17:20:40,859]: fea636 : 0.0011
[2020-03-31 17:20:40,859]: fea752 : 0.0011
[2020-03-31 17:20:40,859]: fea527 : 0.0011
[2020-03-31 17:20:40,859]: fea906 : 0.0011
[2020-03-31 17:20:40,859]: fea693 : 0.0011
[2020-03-31 17:20:40,859]: fea555 : 0.0011
[2020-03-31 17:20:40,860]: fea681 : 0.0011
[2020-03-31 17:20:40,860]: fea72 : 0.0011
[2020-03-31 17:20:40,860]: fea521 : 0.0011
[2020-03-31 17:20:40,860]: fea609 : 0.0011
[2020-03-31 17:20:40,860]: fea674 : 0.0011
[2020-03-31 17:20:40,860]: fea706 : 0.0011
[2020-03-31 17:20:40,860]: fea652 : 0.0011
[2020-03-31 17:20:40,860]: fea616 : 0.0011
[2020-03-31 17:20:40,861]: fea645 : 0.0011
[2020-03-31 17:20:40,861]: fea668 : 0.0011
[2020-03-31 17:20:40,861]: fea1019 : 0.0011
[2020-03-31 17:20:40,861]: fea610 : 0.0011
[2020-03-31 17:20:40,861]: fea627 : 0.0011
[2020-03-31 17:20:40,861]: fea554 : 0.0011
[2020-03-31 17:20:40,861]: fea959 : 0.0011
[2020-03-31 17:20:40,861]: fea762 : 0.0011
[2020-03-31 17:20:40,862]: fea903 : 0.0011
[2020-03-31 17:20:40,862]: fea742 : 0.0011
[2020-03-31 17:20:40,862]: fea735 : 0.0011
[2020-03-31 17:20:40,862]: fea657 : 0.0011
[2020-03-31 17:20:40,862]: fea733 : 0.0011
[2020-03-31 17:20:40,862]: fea701 : 0.0011
[2020-03-31 17:20:40,862]: fea899 : 0.0011
[2020-03-31 17:20:40,862]: fea692 : 0.0011
[2020-03-31 17:20:40,863]: fea655 : 0.0011
[2020-03-31 17:20:40,863]: fea660 : 0.0011
[2020-03-31 17:20:40,863]: fea697 : 0.0011
[2020-03-31 17:20:40,863]: fea730 : 0.0011
[2020-03-31 17:20:40,863]: fea756 : 0.0011
[2020-03-31 17:20:40,863]: fea542 : 0.0011
[2020-03-31 17:20:40,863]: fea992 : 0.0011
[2020-03-31 17:20:40,863]: fea731 : 0.0011
[2020-03-31 17:20:40,863]: fea670 : 0.0011
[2020-03-31 17:20:40,864]: fea598 : 0.0011
[2020-03-31 17:20:40,864]: fea728 : 0.0011
[2020-03-31 17:20:40,864]: fea623 : 0.0011
[2020-03-31 17:20:40,864]: fea560 : 0.0011
[2020-03-31 17:20:40,864]: fea549 : 0.0011
[2020-03-31 17:20:40,864]: fea719 : 0.0011
[2020-03-31 17:20:40,864]: fea556 : 0.0011
[2020-03-31 17:20:40,864]: fea718 : 0.0011
[2020-03-31 17:20:40,865]: fea526 : 0.0011
[2020-03-31 17:20:40,865]: fea581 : 0.0011
[2020-03-31 17:20:40,865]: fea561 : 0.0011
[2020-03-31 17:20:40,865]: fea617 : 0.0011
[2020-03-31 17:20:40,865]: fea563 : 0.0011
[2020-03-31 17:20:40,865]: fea601 : 0.0011
[2020-03-31 17:20:40,865]: fea677 : 0.0011
[2020-03-31 17:20:40,865]: fea562 : 0.0011
[2020-03-31 17:20:40,865]: fea686 : 0.0011
[2020-03-31 17:20:40,866]: fea758 : 0.0011
[2020-03-31 17:20:40,866]: fea675 : 0.0011
[2020-03-31 17:20:40,866]: fea769 : 0.0011
[2020-03-31 17:20:40,866]: fea751 : 0.0011
[2020-03-31 17:20:40,866]: fea683 : 0.0011
[2020-03-31 17:20:40,866]: fea602 : 0.0011
[2020-03-31 17:20:40,866]: fea956 : 0.0011
[2020-03-31 17:20:40,866]: fea732 : 0.0011
[2020-03-31 17:20:40,867]: fea328 : 0.0011
[2020-03-31 17:20:40,867]: fea704 : 0.0011
[2020-03-31 17:20:40,867]: fea714 : 0.0011
[2020-03-31 17:20:40,867]: fea518 : 0.0011
[2020-03-31 17:20:40,867]: fea673 : 0.0011
[2020-03-31 17:20:40,867]: fea717 : 0.0011
[2020-03-31 17:20:40,867]: fea659 : 0.0011
[2020-03-31 17:20:40,867]: fea573 : 0.0011
[2020-03-31 17:20:40,868]: fea546 : 0.0011
[2020-03-31 17:20:40,868]: fea667 : 0.0011
[2020-03-31 17:20:40,868]: fea575 : 0.0011
[2020-03-31 17:20:40,868]: fea803 : 0.0011
[2020-03-31 17:20:40,868]: fea695 : 0.0011
[2020-03-31 17:20:40,868]: fea712 : 0.0011
[2020-03-31 17:20:40,868]: fea685 : 0.0011
[2020-03-31 17:20:40,868]: fea288 : 0.0011
[2020-03-31 17:20:40,868]: fea517 : 0.0011
[2020-03-31 17:20:40,869]: fea754 : 0.0011
[2020-03-31 17:20:40,869]: fea940 : 0.0011
[2020-03-31 17:20:40,869]: fea625 : 0.0011
[2020-03-31 17:20:40,869]: fea676 : 0.0011
[2020-03-31 17:20:40,869]: fea513 : 0.0011
[2020-03-31 17:20:40,869]: fea566 : 0.0011
[2020-03-31 17:20:40,869]: fea533 : 0.0011
[2020-03-31 17:20:40,869]: fea734 : 0.0011
[2020-03-31 17:20:40,870]: fea637 : 0.0011
[2020-03-31 17:20:40,870]: fea270 : 0.0011
[2020-03-31 17:20:40,870]: fea705 : 0.0011
[2020-03-31 17:20:40,870]: fea224 : 0.0011
[2020-03-31 17:20:40,870]: fea679 : 0.0011
[2020-03-31 17:20:40,870]: fea768 : 0.0011
[2020-03-31 17:20:40,870]: fea603 : 0.0011
[2020-03-31 17:20:40,870]: fea559 : 0.0011
[2020-03-31 17:20:40,871]: fea950 : 0.0011
[2020-03-31 17:20:40,871]: fea580 : 0.0011
[2020-03-31 17:20:40,871]: fea946 : 0.0011
[2020-03-31 17:20:40,871]: fea766 : 0.0011
[2020-03-31 17:20:40,871]: fea530 : 0.0011
[2020-03-31 17:20:40,871]: fea926 : 0.0011
[2020-03-31 17:20:40,871]: fea694 : 0.0011
[2020-03-31 17:20:40,871]: fea619 : 0.0011
[2020-03-31 17:20:40,871]: fea633 : 0.0011
[2020-03-31 17:20:40,872]: fea955 : 0.0011
[2020-03-31 17:20:40,872]: fea612 : 0.0011
[2020-03-31 17:20:40,872]: fea958 : 0.0011
[2020-03-31 17:20:40,872]: fea588 : 0.0011
[2020-03-31 17:20:40,872]: fea643 : 0.0011
[2020-03-31 17:20:40,872]: fea543 : 0.0011
[2020-03-31 17:20:40,872]: fea746 : 0.0011
[2020-03-31 17:20:40,872]: fea765 : 0.0011
[2020-03-31 17:20:40,873]: fea226 : 0.0011
[2020-03-31 17:20:40,873]: fea745 : 0.0011
[2020-03-31 17:20:40,873]: fea689 : 0.0011
[2020-03-31 17:20:40,873]: fea574 : 0.0011
[2020-03-31 17:20:40,873]: fea678 : 0.0011
[2020-03-31 17:20:40,873]: fea51 : 0.0011
[2020-03-31 17:20:40,873]: fea662 : 0.0011
[2020-03-31 17:20:40,873]: fea565 : 0.0011
[2020-03-31 17:20:40,874]: fea760 : 0.0011
[2020-03-31 17:20:40,874]: fea755 : 0.0011
[2020-03-31 17:20:40,874]: fea595 : 0.0011
[2020-03-31 17:20:40,874]: fea541 : 0.0011
[2020-03-31 17:20:40,874]: fea761 : 0.0011
[2020-03-31 17:20:40,874]: fea558 : 0.0011
[2020-03-31 17:20:40,874]: fea722 : 0.0011
[2020-03-31 17:20:40,874]: fea935 : 0.0011
[2020-03-31 17:20:40,874]: fea234 : 0.0011
[2020-03-31 17:20:40,875]: fea564 : 0.0011
[2020-03-31 17:20:40,875]: fea680 : 0.0011
[2020-03-31 17:20:40,875]: fea547 : 0.0011
[2020-03-31 17:20:40,875]: fea736 : 0.0011
[2020-03-31 17:20:40,875]: fea713 : 0.0011
[2020-03-31 17:20:40,875]: fea696 : 0.0011
[2020-03-31 17:20:40,875]: fea759 : 0.0011
[2020-03-31 17:20:40,875]: fea934 : 0.0011
[2020-03-31 17:20:40,876]: fea519 : 0.0011
[2020-03-31 17:20:40,876]: fea798 : 0.0011
[2020-03-31 17:20:40,876]: fea528 : 0.0011
[2020-03-31 17:20:40,876]: fea568 : 0.0011
[2020-03-31 17:20:40,876]: fea296 : 0.0011
[2020-03-31 17:20:40,876]: fea671 : 0.0011
[2020-03-31 17:20:40,876]: fea567 : 0.0011
[2020-03-31 17:20:40,876]: fea651 : 0.0011
[2020-03-31 17:20:40,876]: fea523 : 0.0011
[2020-03-31 17:20:40,877]: fea273 : 0.0011
[2020-03-31 17:20:40,877]: fea557 : 0.0011
[2020-03-31 17:20:40,877]: fea669 : 0.0011
[2020-03-31 17:20:40,877]: fea529 : 0.0011
[2020-03-31 17:20:40,877]: fea740 : 0.0011
[2020-03-31 17:20:40,877]: fea607 : 0.0011
[2020-03-31 17:20:40,877]: fea611 : 0.0011
[2020-03-31 17:20:40,877]: fea591 : 0.0011
[2020-03-31 17:20:40,878]: fea32 : 0.0011
[2020-03-31 17:20:40,878]: fea292 : 0.0011
[2020-03-31 17:20:40,878]: fea749 : 0.0011
[2020-03-31 17:20:40,878]: fea666 : 0.0011
[2020-03-31 17:20:40,878]: fea1003 : 0.0011
[2020-03-31 17:20:40,878]: fea661 : 0.0011
[2020-03-31 17:20:40,878]: fea151 : 0.0011
[2020-03-31 17:20:40,878]: fea954 : 0.0011
[2020-03-31 17:20:40,879]: fea771 : 0.0011
[2020-03-31 17:20:40,879]: fea887 : 0.0011
[2020-03-31 17:20:40,879]: fea544 : 0.0011
[2020-03-31 17:20:40,879]: fea945 : 0.0011
[2020-03-31 17:20:40,879]: fea727 : 0.0011
[2020-03-31 17:20:40,879]: fea647 : 0.0011
[2020-03-31 17:20:40,879]: fea721 : 0.0011
[2020-03-31 17:20:40,879]: fea980 : 0.0011
[2020-03-31 17:20:40,879]: fea767 : 0.0011
[2020-03-31 17:20:40,880]: fea737 : 0.0011
[2020-03-31 17:20:40,880]: fea630 : 0.0011
[2020-03-31 17:20:40,880]: fea597 : 0.0011
[2020-03-31 17:20:40,880]: fea290 : 0.0011
[2020-03-31 17:20:40,880]: fea516 : 0.0011
[2020-03-31 17:20:40,880]: fea764 : 0.0011
[2020-03-31 17:20:40,880]: fea534 : 0.0011
[2020-03-31 17:20:40,880]: fea743 : 0.0011
[2020-03-31 17:20:40,881]: fea82 : 0.0011
[2020-03-31 17:20:40,881]: fea750 : 0.0011
[2020-03-31 17:20:40,881]: fea266 : 0.0011
[2020-03-31 17:20:40,881]: fea587 : 0.0011
[2020-03-31 17:20:40,881]: fea947 : 0.0011
[2020-03-31 17:20:40,881]: fea572 : 0.0011
[2020-03-31 17:20:40,881]: fea599 : 0.0011
[2020-03-31 17:20:40,881]: fea600 : 0.0011
[2020-03-31 17:20:40,882]: fea608 : 0.0011
[2020-03-31 17:20:40,882]: fea748 : 0.0011
[2020-03-31 17:20:40,882]: fea915 : 0.0011
[2020-03-31 17:20:40,882]: fea535 : 0.0011
[2020-03-31 17:20:40,882]: fea700 : 0.0011
[2020-03-31 17:20:40,882]: fea593 : 0.0011
[2020-03-31 17:20:40,882]: fea586 : 0.0011
[2020-03-31 17:20:40,882]: fea322 : 0.0011
[2020-03-31 17:20:40,882]: fea606 : 0.0011
[2020-03-31 17:20:40,883]: fea579 : 0.0011
[2020-03-31 17:20:40,883]: fea688 : 0.0011
[2020-03-31 17:20:40,883]: fea615 : 0.0011
[2020-03-31 17:20:40,883]: fea532 : 0.0011
[2020-03-31 17:20:40,883]: fea948 : 0.0011
[2020-03-31 17:20:40,883]: fea937 : 0.0011
[2020-03-31 17:20:40,883]: fea582 : 0.0011
[2020-03-31 17:20:40,883]: fea656 : 0.0011
[2020-03-31 17:20:40,884]: fea1000 : 0.0011
[2020-03-31 17:20:40,884]: fea654 : 0.0011
[2020-03-31 17:20:40,884]: fea614 : 0.0011
[2020-03-31 17:20:40,884]: fea295 : 0.0011
[2020-03-31 17:20:40,884]: fea747 : 0.0011
[2020-03-31 17:20:40,884]: fea220 : 0.0011
[2020-03-31 17:20:40,884]: fea196 : 0.0011
[2020-03-31 17:20:40,884]: fea649 : 0.0011
[2020-03-31 17:20:40,885]: fea850 : 0.0011
[2020-03-31 17:20:40,885]: fea185 : 0.0011
[2020-03-31 17:20:40,885]: fea522 : 0.0011
[2020-03-31 17:20:40,885]: fea902 : 0.0011
[2020-03-31 17:20:40,885]: fea912 : 0.0011
[2020-03-31 17:20:40,885]: fea836 : 0.0011
[2020-03-31 17:20:40,885]: fea40 : 0.0011
[2020-03-31 17:20:40,885]: 1023 : 0.0011
[2020-03-31 17:20:40,885]: fea882 : 0.0011
[2020-03-31 17:20:40,886]: fea524 : 0.0011
[2020-03-31 17:20:40,886]: fea631 : 0.0011
[2020-03-31 17:20:40,886]: fea708 : 0.0011
[2020-03-31 17:20:40,886]: fea994 : 0.0011
[2020-03-31 17:20:40,886]: fea942 : 0.0011
[2020-03-31 17:20:40,886]: fea512 : 0.0011
[2020-03-31 17:20:40,886]: fea163 : 0.0011
[2020-03-31 17:20:40,886]: fea702 : 0.0011
[2020-03-31 17:20:40,887]: fea933 : 0.0011
[2020-03-31 17:20:40,887]: fea618 : 0.0011
[2020-03-31 17:20:40,887]: fea783 : 0.0011
[2020-03-31 17:20:40,887]: fea949 : 0.0011
[2020-03-31 17:20:40,887]: fea632 : 0.0011
[2020-03-31 17:20:40,887]: fea703 : 0.0011
[2020-03-31 17:20:40,887]: fea626 : 0.0011
[2020-03-31 17:20:40,887]: fea928 : 0.0011
[2020-03-31 17:20:40,887]: fea548 : 0.0011
[2020-03-31 17:20:40,888]: fea594 : 0.0011
[2020-03-31 17:20:40,888]: fea525 : 0.0011
[2020-03-31 17:20:40,888]: fea536 : 0.0011
[2020-03-31 17:20:40,888]: fea908 : 0.0011
[2020-03-31 17:20:40,888]: fea509 : 0.0011
[2020-03-31 17:20:40,888]: fea8 : 0.0010
[2020-03-31 17:20:40,888]: fea452 : 0.0010
[2020-03-31 17:20:40,888]: fea233 : 0.0010
[2020-03-31 17:20:40,889]: fea43 : 0.0010
[2020-03-31 17:20:40,889]: fea1004 : 0.0010
[2020-03-31 17:20:40,889]: fea725 : 0.0010
[2020-03-31 17:20:40,889]: fea699 : 0.0010
[2020-03-31 17:20:40,889]: fea658 : 0.0010
[2020-03-31 17:20:40,889]: fea545 : 0.0010
[2020-03-31 17:20:40,889]: fea711 : 0.0010
[2020-03-31 17:20:40,889]: fea741 : 0.0010
[2020-03-31 17:20:40,890]: fea531 : 0.0010
[2020-03-31 17:20:40,890]: fea726 : 0.0010
[2020-03-31 17:20:40,890]: fea642 : 0.0010
[2020-03-31 17:20:40,890]: fea291 : 0.0010
[2020-03-31 17:20:40,890]: fea589 : 0.0010
[2020-03-31 17:20:40,890]: fea639 : 0.0010
[2020-03-31 17:20:40,890]: fea844 : 0.0010
[2020-03-31 17:20:40,890]: fea646 : 0.0010
[2020-03-31 17:20:40,890]: fea550 : 0.0010
[2020-03-31 17:20:40,891]: fea570 : 0.0010
[2020-03-31 17:20:40,891]: fea146 : 0.0010
[2020-03-31 17:20:40,891]: fea941 : 0.0010
[2020-03-31 17:20:40,891]: fea553 : 0.0010
[2020-03-31 17:20:40,891]: fea957 : 0.0010
[2020-03-31 17:20:40,891]: fea621 : 0.0010
[2020-03-31 17:20:40,891]: fea753 : 0.0010
[2020-03-31 17:20:40,891]: fea724 : 0.0010
[2020-03-31 17:20:40,892]: fea780 : 0.0010
[2020-03-31 17:20:40,892]: fea571 : 0.0010
[2020-03-31 17:20:40,892]: fea537 : 0.0010
[2020-03-31 17:20:40,892]: fea810 : 0.0010
[2020-03-31 17:20:40,892]: fea818 : 0.0010
[2020-03-31 17:20:40,892]: fea777 : 0.0010
[2020-03-31 17:20:40,892]: fea382 : 0.0010
[2020-03-31 17:20:40,892]: fea898 : 0.0010
[2020-03-31 17:20:40,893]: fea590 : 0.0010
[2020-03-31 17:20:40,893]: fea463 : 0.0010
[2020-03-31 17:20:40,893]: fea103 : 0.0010
[2020-03-31 17:20:40,893]: fea427 : 0.0010
[2020-03-31 17:20:40,893]: fea159 : 0.0010
[2020-03-31 17:20:40,893]: fea663 : 0.0010
[2020-03-31 17:20:40,893]: fea833 : 0.0010
[2020-03-31 17:20:40,893]: fea85 : 0.0010
[2020-03-31 17:20:40,893]: fea470 : 0.0010
[2020-03-31 17:20:40,894]: fea613 : 0.0010
[2020-03-31 17:20:40,894]: fea232 : 0.0010
[2020-03-31 17:20:40,894]: fea723 : 0.0010
[2020-03-31 17:20:40,894]: fea974 : 0.0010
[2020-03-31 17:20:40,894]: fea421 : 0.0010
[2020-03-31 17:20:40,894]: fea837 : 0.0010
[2020-03-31 17:20:40,894]: fea64 : 0.0010
[2020-03-31 17:20:40,894]: fea778 : 0.0010
[2020-03-31 17:20:40,895]: fea987 : 0.0010
[2020-03-31 17:20:40,895]: fea30 : 0.0010
[2020-03-31 17:20:40,895]: fea826 : 0.0010
[2020-03-31 17:20:40,895]: fea88 : 0.0010
[2020-03-31 17:20:40,895]: fea254 : 0.0010
[2020-03-31 17:20:40,895]: fea871 : 0.0010
[2020-03-31 17:20:40,895]: fea804 : 0.0010
[2020-03-31 17:20:40,895]: fea36 : 0.0010
[2020-03-31 17:20:40,896]: fea143 : 0.0010
[2020-03-31 17:20:40,896]: fea881 : 0.0010
[2020-03-31 17:20:40,896]: fea139 : 0.0010
[2020-03-31 17:20:40,896]: fea207 : 0.0010
[2020-03-31 17:20:40,896]: fea458 : 0.0010
[2020-03-31 17:20:40,896]: fea107 : 0.0010
[2020-03-31 17:20:40,896]: fea66 : 0.0010
[2020-03-31 17:20:40,896]: fea174 : 0.0010
[2020-03-31 17:20:40,896]: fea897 : 0.0010
[2020-03-31 17:20:40,897]: fea415 : 0.0010
[2020-03-31 17:20:40,897]: fea390 : 0.0010
[2020-03-31 17:20:40,897]: fea830 : 0.0010
[2020-03-31 17:20:40,897]: fea231 : 0.0010
[2020-03-31 17:20:40,897]: fea115 : 0.0010
[2020-03-31 17:20:40,897]: fea447 : 0.0010
[2020-03-31 17:20:40,897]: fea11 : 0.0010
[2020-03-31 17:20:40,897]: fea386 : 0.0010
[2020-03-31 17:20:40,898]: fea493 : 0.0010
[2020-03-31 17:20:40,898]: fea920 : 0.0010
[2020-03-31 17:20:40,898]: fea1001 : 0.0010
[2020-03-31 17:20:40,898]: fea1018 : 0.0010
[2020-03-31 17:20:40,898]: fea244 : 0.0010
[2020-03-31 17:20:40,898]: fea429 : 0.0010
[2020-03-31 17:20:40,898]: fea79 : 0.0010
[2020-03-31 17:20:40,898]: fea321 : 0.0010
[2020-03-31 17:20:40,899]: fea375 : 0.0010
[2020-03-31 17:20:40,899]: fea170 : 0.0010
[2020-03-31 17:20:40,899]: fea335 : 0.0010
[2020-03-31 17:20:40,899]: fea326 : 0.0010
[2020-03-31 17:20:40,899]: fea444 : 0.0010
[2020-03-31 17:20:40,899]: fea80 : 0.0010
[2020-03-31 17:20:40,899]: fea31 : 0.0010
[2020-03-31 17:20:40,899]: fea379 : 0.0010
[2020-03-31 17:20:40,899]: fea998 : 0.0010
[2020-03-31 17:20:40,900]: fea199 : 0.0010
[2020-03-31 17:20:40,900]: fea462 : 0.0009
[2020-03-31 17:20:40,900]: fea917 : 0.0009
[2020-03-31 17:20:40,900]: fea134 : 0.0009
[2020-03-31 17:20:40,900]: fea216 : 0.0009
[2020-03-31 17:20:40,900]: fea944 : 0.0009
[2020-03-31 17:20:40,900]: fea58 : 0.0009
[2020-03-31 17:20:40,900]: fea385 : 0.0009
[2020-03-31 17:20:40,901]: fea172 : 0.0009
[2020-03-31 17:20:40,901]: fea800 : 0.0009
[2020-03-31 17:20:40,901]: fea190 : 0.0009
[2020-03-31 17:20:40,901]: fea650 : 0.0009
[2020-03-31 17:20:40,901]: fea95 : 0.0009
[2020-03-31 17:20:40,901]: fea426 : 0.0009
[2020-03-31 17:20:40,901]: fea496 : 0.0009
[2020-03-31 17:20:40,901]: fea381 : 0.0009
[2020-03-31 17:20:40,902]: fea900 : 0.0009
[2020-03-31 17:20:40,902]: fea223 : 0.0009
[2020-03-31 17:20:40,902]: fea260 : 0.0009
[2020-03-31 17:20:40,902]: fea802 : 0.0009
[2020-03-31 17:20:40,902]: fea868 : 0.0009
[2020-03-31 17:20:40,902]: fea847 : 0.0009
[2020-03-31 17:20:40,902]: fea211 : 0.0009
[2020-03-31 17:20:40,902]: fea39 : 0.0009
[2020-03-31 17:20:40,902]: fea710 : 0.0009
[2020-03-31 17:20:40,903]: fea21 : 0.0009
[2020-03-31 17:20:40,903]: fea424 : 0.0009
[2020-03-31 17:20:40,903]: fea473 : 0.0009
[2020-03-31 17:20:40,903]: fea242 : 0.0009
[2020-03-31 17:20:40,903]: fea829 : 0.0009
[2020-03-31 17:20:40,903]: fea875 : 0.0009
[2020-03-31 17:20:40,903]: fea201 : 0.0009
[2020-03-31 17:20:40,903]: fea835 : 0.0009
[2020-03-31 17:20:40,904]: fea585 : 0.0009
[2020-03-31 17:20:40,904]: fea187 : 0.0009
[2020-03-31 17:20:40,904]: fea380 : 0.0009
[2020-03-31 17:20:40,904]: fea874 : 0.0009
[2020-03-31 17:20:40,904]: fea845 : 0.0009
[2020-03-31 17:20:40,904]: fea893 : 0.0009
[2020-03-31 17:20:40,904]: fea428 : 0.0009
[2020-03-31 17:20:40,904]: fea451 : 0.0009
[2020-03-31 17:20:40,904]: fea119 : 0.0009
[2020-03-31 17:20:40,905]: fea438 : 0.0009
[2020-03-31 17:20:40,905]: fea369 : 0.0009
[2020-03-31 17:20:40,905]: fea774 : 0.0009
[2020-03-31 17:20:40,905]: fea182 : 0.0009
[2020-03-31 17:20:40,905]: fea22 : 0.0009
[2020-03-31 17:20:40,905]: fea69 : 0.0009
[2020-03-31 17:20:40,905]: fea324 : 0.0009
[2020-03-31 17:20:40,905]: fea508 : 0.0009
[2020-03-31 17:20:40,906]: fea48 : 0.0009
[2020-03-31 17:20:40,906]: fea510 : 0.0009
[2020-03-31 17:20:40,906]: fea772 : 0.0009
[2020-03-31 17:20:40,906]: fea42 : 0.0009
[2020-03-31 17:20:40,906]: fea155 : 0.0009
[2020-03-31 17:20:40,906]: fea864 : 0.0009
[2020-03-31 17:20:40,906]: fea629 : 0.0009
[2020-03-31 17:20:40,906]: fea437 : 0.0009
[2020-03-31 17:20:40,907]: fea90 : 0.0009
[2020-03-31 17:20:40,907]: fea863 : 0.0009
[2020-03-31 17:20:40,907]: fea116 : 0.0009
[2020-03-31 17:20:40,907]: fea331 : 0.0009
[2020-03-31 17:20:40,907]: fea877 : 0.0009
[2020-03-31 17:20:40,907]: fea961 : 0.0009
[2020-03-31 17:20:40,907]: fea425 : 0.0009
[2020-03-31 17:20:40,907]: fea272 : 0.0009
[2020-03-31 17:20:40,907]: fea905 : 0.0009
[2020-03-31 17:20:40,908]: fea823 : 0.0009
[2020-03-31 17:20:40,908]: fea995 : 0.0009
[2020-03-31 17:20:40,908]: fea101 : 0.0009
[2020-03-31 17:20:40,908]: fea383 : 0.0009
[2020-03-31 17:20:40,908]: fea781 : 0.0009
[2020-03-31 17:20:40,908]: fea418 : 0.0009
[2020-03-31 17:20:40,908]: fea310 : 0.0009
[2020-03-31 17:20:40,908]: fea776 : 0.0009
[2020-03-31 17:20:40,909]: fea367 : 0.0009
[2020-03-31 17:20:40,909]: fea215 : 0.0009
[2020-03-31 17:20:40,909]: fea33 : 0.0009
[2020-03-31 17:20:40,909]: fea349 : 0.0009
[2020-03-31 17:20:40,909]: fea350 : 0.0009
[2020-03-31 17:20:40,909]: fea213 : 0.0009
[2020-03-31 17:20:40,909]: fea54 : 0.0009
[2020-03-31 17:20:40,909]: fea1011 : 0.0009
[2020-03-31 17:20:40,910]: fea459 : 0.0009
[2020-03-31 17:20:40,910]: fea249 : 0.0009
[2020-03-31 17:20:40,910]: fea482 : 0.0009
[2020-03-31 17:20:40,910]: fea339 : 0.0009
[2020-03-31 17:20:40,910]: fea246 : 0.0009
[2020-03-31 17:20:40,910]: fea203 : 0.0009
[2020-03-31 17:20:40,910]: fea411 : 0.0009
[2020-03-31 17:20:40,910]: fea498 : 0.0009
[2020-03-31 17:20:40,910]: fea314 : 0.0009
[2020-03-31 17:20:40,911]: fea921 : 0.0009
[2020-03-31 17:20:40,911]: fea94 : 0.0009
[2020-03-31 17:20:40,911]: fea788 : 0.0009
[2020-03-31 17:20:40,911]: fea261 : 0.0009
[2020-03-31 17:20:40,911]: fea838 : 0.0009
[2020-03-31 17:20:40,911]: fea283 : 0.0009
[2020-03-31 17:20:40,911]: fea938 : 0.0009
[2020-03-31 17:20:40,911]: fea773 : 0.0009
[2020-03-31 17:20:40,912]: fea978 : 0.0009
[2020-03-31 17:20:40,912]: fea394 : 0.0009
[2020-03-31 17:20:40,912]: fea89 : 0.0009
[2020-03-31 17:20:40,912]: fea436 : 0.0009
[2020-03-31 17:20:40,912]: fea239 : 0.0009
[2020-03-31 17:20:40,912]: fea332 : 0.0009
[2020-03-31 17:20:40,912]: fea124 : 0.0009
[2020-03-31 17:20:40,912]: fea230 : 0.0009
[2020-03-31 17:20:40,912]: fea857 : 0.0009
[2020-03-31 17:20:40,913]: fea976 : 0.0009
[2020-03-31 17:20:40,913]: fea61 : 0.0009
[2020-03-31 17:20:40,913]: fea808 : 0.0009
[2020-03-31 17:20:40,913]: fea200 : 0.0009
[2020-03-31 17:20:40,913]: fea41 : 0.0009
[2020-03-31 17:20:40,913]: fea198 : 0.0009
[2020-03-31 17:20:40,913]: fea161 : 0.0009
[2020-03-31 17:20:40,913]: fea38 : 0.0009
[2020-03-31 17:20:40,914]: fea409 : 0.0009
[2020-03-31 17:20:40,914]: fea801 : 0.0009
[2020-03-31 17:20:40,914]: fea971 : 0.0009
[2020-03-31 17:20:40,914]: fea973 : 0.0009
[2020-03-31 17:20:40,914]: fea287 : 0.0009
[2020-03-31 17:20:40,914]: fea387 : 0.0009
[2020-03-31 17:20:40,914]: fea825 : 0.0009
[2020-03-31 17:20:40,914]: fea988 : 0.0009
[2020-03-31 17:20:40,915]: fea860 : 0.0009
[2020-03-31 17:20:40,915]: fea25 : 0.0009
[2020-03-31 17:20:40,915]: fea78 : 0.0009
[2020-03-31 17:20:40,915]: fea985 : 0.0009
[2020-03-31 17:20:40,915]: fea340 : 0.0009
[2020-03-31 17:20:40,915]: fea922 : 0.0009
[2020-03-31 17:20:40,915]: fea240 : 0.0009
[2020-03-31 17:20:40,915]: fea4 : 0.0009
[2020-03-31 17:20:40,915]: fea309 : 0.0009
[2020-03-31 17:20:40,916]: fea269 : 0.0009
[2020-03-31 17:20:40,916]: fea176 : 0.0009
[2020-03-31 17:20:40,916]: fea853 : 0.0009
[2020-03-31 17:20:40,916]: fea248 : 0.0009
[2020-03-31 17:20:40,916]: fea465 : 0.0009
[2020-03-31 17:20:40,916]: fea389 : 0.0009
[2020-03-31 17:20:40,916]: fea162 : 0.0009
[2020-03-31 17:20:40,916]: fea709 : 0.0009
[2020-03-31 17:20:40,917]: fea47 : 0.0009
[2020-03-31 17:20:40,917]: fea486 : 0.0009
[2020-03-31 17:20:40,917]: fea345 : 0.0009
[2020-03-31 17:20:40,917]: fea106 : 0.0009
[2020-03-31 17:20:40,917]: fea620 : 0.0009
[2020-03-31 17:20:40,917]: fea93 : 0.0009
[2020-03-31 17:20:40,917]: fea297 : 0.0009
[2020-03-31 17:20:40,917]: fea275 : 0.0009
[2020-03-31 17:20:40,918]: fea866 : 0.0009
[2020-03-31 17:20:40,918]: fea245 : 0.0009
[2020-03-31 17:20:40,918]: fea337 : 0.0009
[2020-03-31 17:20:40,918]: fea125 : 0.0009
[2020-03-31 17:20:40,918]: fea839 : 0.0009
[2020-03-31 17:20:40,918]: fea503 : 0.0009
[2020-03-31 17:20:40,918]: fea388 : 0.0009
[2020-03-31 17:20:40,918]: fea448 : 0.0009
[2020-03-31 17:20:40,918]: fea986 : 0.0009
[2020-03-31 17:20:40,919]: fea113 : 0.0009
[2020-03-31 17:20:40,919]: fea1013 : 0.0009
[2020-03-31 17:20:40,919]: fea16 : 0.0009
[2020-03-31 17:20:40,919]: fea506 : 0.0009
[2020-03-31 17:20:40,919]: fea105 : 0.0009
[2020-03-31 17:20:40,919]: fea401 : 0.0009
[2020-03-31 17:20:40,919]: fea481 : 0.0009
[2020-03-31 17:20:40,919]: fea144 : 0.0009
[2020-03-31 17:20:40,920]: fea338 : 0.0009
[2020-03-31 17:20:40,920]: fea414 : 0.0009
[2020-03-31 17:20:40,920]: fea504 : 0.0009
[2020-03-31 17:20:40,920]: fea479 : 0.0009
[2020-03-31 17:20:40,920]: fea65 : 0.0009
[2020-03-31 17:20:40,920]: fea1 : 0.0009
[2020-03-31 17:20:40,920]: fea1002 : 0.0009
[2020-03-31 17:20:40,920]: fea293 : 0.0009
[2020-03-31 17:20:40,921]: fea111 : 0.0009
[2020-03-31 17:20:40,921]: fea779 : 0.0009
[2020-03-31 17:20:40,921]: fea904 : 0.0009
[2020-03-31 17:20:40,921]: fea325 : 0.0009
[2020-03-31 17:20:40,921]: fea165 : 0.0009
[2020-03-31 17:20:40,921]: fea471 : 0.0009
[2020-03-31 17:20:40,921]: fea822 : 0.0009
[2020-03-31 17:20:40,921]: fea263 : 0.0009
[2020-03-31 17:20:40,921]: fea317 : 0.0009
[2020-03-31 17:20:40,922]: fea809 : 0.0009
[2020-03-31 17:20:40,922]: fea120 : 0.0009
[2020-03-31 17:20:40,922]: fea37 : 0.0009
[2020-03-31 17:20:40,922]: fea423 : 0.0009
[2020-03-31 17:20:40,922]: fea104 : 0.0009
[2020-03-31 17:20:40,922]: fea443 : 0.0009
[2020-03-31 17:20:40,922]: fea624 : 0.0009
[2020-03-31 17:20:40,922]: fea832 : 0.0009
[2020-03-31 17:20:40,923]: fea123 : 0.0009
[2020-03-31 17:20:40,923]: fea250 : 0.0009
[2020-03-31 17:20:40,923]: fea346 : 0.0009
[2020-03-31 17:20:40,923]: fea122 : 0.0009
[2020-03-31 17:20:40,923]: fea268 : 0.0009
[2020-03-31 17:20:40,923]: fea1008 : 0.0009
[2020-03-31 17:20:40,923]: fea979 : 0.0009
[2020-03-31 17:20:40,923]: fea55 : 0.0009
[2020-03-31 17:20:40,924]: fea1014 : 0.0009
[2020-03-31 17:20:40,924]: fea872 : 0.0009
[2020-03-31 17:20:40,924]: fea141 : 0.0009
[2020-03-31 17:20:40,924]: fea507 : 0.0009
[2020-03-31 17:20:40,924]: fea142 : 0.0009
[2020-03-31 17:20:40,924]: fea279 : 0.0009
[2020-03-31 17:20:40,924]: fea109 : 0.0009
[2020-03-31 17:20:40,924]: fea285 : 0.0009
[2020-03-31 17:20:40,924]: fea100 : 0.0009
[2020-03-31 17:20:40,925]: fea420 : 0.0009
[2020-03-31 17:20:40,925]: fea896 : 0.0009
[2020-03-31 17:20:40,925]: fea901 : 0.0009
[2020-03-31 17:20:40,925]: fea1015 : 0.0009
[2020-03-31 17:20:40,925]: fea416 : 0.0009
[2020-03-31 17:20:40,925]: fea357 : 0.0009
[2020-03-31 17:20:40,925]: fea302 : 0.0009
[2020-03-31 17:20:40,925]: fea13 : 0.0009
[2020-03-31 17:20:40,926]: fea2 : 0.0009
[2020-03-31 17:20:40,926]: fea351 : 0.0009
[2020-03-31 17:20:40,926]: fea241 : 0.0009
[2020-03-31 17:20:40,926]: fea278 : 0.0009
[2020-03-31 17:20:40,926]: fea135 : 0.0009
[2020-03-31 17:20:40,926]: fea499 : 0.0009
[2020-03-31 17:20:40,926]: fea157 : 0.0009
[2020-03-31 17:20:40,926]: fea19 : 0.0009
[2020-03-31 17:20:40,926]: fea889 : 0.0009
[2020-03-31 17:20:40,927]: fea75 : 0.0009
[2020-03-31 17:20:40,927]: fea919 : 0.0009
[2020-03-31 17:20:40,927]: fea227 : 0.0009
[2020-03-31 17:20:40,927]: fea45 : 0.0009
[2020-03-31 17:20:40,927]: fea24 : 0.0009
[2020-03-31 17:20:40,927]: fea323 : 0.0009
[2020-03-31 17:20:40,927]: fea179 : 0.0009
[2020-03-31 17:20:40,927]: fea76 : 0.0009
[2020-03-31 17:20:40,928]: fea873 : 0.0009
[2020-03-31 17:20:40,928]: fea453 : 0.0009
[2020-03-31 17:20:40,928]: fea237 : 0.0009
[2020-03-31 17:20:40,928]: fea96 : 0.0009
[2020-03-31 17:20:40,928]: fea480 : 0.0009
[2020-03-31 17:20:40,928]: fea497 : 0.0009
[2020-03-31 17:20:40,928]: fea169 : 0.0009
[2020-03-31 17:20:40,928]: fea366 : 0.0009
[2020-03-31 17:20:40,929]: fea7 : 0.0009
[2020-03-31 17:20:40,929]: fea210 : 0.0009
[2020-03-31 17:20:40,929]: fea147 : 0.0009
[2020-03-31 17:20:40,929]: fea5 : 0.0009
[2020-03-31 17:20:40,929]: fea271 : 0.0009
[2020-03-31 17:20:40,929]: fea365 : 0.0009
[2020-03-31 17:20:40,929]: fea177 : 0.0009
[2020-03-31 17:20:40,929]: fea407 : 0.0009
[2020-03-31 17:20:40,929]: fea354 : 0.0009
[2020-03-31 17:20:40,930]: fea821 : 0.0009
[2020-03-31 17:20:40,930]: fea371 : 0.0009
[2020-03-31 17:20:40,930]: fea164 : 0.0009
[2020-03-31 17:20:40,930]: fea359 : 0.0009
[2020-03-31 17:20:40,930]: fea972 : 0.0009
[2020-03-31 17:20:40,930]: fea502 : 0.0009
[2020-03-31 17:20:40,930]: fea361 : 0.0009
[2020-03-31 17:20:40,930]: fea131 : 0.0009
[2020-03-31 17:20:40,931]: fea235 : 0.0009
[2020-03-31 17:20:40,931]: fea775 : 0.0009
[2020-03-31 17:20:40,931]: fea171 : 0.0009
[2020-03-31 17:20:40,931]: fea840 : 0.0009
[2020-03-31 17:20:40,931]: fea455 : 0.0009
[2020-03-31 17:20:40,931]: fea197 : 0.0009
[2020-03-31 17:20:40,931]: fea965 : 0.0009
[2020-03-31 17:20:40,931]: fea977 : 0.0009
[2020-03-31 17:20:40,932]: fea9 : 0.0009
[2020-03-31 17:20:40,932]: fea1006 : 0.0009
[2020-03-31 17:20:40,932]: fea23 : 0.0009
[2020-03-31 17:20:40,932]: fea348 : 0.0009
[2020-03-31 17:20:40,932]: fea494 : 0.0009
[2020-03-31 17:20:40,932]: fea26 : 0.0009
[2020-03-31 17:20:40,932]: fea98 : 0.0009
[2020-03-31 17:20:40,932]: fea450 : 0.0009
[2020-03-31 17:20:40,932]: fea194 : 0.0009
[2020-03-31 17:20:40,933]: fea787 : 0.0009
[2020-03-31 17:20:40,933]: fea229 : 0.0009
[2020-03-31 17:20:40,933]: fea793 : 0.0009
[2020-03-31 17:20:40,933]: fea962 : 0.0009
[2020-03-31 17:20:40,933]: fea277 : 0.0009
[2020-03-31 17:20:40,933]: fea208 : 0.0009
[2020-03-31 17:20:40,933]: fea855 : 0.0009
[2020-03-31 17:20:40,933]: fea807 : 0.0009
[2020-03-31 17:20:40,934]: fea221 : 0.0009
[2020-03-31 17:20:40,934]: fea114 : 0.0009
[2020-03-31 17:20:40,934]: fea315 : 0.0009
[2020-03-31 17:20:40,934]: fea313 : 0.0009
[2020-03-31 17:20:40,934]: fea483 : 0.0009
[2020-03-31 17:20:40,934]: fea145 : 0.0009
[2020-03-31 17:20:40,934]: fea967 : 0.0009
[2020-03-31 17:20:40,934]: fea858 : 0.0009
[2020-03-31 17:20:40,934]: fea376 : 0.0009
[2020-03-31 17:20:40,935]: fea320 : 0.0009
[2020-03-31 17:20:40,935]: fea384 : 0.0009
[2020-03-31 17:20:40,935]: fea461 : 0.0009
[2020-03-31 17:20:40,935]: fea792 : 0.0009
[2020-03-31 17:20:40,935]: fea1005 : 0.0009
[2020-03-31 17:20:40,935]: fea284 : 0.0009
[2020-03-31 17:20:40,935]: fea336 : 0.0009
[2020-03-31 17:20:40,935]: fea311 : 0.0009
[2020-03-31 17:20:40,936]: fea294 : 0.0009
[2020-03-31 17:20:40,936]: fea156 : 0.0009
[2020-03-31 17:20:40,936]: fea782 : 0.0009
[2020-03-31 17:20:40,936]: fea15 : 0.0009
[2020-03-31 17:20:40,936]: fea996 : 0.0009
[2020-03-31 17:20:40,936]: fea87 : 0.0009
[2020-03-31 17:20:40,936]: fea984 : 0.0009
[2020-03-31 17:20:40,936]: fea770 : 0.0009
[2020-03-31 17:20:40,937]: fea173 : 0.0009
[2020-03-31 17:20:40,937]: fea334 : 0.0009
[2020-03-31 17:20:40,937]: fea148 : 0.0009
[2020-03-31 17:20:40,937]: fea341 : 0.0009
[2020-03-31 17:20:40,937]: fea152 : 0.0009
[2020-03-31 17:20:40,937]: fea441 : 0.0009
[2020-03-31 17:20:40,937]: fea851 : 0.0009
[2020-03-31 17:20:40,937]: fea191 : 0.0009
[2020-03-31 17:20:40,937]: fea92 : 0.0009
[2020-03-31 17:20:40,938]: fea140 : 0.0009
[2020-03-31 17:20:40,938]: fea360 : 0.0009
[2020-03-31 17:20:40,938]: fea344 : 0.0009
[2020-03-31 17:20:40,938]: fea841 : 0.0009
[2020-03-31 17:20:40,938]: fea892 : 0.0009
[2020-03-31 17:20:40,938]: fea356 : 0.0009
[2020-03-31 17:20:40,938]: fea243 : 0.0009
[2020-03-31 17:20:40,938]: fea445 : 0.0009
[2020-03-31 17:20:40,939]: fea333 : 0.0009
[2020-03-31 17:20:40,939]: fea487 : 0.0009
[2020-03-31 17:20:40,939]: fea814 : 0.0009
[2020-03-31 17:20:40,939]: fea925 : 0.0009
[2020-03-31 17:20:40,939]: fea964 : 0.0009
[2020-03-31 17:20:40,939]: fea118 : 0.0009
[2020-03-31 17:20:40,939]: fea876 : 0.0009
[2020-03-31 17:20:40,939]: fea891 : 0.0009
[2020-03-31 17:20:40,939]: fea225 : 0.0009
[2020-03-31 17:20:40,940]: fea257 : 0.0009
[2020-03-31 17:20:40,940]: fea442 : 0.0009
[2020-03-31 17:20:40,940]: fea372 : 0.0009
[2020-03-31 17:20:40,940]: fea989 : 0.0009
[2020-03-31 17:20:40,940]: fea911 : 0.0009
[2020-03-31 17:20:40,940]: fea440 : 0.0009
[2020-03-31 17:20:40,940]: fea419 : 0.0009
[2020-03-31 17:20:40,940]: fea422 : 0.0009
[2020-03-31 17:20:40,941]: fea316 : 0.0009
[2020-03-31 17:20:40,941]: fea158 : 0.0009
[2020-03-31 17:20:40,941]: fea880 : 0.0009
[2020-03-31 17:20:40,941]: fea251 : 0.0009
[2020-03-31 17:20:40,941]: fea236 : 0.0009
[2020-03-31 17:20:40,941]: fea71 : 0.0009
[2020-03-31 17:20:40,941]: fea796 : 0.0009
[2020-03-31 17:20:40,941]: fea405 : 0.0009
[2020-03-31 17:20:40,942]: fea353 : 0.0009
[2020-03-31 17:20:40,942]: fea402 : 0.0009
[2020-03-31 17:20:40,942]: fea916 : 0.0009
[2020-03-31 17:20:40,942]: fea70 : 0.0009
[2020-03-31 17:20:40,942]: fea435 : 0.0009
[2020-03-31 17:20:40,942]: fea304 : 0.0009
[2020-03-31 17:20:40,942]: fea44 : 0.0009
[2020-03-31 17:20:40,942]: fea963 : 0.0009
[2020-03-31 17:20:40,943]: fea222 : 0.0009
[2020-03-31 17:20:40,943]: fea476 : 0.0009
[2020-03-31 17:20:40,943]: fea28 : 0.0009
[2020-03-31 17:20:40,943]: fea128 : 0.0009
[2020-03-31 17:20:40,943]: fea205 : 0.0009
[2020-03-31 17:20:40,943]: fea886 : 0.0009
[2020-03-31 17:20:40,943]: fea454 : 0.0009
[2020-03-31 17:20:40,943]: fea846 : 0.0009
[2020-03-31 17:20:40,943]: fea180 : 0.0009
[2020-03-31 17:20:40,944]: fea815 : 0.0009
[2020-03-31 17:20:40,944]: fea217 : 0.0009
[2020-03-31 17:20:40,944]: fea475 : 0.0009
[2020-03-31 17:20:40,944]: fea67 : 0.0009
[2020-03-31 17:20:40,944]: fea281 : 0.0009
[2020-03-31 17:20:40,944]: fea378 : 0.0009
[2020-03-31 17:20:40,944]: fea127 : 0.0009
[2020-03-31 17:20:40,944]: fea852 : 0.0009
[2020-03-31 17:20:40,945]: fea108 : 0.0009
[2020-03-31 17:20:40,945]: fea255 : 0.0009
[2020-03-31 17:20:40,945]: fea785 : 0.0009
[2020-03-31 17:20:40,945]: fea60 : 0.0009
[2020-03-31 17:20:40,945]: fea991 : 0.0009
[2020-03-31 17:20:40,945]: fea56 : 0.0009
[2020-03-31 17:20:40,945]: fea474 : 0.0009
[2020-03-31 17:20:40,945]: fea495 : 0.0009
[2020-03-31 17:20:40,946]: fea192 : 0.0009
[2020-03-31 17:20:40,946]: fea84 : 0.0009
[2020-03-31 17:20:40,946]: fea834 : 0.0009
[2020-03-31 17:20:40,946]: fea848 : 0.0009
[2020-03-31 17:20:40,946]: fea10 : 0.0009
[2020-03-31 17:20:40,946]: fea918 : 0.0009
[2020-03-31 17:20:40,946]: fea282 : 0.0009
[2020-03-31 17:20:40,946]: fea799 : 0.0009
[2020-03-31 17:20:40,947]: fea18 : 0.0009
[2020-03-31 17:20:40,947]: fea218 : 0.0009
[2020-03-31 17:20:40,947]: fea879 : 0.0009
[2020-03-31 17:20:40,947]: fea828 : 0.0009
[2020-03-31 17:20:40,947]: fea150 : 0.0009
[2020-03-31 17:20:40,947]: fea299 : 0.0009
[2020-03-31 17:20:40,947]: fea112 : 0.0009
[2020-03-31 17:20:40,947]: fea168 : 0.0009
[2020-03-31 17:20:40,947]: fea81 : 0.0009
[2020-03-31 17:20:40,948]: fea83 : 0.0009
[2020-03-31 17:20:40,948]: fea391 : 0.0009
[2020-03-31 17:20:40,948]: fea91 : 0.0009
[2020-03-31 17:20:40,948]: fea1022 : 0.0009
[2020-03-31 17:20:40,948]: fea300 : 0.0009
[2020-03-31 17:20:40,948]: fea306 : 0.0009
[2020-03-31 17:20:40,948]: fea395 : 0.0009
[2020-03-31 17:20:40,948]: fea86 : 0.0009
[2020-03-31 17:20:40,949]: fea136 : 0.0009
[2020-03-31 17:20:40,949]: fea398 : 0.0009
[2020-03-31 17:20:40,949]: fea193 : 0.0009
[2020-03-31 17:20:40,949]: fea252 : 0.0009
[2020-03-31 17:20:40,949]: fea186 : 0.0009
[2020-03-31 17:20:40,949]: fea73 : 0.0009
[2020-03-31 17:20:40,949]: fea258 : 0.0009
[2020-03-31 17:20:40,949]: fea265 : 0.0009
[2020-03-31 17:20:40,950]: fea795 : 0.0009
[2020-03-31 17:20:40,950]: fea862 : 0.0009
[2020-03-31 17:20:40,950]: fea854 : 0.0009
[2020-03-31 17:20:40,950]: fea178 : 0.0009
[2020-03-31 17:20:40,950]: fea57 : 0.0009
[2020-03-31 17:20:40,950]: fea129 : 0.0009
[2020-03-31 17:20:40,950]: fea456 : 0.0009
[2020-03-31 17:20:40,950]: fea308 : 0.0009
[2020-03-31 17:20:40,950]: fea358 : 0.0009
[2020-03-31 17:20:40,951]: fea312 : 0.0009
[2020-03-31 17:20:40,951]: fea467 : 0.0009
[2020-03-31 17:20:40,951]: fea861 : 0.0009
[2020-03-31 17:20:40,951]: fea460 : 0.0009
[2020-03-31 17:20:40,951]: fea890 : 0.0009
[2020-03-31 17:20:40,951]: fea74 : 0.0009
[2020-03-31 17:20:40,951]: fea301 : 0.0009
[2020-03-31 17:20:40,951]: fea160 : 0.0009
[2020-03-31 17:20:40,952]: fea1017 : 0.0009
[2020-03-31 17:20:40,952]: fea50 : 0.0009
[2020-03-31 17:20:40,952]: fea368 : 0.0009
[2020-03-31 17:20:40,952]: fea68 : 0.0009
[2020-03-31 17:20:40,952]: fea477 : 0.0009
[2020-03-31 17:20:40,952]: fea102 : 0.0009
[2020-03-31 17:20:40,952]: fea137 : 0.0009
[2020-03-31 17:20:40,952]: fea431 : 0.0009
[2020-03-31 17:20:40,953]: fea318 : 0.0009
[2020-03-31 17:20:40,953]: fea286 : 0.0009
[2020-03-31 17:20:40,953]: fea511 : 0.0009
[2020-03-31 17:20:40,953]: fea184 : 0.0009
[2020-03-31 17:20:40,953]: fea99 : 0.0009
[2020-03-31 17:20:40,953]: fea110 : 0.0009
[2020-03-31 17:20:40,953]: fea289 : 0.0009
[2020-03-31 17:20:40,953]: fea999 : 0.0009
[2020-03-31 17:20:40,953]: fea813 : 0.0009
[2020-03-31 17:20:40,954]: fea434 : 0.0009
[2020-03-31 17:20:40,954]: fea117 : 0.0009
[2020-03-31 17:20:40,954]: fea894 : 0.0009
[2020-03-31 17:20:40,954]: fea884 : 0.0009
[2020-03-31 17:20:40,954]: fea449 : 0.0009
[2020-03-31 17:20:40,954]: fea797 : 0.0009
[2020-03-31 17:20:40,954]: fea97 : 0.0009
[2020-03-31 17:20:40,954]: fea212 : 0.0009
[2020-03-31 17:20:40,955]: fea501 : 0.0009
[2020-03-31 17:20:40,955]: fea446 : 0.0009
[2020-03-31 17:20:40,955]: fea393 : 0.0009
[2020-03-31 17:20:40,955]: fea3 : 0.0009
[2020-03-31 17:20:40,955]: fea12 : 0.0009
[2020-03-31 17:20:40,955]: fea329 : 0.0009
[2020-03-31 17:20:40,955]: fea17 : 0.0009
[2020-03-31 17:20:40,955]: fea238 : 0.0009
[2020-03-31 17:20:40,955]: fea343 : 0.0009
[2020-03-31 17:20:40,956]: fea990 : 0.0009
[2020-03-31 17:20:40,956]: fea181 : 0.0009
[2020-03-31 17:20:40,956]: fea867 : 0.0009
[2020-03-31 17:20:40,956]: fea6 : 0.0009
[2020-03-31 17:20:40,956]: fea364 : 0.0009
[2020-03-31 17:20:40,956]: fea968 : 0.0009
[2020-03-31 17:20:40,956]: fea786 : 0.0009
[2020-03-31 17:20:40,956]: fea924 : 0.0009
[2020-03-31 17:20:40,957]: fea63 : 0.0009
[2020-03-31 17:20:40,957]: fea914 : 0.0009
[2020-03-31 17:20:40,957]: fea993 : 0.0009
[2020-03-31 17:20:40,957]: fea870 : 0.0009
[2020-03-31 17:20:40,957]: fea219 : 0.0009
[2020-03-31 17:20:40,957]: fea392 : 0.0009
[2020-03-31 17:20:40,957]: fea1009 : 0.0009
[2020-03-31 17:20:40,957]: fea209 : 0.0009
[2020-03-31 17:20:40,958]: fea403 : 0.0009
[2020-03-31 17:20:40,958]: fea927 : 0.0009
[2020-03-31 17:20:40,958]: fea816 : 0.0009
[2020-03-31 17:20:40,958]: fea175 : 0.0009
[2020-03-31 17:20:40,958]: fea206 : 0.0009
[2020-03-31 17:20:40,958]: fea514 : 0.0009
[2020-03-31 17:20:40,958]: fea869 : 0.0009
[2020-03-31 17:20:40,958]: fea865 : 0.0009
[2020-03-31 17:20:40,958]: fea377 : 0.0009
[2020-03-31 17:20:40,959]: fea307 : 0.0009
[2020-03-31 17:20:40,959]: fea373 : 0.0009
[2020-03-31 17:20:40,959]: fea397 : 0.0009
[2020-03-31 17:20:40,959]: fea478 : 0.0009
[2020-03-31 17:20:40,959]: fea138 : 0.0009
[2020-03-31 17:20:40,959]: fea370 : 0.0009
[2020-03-31 17:20:40,959]: fea319 : 0.0009
[2020-03-31 17:20:40,959]: fea468 : 0.0009
[2020-03-31 17:20:40,960]: fea492 : 0.0009
[2020-03-31 17:20:40,960]: fea969 : 0.0009
[2020-03-31 17:20:40,960]: fea489 : 0.0009
[2020-03-31 17:20:40,960]: fea859 : 0.0009
[2020-03-31 17:20:40,960]: fea62 : 0.0009
[2020-03-31 17:20:40,960]: fea439 : 0.0009
[2020-03-31 17:20:40,960]: fea274 : 0.0009
[2020-03-31 17:20:40,960]: fea842 : 0.0009
[2020-03-31 17:20:40,961]: fea500 : 0.0009
[2020-03-31 17:20:40,961]: fea126 : 0.0009
[2020-03-31 17:20:40,961]: fea305 : 0.0009
[2020-03-31 17:20:40,961]: fea805 : 0.0009
[2020-03-31 17:20:40,961]: fea466 : 0.0009
[2020-03-31 17:20:40,961]: fea276 : 0.0009
[2020-03-31 17:20:40,961]: fea1012 : 0.0009
[2020-03-31 17:20:40,961]: fea53 : 0.0009
[2020-03-31 17:20:40,961]: fea1010 : 0.0009
[2020-03-31 17:20:40,962]: fea811 : 0.0009
[2020-03-31 17:20:40,962]: fea400 : 0.0009
[2020-03-31 17:20:40,962]: fea262 : 0.0009
[2020-03-31 17:20:40,962]: fea975 : 0.0009
[2020-03-31 17:20:40,962]: fea464 : 0.0009
[2020-03-31 17:20:40,962]: fea469 : 0.0009
[2020-03-31 17:20:40,962]: fea374 : 0.0009
[2020-03-31 17:20:40,962]: fea14 : 0.0009
[2020-03-31 17:20:40,963]: fea812 : 0.0009
[2020-03-31 17:20:40,963]: fea59 : 0.0009
[2020-03-31 17:20:40,963]: fea29 : 0.0009
[2020-03-31 17:20:40,963]: fea895 : 0.0009
[2020-03-31 17:20:40,963]: fea195 : 0.0009
[2020-03-31 17:20:40,963]: fea204 : 0.0009
[2020-03-31 17:20:40,963]: fea253 : 0.0009
[2020-03-31 17:20:40,963]: fea983 : 0.0009
[2020-03-31 17:20:40,964]: fea883 : 0.0009
[2020-03-31 17:20:40,964]: fea247 : 0.0009
[2020-03-31 17:20:40,964]: fea399 : 0.0009
[2020-03-31 17:20:40,964]: fea843 : 0.0009
[2020-03-31 17:20:40,964]: fea484 : 0.0009
[2020-03-31 17:20:40,964]: fea831 : 0.0009
[2020-03-31 17:20:40,964]: fea413 : 0.0009
[2020-03-31 17:20:40,964]: fea46 : 0.0009
[2020-03-31 17:20:40,965]: fea183 : 0.0009
[2020-03-31 17:20:40,965]: fea491 : 0.0009
[2020-03-31 17:20:40,965]: fea410 : 0.0009
[2020-03-31 17:20:40,965]: fea362 : 0.0009
[2020-03-31 17:20:40,965]: fea997 : 0.0009
[2020-03-31 17:20:40,965]: fea396 : 0.0009
[2020-03-31 17:20:40,965]: fea149 : 0.0009
[2020-03-31 17:20:40,965]: fea791 : 0.0009
[2020-03-31 17:20:40,965]: fea35 : 0.0009
[2020-03-31 17:20:40,966]: fea228 : 0.0009
[2020-03-31 17:20:40,966]: fea789 : 0.0009
[2020-03-31 17:20:40,966]: fea133 : 0.0009
[2020-03-31 17:20:40,966]: fea982 : 0.0009
[2020-03-31 17:20:40,966]: fea1007 : 0.0009
[2020-03-31 17:20:40,966]: fea132 : 0.0009
[2020-03-31 17:20:40,966]: fea303 : 0.0009
[2020-03-31 17:20:40,966]: fea472 : 0.0009
[2020-03-31 17:20:40,967]: fea154 : 0.0009
[2020-03-31 17:20:40,967]: fea412 : 0.0009
[2020-03-31 17:20:40,967]: fea1020 : 0.0009
[2020-03-31 17:20:40,967]: fea202 : 0.0009
[2020-03-31 17:20:40,967]: fea1021 : 0.0009
[2020-03-31 17:20:40,967]: fea34 : 0.0009
[2020-03-31 17:20:40,967]: fea406 : 0.0009
[2020-03-31 17:20:40,967]: fea856 : 0.0009
[2020-03-31 17:20:40,967]: fea817 : 0.0009
[2020-03-31 17:20:40,968]: fea878 : 0.0009
[2020-03-31 17:20:40,968]: fea166 : 0.0009
[2020-03-31 17:20:40,968]: fea820 : 0.0009
[2020-03-31 17:20:40,968]: fea784 : 0.0009
[2020-03-31 17:20:40,968]: fea52 : 0.0009
[2020-03-31 17:20:40,968]: fea188 : 0.0009
[2020-03-31 17:20:40,968]: fea259 : 0.0009
[2020-03-31 17:20:40,968]: fea485 : 0.0009
[2020-03-31 17:20:40,969]: fea432 : 0.0009
[2020-03-31 17:20:40,969]: fea27 : 0.0009
[2020-03-31 17:20:40,969]: fea121 : 0.0009
[2020-03-31 17:20:40,969]: fea970 : 0.0009
[2020-03-31 17:20:40,969]: fea355 : 0.0009
[2020-03-31 17:20:40,969]: fea352 : 0.0009
[2020-03-31 17:20:40,969]: fea457 : 0.0009
[2020-03-31 17:20:40,969]: fea490 : 0.0009
[2020-03-31 17:20:40,970]: fea1016 : 0.0009
[2020-03-31 17:20:40,970]: fea430 : 0.0009
[2020-03-31 17:20:40,970]: fea790 : 0.0009
[2020-03-31 17:20:40,970]: fea130 : 0.0009
[2020-03-31 17:20:40,970]: fea806 : 0.0009
[2020-03-31 17:20:40,970]: fea433 : 0.0009
[2020-03-31 17:20:40,970]: fea153 : 0.0009
[2020-03-31 17:20:40,970]: fea167 : 0.0008
[2020-03-31 17:20:40,970]: fea330 : 0.0008
[2020-03-31 17:20:40,971]: fea794 : 0.0008
[2020-03-31 17:20:40,971]: fea923 : 0.0008
[2020-03-31 17:20:40,971]: fea417 : 0.0008
[2020-03-31 17:20:40,971]: fea342 : 0.0008
[2020-03-31 17:20:40,971]: fea49 : 0.0008
[2020-03-31 17:20:40,971]: fea824 : 0.0008
[2020-03-31 17:20:40,971]: fea189 : 0.0008
[2020-03-31 17:20:40,971]: fea849 : 0.0008
[2020-03-31 17:20:40,972]: fea888 : 0.0008
[2020-03-31 17:20:40,972]: fea298 : 0.0008
[2020-03-31 17:20:40,972]: fea966 : 0.0008
[2020-03-31 17:20:40,972]: fea885 : 0.0008
[2020-03-31 17:20:40,972]: fea347 : 0.0008
[2020-03-31 17:20:40,972]: fea327 : 0.0008
[2020-03-31 17:20:40,972]: fea77 : 0.0008
[2020-03-31 17:20:40,972]: fea264 : 0.0008
[2020-03-31 17:20:40,973]: fea256 : 0.0008
[2020-03-31 17:20:40,973]: fea404 : 0.0008
[2020-03-31 17:20:40,973]: fea214 : 0.0008
[2020-03-31 17:20:40,973]: fea20 : 0.0008
[2020-03-31 17:20:40,973]: fea981 : 0.0008
[2020-03-31 17:20:40,973]: fea505 : 0.0008
[2020-03-31 17:20:40,973]: fea363 : 0.0008
[2020-03-31 17:20:40,973]: fea408 : 0.0008
[2020-03-31 17:20:40,973]: fea280 : 0.0006
[2020-03-31 17:20:40,974]: feature_rank end
[2020-03-31 17:20:44,749]: Start dimension reduction ...
[2020-03-31 17:20:46,431]: length=1 f1=0.5508 accuarcy=0.6480 precision=0.6747 recall=0.6480 auc=0.5386 
[2020-03-31 17:20:47,659]: length=101 f1=0.7562 accuarcy=0.7653 precision=0.7639 recall=0.7653 auc=0.7235 
[2020-03-31 17:20:48,784]: length=201 f1=0.7585 accuarcy=0.7697 precision=0.7711 recall=0.7697 auc=0.7238 
[2020-03-31 17:20:49,760]: length=301 f1=0.7882 accuarcy=0.7974 precision=0.8017 recall=0.7974 auc=0.7546 
[2020-03-31 17:20:50,845]: length=401 f1=0.7920 accuarcy=0.8012 precision=0.8063 recall=0.8012 auc=0.7583 
[2020-03-31 17:20:52,039]: length=501 f1=0.7858 accuarcy=0.7963 precision=0.8027 recall=0.7963 auc=0.7509 
[2020-03-31 17:20:53,307]: length=601 f1=0.7849 accuarcy=0.7963 precision=0.8048 recall=0.7963 auc=0.7489 
[2020-03-31 17:20:54,569]: length=701 f1=0.7887 accuarcy=0.8001 precision=0.8098 recall=0.8001 auc=0.7525 
[2020-03-31 17:20:55,965]: length=801 f1=0.7935 accuarcy=0.8050 precision=0.8164 recall=0.8050 auc=0.7570 
[2020-03-31 17:20:57,497]: length=901 f1=0.7853 accuarcy=0.7974 precision=0.8078 recall=0.7974 auc=0.7486 
[2020-03-31 17:20:58,957]: length=1001 f1=0.7880 accuarcy=0.7996 precision=0.8093 recall=0.7996 auc=0.7518 
[2020-03-31 17:21:00,429]: length=1023 f1=0.7730 accuarcy=0.7860 precision=0.7947 recall=0.7860 auc=0.7360 
[2020-03-31 17:21:00,429]: ----------
[2020-03-31 17:21:00,430]: the max f1 = 0.7935
[2020-03-31 17:21:00,432]: ['fea939' 'fea578' 'fea576' 'fea687' 'fea952' 'fea583' 'fea644' 'fea929'
 'fea763' 'fea698' 'fea707' 'fea744' 'fea592' 'fea910' 'fea520' 'fea936'
 'fea648' 'fea931' 'fea716' 'fea930' 'fea569' 'fea653' 'fea596' 'fea913'
 'fea932' 'fea951' 'fea640' 'fea943' 'fea552' 'fea715' 'fea738' 'fea690'
 'fea907' 'fea682' 'fea584' 'fea953' 'fea960' 'fea672' 'fea641' 'fea664'
 'fea488' 'fea515' 'fea739' 'fea665' 'fea729' 'fea720' 'fea691' 'fea909'
 'fea605' 'fea827' 'fea635' 'fea628' 'fea638' 'fea684' 'fea819' 'fea757'
 'fea622' 'fea604' 'fea267' 'fea538' 'fea540' 'fea634' 'fea539' 'fea577'
 'fea551' 'fea636' 'fea752' 'fea527' 'fea906' 'fea693' 'fea555' 'fea681'
 'fea72' 'fea521' 'fea609' 'fea674' 'fea706' 'fea652' 'fea616' 'fea645'
 'fea668' 'fea1019' 'fea610' 'fea627' 'fea554' 'fea959' 'fea762' 'fea903'
 'fea742' 'fea735' 'fea657' 'fea733' 'fea701' 'fea899' 'fea692' 'fea655'
 'fea660' 'fea697' 'fea730' 'fea756' 'fea542' 'fea992' 'fea731' 'fea670'
 'fea598' 'fea728' 'fea623' 'fea560' 'fea549' 'fea719' 'fea556' 'fea718'
 'fea526' 'fea581' 'fea561' 'fea617' 'fea563' 'fea601' 'fea677' 'fea562'
 'fea686' 'fea758' 'fea675' 'fea769' 'fea751' 'fea683' 'fea602' 'fea956'
 'fea732' 'fea328' 'fea704' 'fea714' 'fea518' 'fea673' 'fea717' 'fea659'
 'fea573' 'fea546' 'fea667' 'fea575' 'fea803' 'fea695' 'fea712' 'fea685'
 'fea288' 'fea517' 'fea754' 'fea940' 'fea625' 'fea676' 'fea513' 'fea566'
 'fea533' 'fea734' 'fea637' 'fea270' 'fea705' 'fea224' 'fea679' 'fea768'
 'fea603' 'fea559' 'fea950' 'fea580' 'fea946' 'fea766' 'fea530' 'fea926'
 'fea694' 'fea619' 'fea633' 'fea955' 'fea612' 'fea958' 'fea588' 'fea643'
 'fea543' 'fea746' 'fea765' 'fea226' 'fea745' 'fea689' 'fea574' 'fea678'
 'fea51' 'fea662' 'fea565' 'fea760' 'fea755' 'fea595' 'fea541' 'fea761'
 'fea558' 'fea722' 'fea935' 'fea234' 'fea564' 'fea680' 'fea547' 'fea736'
 'fea713' 'fea696' 'fea759' 'fea934' 'fea519' 'fea798' 'fea528' 'fea568'
 'fea296' 'fea671' 'fea567' 'fea651' 'fea523' 'fea273' 'fea557' 'fea669'
 'fea529' 'fea740' 'fea607' 'fea611' 'fea591' 'fea32' 'fea292' 'fea749'
 'fea666' 'fea1003' 'fea661' 'fea151' 'fea954' 'fea771' 'fea887' 'fea544'
 'fea945' 'fea727' 'fea647' 'fea721' 'fea980' 'fea767' 'fea737' 'fea630'
 'fea597' 'fea290' 'fea516' 'fea764' 'fea534' 'fea743' 'fea82' 'fea750'
 'fea266' 'fea587' 'fea947' 'fea572' 'fea599' 'fea600' 'fea608' 'fea748'
 'fea915' 'fea535' 'fea700' 'fea593' 'fea586' 'fea322' 'fea606' 'fea579'
 'fea688' 'fea615' 'fea532' 'fea948' 'fea937' 'fea582' 'fea656' 'fea1000'
 'fea654' 'fea614' 'fea295' 'fea747' 'fea220' 'fea196' 'fea649' 'fea850'
 'fea185' 'fea522' 'fea902' 'fea912' 'fea836' 'fea40' '1023' 'fea882'
 'fea524' 'fea631' 'fea708' 'fea994' 'fea942' 'fea512' 'fea163' 'fea702'
 'fea933' 'fea618' 'fea783' 'fea949' 'fea632' 'fea703' 'fea626' 'fea928'
 'fea548' 'fea594' 'fea525' 'fea536' 'fea908' 'fea509' 'fea8' 'fea452'
 'fea233' 'fea43' 'fea1004' 'fea725' 'fea699' 'fea658' 'fea545' 'fea711'
 'fea741' 'fea531' 'fea726' 'fea642' 'fea291' 'fea589' 'fea639' 'fea844'
 'fea646' 'fea550' 'fea570' 'fea146' 'fea941' 'fea553' 'fea957' 'fea621'
 'fea753' 'fea724' 'fea780' 'fea571' 'fea537' 'fea810' 'fea818' 'fea777'
 'fea382' 'fea898' 'fea590' 'fea463' 'fea103' 'fea427' 'fea159' 'fea663'
 'fea833' 'fea85' 'fea470' 'fea613' 'fea232' 'fea723' 'fea974' 'fea421'
 'fea837' 'fea64' 'fea778' 'fea987' 'fea30' 'fea826' 'fea88' 'fea254'
 'fea871' 'fea804' 'fea36' 'fea143' 'fea881' 'fea139' 'fea207' 'fea458'
 'fea107' 'fea66' 'fea174' 'fea897' 'fea415' 'fea390' 'fea830' 'fea231'
 'fea115' 'fea447' 'fea11' 'fea386' 'fea493' 'fea920' 'fea1001' 'fea1018'
 'fea244' 'fea429' 'fea79' 'fea321' 'fea375' 'fea170' 'fea335' 'fea326'
 'fea444' 'fea80' 'fea31' 'fea379' 'fea998' 'fea199' 'fea462' 'fea917'
 'fea134' 'fea216' 'fea944' 'fea58' 'fea385' 'fea172' 'fea800' 'fea190'
 'fea650' 'fea95' 'fea426' 'fea496' 'fea381' 'fea900' 'fea223' 'fea260'
 'fea802' 'fea868' 'fea847' 'fea211' 'fea39' 'fea710' 'fea21' 'fea424'
 'fea473' 'fea242' 'fea829' 'fea875' 'fea201' 'fea835' 'fea585' 'fea187'
 'fea380' 'fea874' 'fea845' 'fea893' 'fea428' 'fea451' 'fea119' 'fea438'
 'fea369' 'fea774' 'fea182' 'fea22' 'fea69' 'fea324' 'fea508' 'fea48'
 'fea510' 'fea772' 'fea42' 'fea155' 'fea864' 'fea629' 'fea437' 'fea90'
 'fea863' 'fea116' 'fea331' 'fea877' 'fea961' 'fea425' 'fea272' 'fea905'
 'fea823' 'fea995' 'fea101' 'fea383' 'fea781' 'fea418' 'fea310' 'fea776'
 'fea367' 'fea215' 'fea33' 'fea349' 'fea350' 'fea213' 'fea54' 'fea1011'
 'fea459' 'fea249' 'fea482' 'fea339' 'fea246' 'fea203' 'fea411' 'fea498'
 'fea314' 'fea921' 'fea94' 'fea788' 'fea261' 'fea838' 'fea283' 'fea938'
 'fea773' 'fea978' 'fea394' 'fea89' 'fea436' 'fea239' 'fea332' 'fea124'
 'fea230' 'fea857' 'fea976' 'fea61' 'fea808' 'fea200' 'fea41' 'fea198'
 'fea161' 'fea38' 'fea409' 'fea801' 'fea971' 'fea973' 'fea287' 'fea387'
 'fea825' 'fea988' 'fea860' 'fea25' 'fea78' 'fea985' 'fea340' 'fea922'
 'fea240' 'fea4' 'fea309' 'fea269' 'fea176' 'fea853' 'fea248' 'fea465'
 'fea389' 'fea162' 'fea709' 'fea47' 'fea486' 'fea345' 'fea106' 'fea620'
 'fea93' 'fea297' 'fea275' 'fea866' 'fea245' 'fea337' 'fea125' 'fea839'
 'fea503' 'fea388' 'fea448' 'fea986' 'fea113' 'fea1013' 'fea16' 'fea506'
 'fea105' 'fea401' 'fea481' 'fea144' 'fea338' 'fea414' 'fea504' 'fea479'
 'fea65' 'fea1' 'fea1002' 'fea293' 'fea111' 'fea779' 'fea904' 'fea325'
 'fea165' 'fea471' 'fea822' 'fea263' 'fea317' 'fea809' 'fea120' 'fea37'
 'fea423' 'fea104' 'fea443' 'fea624' 'fea832' 'fea123' 'fea250' 'fea346'
 'fea122' 'fea268' 'fea1008' 'fea979' 'fea55' 'fea1014' 'fea872' 'fea141'
 'fea507' 'fea142' 'fea279' 'fea109' 'fea285' 'fea100' 'fea420' 'fea896'
 'fea901' 'fea1015' 'fea416' 'fea357' 'fea302' 'fea13' 'fea2' 'fea351'
 'fea241' 'fea278' 'fea135' 'fea499' 'fea157' 'fea19' 'fea889' 'fea75'
 'fea919' 'fea227' 'fea45' 'fea24' 'fea323' 'fea179' 'fea76' 'fea873'
 'fea453' 'fea237' 'fea96' 'fea480' 'fea497' 'fea169' 'fea366' 'fea7'
 'fea210' 'fea147' 'fea5' 'fea271' 'fea365' 'fea177' 'fea407' 'fea354'
 'fea821' 'fea371' 'fea164' 'fea359' 'fea972' 'fea502' 'fea361' 'fea131'
 'fea235' 'fea775' 'fea171' 'fea840' 'fea455' 'fea197' 'fea965' 'fea977'
 'fea9' 'fea1006' 'fea23' 'fea348' 'fea494' 'fea26' 'fea98' 'fea450'
 'fea194' 'fea787' 'fea229' 'fea793' 'fea962' 'fea277' 'fea208' 'fea855'
 'fea807' 'fea221' 'fea114' 'fea315' 'fea313' 'fea483' 'fea145' 'fea967'
 'fea858' 'fea376' 'fea320' 'fea384' 'fea461' 'fea792' 'fea1005' 'fea284'
 'fea336' 'fea311' 'fea294' 'fea156' 'fea782' 'fea15' 'fea996' 'fea87'
 'fea984' 'fea770' 'fea173' 'fea334' 'fea148' 'fea341' 'fea152' 'fea441'
 'fea851' 'fea191' 'fea92' 'fea140' 'fea360' 'fea344' 'fea841' 'fea892'
 'fea356' 'fea243' 'fea445' 'fea333' 'fea487' 'fea814' 'fea925' 'fea964'
 'fea118' 'fea876' 'fea891' 'fea225' 'fea257' 'fea442' 'fea372' 'fea989'
 'fea911' 'fea440' 'fea419' 'fea422' 'fea316' 'fea158' 'fea880' 'fea251'
 'fea236' 'fea71' 'fea796' 'fea405' 'fea353' 'fea402' 'fea916' 'fea70'
 'fea435' 'fea304' 'fea44' 'fea963' 'fea222' 'fea476' 'fea28' 'fea128'
 'fea205' 'fea886' 'fea454' 'fea846' 'fea180' 'fea815' 'fea217' 'fea475'
 'fea67' 'fea281' 'fea378' 'fea127' 'fea852' 'fea108' 'fea255' 'fea785'
 'fea60' 'fea991' 'fea56' 'fea474' 'fea495' 'fea192' 'fea84' 'fea834'
 'fea848' 'fea10' 'fea918' 'fea282' 'fea799' 'fea18' 'fea218' 'fea879'
 'fea828'],length = 801
[2020-03-31 17:21:00,433]: -----------
[2020-03-31 17:21:01,699]: f1 =0.7935 
[2020-03-31 17:21:01,700]: accuarcy = 0.8050 
[2020-03-31 17:21:01,703]: precision =0.8164 
[2020-03-31 17:21:01,706]: recall =0.8050
[2020-03-31 17:21:01,709]: auc = 0.7570
[2020-03-31 17:21:02,926]: -----------
[2020-03-31 17:21:02,927]: The output by the terminal's log has been saved in the /home/heshida/work/FMRMD2.0/Logs/202003311713.log.
[2020-03-31 17:21:02,927]: metrics have been saved in the /home/heshida/work/FMRMD2.0/Results/1.positive.txt.0.negative.txt.metrics.csv.
[2020-03-31 17:21:25,858]: Scatter charts visualized by t-SNE dataset has been saved in the /home/heshida/work/FMRMD2.0/Results/1.positive.txt.0.negative.txt.fasta.out.csv.png.
[2020-03-31 17:21:25,858]: Reduced dimensional dataset has been saved in the /home/heshida/work/FMRMD2.0/Results/1.positive.txt.0.negative.txt.result.csv.
[2020-03-31 17:21:25,858]: ---mrmd 2.0 end---
