[2020-04-03 20:41:46,580]: ---mrmd 2.0 start----
[2020-04-03 20:42:28,735]: ANOVA start...
[2020-04-03 20:42:29,978]: ANOVA end.
[2020-04-03 20:42:29,978]: mic start...
[2020-04-03 20:42:43,837]: mic end.
[2020-04-03 20:42:43,839]: mrmd start...
[2020-04-03 20:43:00,969]: mrmd end.
[2020-04-03 20:43:00,972]: mRMR start...
[2020-04-03 20:45:47,287]: mRMR end.
[2020-04-03 20:45:47,288]: lasso start...
[2020-04-03 20:45:48,404]: lasso end.
[2020-04-03 20:45:48,405]: chi2 start...
[2020-04-03 20:45:49,577]: chi2 end.
[2020-04-03 20:45:49,578]: ref start...
[2020-04-03 20:46:21,188]: ref end.
[2020-04-03 20:46:21,207]: rank start ...
[2020-04-03 20:46:21,309]: The final  rank is
[2020-04-03 20:46:21,309]: fea939 : 0.0013
[2020-04-03 20:46:21,309]: fea578 : 0.0013
[2020-04-03 20:46:21,309]: fea576 : 0.0013
[2020-04-03 20:46:21,309]: fea687 : 0.0013
[2020-04-03 20:46:21,310]: fea952 : 0.0013
[2020-04-03 20:46:21,310]: fea583 : 0.0013
[2020-04-03 20:46:21,310]: fea644 : 0.0013
[2020-04-03 20:46:21,310]: fea929 : 0.0012
[2020-04-03 20:46:21,310]: fea763 : 0.0012
[2020-04-03 20:46:21,310]: fea698 : 0.0012
[2020-04-03 20:46:21,310]: fea707 : 0.0012
[2020-04-03 20:46:21,310]: fea744 : 0.0012
[2020-04-03 20:46:21,310]: fea592 : 0.0012
[2020-04-03 20:46:21,310]: fea910 : 0.0012
[2020-04-03 20:46:21,310]: fea520 : 0.0012
[2020-04-03 20:46:21,310]: fea936 : 0.0012
[2020-04-03 20:46:21,310]: fea648 : 0.0012
[2020-04-03 20:46:21,311]: fea931 : 0.0012
[2020-04-03 20:46:21,311]: fea716 : 0.0012
[2020-04-03 20:46:21,311]: fea930 : 0.0012
[2020-04-03 20:46:21,311]: fea569 : 0.0012
[2020-04-03 20:46:21,311]: fea653 : 0.0012
[2020-04-03 20:46:21,311]: fea596 : 0.0012
[2020-04-03 20:46:21,311]: fea913 : 0.0012
[2020-04-03 20:46:21,311]: fea932 : 0.0012
[2020-04-03 20:46:21,311]: fea951 : 0.0012
[2020-04-03 20:46:21,311]: fea640 : 0.0012
[2020-04-03 20:46:21,311]: fea943 : 0.0012
[2020-04-03 20:46:21,311]: fea552 : 0.0012
[2020-04-03 20:46:21,311]: fea715 : 0.0012
[2020-04-03 20:46:21,311]: fea738 : 0.0012
[2020-04-03 20:46:21,311]: fea690 : 0.0012
[2020-04-03 20:46:21,311]: fea907 : 0.0012
[2020-04-03 20:46:21,311]: fea682 : 0.0012
[2020-04-03 20:46:21,311]: fea584 : 0.0011
[2020-04-03 20:46:21,311]: fea953 : 0.0011
[2020-04-03 20:46:21,312]: fea960 : 0.0011
[2020-04-03 20:46:21,312]: fea672 : 0.0011
[2020-04-03 20:46:21,312]: fea641 : 0.0011
[2020-04-03 20:46:21,312]: fea664 : 0.0011
[2020-04-03 20:46:21,312]: fea488 : 0.0011
[2020-04-03 20:46:21,312]: fea515 : 0.0011
[2020-04-03 20:46:21,312]: fea739 : 0.0011
[2020-04-03 20:46:21,312]: fea665 : 0.0011
[2020-04-03 20:46:21,312]: fea729 : 0.0011
[2020-04-03 20:46:21,312]: fea720 : 0.0011
[2020-04-03 20:46:21,312]: fea691 : 0.0011
[2020-04-03 20:46:21,312]: fea909 : 0.0011
[2020-04-03 20:46:21,312]: fea605 : 0.0011
[2020-04-03 20:46:21,312]: fea827 : 0.0011
[2020-04-03 20:46:21,312]: fea635 : 0.0011
[2020-04-03 20:46:21,312]: fea628 : 0.0011
[2020-04-03 20:46:21,312]: fea638 : 0.0011
[2020-04-03 20:46:21,312]: fea684 : 0.0011
[2020-04-03 20:46:21,313]: fea819 : 0.0011
[2020-04-03 20:46:21,313]: fea757 : 0.0011
[2020-04-03 20:46:21,313]: fea622 : 0.0011
[2020-04-03 20:46:21,313]: fea604 : 0.0011
[2020-04-03 20:46:21,313]: fea267 : 0.0011
[2020-04-03 20:46:21,313]: fea538 : 0.0011
[2020-04-03 20:46:21,313]: fea540 : 0.0011
[2020-04-03 20:46:21,313]: fea634 : 0.0011
[2020-04-03 20:46:21,313]: fea539 : 0.0011
[2020-04-03 20:46:21,313]: fea577 : 0.0011
[2020-04-03 20:46:21,313]: fea551 : 0.0011
[2020-04-03 20:46:21,313]: fea636 : 0.0011
[2020-04-03 20:46:21,313]: fea752 : 0.0011
[2020-04-03 20:46:21,313]: fea527 : 0.0011
[2020-04-03 20:46:21,313]: fea906 : 0.0011
[2020-04-03 20:46:21,313]: fea693 : 0.0011
[2020-04-03 20:46:21,313]: fea555 : 0.0011
[2020-04-03 20:46:21,313]: fea681 : 0.0011
[2020-04-03 20:46:21,314]: fea72 : 0.0011
[2020-04-03 20:46:21,314]: fea521 : 0.0011
[2020-04-03 20:46:21,314]: fea609 : 0.0011
[2020-04-03 20:46:21,314]: fea674 : 0.0011
[2020-04-03 20:46:21,314]: fea706 : 0.0011
[2020-04-03 20:46:21,314]: fea652 : 0.0011
[2020-04-03 20:46:21,314]: fea616 : 0.0011
[2020-04-03 20:46:21,314]: fea645 : 0.0011
[2020-04-03 20:46:21,314]: fea668 : 0.0011
[2020-04-03 20:46:21,314]: fea1019 : 0.0011
[2020-04-03 20:46:21,314]: fea610 : 0.0011
[2020-04-03 20:46:21,314]: fea627 : 0.0011
[2020-04-03 20:46:21,314]: fea554 : 0.0011
[2020-04-03 20:46:21,314]: fea959 : 0.0011
[2020-04-03 20:46:21,314]: fea762 : 0.0011
[2020-04-03 20:46:21,314]: fea903 : 0.0011
[2020-04-03 20:46:21,314]: fea742 : 0.0011
[2020-04-03 20:46:21,314]: fea735 : 0.0011
[2020-04-03 20:46:21,314]: fea657 : 0.0011
[2020-04-03 20:46:21,315]: fea733 : 0.0011
[2020-04-03 20:46:21,315]: fea701 : 0.0011
[2020-04-03 20:46:21,315]: fea899 : 0.0011
[2020-04-03 20:46:21,315]: fea692 : 0.0011
[2020-04-03 20:46:21,315]: fea655 : 0.0011
[2020-04-03 20:46:21,315]: fea660 : 0.0011
[2020-04-03 20:46:21,315]: fea697 : 0.0011
[2020-04-03 20:46:21,315]: fea730 : 0.0011
[2020-04-03 20:46:21,315]: fea756 : 0.0011
[2020-04-03 20:46:21,315]: fea542 : 0.0011
[2020-04-03 20:46:21,315]: fea992 : 0.0011
[2020-04-03 20:46:21,315]: fea731 : 0.0011
[2020-04-03 20:46:21,315]: fea670 : 0.0011
[2020-04-03 20:46:21,315]: fea598 : 0.0011
[2020-04-03 20:46:21,315]: fea728 : 0.0011
[2020-04-03 20:46:21,315]: fea623 : 0.0011
[2020-04-03 20:46:21,315]: fea560 : 0.0011
[2020-04-03 20:46:21,315]: fea549 : 0.0011
[2020-04-03 20:46:21,315]: fea719 : 0.0011
[2020-04-03 20:46:21,316]: fea556 : 0.0011
[2020-04-03 20:46:21,316]: fea718 : 0.0011
[2020-04-03 20:46:21,316]: fea526 : 0.0011
[2020-04-03 20:46:21,316]: fea581 : 0.0011
[2020-04-03 20:46:21,316]: fea561 : 0.0011
[2020-04-03 20:46:21,316]: fea617 : 0.0011
[2020-04-03 20:46:21,316]: fea563 : 0.0011
[2020-04-03 20:46:21,316]: fea601 : 0.0011
[2020-04-03 20:46:21,316]: fea677 : 0.0011
[2020-04-03 20:46:21,316]: fea562 : 0.0011
[2020-04-03 20:46:21,316]: fea686 : 0.0011
[2020-04-03 20:46:21,316]: fea758 : 0.0011
[2020-04-03 20:46:21,316]: fea675 : 0.0011
[2020-04-03 20:46:21,316]: fea769 : 0.0011
[2020-04-03 20:46:21,316]: fea751 : 0.0011
[2020-04-03 20:46:21,316]: fea683 : 0.0011
[2020-04-03 20:46:21,316]: fea602 : 0.0011
[2020-04-03 20:46:21,316]: fea956 : 0.0011
[2020-04-03 20:46:21,317]: fea732 : 0.0011
[2020-04-03 20:46:21,317]: fea328 : 0.0011
[2020-04-03 20:46:21,317]: fea704 : 0.0011
[2020-04-03 20:46:21,317]: fea714 : 0.0011
[2020-04-03 20:46:21,317]: fea518 : 0.0011
[2020-04-03 20:46:21,317]: fea673 : 0.0011
[2020-04-03 20:46:21,317]: fea717 : 0.0011
[2020-04-03 20:46:21,317]: fea659 : 0.0011
[2020-04-03 20:46:21,317]: fea573 : 0.0011
[2020-04-03 20:46:21,317]: fea546 : 0.0011
[2020-04-03 20:46:21,317]: fea667 : 0.0011
[2020-04-03 20:46:21,317]: fea575 : 0.0011
[2020-04-03 20:46:21,317]: fea803 : 0.0011
[2020-04-03 20:46:21,317]: fea695 : 0.0011
[2020-04-03 20:46:21,317]: fea712 : 0.0011
[2020-04-03 20:46:21,317]: fea685 : 0.0011
[2020-04-03 20:46:21,317]: fea288 : 0.0011
[2020-04-03 20:46:21,317]: fea517 : 0.0011
[2020-04-03 20:46:21,317]: fea754 : 0.0011
[2020-04-03 20:46:21,318]: fea940 : 0.0011
[2020-04-03 20:46:21,318]: fea625 : 0.0011
[2020-04-03 20:46:21,318]: fea676 : 0.0011
[2020-04-03 20:46:21,318]: fea513 : 0.0011
[2020-04-03 20:46:21,318]: fea566 : 0.0011
[2020-04-03 20:46:21,318]: fea533 : 0.0011
[2020-04-03 20:46:21,318]: fea734 : 0.0011
[2020-04-03 20:46:21,318]: fea637 : 0.0011
[2020-04-03 20:46:21,318]: fea270 : 0.0011
[2020-04-03 20:46:21,318]: fea705 : 0.0011
[2020-04-03 20:46:21,318]: fea224 : 0.0011
[2020-04-03 20:46:21,318]: fea679 : 0.0011
[2020-04-03 20:46:21,318]: fea768 : 0.0011
[2020-04-03 20:46:21,318]: fea603 : 0.0011
[2020-04-03 20:46:21,318]: fea559 : 0.0011
[2020-04-03 20:46:21,318]: fea950 : 0.0011
[2020-04-03 20:46:21,318]: fea580 : 0.0011
[2020-04-03 20:46:21,318]: fea946 : 0.0011
[2020-04-03 20:46:21,318]: fea766 : 0.0011
[2020-04-03 20:46:21,319]: fea530 : 0.0011
[2020-04-03 20:46:21,319]: fea926 : 0.0011
[2020-04-03 20:46:21,319]: fea694 : 0.0011
[2020-04-03 20:46:21,319]: fea619 : 0.0011
[2020-04-03 20:46:21,319]: fea633 : 0.0011
[2020-04-03 20:46:21,319]: fea955 : 0.0011
[2020-04-03 20:46:21,319]: fea612 : 0.0011
[2020-04-03 20:46:21,319]: fea958 : 0.0011
[2020-04-03 20:46:21,319]: fea588 : 0.0011
[2020-04-03 20:46:21,319]: fea643 : 0.0011
[2020-04-03 20:46:21,319]: fea543 : 0.0011
[2020-04-03 20:46:21,319]: fea746 : 0.0011
[2020-04-03 20:46:21,319]: fea765 : 0.0011
[2020-04-03 20:46:21,319]: fea226 : 0.0011
[2020-04-03 20:46:21,319]: fea745 : 0.0011
[2020-04-03 20:46:21,319]: fea689 : 0.0011
[2020-04-03 20:46:21,319]: fea574 : 0.0011
[2020-04-03 20:46:21,319]: fea678 : 0.0011
[2020-04-03 20:46:21,319]: fea51 : 0.0011
[2020-04-03 20:46:21,320]: fea662 : 0.0011
[2020-04-03 20:46:21,320]: fea565 : 0.0011
[2020-04-03 20:46:21,320]: fea760 : 0.0011
[2020-04-03 20:46:21,320]: fea755 : 0.0011
[2020-04-03 20:46:21,320]: fea595 : 0.0011
[2020-04-03 20:46:21,320]: fea541 : 0.0011
[2020-04-03 20:46:21,320]: fea761 : 0.0011
[2020-04-03 20:46:21,320]: fea558 : 0.0011
[2020-04-03 20:46:21,320]: fea722 : 0.0011
[2020-04-03 20:46:21,320]: fea935 : 0.0011
[2020-04-03 20:46:21,320]: fea234 : 0.0011
[2020-04-03 20:46:21,320]: fea564 : 0.0011
[2020-04-03 20:46:21,320]: fea680 : 0.0011
[2020-04-03 20:46:21,320]: fea547 : 0.0011
[2020-04-03 20:46:21,320]: fea736 : 0.0011
[2020-04-03 20:46:21,320]: fea713 : 0.0011
[2020-04-03 20:46:21,320]: fea696 : 0.0011
[2020-04-03 20:46:21,320]: fea759 : 0.0011
[2020-04-03 20:46:21,321]: fea934 : 0.0011
[2020-04-03 20:46:21,321]: fea519 : 0.0011
[2020-04-03 20:46:21,321]: fea798 : 0.0011
[2020-04-03 20:46:21,321]: fea528 : 0.0011
[2020-04-03 20:46:21,321]: fea568 : 0.0011
[2020-04-03 20:46:21,321]: fea296 : 0.0011
[2020-04-03 20:46:21,321]: fea671 : 0.0011
[2020-04-03 20:46:21,321]: fea567 : 0.0011
[2020-04-03 20:46:21,321]: fea651 : 0.0011
[2020-04-03 20:46:21,321]: fea523 : 0.0011
[2020-04-03 20:46:21,321]: fea273 : 0.0011
[2020-04-03 20:46:21,321]: fea557 : 0.0011
[2020-04-03 20:46:21,321]: fea669 : 0.0011
[2020-04-03 20:46:21,321]: fea529 : 0.0011
[2020-04-03 20:46:21,321]: fea740 : 0.0011
[2020-04-03 20:46:21,321]: fea607 : 0.0011
[2020-04-03 20:46:21,321]: fea611 : 0.0011
[2020-04-03 20:46:21,321]: fea591 : 0.0011
[2020-04-03 20:46:21,321]: fea32 : 0.0011
[2020-04-03 20:46:21,322]: fea292 : 0.0011
[2020-04-03 20:46:21,322]: fea749 : 0.0011
[2020-04-03 20:46:21,322]: fea666 : 0.0011
[2020-04-03 20:46:21,322]: fea1003 : 0.0011
[2020-04-03 20:46:21,322]: fea661 : 0.0011
[2020-04-03 20:46:21,322]: fea151 : 0.0011
[2020-04-03 20:46:21,322]: fea954 : 0.0011
[2020-04-03 20:46:21,322]: fea771 : 0.0011
[2020-04-03 20:46:21,322]: fea887 : 0.0011
[2020-04-03 20:46:21,322]: fea544 : 0.0011
[2020-04-03 20:46:21,322]: fea945 : 0.0011
[2020-04-03 20:46:21,322]: fea727 : 0.0011
[2020-04-03 20:46:21,322]: fea647 : 0.0011
[2020-04-03 20:46:21,322]: fea721 : 0.0011
[2020-04-03 20:46:21,322]: fea980 : 0.0011
[2020-04-03 20:46:21,322]: fea767 : 0.0011
[2020-04-03 20:46:21,322]: fea737 : 0.0011
[2020-04-03 20:46:21,322]: fea630 : 0.0011
[2020-04-03 20:46:21,322]: fea597 : 0.0011
[2020-04-03 20:46:21,322]: fea290 : 0.0011
[2020-04-03 20:46:21,323]: fea516 : 0.0011
[2020-04-03 20:46:21,323]: fea764 : 0.0011
[2020-04-03 20:46:21,323]: fea534 : 0.0011
[2020-04-03 20:46:21,323]: fea743 : 0.0011
[2020-04-03 20:46:21,323]: fea82 : 0.0011
[2020-04-03 20:46:21,323]: fea750 : 0.0011
[2020-04-03 20:46:21,323]: fea266 : 0.0011
[2020-04-03 20:46:21,323]: fea587 : 0.0011
[2020-04-03 20:46:21,323]: fea947 : 0.0011
[2020-04-03 20:46:21,323]: fea572 : 0.0011
[2020-04-03 20:46:21,323]: fea599 : 0.0011
[2020-04-03 20:46:21,323]: fea600 : 0.0011
[2020-04-03 20:46:21,323]: fea608 : 0.0011
[2020-04-03 20:46:21,323]: fea748 : 0.0011
[2020-04-03 20:46:21,323]: fea915 : 0.0011
[2020-04-03 20:46:21,323]: fea535 : 0.0011
[2020-04-03 20:46:21,323]: fea700 : 0.0011
[2020-04-03 20:46:21,323]: fea593 : 0.0011
[2020-04-03 20:46:21,323]: fea586 : 0.0011
[2020-04-03 20:46:21,324]: fea322 : 0.0011
[2020-04-03 20:46:21,324]: fea606 : 0.0011
[2020-04-03 20:46:21,324]: fea579 : 0.0011
[2020-04-03 20:46:21,324]: fea688 : 0.0011
[2020-04-03 20:46:21,324]: fea615 : 0.0011
[2020-04-03 20:46:21,324]: fea532 : 0.0011
[2020-04-03 20:46:21,324]: fea948 : 0.0011
[2020-04-03 20:46:21,324]: fea937 : 0.0011
[2020-04-03 20:46:21,324]: fea582 : 0.0011
[2020-04-03 20:46:21,324]: fea656 : 0.0011
[2020-04-03 20:46:21,324]: fea1000 : 0.0011
[2020-04-03 20:46:21,324]: fea654 : 0.0011
[2020-04-03 20:46:21,324]: fea614 : 0.0011
[2020-04-03 20:46:21,324]: fea295 : 0.0011
[2020-04-03 20:46:21,324]: fea747 : 0.0011
[2020-04-03 20:46:21,324]: fea220 : 0.0011
[2020-04-03 20:46:21,324]: fea196 : 0.0011
[2020-04-03 20:46:21,324]: fea649 : 0.0011
[2020-04-03 20:46:21,325]: fea850 : 0.0011
[2020-04-03 20:46:21,325]: fea185 : 0.0011
[2020-04-03 20:46:21,325]: fea522 : 0.0011
[2020-04-03 20:46:21,325]: fea902 : 0.0011
[2020-04-03 20:46:21,325]: fea912 : 0.0011
[2020-04-03 20:46:21,325]: fea836 : 0.0011
[2020-04-03 20:46:21,325]: fea40 : 0.0011
[2020-04-03 20:46:21,325]: 1023 : 0.0011
[2020-04-03 20:46:21,325]: fea882 : 0.0011
[2020-04-03 20:46:21,325]: fea524 : 0.0011
[2020-04-03 20:46:21,325]: fea631 : 0.0011
[2020-04-03 20:46:21,325]: fea708 : 0.0011
[2020-04-03 20:46:21,325]: fea994 : 0.0011
[2020-04-03 20:46:21,325]: fea942 : 0.0011
[2020-04-03 20:46:21,325]: fea512 : 0.0011
[2020-04-03 20:46:21,325]: fea163 : 0.0011
[2020-04-03 20:46:21,325]: fea702 : 0.0011
[2020-04-03 20:46:21,325]: fea933 : 0.0011
[2020-04-03 20:46:21,325]: fea618 : 0.0011
[2020-04-03 20:46:21,326]: fea783 : 0.0011
[2020-04-03 20:46:21,326]: fea949 : 0.0011
[2020-04-03 20:46:21,326]: fea632 : 0.0011
[2020-04-03 20:46:21,326]: fea703 : 0.0011
[2020-04-03 20:46:21,326]: fea626 : 0.0011
[2020-04-03 20:46:21,326]: fea928 : 0.0011
[2020-04-03 20:46:21,326]: fea548 : 0.0011
[2020-04-03 20:46:21,326]: fea594 : 0.0011
[2020-04-03 20:46:21,326]: fea525 : 0.0011
[2020-04-03 20:46:21,326]: fea536 : 0.0011
[2020-04-03 20:46:21,326]: fea908 : 0.0011
[2020-04-03 20:46:21,326]: fea509 : 0.0011
[2020-04-03 20:46:21,326]: fea8 : 0.0010
[2020-04-03 20:46:21,326]: fea452 : 0.0010
[2020-04-03 20:46:21,326]: fea233 : 0.0010
[2020-04-03 20:46:21,326]: fea43 : 0.0010
[2020-04-03 20:46:21,326]: fea1004 : 0.0010
[2020-04-03 20:46:21,326]: fea725 : 0.0010
[2020-04-03 20:46:21,326]: fea699 : 0.0010
[2020-04-03 20:46:21,326]: fea658 : 0.0010
[2020-04-03 20:46:21,327]: fea545 : 0.0010
[2020-04-03 20:46:21,327]: fea711 : 0.0010
[2020-04-03 20:46:21,327]: fea741 : 0.0010
[2020-04-03 20:46:21,327]: fea531 : 0.0010
[2020-04-03 20:46:21,327]: fea726 : 0.0010
[2020-04-03 20:46:21,327]: fea642 : 0.0010
[2020-04-03 20:46:21,327]: fea291 : 0.0010
[2020-04-03 20:46:21,327]: fea589 : 0.0010
[2020-04-03 20:46:21,327]: fea639 : 0.0010
[2020-04-03 20:46:21,327]: fea844 : 0.0010
[2020-04-03 20:46:21,327]: fea646 : 0.0010
[2020-04-03 20:46:21,327]: fea550 : 0.0010
[2020-04-03 20:46:21,327]: fea570 : 0.0010
[2020-04-03 20:46:21,327]: fea146 : 0.0010
[2020-04-03 20:46:21,327]: fea941 : 0.0010
[2020-04-03 20:46:21,327]: fea553 : 0.0010
[2020-04-03 20:46:21,327]: fea957 : 0.0010
[2020-04-03 20:46:21,327]: fea621 : 0.0010
[2020-04-03 20:46:21,327]: fea753 : 0.0010
[2020-04-03 20:46:21,328]: fea724 : 0.0010
[2020-04-03 20:46:21,328]: fea780 : 0.0010
[2020-04-03 20:46:21,328]: fea571 : 0.0010
[2020-04-03 20:46:21,328]: fea537 : 0.0010
[2020-04-03 20:46:21,328]: fea810 : 0.0010
[2020-04-03 20:46:21,328]: fea818 : 0.0010
[2020-04-03 20:46:21,328]: fea777 : 0.0010
[2020-04-03 20:46:21,328]: fea382 : 0.0010
[2020-04-03 20:46:21,328]: fea898 : 0.0010
[2020-04-03 20:46:21,328]: fea590 : 0.0010
[2020-04-03 20:46:21,328]: fea463 : 0.0010
[2020-04-03 20:46:21,328]: fea103 : 0.0010
[2020-04-03 20:46:21,328]: fea427 : 0.0010
[2020-04-03 20:46:21,328]: fea159 : 0.0010
[2020-04-03 20:46:21,328]: fea663 : 0.0010
[2020-04-03 20:46:21,328]: fea833 : 0.0010
[2020-04-03 20:46:21,328]: fea85 : 0.0010
[2020-04-03 20:46:21,328]: fea470 : 0.0010
[2020-04-03 20:46:21,329]: fea613 : 0.0010
[2020-04-03 20:46:21,329]: fea232 : 0.0010
[2020-04-03 20:46:21,329]: fea723 : 0.0010
[2020-04-03 20:46:21,329]: fea974 : 0.0010
[2020-04-03 20:46:21,329]: fea421 : 0.0010
[2020-04-03 20:46:21,329]: fea837 : 0.0010
[2020-04-03 20:46:21,329]: fea64 : 0.0010
[2020-04-03 20:46:21,329]: fea778 : 0.0010
[2020-04-03 20:46:21,329]: fea987 : 0.0010
[2020-04-03 20:46:21,329]: fea30 : 0.0010
[2020-04-03 20:46:21,329]: fea826 : 0.0010
[2020-04-03 20:46:21,329]: fea88 : 0.0010
[2020-04-03 20:46:21,329]: fea254 : 0.0010
[2020-04-03 20:46:21,329]: fea871 : 0.0010
[2020-04-03 20:46:21,329]: fea804 : 0.0010
[2020-04-03 20:46:21,329]: fea36 : 0.0010
[2020-04-03 20:46:21,329]: fea143 : 0.0010
[2020-04-03 20:46:21,329]: fea881 : 0.0010
[2020-04-03 20:46:21,329]: fea139 : 0.0010
[2020-04-03 20:46:21,330]: fea207 : 0.0010
[2020-04-03 20:46:21,330]: fea458 : 0.0010
[2020-04-03 20:46:21,330]: fea107 : 0.0010
[2020-04-03 20:46:21,330]: fea66 : 0.0010
[2020-04-03 20:46:21,330]: fea174 : 0.0010
[2020-04-03 20:46:21,330]: fea897 : 0.0010
[2020-04-03 20:46:21,330]: fea415 : 0.0010
[2020-04-03 20:46:21,330]: fea390 : 0.0010
[2020-04-03 20:46:21,330]: fea830 : 0.0010
[2020-04-03 20:46:21,330]: fea231 : 0.0010
[2020-04-03 20:46:21,330]: fea115 : 0.0010
[2020-04-03 20:46:21,330]: fea447 : 0.0010
[2020-04-03 20:46:21,330]: fea11 : 0.0010
[2020-04-03 20:46:21,330]: fea386 : 0.0010
[2020-04-03 20:46:21,330]: fea493 : 0.0010
[2020-04-03 20:46:21,330]: fea920 : 0.0010
[2020-04-03 20:46:21,330]: fea1001 : 0.0010
[2020-04-03 20:46:21,330]: fea1018 : 0.0010
[2020-04-03 20:46:21,330]: fea244 : 0.0010
[2020-04-03 20:46:21,331]: fea429 : 0.0010
[2020-04-03 20:46:21,331]: fea79 : 0.0010
[2020-04-03 20:46:21,331]: fea321 : 0.0010
[2020-04-03 20:46:21,331]: fea375 : 0.0010
[2020-04-03 20:46:21,331]: fea170 : 0.0010
[2020-04-03 20:46:21,331]: fea335 : 0.0010
[2020-04-03 20:46:21,331]: fea326 : 0.0010
[2020-04-03 20:46:21,331]: fea444 : 0.0010
[2020-04-03 20:46:21,331]: fea80 : 0.0010
[2020-04-03 20:46:21,331]: fea31 : 0.0010
[2020-04-03 20:46:21,331]: fea379 : 0.0010
[2020-04-03 20:46:21,331]: fea998 : 0.0010
[2020-04-03 20:46:21,331]: fea199 : 0.0010
[2020-04-03 20:46:21,331]: fea462 : 0.0009
[2020-04-03 20:46:21,331]: fea917 : 0.0009
[2020-04-03 20:46:21,331]: fea134 : 0.0009
[2020-04-03 20:46:21,331]: fea216 : 0.0009
[2020-04-03 20:46:21,331]: fea944 : 0.0009
[2020-04-03 20:46:21,331]: fea58 : 0.0009
[2020-04-03 20:46:21,332]: fea385 : 0.0009
[2020-04-03 20:46:21,332]: fea172 : 0.0009
[2020-04-03 20:46:21,332]: fea800 : 0.0009
[2020-04-03 20:46:21,332]: fea190 : 0.0009
[2020-04-03 20:46:21,332]: fea650 : 0.0009
[2020-04-03 20:46:21,332]: fea95 : 0.0009
[2020-04-03 20:46:21,332]: fea426 : 0.0009
[2020-04-03 20:46:21,332]: fea496 : 0.0009
[2020-04-03 20:46:21,332]: fea381 : 0.0009
[2020-04-03 20:46:21,332]: fea900 : 0.0009
[2020-04-03 20:46:21,332]: fea223 : 0.0009
[2020-04-03 20:46:21,332]: fea260 : 0.0009
[2020-04-03 20:46:21,332]: fea802 : 0.0009
[2020-04-03 20:46:21,332]: fea868 : 0.0009
[2020-04-03 20:46:21,332]: fea847 : 0.0009
[2020-04-03 20:46:21,332]: fea211 : 0.0009
[2020-04-03 20:46:21,332]: fea39 : 0.0009
[2020-04-03 20:46:21,332]: fea710 : 0.0009
[2020-04-03 20:46:21,333]: fea21 : 0.0009
[2020-04-03 20:46:21,333]: fea424 : 0.0009
[2020-04-03 20:46:21,333]: fea473 : 0.0009
[2020-04-03 20:46:21,333]: fea242 : 0.0009
[2020-04-03 20:46:21,333]: fea829 : 0.0009
[2020-04-03 20:46:21,333]: fea875 : 0.0009
[2020-04-03 20:46:21,333]: fea201 : 0.0009
[2020-04-03 20:46:21,333]: fea835 : 0.0009
[2020-04-03 20:46:21,333]: fea585 : 0.0009
[2020-04-03 20:46:21,333]: fea187 : 0.0009
[2020-04-03 20:46:21,333]: fea380 : 0.0009
[2020-04-03 20:46:21,333]: fea874 : 0.0009
[2020-04-03 20:46:21,333]: fea845 : 0.0009
[2020-04-03 20:46:21,333]: fea893 : 0.0009
[2020-04-03 20:46:21,333]: fea428 : 0.0009
[2020-04-03 20:46:21,333]: fea451 : 0.0009
[2020-04-03 20:46:21,333]: fea119 : 0.0009
[2020-04-03 20:46:21,333]: fea438 : 0.0009
[2020-04-03 20:46:21,333]: fea369 : 0.0009
[2020-04-03 20:46:21,334]: fea774 : 0.0009
[2020-04-03 20:46:21,334]: fea182 : 0.0009
[2020-04-03 20:46:21,334]: fea22 : 0.0009
[2020-04-03 20:46:21,334]: fea69 : 0.0009
[2020-04-03 20:46:21,334]: fea324 : 0.0009
[2020-04-03 20:46:21,334]: fea508 : 0.0009
[2020-04-03 20:46:21,334]: fea48 : 0.0009
[2020-04-03 20:46:21,334]: fea510 : 0.0009
[2020-04-03 20:46:21,334]: fea772 : 0.0009
[2020-04-03 20:46:21,334]: fea42 : 0.0009
[2020-04-03 20:46:21,334]: fea155 : 0.0009
[2020-04-03 20:46:21,334]: fea864 : 0.0009
[2020-04-03 20:46:21,334]: fea629 : 0.0009
[2020-04-03 20:46:21,334]: fea437 : 0.0009
[2020-04-03 20:46:21,334]: fea90 : 0.0009
[2020-04-03 20:46:21,334]: fea863 : 0.0009
[2020-04-03 20:46:21,334]: fea116 : 0.0009
[2020-04-03 20:46:21,334]: fea331 : 0.0009
[2020-04-03 20:46:21,334]: fea877 : 0.0009
[2020-04-03 20:46:21,335]: fea961 : 0.0009
[2020-04-03 20:46:21,335]: fea425 : 0.0009
[2020-04-03 20:46:21,335]: fea272 : 0.0009
[2020-04-03 20:46:21,335]: fea905 : 0.0009
[2020-04-03 20:46:21,335]: fea823 : 0.0009
[2020-04-03 20:46:21,335]: fea995 : 0.0009
[2020-04-03 20:46:21,335]: fea101 : 0.0009
[2020-04-03 20:46:21,335]: fea383 : 0.0009
[2020-04-03 20:46:21,335]: fea781 : 0.0009
[2020-04-03 20:46:21,335]: fea418 : 0.0009
[2020-04-03 20:46:21,335]: fea310 : 0.0009
[2020-04-03 20:46:21,335]: fea776 : 0.0009
[2020-04-03 20:46:21,335]: fea367 : 0.0009
[2020-04-03 20:46:21,335]: fea215 : 0.0009
[2020-04-03 20:46:21,335]: fea33 : 0.0009
[2020-04-03 20:46:21,335]: fea349 : 0.0009
[2020-04-03 20:46:21,335]: fea350 : 0.0009
[2020-04-03 20:46:21,335]: fea213 : 0.0009
[2020-04-03 20:46:21,335]: fea54 : 0.0009
[2020-04-03 20:46:21,336]: fea1011 : 0.0009
[2020-04-03 20:46:21,336]: fea459 : 0.0009
[2020-04-03 20:46:21,336]: fea249 : 0.0009
[2020-04-03 20:46:21,336]: fea482 : 0.0009
[2020-04-03 20:46:21,336]: fea339 : 0.0009
[2020-04-03 20:46:21,336]: fea246 : 0.0009
[2020-04-03 20:46:21,336]: fea203 : 0.0009
[2020-04-03 20:46:21,336]: fea411 : 0.0009
[2020-04-03 20:46:21,336]: fea498 : 0.0009
[2020-04-03 20:46:21,336]: fea314 : 0.0009
[2020-04-03 20:46:21,336]: fea921 : 0.0009
[2020-04-03 20:46:21,336]: fea94 : 0.0009
[2020-04-03 20:46:21,336]: fea788 : 0.0009
[2020-04-03 20:46:21,336]: fea261 : 0.0009
[2020-04-03 20:46:21,336]: fea838 : 0.0009
[2020-04-03 20:46:21,336]: fea283 : 0.0009
[2020-04-03 20:46:21,336]: fea938 : 0.0009
[2020-04-03 20:46:21,336]: fea773 : 0.0009
[2020-04-03 20:46:21,337]: fea978 : 0.0009
[2020-04-03 20:46:21,337]: fea394 : 0.0009
[2020-04-03 20:46:21,337]: fea89 : 0.0009
[2020-04-03 20:46:21,337]: fea436 : 0.0009
[2020-04-03 20:46:21,337]: fea239 : 0.0009
[2020-04-03 20:46:21,337]: fea332 : 0.0009
[2020-04-03 20:46:21,337]: fea124 : 0.0009
[2020-04-03 20:46:21,337]: fea230 : 0.0009
[2020-04-03 20:46:21,337]: fea857 : 0.0009
[2020-04-03 20:46:21,337]: fea976 : 0.0009
[2020-04-03 20:46:21,337]: fea61 : 0.0009
[2020-04-03 20:46:21,337]: fea808 : 0.0009
[2020-04-03 20:46:21,337]: fea200 : 0.0009
[2020-04-03 20:46:21,337]: fea41 : 0.0009
[2020-04-03 20:46:21,337]: fea198 : 0.0009
[2020-04-03 20:46:21,337]: fea161 : 0.0009
[2020-04-03 20:46:21,337]: fea38 : 0.0009
[2020-04-03 20:46:21,337]: fea409 : 0.0009
[2020-04-03 20:46:21,337]: fea801 : 0.0009
[2020-04-03 20:46:21,338]: fea971 : 0.0009
[2020-04-03 20:46:21,338]: fea973 : 0.0009
[2020-04-03 20:46:21,338]: fea287 : 0.0009
[2020-04-03 20:46:21,338]: fea387 : 0.0009
[2020-04-03 20:46:21,338]: fea825 : 0.0009
[2020-04-03 20:46:21,338]: fea988 : 0.0009
[2020-04-03 20:46:21,338]: fea860 : 0.0009
[2020-04-03 20:46:21,338]: fea25 : 0.0009
[2020-04-03 20:46:21,338]: fea78 : 0.0009
[2020-04-03 20:46:21,338]: fea985 : 0.0009
[2020-04-03 20:46:21,338]: fea340 : 0.0009
[2020-04-03 20:46:21,338]: fea922 : 0.0009
[2020-04-03 20:46:21,338]: fea240 : 0.0009
[2020-04-03 20:46:21,338]: fea4 : 0.0009
[2020-04-03 20:46:21,338]: fea309 : 0.0009
[2020-04-03 20:46:21,338]: fea269 : 0.0009
[2020-04-03 20:46:21,338]: fea176 : 0.0009
[2020-04-03 20:46:21,338]: fea853 : 0.0009
[2020-04-03 20:46:21,338]: fea248 : 0.0009
[2020-04-03 20:46:21,339]: fea465 : 0.0009
[2020-04-03 20:46:21,339]: fea389 : 0.0009
[2020-04-03 20:46:21,339]: fea162 : 0.0009
[2020-04-03 20:46:21,339]: fea709 : 0.0009
[2020-04-03 20:46:21,339]: fea47 : 0.0009
[2020-04-03 20:46:21,339]: fea486 : 0.0009
[2020-04-03 20:46:21,339]: fea345 : 0.0009
[2020-04-03 20:46:21,339]: fea106 : 0.0009
[2020-04-03 20:46:21,339]: fea620 : 0.0009
[2020-04-03 20:46:21,339]: fea93 : 0.0009
[2020-04-03 20:46:21,339]: fea297 : 0.0009
[2020-04-03 20:46:21,339]: fea275 : 0.0009
[2020-04-03 20:46:21,339]: fea866 : 0.0009
[2020-04-03 20:46:21,339]: fea245 : 0.0009
[2020-04-03 20:46:21,339]: fea337 : 0.0009
[2020-04-03 20:46:21,339]: fea125 : 0.0009
[2020-04-03 20:46:21,339]: fea839 : 0.0009
[2020-04-03 20:46:21,339]: fea503 : 0.0009
[2020-04-03 20:46:21,339]: fea388 : 0.0009
[2020-04-03 20:46:21,340]: fea448 : 0.0009
[2020-04-03 20:46:21,340]: fea986 : 0.0009
[2020-04-03 20:46:21,340]: fea113 : 0.0009
[2020-04-03 20:46:21,340]: fea1013 : 0.0009
[2020-04-03 20:46:21,340]: fea16 : 0.0009
[2020-04-03 20:46:21,340]: fea506 : 0.0009
[2020-04-03 20:46:21,340]: fea105 : 0.0009
[2020-04-03 20:46:21,340]: fea401 : 0.0009
[2020-04-03 20:46:21,340]: fea481 : 0.0009
[2020-04-03 20:46:21,340]: fea144 : 0.0009
[2020-04-03 20:46:21,340]: fea338 : 0.0009
[2020-04-03 20:46:21,340]: fea414 : 0.0009
[2020-04-03 20:46:21,340]: fea504 : 0.0009
[2020-04-03 20:46:21,340]: fea479 : 0.0009
[2020-04-03 20:46:21,340]: fea65 : 0.0009
[2020-04-03 20:46:21,340]: fea1 : 0.0009
[2020-04-03 20:46:21,340]: fea1002 : 0.0009
[2020-04-03 20:46:21,340]: fea293 : 0.0009
[2020-04-03 20:46:21,341]: fea111 : 0.0009
[2020-04-03 20:46:21,341]: fea779 : 0.0009
[2020-04-03 20:46:21,341]: fea904 : 0.0009
[2020-04-03 20:46:21,341]: fea325 : 0.0009
[2020-04-03 20:46:21,341]: fea165 : 0.0009
[2020-04-03 20:46:21,341]: fea471 : 0.0009
[2020-04-03 20:46:21,341]: fea822 : 0.0009
[2020-04-03 20:46:21,341]: fea263 : 0.0009
[2020-04-03 20:46:21,341]: fea317 : 0.0009
[2020-04-03 20:46:21,341]: fea809 : 0.0009
[2020-04-03 20:46:21,341]: fea120 : 0.0009
[2020-04-03 20:46:21,341]: fea37 : 0.0009
[2020-04-03 20:46:21,341]: fea423 : 0.0009
[2020-04-03 20:46:21,341]: fea104 : 0.0009
[2020-04-03 20:46:21,341]: fea443 : 0.0009
[2020-04-03 20:46:21,341]: fea624 : 0.0009
[2020-04-03 20:46:21,341]: fea832 : 0.0009
[2020-04-03 20:46:21,341]: fea123 : 0.0009
[2020-04-03 20:46:21,341]: fea250 : 0.0009
[2020-04-03 20:46:21,342]: fea346 : 0.0009
[2020-04-03 20:46:21,342]: fea122 : 0.0009
[2020-04-03 20:46:21,342]: fea268 : 0.0009
[2020-04-03 20:46:21,342]: fea1008 : 0.0009
[2020-04-03 20:46:21,342]: fea979 : 0.0009
[2020-04-03 20:46:21,342]: fea55 : 0.0009
[2020-04-03 20:46:21,342]: fea1014 : 0.0009
[2020-04-03 20:46:21,342]: fea872 : 0.0009
[2020-04-03 20:46:21,342]: fea141 : 0.0009
[2020-04-03 20:46:21,342]: fea507 : 0.0009
[2020-04-03 20:46:21,342]: fea142 : 0.0009
[2020-04-03 20:46:21,342]: fea279 : 0.0009
[2020-04-03 20:46:21,342]: fea109 : 0.0009
[2020-04-03 20:46:21,342]: fea285 : 0.0009
[2020-04-03 20:46:21,342]: fea100 : 0.0009
[2020-04-03 20:46:21,342]: fea420 : 0.0009
[2020-04-03 20:46:21,342]: fea896 : 0.0009
[2020-04-03 20:46:21,342]: fea901 : 0.0009
[2020-04-03 20:46:21,342]: fea1015 : 0.0009
[2020-04-03 20:46:21,343]: fea416 : 0.0009
[2020-04-03 20:46:21,343]: fea357 : 0.0009
[2020-04-03 20:46:21,343]: fea302 : 0.0009
[2020-04-03 20:46:21,343]: fea13 : 0.0009
[2020-04-03 20:46:21,343]: fea2 : 0.0009
[2020-04-03 20:46:21,343]: fea351 : 0.0009
[2020-04-03 20:46:21,343]: fea241 : 0.0009
[2020-04-03 20:46:21,343]: fea278 : 0.0009
[2020-04-03 20:46:21,343]: fea135 : 0.0009
[2020-04-03 20:46:21,343]: fea499 : 0.0009
[2020-04-03 20:46:21,343]: fea157 : 0.0009
[2020-04-03 20:46:21,343]: fea19 : 0.0009
[2020-04-03 20:46:21,343]: fea889 : 0.0009
[2020-04-03 20:46:21,343]: fea75 : 0.0009
[2020-04-03 20:46:21,343]: fea919 : 0.0009
[2020-04-03 20:46:21,343]: fea227 : 0.0009
[2020-04-03 20:46:21,343]: fea45 : 0.0009
[2020-04-03 20:46:21,343]: fea24 : 0.0009
[2020-04-03 20:46:21,343]: fea323 : 0.0009
[2020-04-03 20:46:21,344]: fea179 : 0.0009
[2020-04-03 20:46:21,344]: fea76 : 0.0009
[2020-04-03 20:46:21,344]: fea873 : 0.0009
[2020-04-03 20:46:21,344]: fea453 : 0.0009
[2020-04-03 20:46:21,344]: fea237 : 0.0009
[2020-04-03 20:46:21,344]: fea96 : 0.0009
[2020-04-03 20:46:21,344]: fea480 : 0.0009
[2020-04-03 20:46:21,344]: fea497 : 0.0009
[2020-04-03 20:46:21,344]: fea169 : 0.0009
[2020-04-03 20:46:21,344]: fea366 : 0.0009
[2020-04-03 20:46:21,344]: fea7 : 0.0009
[2020-04-03 20:46:21,344]: fea210 : 0.0009
[2020-04-03 20:46:21,344]: fea147 : 0.0009
[2020-04-03 20:46:21,344]: fea5 : 0.0009
[2020-04-03 20:46:21,344]: fea271 : 0.0009
[2020-04-03 20:46:21,344]: fea365 : 0.0009
[2020-04-03 20:46:21,344]: fea177 : 0.0009
[2020-04-03 20:46:21,344]: fea407 : 0.0009
[2020-04-03 20:46:21,345]: fea354 : 0.0009
[2020-04-03 20:46:21,345]: fea821 : 0.0009
[2020-04-03 20:46:21,345]: fea371 : 0.0009
[2020-04-03 20:46:21,345]: fea164 : 0.0009
[2020-04-03 20:46:21,345]: fea359 : 0.0009
[2020-04-03 20:46:21,345]: fea972 : 0.0009
[2020-04-03 20:46:21,345]: fea502 : 0.0009
[2020-04-03 20:46:21,345]: fea361 : 0.0009
[2020-04-03 20:46:21,345]: fea131 : 0.0009
[2020-04-03 20:46:21,345]: fea235 : 0.0009
[2020-04-03 20:46:21,345]: fea775 : 0.0009
[2020-04-03 20:46:21,345]: fea171 : 0.0009
[2020-04-03 20:46:21,345]: fea840 : 0.0009
[2020-04-03 20:46:21,345]: fea455 : 0.0009
[2020-04-03 20:46:21,345]: fea197 : 0.0009
[2020-04-03 20:46:21,345]: fea965 : 0.0009
[2020-04-03 20:46:21,345]: fea977 : 0.0009
[2020-04-03 20:46:21,345]: fea9 : 0.0009
[2020-04-03 20:46:21,345]: fea1006 : 0.0009
[2020-04-03 20:46:21,346]: fea23 : 0.0009
[2020-04-03 20:46:21,346]: fea348 : 0.0009
[2020-04-03 20:46:21,346]: fea494 : 0.0009
[2020-04-03 20:46:21,346]: fea26 : 0.0009
[2020-04-03 20:46:21,346]: fea98 : 0.0009
[2020-04-03 20:46:21,346]: fea450 : 0.0009
[2020-04-03 20:46:21,346]: fea194 : 0.0009
[2020-04-03 20:46:21,346]: fea787 : 0.0009
[2020-04-03 20:46:21,346]: fea229 : 0.0009
[2020-04-03 20:46:21,346]: fea793 : 0.0009
[2020-04-03 20:46:21,346]: fea962 : 0.0009
[2020-04-03 20:46:21,346]: fea277 : 0.0009
[2020-04-03 20:46:21,346]: fea208 : 0.0009
[2020-04-03 20:46:21,346]: fea855 : 0.0009
[2020-04-03 20:46:21,346]: fea807 : 0.0009
[2020-04-03 20:46:21,346]: fea221 : 0.0009
[2020-04-03 20:46:21,346]: fea114 : 0.0009
[2020-04-03 20:46:21,346]: fea315 : 0.0009
[2020-04-03 20:46:21,346]: fea313 : 0.0009
[2020-04-03 20:46:21,347]: fea483 : 0.0009
[2020-04-03 20:46:21,347]: fea145 : 0.0009
[2020-04-03 20:46:21,347]: fea967 : 0.0009
[2020-04-03 20:46:21,347]: fea858 : 0.0009
[2020-04-03 20:46:21,347]: fea376 : 0.0009
[2020-04-03 20:46:21,347]: fea320 : 0.0009
[2020-04-03 20:46:21,347]: fea384 : 0.0009
[2020-04-03 20:46:21,347]: fea461 : 0.0009
[2020-04-03 20:46:21,347]: fea792 : 0.0009
[2020-04-03 20:46:21,347]: fea1005 : 0.0009
[2020-04-03 20:46:21,347]: fea284 : 0.0009
[2020-04-03 20:46:21,347]: fea336 : 0.0009
[2020-04-03 20:46:21,347]: fea311 : 0.0009
[2020-04-03 20:46:21,347]: fea294 : 0.0009
[2020-04-03 20:46:21,347]: fea156 : 0.0009
[2020-04-03 20:46:21,347]: fea782 : 0.0009
[2020-04-03 20:46:21,347]: fea15 : 0.0009
[2020-04-03 20:46:21,347]: fea996 : 0.0009
[2020-04-03 20:46:21,347]: fea87 : 0.0009
[2020-04-03 20:46:21,348]: fea984 : 0.0009
[2020-04-03 20:46:21,348]: fea770 : 0.0009
[2020-04-03 20:46:21,348]: fea173 : 0.0009
[2020-04-03 20:46:21,348]: fea334 : 0.0009
[2020-04-03 20:46:21,348]: fea148 : 0.0009
[2020-04-03 20:46:21,348]: fea341 : 0.0009
[2020-04-03 20:46:21,348]: fea152 : 0.0009
[2020-04-03 20:46:21,348]: fea441 : 0.0009
[2020-04-03 20:46:21,348]: fea851 : 0.0009
[2020-04-03 20:46:21,348]: fea191 : 0.0009
[2020-04-03 20:46:21,348]: fea92 : 0.0009
[2020-04-03 20:46:21,348]: fea140 : 0.0009
[2020-04-03 20:46:21,348]: fea360 : 0.0009
[2020-04-03 20:46:21,348]: fea344 : 0.0009
[2020-04-03 20:46:21,348]: fea841 : 0.0009
[2020-04-03 20:46:21,348]: fea892 : 0.0009
[2020-04-03 20:46:21,348]: fea356 : 0.0009
[2020-04-03 20:46:21,348]: fea243 : 0.0009
[2020-04-03 20:46:21,348]: fea445 : 0.0009
[2020-04-03 20:46:21,349]: fea333 : 0.0009
[2020-04-03 20:46:21,349]: fea487 : 0.0009
[2020-04-03 20:46:21,349]: fea814 : 0.0009
[2020-04-03 20:46:21,349]: fea925 : 0.0009
[2020-04-03 20:46:21,349]: fea964 : 0.0009
[2020-04-03 20:46:21,349]: fea118 : 0.0009
[2020-04-03 20:46:21,349]: fea876 : 0.0009
[2020-04-03 20:46:21,349]: fea891 : 0.0009
[2020-04-03 20:46:21,349]: fea225 : 0.0009
[2020-04-03 20:46:21,349]: fea257 : 0.0009
[2020-04-03 20:46:21,349]: fea442 : 0.0009
[2020-04-03 20:46:21,349]: fea372 : 0.0009
[2020-04-03 20:46:21,349]: fea989 : 0.0009
[2020-04-03 20:46:21,349]: fea911 : 0.0009
[2020-04-03 20:46:21,349]: fea440 : 0.0009
[2020-04-03 20:46:21,349]: fea419 : 0.0009
[2020-04-03 20:46:21,349]: fea422 : 0.0009
[2020-04-03 20:46:21,349]: fea316 : 0.0009
[2020-04-03 20:46:21,349]: fea158 : 0.0009
[2020-04-03 20:46:21,350]: fea880 : 0.0009
[2020-04-03 20:46:21,350]: fea251 : 0.0009
[2020-04-03 20:46:21,350]: fea236 : 0.0009
[2020-04-03 20:46:21,350]: fea71 : 0.0009
[2020-04-03 20:46:21,350]: fea796 : 0.0009
[2020-04-03 20:46:21,350]: fea405 : 0.0009
[2020-04-03 20:46:21,350]: fea353 : 0.0009
[2020-04-03 20:46:21,350]: fea402 : 0.0009
[2020-04-03 20:46:21,350]: fea916 : 0.0009
[2020-04-03 20:46:21,350]: fea70 : 0.0009
[2020-04-03 20:46:21,350]: fea435 : 0.0009
[2020-04-03 20:46:21,350]: fea304 : 0.0009
[2020-04-03 20:46:21,350]: fea44 : 0.0009
[2020-04-03 20:46:21,350]: fea963 : 0.0009
[2020-04-03 20:46:21,350]: fea222 : 0.0009
[2020-04-03 20:46:21,350]: fea476 : 0.0009
[2020-04-03 20:46:21,350]: fea28 : 0.0009
[2020-04-03 20:46:21,350]: fea128 : 0.0009
[2020-04-03 20:46:21,350]: fea205 : 0.0009
[2020-04-03 20:46:21,351]: fea886 : 0.0009
[2020-04-03 20:46:21,351]: fea454 : 0.0009
[2020-04-03 20:46:21,351]: fea846 : 0.0009
[2020-04-03 20:46:21,351]: fea180 : 0.0009
[2020-04-03 20:46:21,351]: fea815 : 0.0009
[2020-04-03 20:46:21,351]: fea217 : 0.0009
[2020-04-03 20:46:21,351]: fea475 : 0.0009
[2020-04-03 20:46:21,351]: fea67 : 0.0009
[2020-04-03 20:46:21,351]: fea281 : 0.0009
[2020-04-03 20:46:21,351]: fea378 : 0.0009
[2020-04-03 20:46:21,351]: fea127 : 0.0009
[2020-04-03 20:46:21,351]: fea852 : 0.0009
[2020-04-03 20:46:21,351]: fea108 : 0.0009
[2020-04-03 20:46:21,351]: fea255 : 0.0009
[2020-04-03 20:46:21,351]: fea785 : 0.0009
[2020-04-03 20:46:21,351]: fea60 : 0.0009
[2020-04-03 20:46:21,352]: fea991 : 0.0009
[2020-04-03 20:46:21,352]: fea56 : 0.0009
[2020-04-03 20:46:21,352]: fea474 : 0.0009
[2020-04-03 20:46:21,352]: fea495 : 0.0009
[2020-04-03 20:46:21,352]: fea192 : 0.0009
[2020-04-03 20:46:21,352]: fea84 : 0.0009
[2020-04-03 20:46:21,352]: fea834 : 0.0009
[2020-04-03 20:46:21,352]: fea848 : 0.0009
[2020-04-03 20:46:21,352]: fea10 : 0.0009
[2020-04-03 20:46:21,352]: fea918 : 0.0009
[2020-04-03 20:46:21,352]: fea282 : 0.0009
[2020-04-03 20:46:21,352]: fea799 : 0.0009
[2020-04-03 20:46:21,352]: fea18 : 0.0009
[2020-04-03 20:46:21,352]: fea218 : 0.0009
[2020-04-03 20:46:21,352]: fea879 : 0.0009
[2020-04-03 20:46:21,352]: fea828 : 0.0009
[2020-04-03 20:46:21,352]: fea150 : 0.0009
[2020-04-03 20:46:21,352]: fea299 : 0.0009
[2020-04-03 20:46:21,352]: fea112 : 0.0009
[2020-04-03 20:46:21,353]: fea168 : 0.0009
[2020-04-03 20:46:21,353]: fea81 : 0.0009
[2020-04-03 20:46:21,353]: fea83 : 0.0009
[2020-04-03 20:46:21,353]: fea391 : 0.0009
[2020-04-03 20:46:21,353]: fea91 : 0.0009
[2020-04-03 20:46:21,353]: fea1022 : 0.0009
[2020-04-03 20:46:21,353]: fea300 : 0.0009
[2020-04-03 20:46:21,353]: fea306 : 0.0009
[2020-04-03 20:46:21,353]: fea395 : 0.0009
[2020-04-03 20:46:21,353]: fea86 : 0.0009
[2020-04-03 20:46:21,353]: fea136 : 0.0009
[2020-04-03 20:46:21,353]: fea398 : 0.0009
[2020-04-03 20:46:21,353]: fea193 : 0.0009
[2020-04-03 20:46:21,353]: fea252 : 0.0009
[2020-04-03 20:46:21,353]: fea186 : 0.0009
[2020-04-03 20:46:21,353]: fea73 : 0.0009
[2020-04-03 20:46:21,353]: fea258 : 0.0009
[2020-04-03 20:46:21,353]: fea265 : 0.0009
[2020-04-03 20:46:21,353]: fea795 : 0.0009
[2020-04-03 20:46:21,354]: fea862 : 0.0009
[2020-04-03 20:46:21,354]: fea854 : 0.0009
[2020-04-03 20:46:21,354]: fea178 : 0.0009
[2020-04-03 20:46:21,354]: fea57 : 0.0009
[2020-04-03 20:46:21,354]: fea129 : 0.0009
[2020-04-03 20:46:21,354]: fea456 : 0.0009
[2020-04-03 20:46:21,354]: fea308 : 0.0009
[2020-04-03 20:46:21,354]: fea358 : 0.0009
[2020-04-03 20:46:21,354]: fea312 : 0.0009
[2020-04-03 20:46:21,354]: fea467 : 0.0009
[2020-04-03 20:46:21,354]: fea861 : 0.0009
[2020-04-03 20:46:21,354]: fea460 : 0.0009
[2020-04-03 20:46:21,354]: fea890 : 0.0009
[2020-04-03 20:46:21,354]: fea74 : 0.0009
[2020-04-03 20:46:21,354]: fea301 : 0.0009
[2020-04-03 20:46:21,354]: fea160 : 0.0009
[2020-04-03 20:46:21,354]: fea1017 : 0.0009
[2020-04-03 20:46:21,354]: fea50 : 0.0009
[2020-04-03 20:46:21,354]: fea368 : 0.0009
[2020-04-03 20:46:21,355]: fea68 : 0.0009
[2020-04-03 20:46:21,355]: fea477 : 0.0009
[2020-04-03 20:46:21,355]: fea102 : 0.0009
[2020-04-03 20:46:21,355]: fea137 : 0.0009
[2020-04-03 20:46:21,355]: fea431 : 0.0009
[2020-04-03 20:46:21,355]: fea318 : 0.0009
[2020-04-03 20:46:21,355]: fea286 : 0.0009
[2020-04-03 20:46:21,355]: fea511 : 0.0009
[2020-04-03 20:46:21,355]: fea184 : 0.0009
[2020-04-03 20:46:21,355]: fea99 : 0.0009
[2020-04-03 20:46:21,355]: fea110 : 0.0009
[2020-04-03 20:46:21,355]: fea289 : 0.0009
[2020-04-03 20:46:21,355]: fea999 : 0.0009
[2020-04-03 20:46:21,355]: fea813 : 0.0009
[2020-04-03 20:46:21,355]: fea434 : 0.0009
[2020-04-03 20:46:21,355]: fea117 : 0.0009
[2020-04-03 20:46:21,355]: fea894 : 0.0009
[2020-04-03 20:46:21,355]: fea884 : 0.0009
[2020-04-03 20:46:21,355]: fea449 : 0.0009
[2020-04-03 20:46:21,356]: fea797 : 0.0009
[2020-04-03 20:46:21,356]: fea97 : 0.0009
[2020-04-03 20:46:21,356]: fea212 : 0.0009
[2020-04-03 20:46:21,356]: fea501 : 0.0009
[2020-04-03 20:46:21,356]: fea446 : 0.0009
[2020-04-03 20:46:21,356]: fea393 : 0.0009
[2020-04-03 20:46:21,356]: fea3 : 0.0009
[2020-04-03 20:46:21,356]: fea12 : 0.0009
[2020-04-03 20:46:21,356]: fea329 : 0.0009
[2020-04-03 20:46:21,356]: fea17 : 0.0009
[2020-04-03 20:46:21,356]: fea238 : 0.0009
[2020-04-03 20:46:21,356]: fea343 : 0.0009
[2020-04-03 20:46:21,356]: fea990 : 0.0009
[2020-04-03 20:46:21,356]: fea181 : 0.0009
[2020-04-03 20:46:21,356]: fea867 : 0.0009
[2020-04-03 20:46:21,356]: fea6 : 0.0009
[2020-04-03 20:46:21,356]: fea364 : 0.0009
[2020-04-03 20:46:21,356]: fea968 : 0.0009
[2020-04-03 20:46:21,357]: fea786 : 0.0009
[2020-04-03 20:46:21,357]: fea924 : 0.0009
[2020-04-03 20:46:21,357]: fea63 : 0.0009
[2020-04-03 20:46:21,357]: fea914 : 0.0009
[2020-04-03 20:46:21,357]: fea993 : 0.0009
[2020-04-03 20:46:21,357]: fea870 : 0.0009
[2020-04-03 20:46:21,357]: fea219 : 0.0009
[2020-04-03 20:46:21,357]: fea392 : 0.0009
[2020-04-03 20:46:21,357]: fea1009 : 0.0009
[2020-04-03 20:46:21,357]: fea209 : 0.0009
[2020-04-03 20:46:21,357]: fea403 : 0.0009
[2020-04-03 20:46:21,357]: fea927 : 0.0009
[2020-04-03 20:46:21,357]: fea816 : 0.0009
[2020-04-03 20:46:21,357]: fea175 : 0.0009
[2020-04-03 20:46:21,357]: fea206 : 0.0009
[2020-04-03 20:46:21,357]: fea514 : 0.0009
[2020-04-03 20:46:21,357]: fea869 : 0.0009
[2020-04-03 20:46:21,357]: fea865 : 0.0009
[2020-04-03 20:46:21,357]: fea377 : 0.0009
[2020-04-03 20:46:21,357]: fea307 : 0.0009
[2020-04-03 20:46:21,358]: fea373 : 0.0009
[2020-04-03 20:46:21,358]: fea397 : 0.0009
[2020-04-03 20:46:21,358]: fea478 : 0.0009
[2020-04-03 20:46:21,358]: fea138 : 0.0009
[2020-04-03 20:46:21,358]: fea370 : 0.0009
[2020-04-03 20:46:21,358]: fea319 : 0.0009
[2020-04-03 20:46:21,358]: fea468 : 0.0009
[2020-04-03 20:46:21,358]: fea492 : 0.0009
[2020-04-03 20:46:21,358]: fea969 : 0.0009
[2020-04-03 20:46:21,358]: fea489 : 0.0009
[2020-04-03 20:46:21,358]: fea859 : 0.0009
[2020-04-03 20:46:21,358]: fea62 : 0.0009
[2020-04-03 20:46:21,358]: fea439 : 0.0009
[2020-04-03 20:46:21,358]: fea274 : 0.0009
[2020-04-03 20:46:21,358]: fea842 : 0.0009
[2020-04-03 20:46:21,358]: fea500 : 0.0009
[2020-04-03 20:46:21,358]: fea126 : 0.0009
[2020-04-03 20:46:21,358]: fea305 : 0.0009
[2020-04-03 20:46:21,358]: fea805 : 0.0009
[2020-04-03 20:46:21,359]: fea466 : 0.0009
[2020-04-03 20:46:21,359]: fea276 : 0.0009
[2020-04-03 20:46:21,359]: fea1012 : 0.0009
[2020-04-03 20:46:21,359]: fea53 : 0.0009
[2020-04-03 20:46:21,359]: fea1010 : 0.0009
[2020-04-03 20:46:21,359]: fea811 : 0.0009
[2020-04-03 20:46:21,359]: fea400 : 0.0009
[2020-04-03 20:46:21,359]: fea262 : 0.0009
[2020-04-03 20:46:21,359]: fea975 : 0.0009
[2020-04-03 20:46:21,359]: fea464 : 0.0009
[2020-04-03 20:46:21,359]: fea469 : 0.0009
[2020-04-03 20:46:21,359]: fea374 : 0.0009
[2020-04-03 20:46:21,359]: fea14 : 0.0009
[2020-04-03 20:46:21,359]: fea812 : 0.0009
[2020-04-03 20:46:21,359]: fea59 : 0.0009
[2020-04-03 20:46:21,359]: fea29 : 0.0009
[2020-04-03 20:46:21,359]: fea895 : 0.0009
[2020-04-03 20:46:21,359]: fea195 : 0.0009
[2020-04-03 20:46:21,359]: fea204 : 0.0009
[2020-04-03 20:46:21,360]: fea253 : 0.0009
[2020-04-03 20:46:21,360]: fea983 : 0.0009
[2020-04-03 20:46:21,360]: fea883 : 0.0009
[2020-04-03 20:46:21,360]: fea247 : 0.0009
[2020-04-03 20:46:21,360]: fea399 : 0.0009
[2020-04-03 20:46:21,360]: fea843 : 0.0009
[2020-04-03 20:46:21,360]: fea484 : 0.0009
[2020-04-03 20:46:21,360]: fea831 : 0.0009
[2020-04-03 20:46:21,360]: fea413 : 0.0009
[2020-04-03 20:46:21,360]: fea46 : 0.0009
[2020-04-03 20:46:21,360]: fea183 : 0.0009
[2020-04-03 20:46:21,360]: fea491 : 0.0009
[2020-04-03 20:46:21,360]: fea410 : 0.0009
[2020-04-03 20:46:21,360]: fea362 : 0.0009
[2020-04-03 20:46:21,360]: fea997 : 0.0009
[2020-04-03 20:46:21,360]: fea396 : 0.0009
[2020-04-03 20:46:21,360]: fea149 : 0.0009
[2020-04-03 20:46:21,360]: fea791 : 0.0009
[2020-04-03 20:46:21,361]: fea35 : 0.0009
[2020-04-03 20:46:21,361]: fea228 : 0.0009
[2020-04-03 20:46:21,361]: fea789 : 0.0009
[2020-04-03 20:46:21,361]: fea133 : 0.0009
[2020-04-03 20:46:21,361]: fea982 : 0.0009
[2020-04-03 20:46:21,361]: fea1007 : 0.0009
[2020-04-03 20:46:21,361]: fea132 : 0.0009
[2020-04-03 20:46:21,361]: fea303 : 0.0009
[2020-04-03 20:46:21,361]: fea472 : 0.0009
[2020-04-03 20:46:21,361]: fea154 : 0.0009
[2020-04-03 20:46:21,361]: fea412 : 0.0009
[2020-04-03 20:46:21,361]: fea1020 : 0.0009
[2020-04-03 20:46:21,361]: fea202 : 0.0009
[2020-04-03 20:46:21,361]: fea1021 : 0.0009
[2020-04-03 20:46:21,361]: fea34 : 0.0009
[2020-04-03 20:46:21,361]: fea406 : 0.0009
[2020-04-03 20:46:21,361]: fea856 : 0.0009
[2020-04-03 20:46:21,361]: fea817 : 0.0009
[2020-04-03 20:46:21,361]: fea878 : 0.0009
[2020-04-03 20:46:21,361]: fea166 : 0.0009
[2020-04-03 20:46:21,362]: fea820 : 0.0009
[2020-04-03 20:46:21,362]: fea784 : 0.0009
[2020-04-03 20:46:21,362]: fea52 : 0.0009
[2020-04-03 20:46:21,362]: fea188 : 0.0009
[2020-04-03 20:46:21,362]: fea259 : 0.0009
[2020-04-03 20:46:21,362]: fea485 : 0.0009
[2020-04-03 20:46:21,362]: fea432 : 0.0009
[2020-04-03 20:46:21,362]: fea27 : 0.0009
[2020-04-03 20:46:21,362]: fea121 : 0.0009
[2020-04-03 20:46:21,362]: fea970 : 0.0009
[2020-04-03 20:46:21,362]: fea355 : 0.0009
[2020-04-03 20:46:21,362]: fea352 : 0.0009
[2020-04-03 20:46:21,362]: fea457 : 0.0009
[2020-04-03 20:46:21,362]: fea490 : 0.0009
[2020-04-03 20:46:21,362]: fea1016 : 0.0009
[2020-04-03 20:46:21,362]: fea430 : 0.0009
[2020-04-03 20:46:21,362]: fea790 : 0.0009
[2020-04-03 20:46:21,362]: fea130 : 0.0009
[2020-04-03 20:46:21,362]: fea806 : 0.0009
[2020-04-03 20:46:21,363]: fea433 : 0.0009
[2020-04-03 20:46:21,363]: fea153 : 0.0009
[2020-04-03 20:46:21,363]: fea167 : 0.0008
[2020-04-03 20:46:21,363]: fea330 : 0.0008
[2020-04-03 20:46:21,363]: fea794 : 0.0008
[2020-04-03 20:46:21,363]: fea923 : 0.0008
[2020-04-03 20:46:21,363]: fea417 : 0.0008
[2020-04-03 20:46:21,363]: fea342 : 0.0008
[2020-04-03 20:46:21,363]: fea49 : 0.0008
[2020-04-03 20:46:21,363]: fea824 : 0.0008
[2020-04-03 20:46:21,363]: fea189 : 0.0008
[2020-04-03 20:46:21,363]: fea849 : 0.0008
[2020-04-03 20:46:21,363]: fea888 : 0.0008
[2020-04-03 20:46:21,363]: fea298 : 0.0008
[2020-04-03 20:46:21,363]: fea966 : 0.0008
[2020-04-03 20:46:21,363]: fea885 : 0.0008
[2020-04-03 20:46:21,363]: fea347 : 0.0008
[2020-04-03 20:46:21,363]: fea327 : 0.0008
[2020-04-03 20:46:21,363]: fea77 : 0.0008
[2020-04-03 20:46:21,364]: fea264 : 0.0008
[2020-04-03 20:46:21,364]: fea256 : 0.0008
[2020-04-03 20:46:21,364]: fea404 : 0.0008
[2020-04-03 20:46:21,364]: fea214 : 0.0008
[2020-04-03 20:46:21,364]: fea20 : 0.0008
[2020-04-03 20:46:21,364]: fea981 : 0.0008
[2020-04-03 20:46:21,364]: fea505 : 0.0008
[2020-04-03 20:46:21,364]: fea363 : 0.0008
[2020-04-03 20:46:21,364]: fea408 : 0.0008
[2020-04-03 20:46:21,364]: fea280 : 0.0006
[2020-04-03 20:46:21,364]: feature_rank end
[2020-04-03 20:46:23,387]: Start dimension reduction ...
[2020-04-03 20:46:24,491]: length=1 f1=0.5508 accuarcy=0.6480 precision=0.6747 recall=0.6480 auc=0.5386 
[2020-04-03 20:46:25,097]: length=11 f1=0.6679 accuarcy=0.6866 precision=0.6763 recall=0.6866 auc=0.6304 
[2020-04-03 20:46:25,718]: length=21 f1=0.6944 accuarcy=0.7034 precision=0.6954 recall=0.7034 auc=0.6621 
[2020-04-03 20:46:26,082]: length=31 f1=0.7117 accuarcy=0.7181 precision=0.7117 recall=0.7181 auc=0.6822 
[2020-04-03 20:46:26,444]: length=41 f1=0.7332 accuarcy=0.7414 precision=0.7366 recall=0.7414 auc=0.7018 
[2020-04-03 20:46:26,837]: length=51 f1=0.7344 accuarcy=0.7420 precision=0.7371 recall=0.7420 auc=0.7037 
[2020-04-03 20:46:27,221]: length=61 f1=0.7416 accuarcy=0.7485 precision=0.7440 recall=0.7485 auc=0.7118 
[2020-04-03 20:46:27,615]: length=71 f1=0.7499 accuarcy=0.7577 precision=0.7544 recall=0.7577 auc=0.7189 
[2020-04-03 20:46:28,019]: length=81 f1=0.7511 accuarcy=0.7599 precision=0.7574 recall=0.7599 auc=0.7189 
[2020-04-03 20:46:28,455]: length=91 f1=0.7507 accuarcy=0.7588 precision=0.7557 recall=0.7588 auc=0.7194 
[2020-04-03 20:46:28,876]: length=101 f1=0.7562 accuarcy=0.7653 precision=0.7639 recall=0.7653 auc=0.7235 
[2020-04-03 20:46:29,375]: length=111 f1=0.7662 accuarcy=0.7751 precision=0.7749 recall=0.7751 auc=0.7336 
[2020-04-03 20:46:29,815]: length=121 f1=0.7555 accuarcy=0.7648 precision=0.7633 recall=0.7648 auc=0.7228 
[2020-04-03 20:46:30,281]: length=131 f1=0.7652 accuarcy=0.7751 precision=0.7760 recall=0.7751 auc=0.7316 
[2020-04-03 20:46:30,747]: length=141 f1=0.7630 accuarcy=0.7724 precision=0.7722 recall=0.7724 auc=0.7300 
[2020-04-03 20:46:31,226]: length=151 f1=0.7708 accuarcy=0.7806 precision=0.7823 recall=0.7806 auc=0.7371 
[2020-04-03 20:46:31,687]: length=161 f1=0.7740 accuarcy=0.7827 precision=0.7835 recall=0.7827 auc=0.7415 
[2020-04-03 20:46:32,196]: length=171 f1=0.7687 accuarcy=0.7789 precision=0.7809 recall=0.7789 auc=0.7347 
[2020-04-03 20:46:32,685]: length=181 f1=0.7711 accuarcy=0.7822 precision=0.7862 recall=0.7822 auc=0.7361 
[2020-04-03 20:46:33,202]: length=191 f1=0.7665 accuarcy=0.7762 precision=0.7770 recall=0.7762 auc=0.7331 
[2020-04-03 20:46:33,724]: length=201 f1=0.7585 accuarcy=0.7697 precision=0.7711 recall=0.7697 auc=0.7238 
[2020-04-03 20:46:34,251]: length=211 f1=0.7785 accuarcy=0.7871 precision=0.7883 recall=0.7871 auc=0.7461 
[2020-04-03 20:46:34,781]: length=221 f1=0.7728 accuarcy=0.7833 precision=0.7865 recall=0.7833 auc=0.7384 
[2020-04-03 20:46:35,324]: length=231 f1=0.7782 accuarcy=0.7882 precision=0.7917 recall=0.7882 auc=0.7441 
[2020-04-03 20:46:35,918]: length=241 f1=0.7781 accuarcy=0.7887 precision=0.7934 recall=0.7887 auc=0.7434 
[2020-04-03 20:46:36,456]: length=251 f1=0.7842 accuarcy=0.7941 precision=0.7989 recall=0.7941 auc=0.7500 
[2020-04-03 20:46:37,065]: length=261 f1=0.7763 accuarcy=0.7865 precision=0.7902 recall=0.7865 auc=0.7419 
[2020-04-03 20:46:37,634]: length=271 f1=0.7827 accuarcy=0.7920 precision=0.7951 recall=0.7920 auc=0.7494 
[2020-04-03 20:46:38,205]: length=281 f1=0.7925 accuarcy=0.8017 precision=0.8071 recall=0.8017 auc=0.7587 
[2020-04-03 20:46:38,791]: length=291 f1=0.7873 accuarcy=0.7968 precision=0.8016 recall=0.7968 auc=0.7533 
[2020-04-03 20:46:39,423]: length=301 f1=0.7882 accuarcy=0.7974 precision=0.8017 recall=0.7974 auc=0.7546 
[2020-04-03 20:46:40,034]: length=311 f1=0.7830 accuarcy=0.7930 precision=0.7979 recall=0.7930 auc=0.7486 
[2020-04-03 20:46:40,699]: length=321 f1=0.7883 accuarcy=0.7979 precision=0.8031 recall=0.7979 auc=0.7542 
[2020-04-03 20:46:41,339]: length=331 f1=0.7950 accuarcy=0.8045 precision=0.8108 recall=0.8045 auc=0.7609 
[2020-04-03 20:46:41,994]: length=341 f1=0.7868 accuarcy=0.7963 precision=0.8009 recall=0.7963 auc=0.7529 
[2020-04-03 20:46:42,608]: length=351 f1=0.7848 accuarcy=0.7941 precision=0.7980 recall=0.7941 auc=0.7512 
[2020-04-03 20:46:43,258]: length=361 f1=0.7765 accuarcy=0.7865 precision=0.7898 recall=0.7865 auc=0.7425 
[2020-04-03 20:46:43,905]: length=371 f1=0.7868 accuarcy=0.7963 precision=0.8009 recall=0.7963 auc=0.7529 
[2020-04-03 20:46:44,566]: length=381 f1=0.7798 accuarcy=0.7903 precision=0.7954 recall=0.7903 auc=0.7450 
[2020-04-03 20:46:45,230]: length=391 f1=0.7911 accuarcy=0.8012 precision=0.8082 recall=0.8012 auc=0.7562 
[2020-04-03 20:46:45,908]: length=401 f1=0.7920 accuarcy=0.8012 precision=0.8063 recall=0.8012 auc=0.7583 
[2020-04-03 20:46:46,591]: length=411 f1=0.7998 accuarcy=0.8088 precision=0.8153 recall=0.8088 auc=0.7661 
[2020-04-03 20:46:47,298]: length=421 f1=0.7756 accuarcy=0.7871 precision=0.7930 recall=0.7871 auc=0.7400 
[2020-04-03 20:46:47,965]: length=431 f1=0.7761 accuarcy=0.7882 precision=0.7957 recall=0.7882 auc=0.7397 
[2020-04-03 20:46:48,668]: length=441 f1=0.7898 accuarcy=0.7996 precision=0.8054 recall=0.7996 auc=0.7555 
[2020-04-03 20:46:49,375]: length=451 f1=0.7848 accuarcy=0.7958 precision=0.8031 recall=0.7958 auc=0.7493 
[2020-04-03 20:46:50,061]: length=461 f1=0.7937 accuarcy=0.8039 precision=0.8118 recall=0.8039 auc=0.7587 
[2020-04-03 20:46:50,774]: length=471 f1=0.7871 accuarcy=0.7968 precision=0.8019 recall=0.7968 auc=0.7531 
[2020-04-03 20:46:51,477]: length=481 f1=0.7857 accuarcy=0.7963 precision=0.8030 recall=0.7963 auc=0.7506 
[2020-04-03 20:46:52,217]: length=491 f1=0.7857 accuarcy=0.7958 precision=0.8012 recall=0.7958 auc=0.7513 
[2020-04-03 20:46:52,944]: length=501 f1=0.7858 accuarcy=0.7963 precision=0.8027 recall=0.7963 auc=0.7509 
[2020-04-03 20:46:53,712]: length=511 f1=0.7858 accuarcy=0.7963 precision=0.8027 recall=0.7963 auc=0.7509 
[2020-04-03 20:46:54,489]: length=521 f1=0.7890 accuarcy=0.7996 precision=0.8071 recall=0.7996 auc=0.7538 
[2020-04-03 20:46:55,279]: length=531 f1=0.7842 accuarcy=0.7941 precision=0.7989 recall=0.7941 auc=0.7500 
[2020-04-03 20:46:56,033]: length=541 f1=0.7766 accuarcy=0.7876 precision=0.7930 recall=0.7876 auc=0.7413 
[2020-04-03 20:46:56,811]: length=551 f1=0.7874 accuarcy=0.7979 precision=0.8050 recall=0.7979 auc=0.7522 
[2020-04-03 20:46:57,585]: length=561 f1=0.7817 accuarcy=0.7930 precision=0.8004 recall=0.7930 auc=0.7460 
[2020-04-03 20:46:58,407]: length=571 f1=0.7741 accuarcy=0.7865 precision=0.7943 recall=0.7865 auc=0.7376 
[2020-04-03 20:46:59,184]: length=581 f1=0.7791 accuarcy=0.7903 precision=0.7968 recall=0.7903 auc=0.7435 
[2020-04-03 20:46:59,998]: length=591 f1=0.7758 accuarcy=0.7882 precision=0.7963 recall=0.7882 auc=0.7392 
[2020-04-03 20:47:00,828]: length=601 f1=0.7849 accuarcy=0.7963 precision=0.8048 recall=0.7963 auc=0.7489 
[2020-04-03 20:47:01,631]: length=611 f1=0.7911 accuarcy=0.8012 precision=0.8082 recall=0.8012 auc=0.7562 
[2020-04-03 20:47:02,414]: length=621 f1=0.7914 accuarcy=0.8012 precision=0.8074 recall=0.8012 auc=0.7571 
[2020-04-03 20:47:03,241]: length=631 f1=0.7805 accuarcy=0.7909 precision=0.7957 recall=0.7909 auc=0.7460 
[2020-04-03 20:47:04,084]: length=641 f1=0.7878 accuarcy=0.7990 precision=0.8078 recall=0.7990 auc=0.7519 
[2020-04-03 20:47:04,958]: length=651 f1=0.7811 accuarcy=0.7925 precision=0.7999 recall=0.7925 auc=0.7452 
[2020-04-03 20:47:05,805]: length=661 f1=0.7917 accuarcy=0.8023 precision=0.8107 recall=0.8023 auc=0.7563 
[2020-04-03 20:47:06,648]: length=671 f1=0.7765 accuarcy=0.7898 precision=0.8005 recall=0.7898 auc=0.7390 
[2020-04-03 20:47:07,480]: length=681 f1=0.7716 accuarcy=0.7833 precision=0.7887 recall=0.7833 auc=0.7358 
[2020-04-03 20:47:08,333]: length=691 f1=0.7833 accuarcy=0.7941 precision=0.8008 recall=0.7941 auc=0.7480 
[2020-04-03 20:47:09,188]: length=701 f1=0.7887 accuarcy=0.8001 precision=0.8098 recall=0.8001 auc=0.7525 
[2020-04-03 20:47:10,122]: length=711 f1=0.7835 accuarcy=0.7958 precision=0.8060 recall=0.7958 auc=0.7467 
[2020-04-03 20:47:10,971]: length=721 f1=0.7732 accuarcy=0.7876 precision=0.8001 recall=0.7876 auc=0.7350 
[2020-04-03 20:47:11,860]: length=731 f1=0.7777 accuarcy=0.7898 precision=0.7978 recall=0.7898 auc=0.7413 
[2020-04-03 20:47:12,731]: length=741 f1=0.7889 accuarcy=0.7996 precision=0.8074 recall=0.7996 auc=0.7535 
[2020-04-03 20:47:13,632]: length=751 f1=0.7814 accuarcy=0.7930 precision=0.8010 recall=0.7930 auc=0.7454 
[2020-04-03 20:47:14,514]: length=761 f1=0.7792 accuarcy=0.7925 precision=0.8043 recall=0.7925 auc=0.7415 
[2020-04-03 20:47:15,395]: length=771 f1=0.7874 accuarcy=0.7990 precision=0.8088 recall=0.7990 auc=0.7510 
[2020-04-03 20:47:16,341]: length=781 f1=0.7829 accuarcy=0.7941 precision=0.8017 recall=0.7941 auc=0.7471 
[2020-04-03 20:47:17,282]: length=791 f1=0.7813 accuarcy=0.7941 precision=0.8053 recall=0.7941 auc=0.7440 
[2020-04-03 20:47:18,188]: length=801 f1=0.7935 accuarcy=0.8050 precision=0.8164 recall=0.8050 auc=0.7570 
[2020-04-03 20:47:19,137]: length=811 f1=0.7774 accuarcy=0.7914 precision=0.8045 recall=0.7914 auc=0.7392 
[2020-04-03 20:47:20,087]: length=821 f1=0.7865 accuarcy=0.7990 precision=0.8110 recall=0.7990 auc=0.7493 
[2020-04-03 20:47:21,003]: length=831 f1=0.7826 accuarcy=0.7952 precision=0.8063 recall=0.7952 auc=0.7454 
[2020-04-03 20:47:21,988]: length=841 f1=0.7874 accuarcy=0.7974 precision=0.8032 recall=0.7974 auc=0.7529 
[2020-04-03 20:47:22,930]: length=851 f1=0.7814 accuarcy=0.7936 precision=0.8031 recall=0.7936 auc=0.7447 
[2020-04-03 20:47:23,889]: length=861 f1=0.7844 accuarcy=0.7968 precision=0.8080 recall=0.7968 auc=0.7473 
[2020-04-03 20:47:24,845]: length=871 f1=0.7822 accuarcy=0.7947 precision=0.8051 recall=0.7947 auc=0.7453 
[2020-04-03 20:47:25,795]: length=881 f1=0.7834 accuarcy=0.7963 precision=0.8083 recall=0.7963 auc=0.7460 
[2020-04-03 20:47:26,753]: length=891 f1=0.7813 accuarcy=0.7930 precision=0.8013 recall=0.7930 auc=0.7451 
[2020-04-03 20:47:27,748]: length=901 f1=0.7853 accuarcy=0.7974 precision=0.8078 recall=0.7974 auc=0.7486 
[2020-04-03 20:47:28,774]: length=911 f1=0.7886 accuarcy=0.8017 precision=0.8165 recall=0.8017 auc=0.7506 
[2020-04-03 20:47:29,788]: length=921 f1=0.7804 accuarcy=0.7930 precision=0.8033 recall=0.7930 auc=0.7434 
[2020-04-03 20:47:30,788]: length=931 f1=0.7855 accuarcy=0.7979 precision=0.8093 recall=0.7979 auc=0.7484 
[2020-04-03 20:47:31,797]: length=941 f1=0.7817 accuarcy=0.7941 precision=0.8043 recall=0.7941 auc=0.7448 
[2020-04-03 20:47:32,798]: length=951 f1=0.7765 accuarcy=0.7898 precision=0.8005 recall=0.7898 auc=0.7390 
[2020-04-03 20:47:33,827]: length=961 f1=0.7856 accuarcy=0.7974 precision=0.8071 recall=0.7974 auc=0.7492 
[2020-04-03 20:47:34,865]: length=971 f1=0.7862 accuarcy=0.7979 precision=0.8076 recall=0.7979 auc=0.7499 
[2020-04-03 20:47:35,914]: length=981 f1=0.7709 accuarcy=0.7849 precision=0.7955 recall=0.7849 auc=0.7331 
[2020-04-03 20:47:36,976]: length=991 f1=0.7847 accuarcy=0.7963 precision=0.8051 recall=0.7963 auc=0.7486 
[2020-04-03 20:47:38,003]: length=1001 f1=0.7880 accuarcy=0.7996 precision=0.8093 recall=0.7996 auc=0.7518 
[2020-04-03 20:47:39,089]: length=1011 f1=0.7772 accuarcy=0.7903 precision=0.8009 recall=0.7903 auc=0.7398 
[2020-04-03 20:47:40,118]: length=1021 f1=0.7849 accuarcy=0.7979 precision=0.8108 recall=0.7979 auc=0.7473 
[2020-04-03 20:47:41,152]: length=1023 f1=0.7730 accuarcy=0.7860 precision=0.7947 recall=0.7860 auc=0.7360 
[2020-04-03 20:47:41,153]: ----------
[2020-04-03 20:47:41,153]: the max f1 = 0.7998
[2020-04-03 20:47:41,154]: ['fea939' 'fea578' 'fea576' 'fea687' 'fea952' 'fea583' 'fea644' 'fea929'
 'fea763' 'fea698' 'fea707' 'fea744' 'fea592' 'fea910' 'fea520' 'fea936'
 'fea648' 'fea931' 'fea716' 'fea930' 'fea569' 'fea653' 'fea596' 'fea913'
 'fea932' 'fea951' 'fea640' 'fea943' 'fea552' 'fea715' 'fea738' 'fea690'
 'fea907' 'fea682' 'fea584' 'fea953' 'fea960' 'fea672' 'fea641' 'fea664'
 'fea488' 'fea515' 'fea739' 'fea665' 'fea729' 'fea720' 'fea691' 'fea909'
 'fea605' 'fea827' 'fea635' 'fea628' 'fea638' 'fea684' 'fea819' 'fea757'
 'fea622' 'fea604' 'fea267' 'fea538' 'fea540' 'fea634' 'fea539' 'fea577'
 'fea551' 'fea636' 'fea752' 'fea527' 'fea906' 'fea693' 'fea555' 'fea681'
 'fea72' 'fea521' 'fea609' 'fea674' 'fea706' 'fea652' 'fea616' 'fea645'
 'fea668' 'fea1019' 'fea610' 'fea627' 'fea554' 'fea959' 'fea762' 'fea903'
 'fea742' 'fea735' 'fea657' 'fea733' 'fea701' 'fea899' 'fea692' 'fea655'
 'fea660' 'fea697' 'fea730' 'fea756' 'fea542' 'fea992' 'fea731' 'fea670'
 'fea598' 'fea728' 'fea623' 'fea560' 'fea549' 'fea719' 'fea556' 'fea718'
 'fea526' 'fea581' 'fea561' 'fea617' 'fea563' 'fea601' 'fea677' 'fea562'
 'fea686' 'fea758' 'fea675' 'fea769' 'fea751' 'fea683' 'fea602' 'fea956'
 'fea732' 'fea328' 'fea704' 'fea714' 'fea518' 'fea673' 'fea717' 'fea659'
 'fea573' 'fea546' 'fea667' 'fea575' 'fea803' 'fea695' 'fea712' 'fea685'
 'fea288' 'fea517' 'fea754' 'fea940' 'fea625' 'fea676' 'fea513' 'fea566'
 'fea533' 'fea734' 'fea637' 'fea270' 'fea705' 'fea224' 'fea679' 'fea768'
 'fea603' 'fea559' 'fea950' 'fea580' 'fea946' 'fea766' 'fea530' 'fea926'
 'fea694' 'fea619' 'fea633' 'fea955' 'fea612' 'fea958' 'fea588' 'fea643'
 'fea543' 'fea746' 'fea765' 'fea226' 'fea745' 'fea689' 'fea574' 'fea678'
 'fea51' 'fea662' 'fea565' 'fea760' 'fea755' 'fea595' 'fea541' 'fea761'
 'fea558' 'fea722' 'fea935' 'fea234' 'fea564' 'fea680' 'fea547' 'fea736'
 'fea713' 'fea696' 'fea759' 'fea934' 'fea519' 'fea798' 'fea528' 'fea568'
 'fea296' 'fea671' 'fea567' 'fea651' 'fea523' 'fea273' 'fea557' 'fea669'
 'fea529' 'fea740' 'fea607' 'fea611' 'fea591' 'fea32' 'fea292' 'fea749'
 'fea666' 'fea1003' 'fea661' 'fea151' 'fea954' 'fea771' 'fea887' 'fea544'
 'fea945' 'fea727' 'fea647' 'fea721' 'fea980' 'fea767' 'fea737' 'fea630'
 'fea597' 'fea290' 'fea516' 'fea764' 'fea534' 'fea743' 'fea82' 'fea750'
 'fea266' 'fea587' 'fea947' 'fea572' 'fea599' 'fea600' 'fea608' 'fea748'
 'fea915' 'fea535' 'fea700' 'fea593' 'fea586' 'fea322' 'fea606' 'fea579'
 'fea688' 'fea615' 'fea532' 'fea948' 'fea937' 'fea582' 'fea656' 'fea1000'
 'fea654' 'fea614' 'fea295' 'fea747' 'fea220' 'fea196' 'fea649' 'fea850'
 'fea185' 'fea522' 'fea902' 'fea912' 'fea836' 'fea40' '1023' 'fea882'
 'fea524' 'fea631' 'fea708' 'fea994' 'fea942' 'fea512' 'fea163' 'fea702'
 'fea933' 'fea618' 'fea783' 'fea949' 'fea632' 'fea703' 'fea626' 'fea928'
 'fea548' 'fea594' 'fea525' 'fea536' 'fea908' 'fea509' 'fea8' 'fea452'
 'fea233' 'fea43' 'fea1004' 'fea725' 'fea699' 'fea658' 'fea545' 'fea711'
 'fea741' 'fea531' 'fea726' 'fea642' 'fea291' 'fea589' 'fea639' 'fea844'
 'fea646' 'fea550' 'fea570' 'fea146' 'fea941' 'fea553' 'fea957' 'fea621'
 'fea753' 'fea724' 'fea780' 'fea571' 'fea537' 'fea810' 'fea818' 'fea777'
 'fea382' 'fea898' 'fea590' 'fea463' 'fea103' 'fea427' 'fea159' 'fea663'
 'fea833' 'fea85' 'fea470' 'fea613' 'fea232' 'fea723' 'fea974' 'fea421'
 'fea837' 'fea64' 'fea778' 'fea987' 'fea30' 'fea826' 'fea88' 'fea254'
 'fea871' 'fea804' 'fea36' 'fea143' 'fea881' 'fea139' 'fea207' 'fea458'
 'fea107' 'fea66' 'fea174' 'fea897' 'fea415' 'fea390' 'fea830' 'fea231'
 'fea115' 'fea447' 'fea11' 'fea386' 'fea493' 'fea920' 'fea1001' 'fea1018'
 'fea244' 'fea429' 'fea79' 'fea321' 'fea375' 'fea170' 'fea335' 'fea326'
 'fea444' 'fea80' 'fea31' 'fea379' 'fea998' 'fea199' 'fea462' 'fea917'
 'fea134' 'fea216' 'fea944'],length = 411
[2020-04-03 20:47:41,154]: -----------
[2020-04-03 20:47:41,824]: f1 =0.7998 
[2020-04-03 20:47:41,825]: accuarcy = 0.8088 
[2020-04-03 20:47:41,827]: precision =0.8153 
[2020-04-03 20:47:41,830]: recall =0.8088
[2020-04-03 20:47:41,834]: auc = 0.7661
[2020-04-03 20:47:42,364]: -----------
[2020-04-03 20:47:42,364]: The output by the terminal's log has been saved in the /home/heshida/work/FMRMD2.0/Logs/202004032041.log.
[2020-04-03 20:47:42,364]: metrics have been saved in the /home/heshida/work/FMRMD2.0/Results/1.positive.txt.0.negative.txt.metrics.csv.
[2020-04-03 20:47:58,954]: Scatter charts visualized by t-SNE dataset has been saved in the /home/heshida/work/FMRMD2.0/Results/1.positive.txt.0.negative.txt.fasta.out.csv.png.
[2020-04-03 20:47:58,954]: Reduced dimensional dataset has been saved in the /home/heshida/work/FMRMD2.0/Results/1.positive.txt.0.negative.txt.result.csv.
[2020-04-03 20:47:58,954]: ---mrmd 2.0 end---
