[2020-03-23 20:22:37,804]: ---mrmd 2.0 start----
[2020-03-23 20:23:51,751]: ANOVA start...
[2020-03-23 20:23:51,850]: ANOVA end.
[2020-03-23 20:23:51,850]: mic start...
[2020-03-23 20:24:00,890]: mic end.
[2020-03-23 20:24:00,890]: mrmd start...
[2020-03-23 20:24:00,968]: mrmd end.
[2020-03-23 20:24:00,969]: mRMR start...
[2020-03-23 20:24:01,130]: mRMR end.
[2020-03-23 20:24:01,131]: lasso start...
[2020-03-23 20:24:01,195]: lasso end.
[2020-03-23 20:24:01,195]: chi2 start...
[2020-03-23 20:24:01,271]: chi2 end.
[2020-03-23 20:24:01,271]: ref start...
[2020-03-23 20:24:01,566]: ref end.
[2020-03-23 20:24:01,781]: Start dimension reduction ...
[2020-03-23 20:24:08,617]: length=1 f1=0.6367 accuarcy=0.7454 precision=0.5556 recall=0.7454 auc=0.5000 
[2020-03-23 20:24:15,296]: length=2 f1=0.6367 accuarcy=0.7454 precision=0.5556 recall=0.7454 auc=0.5000 
[2020-03-23 20:24:22,016]: length=3 f1=0.6367 accuarcy=0.7454 precision=0.5556 recall=0.7454 auc=0.5000 
[2020-03-23 20:24:29,877]: length=4 f1=0.6367 accuarcy=0.7454 precision=0.5556 recall=0.7454 auc=0.5000 
[2020-03-23 20:24:37,604]: length=5 f1=0.6367 accuarcy=0.7454 precision=0.5556 recall=0.7454 auc=0.5000 
[2020-03-23 20:24:45,087]: length=6 f1=0.6367 accuarcy=0.7454 precision=0.5556 recall=0.7454 auc=0.5000 
[2020-03-23 20:24:52,352]: length=7 f1=0.6367 accuarcy=0.7454 precision=0.5556 recall=0.7454 auc=0.5000 
[2020-03-23 20:24:59,308]: length=8 f1=0.6367 accuarcy=0.7454 precision=0.5556 recall=0.7454 auc=0.5000 
[2020-03-23 20:25:06,237]: length=9 f1=0.6367 accuarcy=0.7454 precision=0.5556 recall=0.7454 auc=0.5000 
[2020-03-23 20:25:13,627]: length=10 f1=0.6367 accuarcy=0.7454 precision=0.5556 recall=0.7454 auc=0.5000 
[2020-03-23 20:25:21,155]: length=11 f1=0.6437 accuarcy=0.6769 precision=0.6240 recall=0.6769 auc=0.5036 
[2020-03-23 20:25:28,736]: length=12 f1=0.6437 accuarcy=0.6769 precision=0.6240 recall=0.6769 auc=0.5036 
[2020-03-23 20:25:36,726]: length=13 f1=0.6437 accuarcy=0.6769 precision=0.6240 recall=0.6769 auc=0.5036 
[2020-03-23 20:25:44,785]: length=14 f1=0.6437 accuarcy=0.6769 precision=0.6240 recall=0.6769 auc=0.5036 
[2020-03-23 20:25:53,419]: length=15 f1=0.6540 accuarcy=0.6835 precision=0.6370 recall=0.6835 auc=0.5171 
[2020-03-23 20:26:00,888]: length=16 f1=0.6536 accuarcy=0.6802 precision=0.6375 recall=0.6802 auc=0.5182 
[2020-03-23 20:26:09,019]: length=17 f1=0.6559 accuarcy=0.6842 precision=0.6395 recall=0.6842 auc=0.5200 
[2020-03-23 20:26:16,881]: length=18 f1=0.6581 accuarcy=0.6861 precision=0.6420 recall=0.6861 auc=0.5226 
[2020-03-23 20:26:25,134]: length=19 f1=0.6652 accuarcy=0.6949 precision=0.6498 recall=0.6949 auc=0.5300 
[2020-03-23 20:26:32,725]: length=20 f1=0.6617 accuarcy=0.6916 precision=0.6457 recall=0.6916 auc=0.5259 
[2020-03-23 20:26:32,727]: ----------
[2020-03-23 20:26:32,727]: the max f1 = 0.6652
[2020-03-23 20:26:32,727]: ['H' 'F' 'P' 'V' 'L' 'M' 'Y' 'K' 'N' 'Q' 'A' 'W' 'I' 'D' 'C' 'E' 'T' 'R'
 'G'],length = 19
[2020-03-23 20:26:32,727]: -----------
[2020-03-23 20:26:41,027]: f1 =0.6652 
[2020-03-23 20:26:41,028]: accuarcy = 0.6949 
[2020-03-23 20:26:41,029]: precision =0.6498 
[2020-03-23 20:26:41,031]: recall =0.6949
