[2020-03-08 14:44:27,494]: ---mrmd 2.0 start----
[2020-03-08 14:46:01,150]: ANOVA start...
[2020-03-08 14:46:01,385]: ANOVA end.
[2020-03-08 14:46:01,386]: mic start...
[2020-03-08 14:46:13,648]: mic end.
[2020-03-08 14:46:13,649]: mrmd start...
[2020-03-08 14:46:14,013]: mrmd end.
[2020-03-08 14:46:14,014]: mRMR start...
[2020-03-08 14:46:24,676]: mRMR end.
[2020-03-08 14:46:24,676]: lasso start...
[2020-03-08 14:46:25,454]: lasso end.
[2020-03-08 14:46:25,454]: chi2 start...
[2020-03-08 14:46:26,168]: chi2 end.
[2020-03-08 14:46:26,168]: ref start...
[2020-03-08 14:46:32,196]: ref end.
[2020-03-08 14:46:33,162]: Start dimension reduction ...
[2020-03-08 14:46:41,685]: length=1 f1=0.6756 accuarcy=0.7620 precision=0.8050 recall=0.7620 auc=0.5340 
[2020-03-08 14:46:53,004]: length=31 f1=0.7821 accuarcy=0.8062 precision=0.7960 recall=0.8062 auc=0.6637 
[2020-03-08 14:47:03,924]: length=61 f1=0.8190 accuarcy=0.8349 precision=0.8304 recall=0.8349 auc=0.7149 
[2020-03-08 14:47:14,374]: length=64 f1=0.8129 accuarcy=0.8301 precision=0.8251 recall=0.8301 auc=0.7060 
[2020-03-08 14:47:14,376]: ----------
[2020-03-08 14:47:14,376]: the max f1 = 0.8190
[2020-03-08 14:47:14,377]: ['fea28' 'fea8' 'fea7' 'fea35' 'fea36' 'fea19' 'fea25' 'fea54' 'fea30'
 'fea39' 'fea52' 'fea34' 'fea26' 'fea57' 'fea9' 'fea22' 'fea0' 'fea58'
 'fea45' 'fea18' 'fea61' 'fea47' 'fea53' 'fea38' 'fea44' 'fea31' 'fea43'
 'fea12' 'fea50' 'fea42' 'fea40' 'fea11' 'fea29' 'fea2' 'fea16' 'fea41'
 'fea24' 'fea48' 'fea14' 'fea5' 'fea6' 'fea33' 'fea56' 'fea20' 'fea21'
 'fea1' 'fea62' 'fea17' 'fea3' 'fea59' 'fea63' 'fea49' 'fea23' 'fea4'
 'fea15' 'fea13' 'fea37' 'fea10' 'fea32' 'fea46' 'fea60'],length = 61
[2020-03-08 14:47:14,377]: -----------
[2020-03-08 14:47:24,036]: ***confusion matrix***
[2020-03-08 14:47:24,037]:                pos_class      neg_class      
[2020-03-08 14:47:24,037]: pos_class      TP:325            FN:366            
[2020-03-08 14:47:24,037]: neg_class      FP:82             TN:1941           
[2020-03-08 14:47:24,040]: f1 =0.8190 
[2020-03-08 14:47:24,041]: accuarcy = 0.8349 
[2020-03-08 14:47:24,042]: precision =0.8304 
[2020-03-08 14:47:24,043]: recall =0.8349
[2020-03-08 14:47:24,044]: auc = 0.7149
[2020-03-08 14:47:24,252]: -----------
[2020-03-08 14:47:24,253]: metrics have been saved in the J:\多设备共享\work\pycharm_remote_server\FMRMD2.0\Results\positive_negative.metrics.csv.
[2020-03-08 14:49:03,174]: Scatter charts visualized by t-SNE dataset has been saved in the .\Results\3e391c38-6108-11ea-a49d-e4b318db5e79.csv.png.
[2020-03-08 14:49:03,174]: Reduced dimensional dataset has been saved in the J:\多设备共享\work\pycharm_remote_server\FMRMD2.0\Results\positive_negative.result.csv.
[2020-03-08 14:49:03,174]: ---mrmd 2.0 end---
