[2020-03-31 17:42:31,216]: ---mrmd 2.0 start----
[2020-03-31 17:43:29,073]: ANOVA start...
[2020-03-31 17:43:31,745]: ANOVA end.
[2020-03-31 17:43:31,745]: mic start...
[2020-03-31 17:43:53,975]: mic end.
[2020-03-31 17:43:53,978]: mrmd start...
[2020-03-31 17:44:24,820]: mrmd end.
[2020-03-31 17:44:24,824]: mRMR start...
[2020-03-31 17:48:26,491]: mRMR end.
[2020-03-31 17:48:26,491]: lasso start...
[2020-03-31 17:48:28,910]: lasso end.
[2020-03-31 17:48:28,910]: chi2 start...
[2020-03-31 17:48:31,320]: chi2 end.
[2020-03-31 17:48:31,320]: ref start...
[2020-03-31 17:49:24,603]: ref end.
[2020-03-31 17:49:24,650]: rank start ...
[2020-03-31 17:49:24,889]: The final  rank is
[2020-03-31 17:49:24,890]: fea939 : 0.0013
[2020-03-31 17:49:24,891]: fea578 : 0.0013
[2020-03-31 17:49:24,891]: fea576 : 0.0013
[2020-03-31 17:49:24,891]: fea687 : 0.0013
[2020-03-31 17:49:24,891]: fea952 : 0.0013
[2020-03-31 17:49:24,891]: fea583 : 0.0013
[2020-03-31 17:49:24,891]: fea644 : 0.0013
[2020-03-31 17:49:24,891]: fea929 : 0.0012
[2020-03-31 17:49:24,892]: fea763 : 0.0012
[2020-03-31 17:49:24,892]: fea698 : 0.0012
[2020-03-31 17:49:24,892]: fea707 : 0.0012
[2020-03-31 17:49:24,892]: fea744 : 0.0012
[2020-03-31 17:49:24,892]: fea592 : 0.0012
[2020-03-31 17:49:24,892]: fea910 : 0.0012
[2020-03-31 17:49:24,892]: fea520 : 0.0012
[2020-03-31 17:49:24,892]: fea936 : 0.0012
[2020-03-31 17:49:24,893]: fea648 : 0.0012
[2020-03-31 17:49:24,893]: fea931 : 0.0012
[2020-03-31 17:49:24,893]: fea716 : 0.0012
[2020-03-31 17:49:24,893]: fea930 : 0.0012
[2020-03-31 17:49:24,893]: fea569 : 0.0012
[2020-03-31 17:49:24,893]: fea653 : 0.0012
[2020-03-31 17:49:24,893]: fea596 : 0.0012
[2020-03-31 17:49:24,893]: fea913 : 0.0012
[2020-03-31 17:49:24,893]: fea932 : 0.0012
[2020-03-31 17:49:24,894]: fea951 : 0.0012
[2020-03-31 17:49:24,894]: fea640 : 0.0012
[2020-03-31 17:49:24,894]: fea943 : 0.0012
[2020-03-31 17:49:24,894]: fea552 : 0.0012
[2020-03-31 17:49:24,894]: fea715 : 0.0012
[2020-03-31 17:49:24,894]: fea738 : 0.0012
[2020-03-31 17:49:24,894]: fea690 : 0.0012
[2020-03-31 17:49:24,894]: fea907 : 0.0012
[2020-03-31 17:49:24,895]: fea682 : 0.0012
[2020-03-31 17:49:24,895]: fea584 : 0.0011
[2020-03-31 17:49:24,895]: fea953 : 0.0011
[2020-03-31 17:49:24,895]: fea960 : 0.0011
[2020-03-31 17:49:24,895]: fea672 : 0.0011
[2020-03-31 17:49:24,895]: fea641 : 0.0011
[2020-03-31 17:49:24,895]: fea664 : 0.0011
[2020-03-31 17:49:24,895]: fea488 : 0.0011
[2020-03-31 17:49:24,896]: fea515 : 0.0011
[2020-03-31 17:49:24,896]: fea739 : 0.0011
[2020-03-31 17:49:24,896]: fea665 : 0.0011
[2020-03-31 17:49:24,896]: fea729 : 0.0011
[2020-03-31 17:49:24,896]: fea720 : 0.0011
[2020-03-31 17:49:24,896]: fea691 : 0.0011
[2020-03-31 17:49:24,896]: fea909 : 0.0011
[2020-03-31 17:49:24,896]: fea605 : 0.0011
[2020-03-31 17:49:24,897]: fea827 : 0.0011
[2020-03-31 17:49:24,897]: fea635 : 0.0011
[2020-03-31 17:49:24,897]: fea628 : 0.0011
[2020-03-31 17:49:24,897]: fea638 : 0.0011
[2020-03-31 17:49:24,897]: fea684 : 0.0011
[2020-03-31 17:49:24,897]: fea819 : 0.0011
[2020-03-31 17:49:24,897]: fea757 : 0.0011
[2020-03-31 17:49:24,897]: fea622 : 0.0011
[2020-03-31 17:49:24,898]: fea604 : 0.0011
[2020-03-31 17:49:24,898]: fea267 : 0.0011
[2020-03-31 17:49:24,898]: fea538 : 0.0011
[2020-03-31 17:49:24,898]: fea540 : 0.0011
[2020-03-31 17:49:24,898]: fea634 : 0.0011
[2020-03-31 17:49:24,898]: fea539 : 0.0011
[2020-03-31 17:49:24,898]: fea577 : 0.0011
[2020-03-31 17:49:24,898]: fea551 : 0.0011
[2020-03-31 17:49:24,898]: fea636 : 0.0011
[2020-03-31 17:49:24,899]: fea752 : 0.0011
[2020-03-31 17:49:24,899]: fea527 : 0.0011
[2020-03-31 17:49:24,899]: fea906 : 0.0011
[2020-03-31 17:49:24,899]: fea693 : 0.0011
[2020-03-31 17:49:24,899]: fea555 : 0.0011
[2020-03-31 17:49:24,899]: fea681 : 0.0011
[2020-03-31 17:49:24,899]: fea72 : 0.0011
[2020-03-31 17:49:24,899]: fea521 : 0.0011
[2020-03-31 17:49:24,900]: fea609 : 0.0011
[2020-03-31 17:49:24,900]: fea674 : 0.0011
[2020-03-31 17:49:24,900]: fea706 : 0.0011
[2020-03-31 17:49:24,900]: fea652 : 0.0011
[2020-03-31 17:49:24,900]: fea616 : 0.0011
[2020-03-31 17:49:24,900]: fea645 : 0.0011
[2020-03-31 17:49:24,900]: fea668 : 0.0011
[2020-03-31 17:49:24,900]: fea1019 : 0.0011
[2020-03-31 17:49:24,901]: fea610 : 0.0011
[2020-03-31 17:49:24,901]: fea627 : 0.0011
[2020-03-31 17:49:24,901]: fea554 : 0.0011
[2020-03-31 17:49:24,901]: fea959 : 0.0011
[2020-03-31 17:49:24,901]: fea762 : 0.0011
[2020-03-31 17:49:24,901]: fea903 : 0.0011
[2020-03-31 17:49:24,901]: fea742 : 0.0011
[2020-03-31 17:49:24,901]: fea735 : 0.0011
[2020-03-31 17:49:24,902]: fea657 : 0.0011
[2020-03-31 17:49:24,902]: fea733 : 0.0011
[2020-03-31 17:49:24,902]: fea701 : 0.0011
[2020-03-31 17:49:24,902]: fea899 : 0.0011
[2020-03-31 17:49:24,902]: fea692 : 0.0011
[2020-03-31 17:49:24,902]: fea655 : 0.0011
[2020-03-31 17:49:24,902]: fea660 : 0.0011
[2020-03-31 17:49:24,902]: fea697 : 0.0011
[2020-03-31 17:49:24,902]: fea730 : 0.0011
[2020-03-31 17:49:24,903]: fea756 : 0.0011
[2020-03-31 17:49:24,903]: fea542 : 0.0011
[2020-03-31 17:49:24,903]: fea992 : 0.0011
[2020-03-31 17:49:24,903]: fea731 : 0.0011
[2020-03-31 17:49:24,903]: fea670 : 0.0011
[2020-03-31 17:49:24,903]: fea598 : 0.0011
[2020-03-31 17:49:24,903]: fea728 : 0.0011
[2020-03-31 17:49:24,903]: fea623 : 0.0011
[2020-03-31 17:49:24,904]: fea560 : 0.0011
[2020-03-31 17:49:24,904]: fea549 : 0.0011
[2020-03-31 17:49:24,904]: fea719 : 0.0011
[2020-03-31 17:49:24,904]: fea556 : 0.0011
[2020-03-31 17:49:24,904]: fea718 : 0.0011
[2020-03-31 17:49:24,904]: fea526 : 0.0011
[2020-03-31 17:49:24,904]: fea581 : 0.0011
[2020-03-31 17:49:24,904]: fea561 : 0.0011
[2020-03-31 17:49:24,905]: fea617 : 0.0011
[2020-03-31 17:49:24,905]: fea563 : 0.0011
[2020-03-31 17:49:24,905]: fea601 : 0.0011
[2020-03-31 17:49:24,905]: fea677 : 0.0011
[2020-03-31 17:49:24,905]: fea562 : 0.0011
[2020-03-31 17:49:24,905]: fea686 : 0.0011
[2020-03-31 17:49:24,905]: fea758 : 0.0011
[2020-03-31 17:49:24,905]: fea675 : 0.0011
[2020-03-31 17:49:24,906]: fea769 : 0.0011
[2020-03-31 17:49:24,906]: fea751 : 0.0011
[2020-03-31 17:49:24,906]: fea683 : 0.0011
[2020-03-31 17:49:24,906]: fea602 : 0.0011
[2020-03-31 17:49:24,906]: fea956 : 0.0011
[2020-03-31 17:49:24,906]: fea732 : 0.0011
[2020-03-31 17:49:24,906]: fea328 : 0.0011
[2020-03-31 17:49:24,906]: fea704 : 0.0011
[2020-03-31 17:49:24,907]: fea714 : 0.0011
[2020-03-31 17:49:24,907]: fea518 : 0.0011
[2020-03-31 17:49:24,907]: fea673 : 0.0011
[2020-03-31 17:49:24,907]: fea717 : 0.0011
[2020-03-31 17:49:24,907]: fea659 : 0.0011
[2020-03-31 17:49:24,907]: fea573 : 0.0011
[2020-03-31 17:49:24,907]: fea546 : 0.0011
[2020-03-31 17:49:24,907]: fea667 : 0.0011
[2020-03-31 17:49:24,907]: fea575 : 0.0011
[2020-03-31 17:49:24,908]: fea803 : 0.0011
[2020-03-31 17:49:24,908]: fea695 : 0.0011
[2020-03-31 17:49:24,908]: fea712 : 0.0011
[2020-03-31 17:49:24,908]: fea685 : 0.0011
[2020-03-31 17:49:24,908]: fea288 : 0.0011
[2020-03-31 17:49:24,908]: fea517 : 0.0011
[2020-03-31 17:49:24,908]: fea754 : 0.0011
[2020-03-31 17:49:24,908]: fea940 : 0.0011
[2020-03-31 17:49:24,909]: fea625 : 0.0011
[2020-03-31 17:49:24,909]: fea676 : 0.0011
[2020-03-31 17:49:24,909]: fea513 : 0.0011
[2020-03-31 17:49:24,909]: fea566 : 0.0011
[2020-03-31 17:49:24,909]: fea533 : 0.0011
[2020-03-31 17:49:24,909]: fea734 : 0.0011
[2020-03-31 17:49:24,909]: fea637 : 0.0011
[2020-03-31 17:49:24,909]: fea270 : 0.0011
[2020-03-31 17:49:24,910]: fea705 : 0.0011
[2020-03-31 17:49:24,910]: fea224 : 0.0011
[2020-03-31 17:49:24,910]: fea679 : 0.0011
[2020-03-31 17:49:24,910]: fea768 : 0.0011
[2020-03-31 17:49:24,910]: fea603 : 0.0011
[2020-03-31 17:49:24,910]: fea559 : 0.0011
[2020-03-31 17:49:24,910]: fea950 : 0.0011
[2020-03-31 17:49:24,910]: fea580 : 0.0011
[2020-03-31 17:49:24,911]: fea946 : 0.0011
[2020-03-31 17:49:24,911]: fea766 : 0.0011
[2020-03-31 17:49:24,911]: fea530 : 0.0011
[2020-03-31 17:49:24,911]: fea926 : 0.0011
[2020-03-31 17:49:24,911]: fea694 : 0.0011
[2020-03-31 17:49:24,911]: fea619 : 0.0011
[2020-03-31 17:49:24,911]: fea633 : 0.0011
[2020-03-31 17:49:24,911]: fea955 : 0.0011
[2020-03-31 17:49:24,911]: fea612 : 0.0011
[2020-03-31 17:49:24,912]: fea958 : 0.0011
[2020-03-31 17:49:24,912]: fea588 : 0.0011
[2020-03-31 17:49:24,912]: fea643 : 0.0011
[2020-03-31 17:49:24,912]: fea543 : 0.0011
[2020-03-31 17:49:24,912]: fea746 : 0.0011
[2020-03-31 17:49:24,912]: fea765 : 0.0011
[2020-03-31 17:49:24,912]: fea226 : 0.0011
[2020-03-31 17:49:24,912]: fea745 : 0.0011
[2020-03-31 17:49:24,913]: fea689 : 0.0011
[2020-03-31 17:49:24,913]: fea574 : 0.0011
[2020-03-31 17:49:24,913]: fea678 : 0.0011
[2020-03-31 17:49:24,913]: fea51 : 0.0011
[2020-03-31 17:49:24,913]: fea662 : 0.0011
[2020-03-31 17:49:24,913]: fea565 : 0.0011
[2020-03-31 17:49:24,913]: fea760 : 0.0011
[2020-03-31 17:49:24,913]: fea755 : 0.0011
[2020-03-31 17:49:24,914]: fea595 : 0.0011
[2020-03-31 17:49:24,914]: fea541 : 0.0011
[2020-03-31 17:49:24,914]: fea761 : 0.0011
[2020-03-31 17:49:24,914]: fea558 : 0.0011
[2020-03-31 17:49:24,914]: fea722 : 0.0011
[2020-03-31 17:49:24,914]: fea935 : 0.0011
[2020-03-31 17:49:24,914]: fea234 : 0.0011
[2020-03-31 17:49:24,914]: fea564 : 0.0011
[2020-03-31 17:49:24,915]: fea680 : 0.0011
[2020-03-31 17:49:24,915]: fea547 : 0.0011
[2020-03-31 17:49:24,915]: fea736 : 0.0011
[2020-03-31 17:49:24,915]: fea713 : 0.0011
[2020-03-31 17:49:24,915]: fea696 : 0.0011
[2020-03-31 17:49:24,915]: fea759 : 0.0011
[2020-03-31 17:49:24,915]: fea934 : 0.0011
[2020-03-31 17:49:24,915]: fea519 : 0.0011
[2020-03-31 17:49:24,915]: fea798 : 0.0011
[2020-03-31 17:49:24,916]: fea528 : 0.0011
[2020-03-31 17:49:24,916]: fea568 : 0.0011
[2020-03-31 17:49:24,916]: fea296 : 0.0011
[2020-03-31 17:49:24,916]: fea671 : 0.0011
[2020-03-31 17:49:24,916]: fea567 : 0.0011
[2020-03-31 17:49:24,916]: fea651 : 0.0011
[2020-03-31 17:49:24,916]: fea523 : 0.0011
[2020-03-31 17:49:24,916]: fea273 : 0.0011
[2020-03-31 17:49:24,917]: fea557 : 0.0011
[2020-03-31 17:49:24,917]: fea669 : 0.0011
[2020-03-31 17:49:24,917]: fea529 : 0.0011
[2020-03-31 17:49:24,917]: fea740 : 0.0011
[2020-03-31 17:49:24,917]: fea607 : 0.0011
[2020-03-31 17:49:24,917]: fea611 : 0.0011
[2020-03-31 17:49:24,917]: fea591 : 0.0011
[2020-03-31 17:49:24,917]: fea32 : 0.0011
[2020-03-31 17:49:24,918]: fea292 : 0.0011
[2020-03-31 17:49:24,918]: fea749 : 0.0011
[2020-03-31 17:49:24,918]: fea666 : 0.0011
[2020-03-31 17:49:24,918]: fea1003 : 0.0011
[2020-03-31 17:49:24,918]: fea661 : 0.0011
[2020-03-31 17:49:24,918]: fea151 : 0.0011
[2020-03-31 17:49:24,918]: fea954 : 0.0011
[2020-03-31 17:49:24,918]: fea771 : 0.0011
[2020-03-31 17:49:24,919]: fea887 : 0.0011
[2020-03-31 17:49:24,919]: fea544 : 0.0011
[2020-03-31 17:49:24,919]: fea945 : 0.0011
[2020-03-31 17:49:24,919]: fea727 : 0.0011
[2020-03-31 17:49:24,919]: fea647 : 0.0011
[2020-03-31 17:49:24,919]: fea721 : 0.0011
[2020-03-31 17:49:24,919]: fea980 : 0.0011
[2020-03-31 17:49:24,919]: fea767 : 0.0011
[2020-03-31 17:49:24,919]: fea737 : 0.0011
[2020-03-31 17:49:24,920]: fea630 : 0.0011
[2020-03-31 17:49:24,920]: fea597 : 0.0011
[2020-03-31 17:49:24,920]: fea290 : 0.0011
[2020-03-31 17:49:24,920]: fea516 : 0.0011
[2020-03-31 17:49:24,920]: fea764 : 0.0011
[2020-03-31 17:49:24,920]: fea534 : 0.0011
[2020-03-31 17:49:24,920]: fea743 : 0.0011
[2020-03-31 17:49:24,920]: fea82 : 0.0011
[2020-03-31 17:49:24,921]: fea750 : 0.0011
[2020-03-31 17:49:24,921]: fea266 : 0.0011
[2020-03-31 17:49:24,921]: fea587 : 0.0011
[2020-03-31 17:49:24,921]: fea947 : 0.0011
[2020-03-31 17:49:24,921]: fea572 : 0.0011
[2020-03-31 17:49:24,921]: fea599 : 0.0011
[2020-03-31 17:49:24,921]: fea600 : 0.0011
[2020-03-31 17:49:24,921]: fea608 : 0.0011
[2020-03-31 17:49:24,922]: fea748 : 0.0011
[2020-03-31 17:49:24,922]: fea915 : 0.0011
[2020-03-31 17:49:24,922]: fea535 : 0.0011
[2020-03-31 17:49:24,922]: fea700 : 0.0011
[2020-03-31 17:49:24,922]: fea593 : 0.0011
[2020-03-31 17:49:24,922]: fea586 : 0.0011
[2020-03-31 17:49:24,922]: fea322 : 0.0011
[2020-03-31 17:49:24,922]: fea606 : 0.0011
[2020-03-31 17:49:24,923]: fea579 : 0.0011
[2020-03-31 17:49:24,923]: fea688 : 0.0011
[2020-03-31 17:49:24,923]: fea615 : 0.0011
[2020-03-31 17:49:24,923]: fea532 : 0.0011
[2020-03-31 17:49:24,923]: fea948 : 0.0011
[2020-03-31 17:49:24,923]: fea937 : 0.0011
[2020-03-31 17:49:24,923]: fea582 : 0.0011
[2020-03-31 17:49:24,923]: fea656 : 0.0011
[2020-03-31 17:49:24,923]: fea1000 : 0.0011
[2020-03-31 17:49:24,924]: fea654 : 0.0011
[2020-03-31 17:49:24,924]: fea614 : 0.0011
[2020-03-31 17:49:24,924]: fea295 : 0.0011
[2020-03-31 17:49:24,924]: fea747 : 0.0011
[2020-03-31 17:49:24,924]: fea220 : 0.0011
[2020-03-31 17:49:24,924]: fea196 : 0.0011
[2020-03-31 17:49:24,924]: fea649 : 0.0011
[2020-03-31 17:49:24,924]: fea850 : 0.0011
[2020-03-31 17:49:24,925]: fea185 : 0.0011
[2020-03-31 17:49:24,925]: fea522 : 0.0011
[2020-03-31 17:49:24,925]: fea902 : 0.0011
[2020-03-31 17:49:24,925]: fea912 : 0.0011
[2020-03-31 17:49:24,925]: fea836 : 0.0011
[2020-03-31 17:49:24,925]: fea40 : 0.0011
[2020-03-31 17:49:24,925]: 1023 : 0.0011
[2020-03-31 17:49:24,925]: fea882 : 0.0011
[2020-03-31 17:49:24,926]: fea524 : 0.0011
[2020-03-31 17:49:24,926]: fea631 : 0.0011
[2020-03-31 17:49:24,926]: fea708 : 0.0011
[2020-03-31 17:49:24,926]: fea994 : 0.0011
[2020-03-31 17:49:24,926]: fea942 : 0.0011
[2020-03-31 17:49:24,926]: fea512 : 0.0011
[2020-03-31 17:49:24,926]: fea163 : 0.0011
[2020-03-31 17:49:24,926]: fea702 : 0.0011
[2020-03-31 17:49:24,927]: fea933 : 0.0011
[2020-03-31 17:49:24,927]: fea618 : 0.0011
[2020-03-31 17:49:24,927]: fea783 : 0.0011
[2020-03-31 17:49:24,927]: fea949 : 0.0011
[2020-03-31 17:49:24,927]: fea632 : 0.0011
[2020-03-31 17:49:24,927]: fea703 : 0.0011
[2020-03-31 17:49:24,927]: fea626 : 0.0011
[2020-03-31 17:49:24,927]: fea928 : 0.0011
[2020-03-31 17:49:24,927]: fea548 : 0.0011
[2020-03-31 17:49:24,928]: fea594 : 0.0011
[2020-03-31 17:49:24,928]: fea525 : 0.0011
[2020-03-31 17:49:24,928]: fea536 : 0.0011
[2020-03-31 17:49:24,928]: fea908 : 0.0011
[2020-03-31 17:49:24,928]: fea509 : 0.0011
[2020-03-31 17:49:24,928]: fea8 : 0.0010
[2020-03-31 17:49:24,928]: fea452 : 0.0010
[2020-03-31 17:49:24,928]: fea233 : 0.0010
[2020-03-31 17:49:24,929]: fea43 : 0.0010
[2020-03-31 17:49:24,929]: fea1004 : 0.0010
[2020-03-31 17:49:24,929]: fea725 : 0.0010
[2020-03-31 17:49:24,929]: fea699 : 0.0010
[2020-03-31 17:49:24,929]: fea658 : 0.0010
[2020-03-31 17:49:24,929]: fea545 : 0.0010
[2020-03-31 17:49:24,929]: fea711 : 0.0010
[2020-03-31 17:49:24,929]: fea741 : 0.0010
[2020-03-31 17:49:24,930]: fea531 : 0.0010
[2020-03-31 17:49:24,930]: fea726 : 0.0010
[2020-03-31 17:49:24,930]: fea642 : 0.0010
[2020-03-31 17:49:24,930]: fea291 : 0.0010
[2020-03-31 17:49:24,930]: fea589 : 0.0010
[2020-03-31 17:49:24,930]: fea639 : 0.0010
[2020-03-31 17:49:24,930]: fea844 : 0.0010
[2020-03-31 17:49:24,930]: fea646 : 0.0010
[2020-03-31 17:49:24,931]: fea550 : 0.0010
[2020-03-31 17:49:24,931]: fea570 : 0.0010
[2020-03-31 17:49:24,931]: fea146 : 0.0010
[2020-03-31 17:49:24,931]: fea941 : 0.0010
[2020-03-31 17:49:24,931]: fea553 : 0.0010
[2020-03-31 17:49:24,931]: fea957 : 0.0010
[2020-03-31 17:49:24,931]: fea621 : 0.0010
[2020-03-31 17:49:24,931]: fea753 : 0.0010
[2020-03-31 17:49:24,931]: fea724 : 0.0010
[2020-03-31 17:49:24,932]: fea780 : 0.0010
[2020-03-31 17:49:24,932]: fea571 : 0.0010
[2020-03-31 17:49:24,932]: fea537 : 0.0010
[2020-03-31 17:49:24,932]: fea810 : 0.0010
[2020-03-31 17:49:24,932]: fea818 : 0.0010
[2020-03-31 17:49:24,932]: fea777 : 0.0010
[2020-03-31 17:49:24,932]: fea382 : 0.0010
[2020-03-31 17:49:24,932]: fea898 : 0.0010
[2020-03-31 17:49:24,932]: fea590 : 0.0010
[2020-03-31 17:49:24,933]: fea463 : 0.0010
[2020-03-31 17:49:24,933]: fea103 : 0.0010
[2020-03-31 17:49:24,933]: fea427 : 0.0010
[2020-03-31 17:49:24,933]: fea159 : 0.0010
[2020-03-31 17:49:24,933]: fea663 : 0.0010
[2020-03-31 17:49:24,933]: fea833 : 0.0010
[2020-03-31 17:49:24,933]: fea85 : 0.0010
[2020-03-31 17:49:24,933]: fea470 : 0.0010
[2020-03-31 17:49:24,933]: fea613 : 0.0010
[2020-03-31 17:49:24,933]: fea232 : 0.0010
[2020-03-31 17:49:24,933]: fea723 : 0.0010
[2020-03-31 17:49:24,934]: fea974 : 0.0010
[2020-03-31 17:49:24,934]: fea421 : 0.0010
[2020-03-31 17:49:24,934]: fea837 : 0.0010
[2020-03-31 17:49:24,934]: fea64 : 0.0010
[2020-03-31 17:49:24,934]: fea778 : 0.0010
[2020-03-31 17:49:24,934]: fea987 : 0.0010
[2020-03-31 17:49:24,934]: fea30 : 0.0010
[2020-03-31 17:49:24,934]: fea826 : 0.0010
[2020-03-31 17:49:24,934]: fea88 : 0.0010
[2020-03-31 17:49:24,934]: fea254 : 0.0010
[2020-03-31 17:49:24,934]: fea871 : 0.0010
[2020-03-31 17:49:24,935]: fea804 : 0.0010
[2020-03-31 17:49:24,935]: fea36 : 0.0010
[2020-03-31 17:49:24,935]: fea143 : 0.0010
[2020-03-31 17:49:24,935]: fea881 : 0.0010
[2020-03-31 17:49:24,935]: fea139 : 0.0010
[2020-03-31 17:49:24,935]: fea207 : 0.0010
[2020-03-31 17:49:24,935]: fea458 : 0.0010
[2020-03-31 17:49:24,935]: fea107 : 0.0010
[2020-03-31 17:49:24,935]: fea66 : 0.0010
[2020-03-31 17:49:24,935]: fea174 : 0.0010
[2020-03-31 17:49:24,936]: fea897 : 0.0010
[2020-03-31 17:49:24,936]: fea415 : 0.0010
[2020-03-31 17:49:24,936]: fea390 : 0.0010
[2020-03-31 17:49:24,936]: fea830 : 0.0010
[2020-03-31 17:49:24,936]: fea231 : 0.0010
[2020-03-31 17:49:24,936]: fea115 : 0.0010
[2020-03-31 17:49:24,936]: fea447 : 0.0010
[2020-03-31 17:49:24,936]: fea11 : 0.0010
[2020-03-31 17:49:24,936]: fea386 : 0.0010
[2020-03-31 17:49:24,936]: fea493 : 0.0010
[2020-03-31 17:49:24,937]: fea920 : 0.0010
[2020-03-31 17:49:24,937]: fea1001 : 0.0010
[2020-03-31 17:49:24,937]: fea1018 : 0.0010
[2020-03-31 17:49:24,937]: fea244 : 0.0010
[2020-03-31 17:49:24,937]: fea429 : 0.0010
[2020-03-31 17:49:24,937]: fea79 : 0.0010
[2020-03-31 17:49:24,937]: fea321 : 0.0010
[2020-03-31 17:49:24,937]: fea375 : 0.0010
[2020-03-31 17:49:24,937]: fea170 : 0.0010
[2020-03-31 17:49:24,937]: fea335 : 0.0010
[2020-03-31 17:49:24,937]: fea326 : 0.0010
[2020-03-31 17:49:24,938]: fea444 : 0.0010
[2020-03-31 17:49:24,938]: fea80 : 0.0010
[2020-03-31 17:49:24,938]: fea31 : 0.0010
[2020-03-31 17:49:24,938]: fea379 : 0.0010
[2020-03-31 17:49:24,938]: fea998 : 0.0010
[2020-03-31 17:49:24,938]: fea199 : 0.0010
[2020-03-31 17:49:24,938]: fea462 : 0.0009
[2020-03-31 17:49:24,938]: fea917 : 0.0009
[2020-03-31 17:49:24,938]: fea134 : 0.0009
[2020-03-31 17:49:24,938]: fea216 : 0.0009
[2020-03-31 17:49:24,939]: fea944 : 0.0009
[2020-03-31 17:49:24,939]: fea58 : 0.0009
[2020-03-31 17:49:24,939]: fea385 : 0.0009
[2020-03-31 17:49:24,939]: fea172 : 0.0009
[2020-03-31 17:49:24,939]: fea800 : 0.0009
[2020-03-31 17:49:24,939]: fea190 : 0.0009
[2020-03-31 17:49:24,939]: fea650 : 0.0009
[2020-03-31 17:49:24,939]: fea95 : 0.0009
[2020-03-31 17:49:24,939]: fea426 : 0.0009
[2020-03-31 17:49:24,939]: fea496 : 0.0009
[2020-03-31 17:49:24,939]: fea381 : 0.0009
[2020-03-31 17:49:24,940]: fea900 : 0.0009
[2020-03-31 17:49:24,940]: fea223 : 0.0009
[2020-03-31 17:49:24,940]: fea260 : 0.0009
[2020-03-31 17:49:24,940]: fea802 : 0.0009
[2020-03-31 17:49:24,940]: fea868 : 0.0009
[2020-03-31 17:49:24,940]: fea847 : 0.0009
[2020-03-31 17:49:24,940]: fea211 : 0.0009
[2020-03-31 17:49:24,940]: fea39 : 0.0009
[2020-03-31 17:49:24,940]: fea710 : 0.0009
[2020-03-31 17:49:24,940]: fea21 : 0.0009
[2020-03-31 17:49:24,941]: fea424 : 0.0009
[2020-03-31 17:49:24,941]: fea473 : 0.0009
[2020-03-31 17:49:24,941]: fea242 : 0.0009
[2020-03-31 17:49:24,941]: fea829 : 0.0009
[2020-03-31 17:49:24,941]: fea875 : 0.0009
[2020-03-31 17:49:24,941]: fea201 : 0.0009
[2020-03-31 17:49:24,941]: fea835 : 0.0009
[2020-03-31 17:49:24,941]: fea585 : 0.0009
[2020-03-31 17:49:24,941]: fea187 : 0.0009
[2020-03-31 17:49:24,941]: fea380 : 0.0009
[2020-03-31 17:49:24,941]: fea874 : 0.0009
[2020-03-31 17:49:24,942]: fea845 : 0.0009
[2020-03-31 17:49:24,942]: fea893 : 0.0009
[2020-03-31 17:49:24,942]: fea428 : 0.0009
[2020-03-31 17:49:24,942]: fea451 : 0.0009
[2020-03-31 17:49:24,942]: fea119 : 0.0009
[2020-03-31 17:49:24,942]: fea438 : 0.0009
[2020-03-31 17:49:24,942]: fea369 : 0.0009
[2020-03-31 17:49:24,942]: fea774 : 0.0009
[2020-03-31 17:49:24,942]: fea182 : 0.0009
[2020-03-31 17:49:24,942]: fea22 : 0.0009
[2020-03-31 17:49:24,943]: fea69 : 0.0009
[2020-03-31 17:49:24,943]: fea324 : 0.0009
[2020-03-31 17:49:24,943]: fea508 : 0.0009
[2020-03-31 17:49:24,943]: fea48 : 0.0009
[2020-03-31 17:49:24,943]: fea510 : 0.0009
[2020-03-31 17:49:24,943]: fea772 : 0.0009
[2020-03-31 17:49:24,943]: fea42 : 0.0009
[2020-03-31 17:49:24,943]: fea155 : 0.0009
[2020-03-31 17:49:24,943]: fea864 : 0.0009
[2020-03-31 17:49:24,943]: fea629 : 0.0009
[2020-03-31 17:49:24,943]: fea437 : 0.0009
[2020-03-31 17:49:24,944]: fea90 : 0.0009
[2020-03-31 17:49:24,944]: fea863 : 0.0009
[2020-03-31 17:49:24,944]: fea116 : 0.0009
[2020-03-31 17:49:24,944]: fea331 : 0.0009
[2020-03-31 17:49:24,944]: fea877 : 0.0009
[2020-03-31 17:49:24,944]: fea961 : 0.0009
[2020-03-31 17:49:24,944]: fea425 : 0.0009
[2020-03-31 17:49:24,944]: fea272 : 0.0009
[2020-03-31 17:49:24,944]: fea905 : 0.0009
[2020-03-31 17:49:24,944]: fea823 : 0.0009
[2020-03-31 17:49:24,945]: fea995 : 0.0009
[2020-03-31 17:49:24,945]: fea101 : 0.0009
[2020-03-31 17:49:24,945]: fea383 : 0.0009
[2020-03-31 17:49:24,945]: fea781 : 0.0009
[2020-03-31 17:49:24,945]: fea418 : 0.0009
[2020-03-31 17:49:24,945]: fea310 : 0.0009
[2020-03-31 17:49:24,945]: fea776 : 0.0009
[2020-03-31 17:49:24,945]: fea367 : 0.0009
[2020-03-31 17:49:24,945]: fea215 : 0.0009
[2020-03-31 17:49:24,945]: fea33 : 0.0009
[2020-03-31 17:49:24,946]: fea349 : 0.0009
[2020-03-31 17:49:24,946]: fea350 : 0.0009
[2020-03-31 17:49:24,946]: fea213 : 0.0009
[2020-03-31 17:49:24,946]: fea54 : 0.0009
[2020-03-31 17:49:24,946]: fea1011 : 0.0009
[2020-03-31 17:49:24,946]: fea459 : 0.0009
[2020-03-31 17:49:24,946]: fea249 : 0.0009
[2020-03-31 17:49:24,946]: fea482 : 0.0009
[2020-03-31 17:49:24,946]: fea339 : 0.0009
[2020-03-31 17:49:24,946]: fea246 : 0.0009
[2020-03-31 17:49:24,946]: fea203 : 0.0009
[2020-03-31 17:49:24,947]: fea411 : 0.0009
[2020-03-31 17:49:24,947]: fea498 : 0.0009
[2020-03-31 17:49:24,947]: fea314 : 0.0009
[2020-03-31 17:49:24,947]: fea921 : 0.0009
[2020-03-31 17:49:24,947]: fea94 : 0.0009
[2020-03-31 17:49:24,947]: fea788 : 0.0009
[2020-03-31 17:49:24,947]: fea261 : 0.0009
[2020-03-31 17:49:24,947]: fea838 : 0.0009
[2020-03-31 17:49:24,947]: fea283 : 0.0009
[2020-03-31 17:49:24,947]: fea938 : 0.0009
[2020-03-31 17:49:24,947]: fea773 : 0.0009
[2020-03-31 17:49:24,948]: fea978 : 0.0009
[2020-03-31 17:49:24,948]: fea394 : 0.0009
[2020-03-31 17:49:24,948]: fea89 : 0.0009
[2020-03-31 17:49:24,948]: fea436 : 0.0009
[2020-03-31 17:49:24,948]: fea239 : 0.0009
[2020-03-31 17:49:24,948]: fea332 : 0.0009
[2020-03-31 17:49:24,948]: fea124 : 0.0009
[2020-03-31 17:49:24,948]: fea230 : 0.0009
[2020-03-31 17:49:24,948]: fea857 : 0.0009
[2020-03-31 17:49:24,949]: fea976 : 0.0009
[2020-03-31 17:49:24,949]: fea61 : 0.0009
[2020-03-31 17:49:24,949]: fea808 : 0.0009
[2020-03-31 17:49:24,949]: fea200 : 0.0009
[2020-03-31 17:49:24,949]: fea41 : 0.0009
[2020-03-31 17:49:24,949]: fea198 : 0.0009
[2020-03-31 17:49:24,949]: fea161 : 0.0009
[2020-03-31 17:49:24,949]: fea38 : 0.0009
[2020-03-31 17:49:24,949]: fea409 : 0.0009
[2020-03-31 17:49:24,949]: fea801 : 0.0009
[2020-03-31 17:49:24,949]: fea971 : 0.0009
[2020-03-31 17:49:24,950]: fea973 : 0.0009
[2020-03-31 17:49:24,950]: fea287 : 0.0009
[2020-03-31 17:49:24,950]: fea387 : 0.0009
[2020-03-31 17:49:24,950]: fea825 : 0.0009
[2020-03-31 17:49:24,950]: fea988 : 0.0009
[2020-03-31 17:49:24,950]: fea860 : 0.0009
[2020-03-31 17:49:24,950]: fea25 : 0.0009
[2020-03-31 17:49:24,950]: fea78 : 0.0009
[2020-03-31 17:49:24,950]: fea985 : 0.0009
[2020-03-31 17:49:24,950]: fea340 : 0.0009
[2020-03-31 17:49:24,951]: fea922 : 0.0009
[2020-03-31 17:49:24,951]: fea240 : 0.0009
[2020-03-31 17:49:24,951]: fea4 : 0.0009
[2020-03-31 17:49:24,951]: fea309 : 0.0009
[2020-03-31 17:49:24,951]: fea269 : 0.0009
[2020-03-31 17:49:24,951]: fea176 : 0.0009
[2020-03-31 17:49:24,951]: fea853 : 0.0009
[2020-03-31 17:49:24,951]: fea248 : 0.0009
[2020-03-31 17:49:24,952]: fea465 : 0.0009
[2020-03-31 17:49:24,952]: fea389 : 0.0009
[2020-03-31 17:49:24,952]: fea162 : 0.0009
[2020-03-31 17:49:24,952]: fea709 : 0.0009
[2020-03-31 17:49:24,952]: fea47 : 0.0009
[2020-03-31 17:49:24,952]: fea486 : 0.0009
[2020-03-31 17:49:24,952]: fea345 : 0.0009
[2020-03-31 17:49:24,952]: fea106 : 0.0009
[2020-03-31 17:49:24,953]: fea620 : 0.0009
[2020-03-31 17:49:24,953]: fea93 : 0.0009
[2020-03-31 17:49:24,953]: fea297 : 0.0009
[2020-03-31 17:49:24,953]: fea275 : 0.0009
[2020-03-31 17:49:24,953]: fea866 : 0.0009
[2020-03-31 17:49:24,953]: fea245 : 0.0009
[2020-03-31 17:49:24,953]: fea337 : 0.0009
[2020-03-31 17:49:24,953]: fea125 : 0.0009
[2020-03-31 17:49:24,953]: fea839 : 0.0009
[2020-03-31 17:49:24,954]: fea503 : 0.0009
[2020-03-31 17:49:24,954]: fea388 : 0.0009
[2020-03-31 17:49:24,954]: fea448 : 0.0009
[2020-03-31 17:49:24,954]: fea986 : 0.0009
[2020-03-31 17:49:24,954]: fea113 : 0.0009
[2020-03-31 17:49:24,954]: fea1013 : 0.0009
[2020-03-31 17:49:24,954]: fea16 : 0.0009
[2020-03-31 17:49:24,954]: fea506 : 0.0009
[2020-03-31 17:49:24,955]: fea105 : 0.0009
[2020-03-31 17:49:24,955]: fea401 : 0.0009
[2020-03-31 17:49:24,955]: fea481 : 0.0009
[2020-03-31 17:49:24,955]: fea144 : 0.0009
[2020-03-31 17:49:24,955]: fea338 : 0.0009
[2020-03-31 17:49:24,955]: fea414 : 0.0009
[2020-03-31 17:49:24,955]: fea504 : 0.0009
[2020-03-31 17:49:24,955]: fea479 : 0.0009
[2020-03-31 17:49:24,956]: fea65 : 0.0009
[2020-03-31 17:49:24,956]: fea1 : 0.0009
[2020-03-31 17:49:24,956]: fea1002 : 0.0009
[2020-03-31 17:49:24,956]: fea293 : 0.0009
[2020-03-31 17:49:24,956]: fea111 : 0.0009
[2020-03-31 17:49:24,956]: fea779 : 0.0009
[2020-03-31 17:49:24,956]: fea904 : 0.0009
[2020-03-31 17:49:24,956]: fea325 : 0.0009
[2020-03-31 17:49:24,957]: fea165 : 0.0009
[2020-03-31 17:49:24,957]: fea471 : 0.0009
[2020-03-31 17:49:24,957]: fea822 : 0.0009
[2020-03-31 17:49:24,957]: fea263 : 0.0009
[2020-03-31 17:49:24,957]: fea317 : 0.0009
[2020-03-31 17:49:24,957]: fea809 : 0.0009
[2020-03-31 17:49:24,957]: fea120 : 0.0009
[2020-03-31 17:49:24,957]: fea37 : 0.0009
[2020-03-31 17:49:24,957]: fea423 : 0.0009
[2020-03-31 17:49:24,958]: fea104 : 0.0009
[2020-03-31 17:49:24,958]: fea443 : 0.0009
[2020-03-31 17:49:24,958]: fea624 : 0.0009
[2020-03-31 17:49:24,958]: fea832 : 0.0009
[2020-03-31 17:49:24,958]: fea123 : 0.0009
[2020-03-31 17:49:24,958]: fea250 : 0.0009
[2020-03-31 17:49:24,958]: fea346 : 0.0009
[2020-03-31 17:49:24,958]: fea122 : 0.0009
[2020-03-31 17:49:24,959]: fea268 : 0.0009
[2020-03-31 17:49:24,959]: fea1008 : 0.0009
[2020-03-31 17:49:24,959]: fea979 : 0.0009
[2020-03-31 17:49:24,959]: fea55 : 0.0009
[2020-03-31 17:49:24,959]: fea1014 : 0.0009
[2020-03-31 17:49:24,959]: fea872 : 0.0009
[2020-03-31 17:49:24,959]: fea141 : 0.0009
[2020-03-31 17:49:24,959]: fea507 : 0.0009
[2020-03-31 17:49:24,960]: fea142 : 0.0009
[2020-03-31 17:49:24,960]: fea279 : 0.0009
[2020-03-31 17:49:24,960]: fea109 : 0.0009
[2020-03-31 17:49:24,960]: fea285 : 0.0009
[2020-03-31 17:49:24,960]: fea100 : 0.0009
[2020-03-31 17:49:24,960]: fea420 : 0.0009
[2020-03-31 17:49:24,960]: fea896 : 0.0009
[2020-03-31 17:49:24,960]: fea901 : 0.0009
[2020-03-31 17:49:24,960]: fea1015 : 0.0009
[2020-03-31 17:49:24,961]: fea416 : 0.0009
[2020-03-31 17:49:24,961]: fea357 : 0.0009
[2020-03-31 17:49:24,961]: fea302 : 0.0009
[2020-03-31 17:49:24,961]: fea13 : 0.0009
[2020-03-31 17:49:24,961]: fea2 : 0.0009
[2020-03-31 17:49:24,961]: fea351 : 0.0009
[2020-03-31 17:49:24,961]: fea241 : 0.0009
[2020-03-31 17:49:24,961]: fea278 : 0.0009
[2020-03-31 17:49:24,962]: fea135 : 0.0009
[2020-03-31 17:49:24,962]: fea499 : 0.0009
[2020-03-31 17:49:24,962]: fea157 : 0.0009
[2020-03-31 17:49:24,962]: fea19 : 0.0009
[2020-03-31 17:49:24,962]: fea889 : 0.0009
[2020-03-31 17:49:24,962]: fea75 : 0.0009
[2020-03-31 17:49:24,962]: fea919 : 0.0009
[2020-03-31 17:49:24,962]: fea227 : 0.0009
[2020-03-31 17:49:24,963]: fea45 : 0.0009
[2020-03-31 17:49:24,963]: fea24 : 0.0009
[2020-03-31 17:49:24,963]: fea323 : 0.0009
[2020-03-31 17:49:24,963]: fea179 : 0.0009
[2020-03-31 17:49:24,963]: fea76 : 0.0009
[2020-03-31 17:49:24,963]: fea873 : 0.0009
[2020-03-31 17:49:24,963]: fea453 : 0.0009
[2020-03-31 17:49:24,963]: fea237 : 0.0009
[2020-03-31 17:49:24,963]: fea96 : 0.0009
[2020-03-31 17:49:24,964]: fea480 : 0.0009
[2020-03-31 17:49:24,964]: fea497 : 0.0009
[2020-03-31 17:49:24,964]: fea169 : 0.0009
[2020-03-31 17:49:24,964]: fea366 : 0.0009
[2020-03-31 17:49:24,964]: fea7 : 0.0009
[2020-03-31 17:49:24,964]: fea210 : 0.0009
[2020-03-31 17:49:24,964]: fea147 : 0.0009
[2020-03-31 17:49:24,964]: fea5 : 0.0009
[2020-03-31 17:49:24,965]: fea271 : 0.0009
[2020-03-31 17:49:24,965]: fea365 : 0.0009
[2020-03-31 17:49:24,965]: fea177 : 0.0009
[2020-03-31 17:49:24,965]: fea407 : 0.0009
[2020-03-31 17:49:24,965]: fea354 : 0.0009
[2020-03-31 17:49:24,965]: fea821 : 0.0009
[2020-03-31 17:49:24,965]: fea371 : 0.0009
[2020-03-31 17:49:24,965]: fea164 : 0.0009
[2020-03-31 17:49:24,966]: fea359 : 0.0009
[2020-03-31 17:49:24,966]: fea972 : 0.0009
[2020-03-31 17:49:24,966]: fea502 : 0.0009
[2020-03-31 17:49:24,966]: fea361 : 0.0009
[2020-03-31 17:49:24,966]: fea131 : 0.0009
[2020-03-31 17:49:24,966]: fea235 : 0.0009
[2020-03-31 17:49:24,966]: fea775 : 0.0009
[2020-03-31 17:49:24,966]: fea171 : 0.0009
[2020-03-31 17:49:24,967]: fea840 : 0.0009
[2020-03-31 17:49:24,967]: fea455 : 0.0009
[2020-03-31 17:49:24,967]: fea197 : 0.0009
[2020-03-31 17:49:24,967]: fea965 : 0.0009
[2020-03-31 17:49:24,967]: fea977 : 0.0009
[2020-03-31 17:49:24,967]: fea9 : 0.0009
[2020-03-31 17:49:24,967]: fea1006 : 0.0009
[2020-03-31 17:49:24,967]: fea23 : 0.0009
[2020-03-31 17:49:24,967]: fea348 : 0.0009
[2020-03-31 17:49:24,968]: fea494 : 0.0009
[2020-03-31 17:49:24,968]: fea26 : 0.0009
[2020-03-31 17:49:24,968]: fea98 : 0.0009
[2020-03-31 17:49:24,968]: fea450 : 0.0009
[2020-03-31 17:49:24,968]: fea194 : 0.0009
[2020-03-31 17:49:24,968]: fea787 : 0.0009
[2020-03-31 17:49:24,968]: fea229 : 0.0009
[2020-03-31 17:49:24,968]: fea793 : 0.0009
[2020-03-31 17:49:24,969]: fea962 : 0.0009
[2020-03-31 17:49:24,969]: fea277 : 0.0009
[2020-03-31 17:49:24,969]: fea208 : 0.0009
[2020-03-31 17:49:24,969]: fea855 : 0.0009
[2020-03-31 17:49:24,969]: fea807 : 0.0009
[2020-03-31 17:49:24,969]: fea221 : 0.0009
[2020-03-31 17:49:24,969]: fea114 : 0.0009
[2020-03-31 17:49:24,969]: fea315 : 0.0009
[2020-03-31 17:49:24,970]: fea313 : 0.0009
[2020-03-31 17:49:24,970]: fea483 : 0.0009
[2020-03-31 17:49:24,970]: fea145 : 0.0009
[2020-03-31 17:49:24,970]: fea967 : 0.0009
[2020-03-31 17:49:24,970]: fea858 : 0.0009
[2020-03-31 17:49:24,970]: fea376 : 0.0009
[2020-03-31 17:49:24,970]: fea320 : 0.0009
[2020-03-31 17:49:24,970]: fea384 : 0.0009
[2020-03-31 17:49:24,971]: fea461 : 0.0009
[2020-03-31 17:49:24,971]: fea792 : 0.0009
[2020-03-31 17:49:24,971]: fea1005 : 0.0009
[2020-03-31 17:49:24,971]: fea284 : 0.0009
[2020-03-31 17:49:24,971]: fea336 : 0.0009
[2020-03-31 17:49:24,971]: fea311 : 0.0009
[2020-03-31 17:49:24,971]: fea294 : 0.0009
[2020-03-31 17:49:24,971]: fea156 : 0.0009
[2020-03-31 17:49:24,971]: fea782 : 0.0009
[2020-03-31 17:49:24,972]: fea15 : 0.0009
[2020-03-31 17:49:24,972]: fea996 : 0.0009
[2020-03-31 17:49:24,972]: fea87 : 0.0009
[2020-03-31 17:49:24,972]: fea984 : 0.0009
[2020-03-31 17:49:24,972]: fea770 : 0.0009
[2020-03-31 17:49:24,972]: fea173 : 0.0009
[2020-03-31 17:49:24,972]: fea334 : 0.0009
[2020-03-31 17:49:24,972]: fea148 : 0.0009
[2020-03-31 17:49:24,973]: fea341 : 0.0009
[2020-03-31 17:49:24,973]: fea152 : 0.0009
[2020-03-31 17:49:24,973]: fea441 : 0.0009
[2020-03-31 17:49:24,973]: fea851 : 0.0009
[2020-03-31 17:49:24,973]: fea191 : 0.0009
[2020-03-31 17:49:24,973]: fea92 : 0.0009
[2020-03-31 17:49:24,973]: fea140 : 0.0009
[2020-03-31 17:49:24,973]: fea360 : 0.0009
[2020-03-31 17:49:24,974]: fea344 : 0.0009
[2020-03-31 17:49:24,974]: fea841 : 0.0009
[2020-03-31 17:49:24,974]: fea892 : 0.0009
[2020-03-31 17:49:24,974]: fea356 : 0.0009
[2020-03-31 17:49:24,974]: fea243 : 0.0009
[2020-03-31 17:49:24,974]: fea445 : 0.0009
[2020-03-31 17:49:24,974]: fea333 : 0.0009
[2020-03-31 17:49:24,974]: fea487 : 0.0009
[2020-03-31 17:49:24,974]: fea814 : 0.0009
[2020-03-31 17:49:24,975]: fea925 : 0.0009
[2020-03-31 17:49:24,975]: fea964 : 0.0009
[2020-03-31 17:49:24,975]: fea118 : 0.0009
[2020-03-31 17:49:24,975]: fea876 : 0.0009
[2020-03-31 17:49:24,975]: fea891 : 0.0009
[2020-03-31 17:49:24,975]: fea225 : 0.0009
[2020-03-31 17:49:24,975]: fea257 : 0.0009
[2020-03-31 17:49:24,975]: fea442 : 0.0009
[2020-03-31 17:49:24,976]: fea372 : 0.0009
[2020-03-31 17:49:24,976]: fea989 : 0.0009
[2020-03-31 17:49:24,976]: fea911 : 0.0009
[2020-03-31 17:49:24,976]: fea440 : 0.0009
[2020-03-31 17:49:24,976]: fea419 : 0.0009
[2020-03-31 17:49:24,976]: fea422 : 0.0009
[2020-03-31 17:49:24,976]: fea316 : 0.0009
[2020-03-31 17:49:24,976]: fea158 : 0.0009
[2020-03-31 17:49:24,977]: fea880 : 0.0009
[2020-03-31 17:49:24,977]: fea251 : 0.0009
[2020-03-31 17:49:24,977]: fea236 : 0.0009
[2020-03-31 17:49:24,977]: fea71 : 0.0009
[2020-03-31 17:49:24,977]: fea796 : 0.0009
[2020-03-31 17:49:24,977]: fea405 : 0.0009
[2020-03-31 17:49:24,977]: fea353 : 0.0009
[2020-03-31 17:49:24,977]: fea402 : 0.0009
[2020-03-31 17:49:24,977]: fea916 : 0.0009
[2020-03-31 17:49:24,978]: fea70 : 0.0009
[2020-03-31 17:49:24,978]: fea435 : 0.0009
[2020-03-31 17:49:24,978]: fea304 : 0.0009
[2020-03-31 17:49:24,978]: fea44 : 0.0009
[2020-03-31 17:49:24,978]: fea963 : 0.0009
[2020-03-31 17:49:24,978]: fea222 : 0.0009
[2020-03-31 17:49:24,978]: fea476 : 0.0009
[2020-03-31 17:49:24,978]: fea28 : 0.0009
[2020-03-31 17:49:24,979]: fea128 : 0.0009
[2020-03-31 17:49:24,979]: fea205 : 0.0009
[2020-03-31 17:49:24,979]: fea886 : 0.0009
[2020-03-31 17:49:24,979]: fea454 : 0.0009
[2020-03-31 17:49:24,979]: fea846 : 0.0009
[2020-03-31 17:49:24,979]: fea180 : 0.0009
[2020-03-31 17:49:24,979]: fea815 : 0.0009
[2020-03-31 17:49:24,979]: fea217 : 0.0009
[2020-03-31 17:49:24,980]: fea475 : 0.0009
[2020-03-31 17:49:24,980]: fea67 : 0.0009
[2020-03-31 17:49:24,980]: fea281 : 0.0009
[2020-03-31 17:49:24,980]: fea378 : 0.0009
[2020-03-31 17:49:24,980]: fea127 : 0.0009
[2020-03-31 17:49:24,980]: fea852 : 0.0009
[2020-03-31 17:49:24,980]: fea108 : 0.0009
[2020-03-31 17:49:24,980]: fea255 : 0.0009
[2020-03-31 17:49:24,981]: fea785 : 0.0009
[2020-03-31 17:49:24,981]: fea60 : 0.0009
[2020-03-31 17:49:24,981]: fea991 : 0.0009
[2020-03-31 17:49:24,981]: fea56 : 0.0009
[2020-03-31 17:49:24,981]: fea474 : 0.0009
[2020-03-31 17:49:24,981]: fea495 : 0.0009
[2020-03-31 17:49:24,981]: fea192 : 0.0009
[2020-03-31 17:49:24,981]: fea84 : 0.0009
[2020-03-31 17:49:24,981]: fea834 : 0.0009
[2020-03-31 17:49:24,982]: fea848 : 0.0009
[2020-03-31 17:49:24,982]: fea10 : 0.0009
[2020-03-31 17:49:24,982]: fea918 : 0.0009
[2020-03-31 17:49:24,982]: fea282 : 0.0009
[2020-03-31 17:49:24,982]: fea799 : 0.0009
[2020-03-31 17:49:24,982]: fea18 : 0.0009
[2020-03-31 17:49:24,982]: fea218 : 0.0009
[2020-03-31 17:49:24,982]: fea879 : 0.0009
[2020-03-31 17:49:24,983]: fea828 : 0.0009
[2020-03-31 17:49:24,983]: fea150 : 0.0009
[2020-03-31 17:49:24,983]: fea299 : 0.0009
[2020-03-31 17:49:24,983]: fea112 : 0.0009
[2020-03-31 17:49:24,983]: fea168 : 0.0009
[2020-03-31 17:49:24,983]: fea81 : 0.0009
[2020-03-31 17:49:24,983]: fea83 : 0.0009
[2020-03-31 17:49:24,983]: fea391 : 0.0009
[2020-03-31 17:49:24,983]: fea91 : 0.0009
[2020-03-31 17:49:24,984]: fea1022 : 0.0009
[2020-03-31 17:49:24,984]: fea300 : 0.0009
[2020-03-31 17:49:24,984]: fea306 : 0.0009
[2020-03-31 17:49:24,984]: fea395 : 0.0009
[2020-03-31 17:49:24,984]: fea86 : 0.0009
[2020-03-31 17:49:24,984]: fea136 : 0.0009
[2020-03-31 17:49:24,984]: fea398 : 0.0009
[2020-03-31 17:49:24,984]: fea193 : 0.0009
[2020-03-31 17:49:24,985]: fea252 : 0.0009
[2020-03-31 17:49:24,985]: fea186 : 0.0009
[2020-03-31 17:49:24,985]: fea73 : 0.0009
[2020-03-31 17:49:24,985]: fea258 : 0.0009
[2020-03-31 17:49:24,985]: fea265 : 0.0009
[2020-03-31 17:49:24,985]: fea795 : 0.0009
[2020-03-31 17:49:24,985]: fea862 : 0.0009
[2020-03-31 17:49:24,985]: fea854 : 0.0009
[2020-03-31 17:49:24,986]: fea178 : 0.0009
[2020-03-31 17:49:24,986]: fea57 : 0.0009
[2020-03-31 17:49:24,986]: fea129 : 0.0009
[2020-03-31 17:49:24,986]: fea456 : 0.0009
[2020-03-31 17:49:24,986]: fea308 : 0.0009
[2020-03-31 17:49:24,986]: fea358 : 0.0009
[2020-03-31 17:49:24,986]: fea312 : 0.0009
[2020-03-31 17:49:24,986]: fea467 : 0.0009
[2020-03-31 17:49:24,987]: fea861 : 0.0009
[2020-03-31 17:49:24,987]: fea460 : 0.0009
[2020-03-31 17:49:24,987]: fea890 : 0.0009
[2020-03-31 17:49:24,987]: fea74 : 0.0009
[2020-03-31 17:49:24,987]: fea301 : 0.0009
[2020-03-31 17:49:24,987]: fea160 : 0.0009
[2020-03-31 17:49:24,987]: fea1017 : 0.0009
[2020-03-31 17:49:24,987]: fea50 : 0.0009
[2020-03-31 17:49:24,987]: fea368 : 0.0009
[2020-03-31 17:49:24,988]: fea68 : 0.0009
[2020-03-31 17:49:24,988]: fea477 : 0.0009
[2020-03-31 17:49:24,988]: fea102 : 0.0009
[2020-03-31 17:49:24,988]: fea137 : 0.0009
[2020-03-31 17:49:24,988]: fea431 : 0.0009
[2020-03-31 17:49:24,988]: fea318 : 0.0009
[2020-03-31 17:49:24,988]: fea286 : 0.0009
[2020-03-31 17:49:24,988]: fea511 : 0.0009
[2020-03-31 17:49:24,989]: fea184 : 0.0009
[2020-03-31 17:49:24,989]: fea99 : 0.0009
[2020-03-31 17:49:24,989]: fea110 : 0.0009
[2020-03-31 17:49:24,989]: fea289 : 0.0009
[2020-03-31 17:49:24,989]: fea999 : 0.0009
[2020-03-31 17:49:24,989]: fea813 : 0.0009
[2020-03-31 17:49:24,989]: fea434 : 0.0009
[2020-03-31 17:49:24,989]: fea117 : 0.0009
[2020-03-31 17:49:24,990]: fea894 : 0.0009
[2020-03-31 17:49:24,990]: fea884 : 0.0009
[2020-03-31 17:49:24,990]: fea449 : 0.0009
[2020-03-31 17:49:24,990]: fea797 : 0.0009
[2020-03-31 17:49:24,990]: fea97 : 0.0009
[2020-03-31 17:49:24,990]: fea212 : 0.0009
[2020-03-31 17:49:24,990]: fea501 : 0.0009
[2020-03-31 17:49:24,990]: fea446 : 0.0009
[2020-03-31 17:49:24,991]: fea393 : 0.0009
[2020-03-31 17:49:24,991]: fea3 : 0.0009
[2020-03-31 17:49:24,991]: fea12 : 0.0009
[2020-03-31 17:49:24,991]: fea329 : 0.0009
[2020-03-31 17:49:24,991]: fea17 : 0.0009
[2020-03-31 17:49:24,991]: fea238 : 0.0009
[2020-03-31 17:49:24,991]: fea343 : 0.0009
[2020-03-31 17:49:24,991]: fea990 : 0.0009
[2020-03-31 17:49:24,992]: fea181 : 0.0009
[2020-03-31 17:49:24,992]: fea867 : 0.0009
[2020-03-31 17:49:24,992]: fea6 : 0.0009
[2020-03-31 17:49:24,992]: fea364 : 0.0009
[2020-03-31 17:49:24,992]: fea968 : 0.0009
[2020-03-31 17:49:24,992]: fea786 : 0.0009
[2020-03-31 17:49:24,992]: fea924 : 0.0009
[2020-03-31 17:49:24,992]: fea63 : 0.0009
[2020-03-31 17:49:24,992]: fea914 : 0.0009
[2020-03-31 17:49:24,993]: fea993 : 0.0009
[2020-03-31 17:49:24,993]: fea870 : 0.0009
[2020-03-31 17:49:24,993]: fea219 : 0.0009
[2020-03-31 17:49:24,993]: fea392 : 0.0009
[2020-03-31 17:49:24,993]: fea1009 : 0.0009
[2020-03-31 17:49:24,993]: fea209 : 0.0009
[2020-03-31 17:49:24,993]: fea403 : 0.0009
[2020-03-31 17:49:24,993]: fea927 : 0.0009
[2020-03-31 17:49:24,994]: fea816 : 0.0009
[2020-03-31 17:49:24,994]: fea175 : 0.0009
[2020-03-31 17:49:24,994]: fea206 : 0.0009
[2020-03-31 17:49:24,994]: fea514 : 0.0009
[2020-03-31 17:49:24,994]: fea869 : 0.0009
[2020-03-31 17:49:24,994]: fea865 : 0.0009
[2020-03-31 17:49:24,994]: fea377 : 0.0009
[2020-03-31 17:49:24,994]: fea307 : 0.0009
[2020-03-31 17:49:24,995]: fea373 : 0.0009
[2020-03-31 17:49:24,995]: fea397 : 0.0009
[2020-03-31 17:49:24,995]: fea478 : 0.0009
[2020-03-31 17:49:24,995]: fea138 : 0.0009
[2020-03-31 17:49:24,995]: fea370 : 0.0009
[2020-03-31 17:49:24,995]: fea319 : 0.0009
[2020-03-31 17:49:24,995]: fea468 : 0.0009
[2020-03-31 17:49:24,995]: fea492 : 0.0009
[2020-03-31 17:49:24,995]: fea969 : 0.0009
[2020-03-31 17:49:24,996]: fea489 : 0.0009
[2020-03-31 17:49:24,996]: fea859 : 0.0009
[2020-03-31 17:49:24,996]: fea62 : 0.0009
[2020-03-31 17:49:24,996]: fea439 : 0.0009
[2020-03-31 17:49:24,996]: fea274 : 0.0009
[2020-03-31 17:49:24,996]: fea842 : 0.0009
[2020-03-31 17:49:24,996]: fea500 : 0.0009
[2020-03-31 17:49:24,996]: fea126 : 0.0009
[2020-03-31 17:49:24,997]: fea305 : 0.0009
[2020-03-31 17:49:24,997]: fea805 : 0.0009
[2020-03-31 17:49:24,997]: fea466 : 0.0009
[2020-03-31 17:49:24,997]: fea276 : 0.0009
[2020-03-31 17:49:24,997]: fea1012 : 0.0009
[2020-03-31 17:49:24,997]: fea53 : 0.0009
[2020-03-31 17:49:24,997]: fea1010 : 0.0009
[2020-03-31 17:49:24,997]: fea811 : 0.0009
[2020-03-31 17:49:24,998]: fea400 : 0.0009
[2020-03-31 17:49:24,998]: fea262 : 0.0009
[2020-03-31 17:49:24,998]: fea975 : 0.0009
[2020-03-31 17:49:24,998]: fea464 : 0.0009
[2020-03-31 17:49:24,998]: fea469 : 0.0009
[2020-03-31 17:49:24,998]: fea374 : 0.0009
[2020-03-31 17:49:24,998]: fea14 : 0.0009
[2020-03-31 17:49:24,998]: fea812 : 0.0009
[2020-03-31 17:49:24,998]: fea59 : 0.0009
[2020-03-31 17:49:24,999]: fea29 : 0.0009
[2020-03-31 17:49:24,999]: fea895 : 0.0009
[2020-03-31 17:49:24,999]: fea195 : 0.0009
[2020-03-31 17:49:24,999]: fea204 : 0.0009
[2020-03-31 17:49:24,999]: fea253 : 0.0009
[2020-03-31 17:49:24,999]: fea983 : 0.0009
[2020-03-31 17:49:24,999]: fea883 : 0.0009
[2020-03-31 17:49:24,999]: fea247 : 0.0009
[2020-03-31 17:49:25,000]: fea399 : 0.0009
[2020-03-31 17:49:25,000]: fea843 : 0.0009
[2020-03-31 17:49:25,000]: fea484 : 0.0009
[2020-03-31 17:49:25,000]: fea831 : 0.0009
[2020-03-31 17:49:25,000]: fea413 : 0.0009
[2020-03-31 17:49:25,000]: fea46 : 0.0009
[2020-03-31 17:49:25,000]: fea183 : 0.0009
[2020-03-31 17:49:25,000]: fea491 : 0.0009
[2020-03-31 17:49:25,001]: fea410 : 0.0009
[2020-03-31 17:49:25,001]: fea362 : 0.0009
[2020-03-31 17:49:25,001]: fea997 : 0.0009
[2020-03-31 17:49:25,001]: fea396 : 0.0009
[2020-03-31 17:49:25,001]: fea149 : 0.0009
[2020-03-31 17:49:25,001]: fea791 : 0.0009
[2020-03-31 17:49:25,001]: fea35 : 0.0009
[2020-03-31 17:49:25,001]: fea228 : 0.0009
[2020-03-31 17:49:25,002]: fea789 : 0.0009
[2020-03-31 17:49:25,002]: fea133 : 0.0009
[2020-03-31 17:49:25,002]: fea982 : 0.0009
[2020-03-31 17:49:25,002]: fea1007 : 0.0009
[2020-03-31 17:49:25,002]: fea132 : 0.0009
[2020-03-31 17:49:25,002]: fea303 : 0.0009
[2020-03-31 17:49:25,002]: fea472 : 0.0009
[2020-03-31 17:49:25,002]: fea154 : 0.0009
[2020-03-31 17:49:25,002]: fea412 : 0.0009
[2020-03-31 17:49:25,003]: fea1020 : 0.0009
[2020-03-31 17:49:25,003]: fea202 : 0.0009
[2020-03-31 17:49:25,003]: fea1021 : 0.0009
[2020-03-31 17:49:25,003]: fea34 : 0.0009
[2020-03-31 17:49:25,003]: fea406 : 0.0009
[2020-03-31 17:49:25,003]: fea856 : 0.0009
[2020-03-31 17:49:25,003]: fea817 : 0.0009
[2020-03-31 17:49:25,003]: fea878 : 0.0009
[2020-03-31 17:49:25,004]: fea166 : 0.0009
[2020-03-31 17:49:25,004]: fea820 : 0.0009
[2020-03-31 17:49:25,004]: fea784 : 0.0009
[2020-03-31 17:49:25,004]: fea52 : 0.0009
[2020-03-31 17:49:25,004]: fea188 : 0.0009
[2020-03-31 17:49:25,004]: fea259 : 0.0009
[2020-03-31 17:49:25,004]: fea485 : 0.0009
[2020-03-31 17:49:25,004]: fea432 : 0.0009
[2020-03-31 17:49:25,005]: fea27 : 0.0009
[2020-03-31 17:49:25,005]: fea121 : 0.0009
[2020-03-31 17:49:25,005]: fea970 : 0.0009
[2020-03-31 17:49:25,005]: fea355 : 0.0009
[2020-03-31 17:49:25,005]: fea352 : 0.0009
[2020-03-31 17:49:25,005]: fea457 : 0.0009
[2020-03-31 17:49:25,005]: fea490 : 0.0009
[2020-03-31 17:49:25,005]: fea1016 : 0.0009
[2020-03-31 17:49:25,005]: fea430 : 0.0009
[2020-03-31 17:49:25,006]: fea790 : 0.0009
[2020-03-31 17:49:25,006]: fea130 : 0.0009
[2020-03-31 17:49:25,006]: fea806 : 0.0009
[2020-03-31 17:49:25,006]: fea433 : 0.0009
[2020-03-31 17:49:25,006]: fea153 : 0.0009
[2020-03-31 17:49:25,006]: fea167 : 0.0008
[2020-03-31 17:49:25,006]: fea330 : 0.0008
[2020-03-31 17:49:25,006]: fea794 : 0.0008
[2020-03-31 17:49:25,007]: fea923 : 0.0008
[2020-03-31 17:49:25,007]: fea417 : 0.0008
[2020-03-31 17:49:25,007]: fea342 : 0.0008
[2020-03-31 17:49:25,007]: fea49 : 0.0008
[2020-03-31 17:49:25,007]: fea824 : 0.0008
[2020-03-31 17:49:25,007]: fea189 : 0.0008
[2020-03-31 17:49:25,007]: fea849 : 0.0008
[2020-03-31 17:49:25,007]: fea888 : 0.0008
[2020-03-31 17:49:25,008]: fea298 : 0.0008
[2020-03-31 17:49:25,008]: fea966 : 0.0008
[2020-03-31 17:49:25,008]: fea885 : 0.0008
[2020-03-31 17:49:25,008]: fea347 : 0.0008
[2020-03-31 17:49:25,008]: fea327 : 0.0008
[2020-03-31 17:49:25,008]: fea77 : 0.0008
[2020-03-31 17:49:25,008]: fea264 : 0.0008
[2020-03-31 17:49:25,008]: fea256 : 0.0008
[2020-03-31 17:49:25,009]: fea404 : 0.0008
[2020-03-31 17:49:25,009]: fea214 : 0.0008
[2020-03-31 17:49:25,009]: fea20 : 0.0008
[2020-03-31 17:49:25,009]: fea981 : 0.0008
[2020-03-31 17:49:25,009]: fea505 : 0.0008
[2020-03-31 17:49:25,009]: fea363 : 0.0008
[2020-03-31 17:49:25,009]: fea408 : 0.0008
[2020-03-31 17:49:25,009]: fea280 : 0.0006
[2020-03-31 17:49:25,009]: feature_rank end
[2020-03-31 17:49:29,521]: Start dimension reduction ...
[2020-03-31 17:49:31,567]: length=1 f1=0.5508 accuarcy=0.6480 precision=0.6747 recall=0.6480 auc=0.5386 
[2020-03-31 17:49:33,093]: length=101 f1=0.7562 accuarcy=0.7653 precision=0.7639 recall=0.7653 auc=0.7235 
[2020-03-31 17:49:34,705]: length=201 f1=0.7585 accuarcy=0.7697 precision=0.7711 recall=0.7697 auc=0.7238 
[2020-03-31 17:49:36,003]: length=301 f1=0.7882 accuarcy=0.7974 precision=0.8017 recall=0.7974 auc=0.7546 
[2020-03-31 17:49:37,492]: length=401 f1=0.7920 accuarcy=0.8012 precision=0.8063 recall=0.8012 auc=0.7583 
[2020-03-31 17:49:39,030]: length=501 f1=0.7858 accuarcy=0.7963 precision=0.8027 recall=0.7963 auc=0.7509 
[2020-03-31 17:49:40,878]: length=601 f1=0.7849 accuarcy=0.7963 precision=0.8048 recall=0.7963 auc=0.7489 
[2020-03-31 17:49:42,735]: length=701 f1=0.7887 accuarcy=0.8001 precision=0.8098 recall=0.8001 auc=0.7525 
[2020-03-31 17:49:44,674]: length=801 f1=0.7935 accuarcy=0.8050 precision=0.8164 recall=0.8050 auc=0.7570 
[2020-03-31 17:49:46,966]: length=901 f1=0.7853 accuarcy=0.7974 precision=0.8078 recall=0.7974 auc=0.7486 
[2020-03-31 17:49:49,224]: length=1001 f1=0.7880 accuarcy=0.7996 precision=0.8093 recall=0.7996 auc=0.7518 
[2020-03-31 17:49:51,527]: length=1023 f1=0.7730 accuarcy=0.7860 precision=0.7947 recall=0.7860 auc=0.7360 
[2020-03-31 17:49:51,528]: ----------
[2020-03-31 17:49:51,528]: the max f1 = 0.7935
[2020-03-31 17:49:51,532]: ['fea939' 'fea578' 'fea576' 'fea687' 'fea952' 'fea583' 'fea644' 'fea929'
 'fea763' 'fea698' 'fea707' 'fea744' 'fea592' 'fea910' 'fea520' 'fea936'
 'fea648' 'fea931' 'fea716' 'fea930' 'fea569' 'fea653' 'fea596' 'fea913'
 'fea932' 'fea951' 'fea640' 'fea943' 'fea552' 'fea715' 'fea738' 'fea690'
 'fea907' 'fea682' 'fea584' 'fea953' 'fea960' 'fea672' 'fea641' 'fea664'
 'fea488' 'fea515' 'fea739' 'fea665' 'fea729' 'fea720' 'fea691' 'fea909'
 'fea605' 'fea827' 'fea635' 'fea628' 'fea638' 'fea684' 'fea819' 'fea757'
 'fea622' 'fea604' 'fea267' 'fea538' 'fea540' 'fea634' 'fea539' 'fea577'
 'fea551' 'fea636' 'fea752' 'fea527' 'fea906' 'fea693' 'fea555' 'fea681'
 'fea72' 'fea521' 'fea609' 'fea674' 'fea706' 'fea652' 'fea616' 'fea645'
 'fea668' 'fea1019' 'fea610' 'fea627' 'fea554' 'fea959' 'fea762' 'fea903'
 'fea742' 'fea735' 'fea657' 'fea733' 'fea701' 'fea899' 'fea692' 'fea655'
 'fea660' 'fea697' 'fea730' 'fea756' 'fea542' 'fea992' 'fea731' 'fea670'
 'fea598' 'fea728' 'fea623' 'fea560' 'fea549' 'fea719' 'fea556' 'fea718'
 'fea526' 'fea581' 'fea561' 'fea617' 'fea563' 'fea601' 'fea677' 'fea562'
 'fea686' 'fea758' 'fea675' 'fea769' 'fea751' 'fea683' 'fea602' 'fea956'
 'fea732' 'fea328' 'fea704' 'fea714' 'fea518' 'fea673' 'fea717' 'fea659'
 'fea573' 'fea546' 'fea667' 'fea575' 'fea803' 'fea695' 'fea712' 'fea685'
 'fea288' 'fea517' 'fea754' 'fea940' 'fea625' 'fea676' 'fea513' 'fea566'
 'fea533' 'fea734' 'fea637' 'fea270' 'fea705' 'fea224' 'fea679' 'fea768'
 'fea603' 'fea559' 'fea950' 'fea580' 'fea946' 'fea766' 'fea530' 'fea926'
 'fea694' 'fea619' 'fea633' 'fea955' 'fea612' 'fea958' 'fea588' 'fea643'
 'fea543' 'fea746' 'fea765' 'fea226' 'fea745' 'fea689' 'fea574' 'fea678'
 'fea51' 'fea662' 'fea565' 'fea760' 'fea755' 'fea595' 'fea541' 'fea761'
 'fea558' 'fea722' 'fea935' 'fea234' 'fea564' 'fea680' 'fea547' 'fea736'
 'fea713' 'fea696' 'fea759' 'fea934' 'fea519' 'fea798' 'fea528' 'fea568'
 'fea296' 'fea671' 'fea567' 'fea651' 'fea523' 'fea273' 'fea557' 'fea669'
 'fea529' 'fea740' 'fea607' 'fea611' 'fea591' 'fea32' 'fea292' 'fea749'
 'fea666' 'fea1003' 'fea661' 'fea151' 'fea954' 'fea771' 'fea887' 'fea544'
 'fea945' 'fea727' 'fea647' 'fea721' 'fea980' 'fea767' 'fea737' 'fea630'
 'fea597' 'fea290' 'fea516' 'fea764' 'fea534' 'fea743' 'fea82' 'fea750'
 'fea266' 'fea587' 'fea947' 'fea572' 'fea599' 'fea600' 'fea608' 'fea748'
 'fea915' 'fea535' 'fea700' 'fea593' 'fea586' 'fea322' 'fea606' 'fea579'
 'fea688' 'fea615' 'fea532' 'fea948' 'fea937' 'fea582' 'fea656' 'fea1000'
 'fea654' 'fea614' 'fea295' 'fea747' 'fea220' 'fea196' 'fea649' 'fea850'
 'fea185' 'fea522' 'fea902' 'fea912' 'fea836' 'fea40' '1023' 'fea882'
 'fea524' 'fea631' 'fea708' 'fea994' 'fea942' 'fea512' 'fea163' 'fea702'
 'fea933' 'fea618' 'fea783' 'fea949' 'fea632' 'fea703' 'fea626' 'fea928'
 'fea548' 'fea594' 'fea525' 'fea536' 'fea908' 'fea509' 'fea8' 'fea452'
 'fea233' 'fea43' 'fea1004' 'fea725' 'fea699' 'fea658' 'fea545' 'fea711'
 'fea741' 'fea531' 'fea726' 'fea642' 'fea291' 'fea589' 'fea639' 'fea844'
 'fea646' 'fea550' 'fea570' 'fea146' 'fea941' 'fea553' 'fea957' 'fea621'
 'fea753' 'fea724' 'fea780' 'fea571' 'fea537' 'fea810' 'fea818' 'fea777'
 'fea382' 'fea898' 'fea590' 'fea463' 'fea103' 'fea427' 'fea159' 'fea663'
 'fea833' 'fea85' 'fea470' 'fea613' 'fea232' 'fea723' 'fea974' 'fea421'
 'fea837' 'fea64' 'fea778' 'fea987' 'fea30' 'fea826' 'fea88' 'fea254'
 'fea871' 'fea804' 'fea36' 'fea143' 'fea881' 'fea139' 'fea207' 'fea458'
 'fea107' 'fea66' 'fea174' 'fea897' 'fea415' 'fea390' 'fea830' 'fea231'
 'fea115' 'fea447' 'fea11' 'fea386' 'fea493' 'fea920' 'fea1001' 'fea1018'
 'fea244' 'fea429' 'fea79' 'fea321' 'fea375' 'fea170' 'fea335' 'fea326'
 'fea444' 'fea80' 'fea31' 'fea379' 'fea998' 'fea199' 'fea462' 'fea917'
 'fea134' 'fea216' 'fea944' 'fea58' 'fea385' 'fea172' 'fea800' 'fea190'
 'fea650' 'fea95' 'fea426' 'fea496' 'fea381' 'fea900' 'fea223' 'fea260'
 'fea802' 'fea868' 'fea847' 'fea211' 'fea39' 'fea710' 'fea21' 'fea424'
 'fea473' 'fea242' 'fea829' 'fea875' 'fea201' 'fea835' 'fea585' 'fea187'
 'fea380' 'fea874' 'fea845' 'fea893' 'fea428' 'fea451' 'fea119' 'fea438'
 'fea369' 'fea774' 'fea182' 'fea22' 'fea69' 'fea324' 'fea508' 'fea48'
 'fea510' 'fea772' 'fea42' 'fea155' 'fea864' 'fea629' 'fea437' 'fea90'
 'fea863' 'fea116' 'fea331' 'fea877' 'fea961' 'fea425' 'fea272' 'fea905'
 'fea823' 'fea995' 'fea101' 'fea383' 'fea781' 'fea418' 'fea310' 'fea776'
 'fea367' 'fea215' 'fea33' 'fea349' 'fea350' 'fea213' 'fea54' 'fea1011'
 'fea459' 'fea249' 'fea482' 'fea339' 'fea246' 'fea203' 'fea411' 'fea498'
 'fea314' 'fea921' 'fea94' 'fea788' 'fea261' 'fea838' 'fea283' 'fea938'
 'fea773' 'fea978' 'fea394' 'fea89' 'fea436' 'fea239' 'fea332' 'fea124'
 'fea230' 'fea857' 'fea976' 'fea61' 'fea808' 'fea200' 'fea41' 'fea198'
 'fea161' 'fea38' 'fea409' 'fea801' 'fea971' 'fea973' 'fea287' 'fea387'
 'fea825' 'fea988' 'fea860' 'fea25' 'fea78' 'fea985' 'fea340' 'fea922'
 'fea240' 'fea4' 'fea309' 'fea269' 'fea176' 'fea853' 'fea248' 'fea465'
 'fea389' 'fea162' 'fea709' 'fea47' 'fea486' 'fea345' 'fea106' 'fea620'
 'fea93' 'fea297' 'fea275' 'fea866' 'fea245' 'fea337' 'fea125' 'fea839'
 'fea503' 'fea388' 'fea448' 'fea986' 'fea113' 'fea1013' 'fea16' 'fea506'
 'fea105' 'fea401' 'fea481' 'fea144' 'fea338' 'fea414' 'fea504' 'fea479'
 'fea65' 'fea1' 'fea1002' 'fea293' 'fea111' 'fea779' 'fea904' 'fea325'
 'fea165' 'fea471' 'fea822' 'fea263' 'fea317' 'fea809' 'fea120' 'fea37'
 'fea423' 'fea104' 'fea443' 'fea624' 'fea832' 'fea123' 'fea250' 'fea346'
 'fea122' 'fea268' 'fea1008' 'fea979' 'fea55' 'fea1014' 'fea872' 'fea141'
 'fea507' 'fea142' 'fea279' 'fea109' 'fea285' 'fea100' 'fea420' 'fea896'
 'fea901' 'fea1015' 'fea416' 'fea357' 'fea302' 'fea13' 'fea2' 'fea351'
 'fea241' 'fea278' 'fea135' 'fea499' 'fea157' 'fea19' 'fea889' 'fea75'
 'fea919' 'fea227' 'fea45' 'fea24' 'fea323' 'fea179' 'fea76' 'fea873'
 'fea453' 'fea237' 'fea96' 'fea480' 'fea497' 'fea169' 'fea366' 'fea7'
 'fea210' 'fea147' 'fea5' 'fea271' 'fea365' 'fea177' 'fea407' 'fea354'
 'fea821' 'fea371' 'fea164' 'fea359' 'fea972' 'fea502' 'fea361' 'fea131'
 'fea235' 'fea775' 'fea171' 'fea840' 'fea455' 'fea197' 'fea965' 'fea977'
 'fea9' 'fea1006' 'fea23' 'fea348' 'fea494' 'fea26' 'fea98' 'fea450'
 'fea194' 'fea787' 'fea229' 'fea793' 'fea962' 'fea277' 'fea208' 'fea855'
 'fea807' 'fea221' 'fea114' 'fea315' 'fea313' 'fea483' 'fea145' 'fea967'
 'fea858' 'fea376' 'fea320' 'fea384' 'fea461' 'fea792' 'fea1005' 'fea284'
 'fea336' 'fea311' 'fea294' 'fea156' 'fea782' 'fea15' 'fea996' 'fea87'
 'fea984' 'fea770' 'fea173' 'fea334' 'fea148' 'fea341' 'fea152' 'fea441'
 'fea851' 'fea191' 'fea92' 'fea140' 'fea360' 'fea344' 'fea841' 'fea892'
 'fea356' 'fea243' 'fea445' 'fea333' 'fea487' 'fea814' 'fea925' 'fea964'
 'fea118' 'fea876' 'fea891' 'fea225' 'fea257' 'fea442' 'fea372' 'fea989'
 'fea911' 'fea440' 'fea419' 'fea422' 'fea316' 'fea158' 'fea880' 'fea251'
 'fea236' 'fea71' 'fea796' 'fea405' 'fea353' 'fea402' 'fea916' 'fea70'
 'fea435' 'fea304' 'fea44' 'fea963' 'fea222' 'fea476' 'fea28' 'fea128'
 'fea205' 'fea886' 'fea454' 'fea846' 'fea180' 'fea815' 'fea217' 'fea475'
 'fea67' 'fea281' 'fea378' 'fea127' 'fea852' 'fea108' 'fea255' 'fea785'
 'fea60' 'fea991' 'fea56' 'fea474' 'fea495' 'fea192' 'fea84' 'fea834'
 'fea848' 'fea10' 'fea918' 'fea282' 'fea799' 'fea18' 'fea218' 'fea879'
 'fea828'],length = 801
[2020-03-31 17:49:51,532]: -----------
[2020-03-31 17:49:53,446]: f1 =0.7935 
[2020-03-31 17:49:53,447]: accuarcy = 0.8050 
[2020-03-31 17:49:53,450]: precision =0.8164 
[2020-03-31 17:49:53,453]: recall =0.8050
[2020-03-31 17:49:53,458]: auc = 0.7570
[2020-03-31 17:49:55,823]: -----------
[2020-03-31 17:49:55,824]: The output by the terminal's log has been saved in the /home/heshida/work/FMRMD2.0/Logs/202003311742.log.
[2020-03-31 17:49:55,824]: metrics have been saved in the /home/heshida/work/FMRMD2.0/Results/1.positive.txt.0.negative.txt.metrics.csv.
[2020-03-31 17:50:34,806]: Scatter charts visualized by t-SNE dataset has been saved in the /home/heshida/work/FMRMD2.0/Results/1.positive.txt.0.negative.txt.fasta.out.csv.png.
[2020-03-31 17:50:34,807]: Reduced dimensional dataset has been saved in the /home/heshida/work/FMRMD2.0/Results/1.positive.txt.0.negative.txt.result.csv.
[2020-03-31 17:50:34,807]: ---mrmd 2.0 end---
