[2020-03-23 22:06:47,710]: ---mrmd 2.0 start----
[2020-03-23 22:08:02,258]: ANOVA start...
[2020-03-23 22:08:02,353]: ANOVA end.
[2020-03-23 22:08:02,353]: mic start...
[2020-03-23 22:08:12,127]: mic end.
[2020-03-23 22:08:12,127]: mrmd start...
[2020-03-23 22:08:12,199]: mrmd end.
[2020-03-23 22:08:12,199]: mRMR start...
[2020-03-23 22:08:12,454]: mRMR end.
[2020-03-23 22:08:12,454]: lasso start...
[2020-03-23 22:08:12,513]: lasso end.
[2020-03-23 22:08:12,514]: chi2 start...
[2020-03-23 22:08:12,584]: chi2 end.
[2020-03-23 22:08:12,584]: ref start...
[2020-03-23 22:08:12,873]: ref end.
[2020-03-23 22:08:13,056]: Start dimension reduction ...
[2020-03-23 22:08:20,055]: length=1 f1=0.6367 accuarcy=0.7454 precision=0.5556 recall=0.7454 auc=0.5000 
[2020-03-23 22:08:27,238]: length=6 f1=0.6367 accuarcy=0.7454 precision=0.5556 recall=0.7454 auc=0.5000 
[2020-03-23 22:08:36,043]: length=11 f1=0.6437 accuarcy=0.6769 precision=0.6240 recall=0.6769 auc=0.5036 
[2020-03-23 22:08:43,575]: length=16 f1=0.6536 accuarcy=0.6802 precision=0.6375 recall=0.6802 auc=0.5182 
[2020-03-23 22:08:51,185]: length=20 f1=0.6617 accuarcy=0.6916 precision=0.6457 recall=0.6916 auc=0.5259 
[2020-03-23 22:08:51,186]: ----------
[2020-03-23 22:08:51,186]: the max f1 = 0.6617
[2020-03-23 22:08:51,187]: ['H' 'F' 'P' 'V' 'L' 'M' 'Y' 'K' 'N' 'Q' 'A' 'W' 'I' 'D' 'C' 'E' 'T' 'R'
 'G' 'S'],length = 20
[2020-03-23 22:08:51,187]: -----------
[2020-03-23 22:08:59,141]: f1 =0.6617 
[2020-03-23 22:08:59,142]: accuarcy = 0.6916 
[2020-03-23 22:08:59,143]: precision =0.6457 
[2020-03-23 22:08:59,145]: recall =0.6916
[2020-03-23 22:08:59,148]: auc = 0.5259
[2020-03-23 22:08:59,242]: -----------
[2020-03-23 22:08:59,242]: The output by the terminal's log has been saved in the J:\多设备共享\work\pycharm_remote_server\FMRMD2.0\Logs\202003232206.log.
[2020-03-23 22:08:59,242]: metrics have been saved in the J:\多设备共享\work\pycharm_remote_server\FMRMD2.0\Results\1.positive.txt.0.negative.txt.metrics.csv.
