[2020-03-08 15:51:59,386]: ---mrmd 2.0 start----
[2020-03-08 15:53:39,866]: ANOVA start...
[2020-03-08 15:53:40,105]: ANOVA end.
[2020-03-08 15:53:40,105]: mic start...
[2020-03-08 15:53:55,986]: mic end.
[2020-03-08 15:53:55,986]: mrmd start...
[2020-03-08 15:53:56,308]: mrmd end.
[2020-03-08 15:53:56,309]: mRMR start...
[2020-03-08 15:54:04,703]: mRMR end.
[2020-03-08 15:54:04,703]: lasso start...
[2020-03-08 15:54:05,397]: lasso end.
[2020-03-08 15:54:05,397]: chi2 start...
[2020-03-08 15:54:06,006]: chi2 end.
[2020-03-08 15:54:06,006]: ref start...
[2020-03-08 15:54:11,723]: ref end.
[2020-03-08 15:54:12,501]: Start dimension reduction ...
[2020-03-08 15:54:24,882]: length=1 f1=0.6756 accuarcy=0.7620 precision=0.8050 recall=0.7620 auc=0.5340 
[2020-03-08 15:54:34,311]: length=31 f1=0.7821 accuarcy=0.8062 precision=0.7960 recall=0.8062 auc=0.6637 
[2020-03-08 15:54:45,159]: length=61 f1=0.8190 accuarcy=0.8349 precision=0.8304 recall=0.8349 auc=0.7149 
[2020-03-08 15:54:55,069]: length=64 f1=0.8129 accuarcy=0.8301 precision=0.8251 recall=0.8301 auc=0.7060 
[2020-03-08 15:54:55,071]: ----------
[2020-03-08 15:54:55,071]: the max f1 = 0.8190
[2020-03-08 15:54:55,072]: ['fea28' 'fea8' 'fea7' 'fea35' 'fea36' 'fea19' 'fea25' 'fea54' 'fea30'
 'fea39' 'fea52' 'fea34' 'fea26' 'fea57' 'fea9' 'fea22' 'fea0' 'fea58'
 'fea45' 'fea18' 'fea61' 'fea47' 'fea53' 'fea38' 'fea44' 'fea31' 'fea43'
 'fea12' 'fea50' 'fea42' 'fea40' 'fea11' 'fea29' 'fea2' 'fea16' 'fea41'
 'fea24' 'fea48' 'fea14' 'fea5' 'fea6' 'fea33' 'fea56' 'fea20' 'fea21'
 'fea1' 'fea62' 'fea17' 'fea3' 'fea59' 'fea63' 'fea49' 'fea23' 'fea4'
 'fea15' 'fea13' 'fea37' 'fea10' 'fea32' 'fea46' 'fea60'],length = 61
[2020-03-08 15:54:55,072]: -----------
[2020-03-08 15:55:04,325]: ***confusion matrix***
[2020-03-08 15:55:04,325]:                pos_class      neg_class      
[2020-03-08 15:55:04,326]: pos_class      TP:325            FN:366            
[2020-03-08 15:55:04,326]: neg_class      FP:82             TN:1941           
[2020-03-08 15:55:04,327]: f1 =0.8190 
[2020-03-08 15:55:04,328]: accuarcy = 0.8349 
[2020-03-08 15:55:04,329]: precision =0.8304 
[2020-03-08 15:55:04,330]: recall =0.8349
[2020-03-08 15:55:04,331]: auc = 0.7149
[2020-03-08 15:55:04,522]: -----------
[2020-03-08 15:55:04,523]: metrics have been saved in the J:\多设备共享\work\pycharm_remote_server\FMRMD2.0\Results\positive_negative.metrics.csv.
[2020-03-08 15:56:34,246]: Scatter charts visualized by t-SNE dataset has been saved in the .\Results\9eca3652-6111-11ea-808a-e4b318db5e79.csv.png.
[2020-03-08 15:56:34,247]: Reduced dimensional dataset has been saved in the J:\多设备共享\work\pycharm_remote_server\FMRMD2.0\Results\positive_negative.result.csv.
[2020-03-08 15:56:34,247]: ---mrmd 2.0 end---
