[2020-03-23 21:47:02,093]: ---mrmd 2.0 start----
[2020-03-23 21:48:09,441]: ANOVA start...
[2020-03-23 21:48:09,523]: ANOVA end.
[2020-03-23 21:48:09,524]: mic start...
[2020-03-23 21:48:17,493]: mic end.
[2020-03-23 21:48:17,494]: mrmd start...
[2020-03-23 21:48:17,591]: mrmd end.
[2020-03-23 21:48:17,591]: mRMR start...
[2020-03-23 21:48:17,794]: mRMR end.
[2020-03-23 21:48:17,794]: lasso start...
[2020-03-23 21:48:17,856]: lasso end.
[2020-03-23 21:48:17,856]: chi2 start...
[2020-03-23 21:48:17,945]: chi2 end.
[2020-03-23 21:48:17,945]: ref start...
[2020-03-23 21:48:18,234]: ref end.
[2020-03-23 21:48:18,394]: Start dimension reduction ...
[2020-03-23 21:48:24,267]: length=1 f1=0.6367 accuarcy=0.7454 precision=0.5556 recall=0.7454 auc=0.5000 
[2020-03-23 21:48:30,173]: length=6 f1=0.6367 accuarcy=0.7454 precision=0.5556 recall=0.7454 auc=0.5000 
[2020-03-23 21:48:36,447]: length=11 f1=0.6437 accuarcy=0.6769 precision=0.6240 recall=0.6769 auc=0.5036 
[2020-03-23 21:48:42,860]: length=16 f1=0.6536 accuarcy=0.6802 precision=0.6375 recall=0.6802 auc=0.5182 
[2020-03-23 21:48:49,302]: length=20 f1=0.6617 accuarcy=0.6916 precision=0.6457 recall=0.6916 auc=0.5259 
[2020-03-23 21:48:49,303]: ----------
[2020-03-23 21:48:49,303]: the max f1 = 0.6617
[2020-03-23 21:48:49,304]: ['H' 'F' 'P' 'V' 'L' 'M' 'Y' 'K' 'N' 'Q' 'A' 'W' 'I' 'D' 'C' 'E' 'T' 'R'
 'G' 'S'],length = 20
[2020-03-23 21:48:49,304]: -----------
[2020-03-23 21:48:55,911]: f1 =0.6617 
[2020-03-23 21:48:55,912]: accuarcy = 0.6916 
[2020-03-23 21:48:55,914]: precision =0.6457 
[2020-03-23 21:48:55,916]: recall =0.6916
[2020-03-23 21:48:55,919]: auc = 0.5259
[2020-03-23 21:48:56,018]: -----------
[2020-03-23 21:48:56,018]: The output by the terminal's log has been saved in the J:\多设备共享\work\pycharm_remote_server\FMRMD2.0\Logs\202003232147.log.
[2020-03-23 21:48:56,018]: metrics have been saved in the J:\多设备共享\work\pycharm_remote_server\FMRMD2.0\Results\1.positive.txt.0.negative.txt.metrics.csv.
