[2020-03-23 21:24:06,873]: ---mrmd 2.0 start----
[2020-03-23 21:25:21,119]: ANOVA start...
[2020-03-23 21:25:21,203]: ANOVA end.
[2020-03-23 21:25:21,203]: mic start...
[2020-03-23 21:25:29,518]: mic end.
[2020-03-23 21:25:29,518]: mrmd start...
[2020-03-23 21:25:29,589]: mrmd end.
[2020-03-23 21:25:29,590]: mRMR start...
[2020-03-23 21:25:29,978]: mRMR end.
[2020-03-23 21:25:29,978]: lasso start...
[2020-03-23 21:25:30,037]: lasso end.
[2020-03-23 21:25:30,037]: chi2 start...
[2020-03-23 21:25:30,096]: chi2 end.
[2020-03-23 21:25:30,096]: ref start...
[2020-03-23 21:25:30,359]: ref end.
[2020-03-23 21:25:30,518]: Start dimension reduction ...
[2020-03-23 21:25:36,923]: length=1 f1=0.6367 accuarcy=0.7454 precision=0.5556 recall=0.7454 auc=0.5000 
[2020-03-23 21:25:43,167]: length=6 f1=0.6367 accuarcy=0.7454 precision=0.5556 recall=0.7454 auc=0.5000 
[2020-03-23 21:25:49,841]: length=11 f1=0.6437 accuarcy=0.6769 precision=0.6240 recall=0.6769 auc=0.5036 
[2020-03-23 21:25:56,414]: length=16 f1=0.6536 accuarcy=0.6802 precision=0.6375 recall=0.6802 auc=0.5182 
[2020-03-23 21:26:02,975]: length=20 f1=0.6617 accuarcy=0.6916 precision=0.6457 recall=0.6916 auc=0.5259 
[2020-03-23 21:26:02,976]: ----------
[2020-03-23 21:26:02,976]: the max f1 = 0.6617
[2020-03-23 21:26:02,977]: ['H' 'F' 'P' 'V' 'L' 'M' 'Y' 'K' 'N' 'Q' 'A' 'W' 'I' 'D' 'C' 'E' 'T' 'R'
 'G' 'S'],length = 20
[2020-03-23 21:26:02,977]: -----------
[2020-03-23 21:26:09,595]: f1 =0.6617 
[2020-03-23 21:26:09,596]: accuarcy = 0.6916 
[2020-03-23 21:26:09,597]: precision =0.6457 
[2020-03-23 21:26:09,598]: recall =0.6916
