[2020-03-31 11:46:59,933]: ---mrmd 2.0 start----
[2020-03-31 11:47:48,266]: ANOVA start...
[2020-03-31 11:47:49,490]: ANOVA end.
[2020-03-31 11:47:49,490]: mic start...
[2020-03-31 11:48:02,727]: mic end.
[2020-03-31 11:48:02,730]: mrmd start...
[2020-03-31 11:48:39,675]: mrmd end.
[2020-03-31 11:48:39,680]: mRMR start...
[2020-03-31 11:52:07,423]: mRMR end.
[2020-03-31 11:52:07,423]: lasso start...
[2020-03-31 11:52:08,707]: lasso end.
[2020-03-31 11:52:08,707]: chi2 start...
[2020-03-31 11:52:09,988]: chi2 end.
[2020-03-31 11:52:09,989]: ref start...
[2020-03-31 11:52:45,945]: ref end.
[2020-03-31 11:52:45,969]: rank start ...
[2020-03-31 11:52:46,090]: The final  rank is
[2020-03-31 11:52:46,091]: fea939 : 0.0013
[2020-03-31 11:52:46,091]: fea578 : 0.0013
[2020-03-31 11:52:46,091]: fea576 : 0.0013
[2020-03-31 11:52:46,091]: fea687 : 0.0013
[2020-03-31 11:52:46,091]: fea952 : 0.0013
[2020-03-31 11:52:46,091]: fea583 : 0.0013
[2020-03-31 11:52:46,091]: fea644 : 0.0013
[2020-03-31 11:52:46,091]: fea929 : 0.0012
[2020-03-31 11:52:46,091]: fea763 : 0.0012
[2020-03-31 11:52:46,091]: fea698 : 0.0012
[2020-03-31 11:52:46,091]: fea707 : 0.0012
[2020-03-31 11:52:46,091]: fea744 : 0.0012
[2020-03-31 11:52:46,091]: fea592 : 0.0012
[2020-03-31 11:52:46,091]: fea910 : 0.0012
[2020-03-31 11:52:46,092]: fea520 : 0.0012
[2020-03-31 11:52:46,092]: fea936 : 0.0012
[2020-03-31 11:52:46,092]: fea648 : 0.0012
[2020-03-31 11:52:46,092]: fea931 : 0.0012
[2020-03-31 11:52:46,092]: fea716 : 0.0012
[2020-03-31 11:52:46,092]: fea930 : 0.0012
[2020-03-31 11:52:46,092]: fea569 : 0.0012
[2020-03-31 11:52:46,092]: fea653 : 0.0012
[2020-03-31 11:52:46,092]: fea596 : 0.0012
[2020-03-31 11:52:46,092]: fea913 : 0.0012
[2020-03-31 11:52:46,092]: fea932 : 0.0012
[2020-03-31 11:52:46,092]: fea951 : 0.0012
[2020-03-31 11:52:46,092]: fea640 : 0.0012
[2020-03-31 11:52:46,092]: fea943 : 0.0012
[2020-03-31 11:52:46,092]: fea552 : 0.0012
[2020-03-31 11:52:46,093]: fea715 : 0.0012
[2020-03-31 11:52:46,093]: fea738 : 0.0012
[2020-03-31 11:52:46,093]: fea690 : 0.0012
[2020-03-31 11:52:46,093]: fea907 : 0.0012
[2020-03-31 11:52:46,093]: fea682 : 0.0012
[2020-03-31 11:52:46,093]: fea584 : 0.0011
[2020-03-31 11:52:46,093]: fea953 : 0.0011
[2020-03-31 11:52:46,093]: fea960 : 0.0011
[2020-03-31 11:52:46,093]: fea672 : 0.0011
[2020-03-31 11:52:46,093]: fea641 : 0.0011
[2020-03-31 11:52:46,093]: fea664 : 0.0011
[2020-03-31 11:52:46,093]: fea488 : 0.0011
[2020-03-31 11:52:46,093]: fea515 : 0.0011
[2020-03-31 11:52:46,093]: fea739 : 0.0011
[2020-03-31 11:52:46,093]: fea665 : 0.0011
[2020-03-31 11:52:46,093]: fea729 : 0.0011
[2020-03-31 11:52:46,094]: fea720 : 0.0011
[2020-03-31 11:52:46,094]: fea691 : 0.0011
[2020-03-31 11:52:46,094]: fea909 : 0.0011
[2020-03-31 11:52:46,094]: fea605 : 0.0011
[2020-03-31 11:52:46,094]: fea827 : 0.0011
[2020-03-31 11:52:46,094]: fea635 : 0.0011
[2020-03-31 11:52:46,094]: fea628 : 0.0011
[2020-03-31 11:52:46,094]: fea638 : 0.0011
[2020-03-31 11:52:46,094]: fea684 : 0.0011
[2020-03-31 11:52:46,094]: fea819 : 0.0011
[2020-03-31 11:52:46,094]: fea757 : 0.0011
[2020-03-31 11:52:46,094]: fea622 : 0.0011
[2020-03-31 11:52:46,094]: fea604 : 0.0011
[2020-03-31 11:52:46,094]: fea267 : 0.0011
[2020-03-31 11:52:46,094]: fea538 : 0.0011
[2020-03-31 11:52:46,095]: fea540 : 0.0011
[2020-03-31 11:52:46,095]: fea634 : 0.0011
[2020-03-31 11:52:46,095]: fea539 : 0.0011
[2020-03-31 11:52:46,095]: fea577 : 0.0011
[2020-03-31 11:52:46,095]: fea551 : 0.0011
[2020-03-31 11:52:46,095]: fea636 : 0.0011
[2020-03-31 11:52:46,095]: fea752 : 0.0011
[2020-03-31 11:52:46,095]: fea527 : 0.0011
[2020-03-31 11:52:46,095]: fea906 : 0.0011
[2020-03-31 11:52:46,095]: fea693 : 0.0011
[2020-03-31 11:52:46,095]: fea555 : 0.0011
[2020-03-31 11:52:46,095]: fea681 : 0.0011
[2020-03-31 11:52:46,095]: fea72 : 0.0011
[2020-03-31 11:52:46,095]: fea521 : 0.0011
[2020-03-31 11:52:46,095]: fea609 : 0.0011
[2020-03-31 11:52:46,096]: fea674 : 0.0011
[2020-03-31 11:52:46,096]: fea706 : 0.0011
[2020-03-31 11:52:46,096]: fea652 : 0.0011
[2020-03-31 11:52:46,096]: fea616 : 0.0011
[2020-03-31 11:52:46,096]: fea645 : 0.0011
[2020-03-31 11:52:46,096]: fea668 : 0.0011
[2020-03-31 11:52:46,096]: fea1019 : 0.0011
[2020-03-31 11:52:46,096]: fea610 : 0.0011
[2020-03-31 11:52:46,096]: fea627 : 0.0011
[2020-03-31 11:52:46,096]: fea554 : 0.0011
[2020-03-31 11:52:46,096]: fea959 : 0.0011
[2020-03-31 11:52:46,096]: fea762 : 0.0011
[2020-03-31 11:52:46,096]: fea903 : 0.0011
[2020-03-31 11:52:46,096]: fea742 : 0.0011
[2020-03-31 11:52:46,096]: fea735 : 0.0011
[2020-03-31 11:52:46,097]: fea657 : 0.0011
[2020-03-31 11:52:46,097]: fea733 : 0.0011
[2020-03-31 11:52:46,097]: fea701 : 0.0011
[2020-03-31 11:52:46,097]: fea899 : 0.0011
[2020-03-31 11:52:46,097]: fea692 : 0.0011
[2020-03-31 11:52:46,097]: fea655 : 0.0011
[2020-03-31 11:52:46,097]: fea660 : 0.0011
[2020-03-31 11:52:46,097]: fea697 : 0.0011
[2020-03-31 11:52:46,097]: fea730 : 0.0011
[2020-03-31 11:52:46,097]: fea756 : 0.0011
[2020-03-31 11:52:46,097]: fea542 : 0.0011
[2020-03-31 11:52:46,097]: fea992 : 0.0011
[2020-03-31 11:52:46,097]: fea731 : 0.0011
[2020-03-31 11:52:46,097]: fea670 : 0.0011
[2020-03-31 11:52:46,097]: fea598 : 0.0011
[2020-03-31 11:52:46,097]: fea728 : 0.0011
[2020-03-31 11:52:46,098]: fea623 : 0.0011
[2020-03-31 11:52:46,098]: fea560 : 0.0011
[2020-03-31 11:52:46,098]: fea549 : 0.0011
[2020-03-31 11:52:46,098]: fea719 : 0.0011
[2020-03-31 11:52:46,098]: fea556 : 0.0011
[2020-03-31 11:52:46,098]: fea718 : 0.0011
[2020-03-31 11:52:46,098]: fea526 : 0.0011
[2020-03-31 11:52:46,098]: fea581 : 0.0011
[2020-03-31 11:52:46,098]: fea561 : 0.0011
[2020-03-31 11:52:46,098]: fea617 : 0.0011
[2020-03-31 11:52:46,098]: fea563 : 0.0011
[2020-03-31 11:52:46,098]: fea601 : 0.0011
[2020-03-31 11:52:46,098]: fea677 : 0.0011
[2020-03-31 11:52:46,098]: fea562 : 0.0011
[2020-03-31 11:52:46,098]: fea686 : 0.0011
[2020-03-31 11:52:46,098]: fea758 : 0.0011
[2020-03-31 11:52:46,099]: fea675 : 0.0011
[2020-03-31 11:52:46,099]: fea769 : 0.0011
[2020-03-31 11:52:46,099]: fea751 : 0.0011
[2020-03-31 11:52:46,099]: fea683 : 0.0011
[2020-03-31 11:52:46,099]: fea602 : 0.0011
[2020-03-31 11:52:46,099]: fea956 : 0.0011
[2020-03-31 11:52:46,099]: fea732 : 0.0011
[2020-03-31 11:52:46,099]: fea328 : 0.0011
[2020-03-31 11:52:46,099]: fea704 : 0.0011
[2020-03-31 11:52:46,099]: fea714 : 0.0011
[2020-03-31 11:52:46,099]: fea518 : 0.0011
[2020-03-31 11:52:46,099]: fea673 : 0.0011
[2020-03-31 11:52:46,099]: fea717 : 0.0011
[2020-03-31 11:52:46,099]: fea659 : 0.0011
[2020-03-31 11:52:46,099]: fea573 : 0.0011
[2020-03-31 11:52:46,100]: fea546 : 0.0011
[2020-03-31 11:52:46,100]: fea667 : 0.0011
[2020-03-31 11:52:46,100]: fea575 : 0.0011
[2020-03-31 11:52:46,100]: fea803 : 0.0011
[2020-03-31 11:52:46,100]: fea695 : 0.0011
[2020-03-31 11:52:46,100]: fea712 : 0.0011
[2020-03-31 11:52:46,100]: fea685 : 0.0011
[2020-03-31 11:52:46,100]: fea288 : 0.0011
[2020-03-31 11:52:46,100]: fea517 : 0.0011
[2020-03-31 11:52:46,100]: fea754 : 0.0011
[2020-03-31 11:52:46,100]: fea940 : 0.0011
[2020-03-31 11:52:46,100]: fea625 : 0.0011
[2020-03-31 11:52:46,100]: fea676 : 0.0011
[2020-03-31 11:52:46,100]: fea513 : 0.0011
[2020-03-31 11:52:46,100]: fea566 : 0.0011
[2020-03-31 11:52:46,101]: fea533 : 0.0011
[2020-03-31 11:52:46,101]: fea734 : 0.0011
[2020-03-31 11:52:46,101]: fea637 : 0.0011
[2020-03-31 11:52:46,101]: fea270 : 0.0011
[2020-03-31 11:52:46,101]: fea705 : 0.0011
[2020-03-31 11:52:46,101]: fea224 : 0.0011
[2020-03-31 11:52:46,101]: fea679 : 0.0011
[2020-03-31 11:52:46,101]: fea768 : 0.0011
[2020-03-31 11:52:46,101]: fea603 : 0.0011
[2020-03-31 11:52:46,101]: fea559 : 0.0011
[2020-03-31 11:52:46,101]: fea950 : 0.0011
[2020-03-31 11:52:46,101]: fea580 : 0.0011
[2020-03-31 11:52:46,101]: fea946 : 0.0011
[2020-03-31 11:52:46,101]: fea766 : 0.0011
[2020-03-31 11:52:46,101]: fea530 : 0.0011
[2020-03-31 11:52:46,101]: fea926 : 0.0011
[2020-03-31 11:52:46,102]: fea694 : 0.0011
[2020-03-31 11:52:46,102]: fea619 : 0.0011
[2020-03-31 11:52:46,102]: fea633 : 0.0011
[2020-03-31 11:52:46,102]: fea955 : 0.0011
[2020-03-31 11:52:46,102]: fea612 : 0.0011
[2020-03-31 11:52:46,102]: fea958 : 0.0011
[2020-03-31 11:52:46,102]: fea588 : 0.0011
[2020-03-31 11:52:46,102]: fea643 : 0.0011
[2020-03-31 11:52:46,102]: fea543 : 0.0011
[2020-03-31 11:52:46,102]: fea746 : 0.0011
[2020-03-31 11:52:46,102]: fea765 : 0.0011
[2020-03-31 11:52:46,102]: fea226 : 0.0011
[2020-03-31 11:52:46,102]: fea745 : 0.0011
[2020-03-31 11:52:46,102]: fea689 : 0.0011
[2020-03-31 11:52:46,102]: fea574 : 0.0011
[2020-03-31 11:52:46,103]: fea678 : 0.0011
[2020-03-31 11:52:46,103]: fea51 : 0.0011
[2020-03-31 11:52:46,103]: fea662 : 0.0011
[2020-03-31 11:52:46,103]: fea565 : 0.0011
[2020-03-31 11:52:46,103]: fea760 : 0.0011
[2020-03-31 11:52:46,103]: fea755 : 0.0011
[2020-03-31 11:52:46,103]: fea595 : 0.0011
[2020-03-31 11:52:46,103]: fea541 : 0.0011
[2020-03-31 11:52:46,103]: fea761 : 0.0011
[2020-03-31 11:52:46,103]: fea558 : 0.0011
[2020-03-31 11:52:46,103]: fea722 : 0.0011
[2020-03-31 11:52:46,103]: fea935 : 0.0011
[2020-03-31 11:52:46,103]: fea234 : 0.0011
[2020-03-31 11:52:46,103]: fea564 : 0.0011
[2020-03-31 11:52:46,103]: fea680 : 0.0011
[2020-03-31 11:52:46,103]: fea547 : 0.0011
[2020-03-31 11:52:46,104]: fea736 : 0.0011
[2020-03-31 11:52:46,104]: fea713 : 0.0011
[2020-03-31 11:52:46,104]: fea696 : 0.0011
[2020-03-31 11:52:46,104]: fea759 : 0.0011
[2020-03-31 11:52:46,104]: fea934 : 0.0011
[2020-03-31 11:52:46,104]: fea519 : 0.0011
[2020-03-31 11:52:46,104]: fea798 : 0.0011
[2020-03-31 11:52:46,104]: fea528 : 0.0011
[2020-03-31 11:52:46,104]: fea568 : 0.0011
[2020-03-31 11:52:46,104]: fea296 : 0.0011
[2020-03-31 11:52:46,104]: fea671 : 0.0011
[2020-03-31 11:52:46,104]: fea567 : 0.0011
[2020-03-31 11:52:46,104]: fea651 : 0.0011
[2020-03-31 11:52:46,104]: fea523 : 0.0011
[2020-03-31 11:52:46,104]: fea273 : 0.0011
[2020-03-31 11:52:46,105]: fea557 : 0.0011
[2020-03-31 11:52:46,105]: fea669 : 0.0011
[2020-03-31 11:52:46,105]: fea529 : 0.0011
[2020-03-31 11:52:46,105]: fea740 : 0.0011
[2020-03-31 11:52:46,105]: fea607 : 0.0011
[2020-03-31 11:52:46,105]: fea611 : 0.0011
[2020-03-31 11:52:46,105]: fea591 : 0.0011
[2020-03-31 11:52:46,105]: fea32 : 0.0011
[2020-03-31 11:52:46,105]: fea292 : 0.0011
[2020-03-31 11:52:46,105]: fea749 : 0.0011
[2020-03-31 11:52:46,105]: fea666 : 0.0011
[2020-03-31 11:52:46,105]: fea1003 : 0.0011
[2020-03-31 11:52:46,105]: fea661 : 0.0011
[2020-03-31 11:52:46,105]: fea151 : 0.0011
[2020-03-31 11:52:46,105]: fea954 : 0.0011
[2020-03-31 11:52:46,105]: fea771 : 0.0011
[2020-03-31 11:52:46,106]: fea887 : 0.0011
[2020-03-31 11:52:46,106]: fea544 : 0.0011
[2020-03-31 11:52:46,106]: fea945 : 0.0011
[2020-03-31 11:52:46,106]: fea727 : 0.0011
[2020-03-31 11:52:46,106]: fea647 : 0.0011
[2020-03-31 11:52:46,106]: fea721 : 0.0011
[2020-03-31 11:52:46,106]: fea980 : 0.0011
[2020-03-31 11:52:46,106]: fea767 : 0.0011
[2020-03-31 11:52:46,106]: fea737 : 0.0011
[2020-03-31 11:52:46,106]: fea630 : 0.0011
[2020-03-31 11:52:46,106]: fea597 : 0.0011
[2020-03-31 11:52:46,106]: fea290 : 0.0011
[2020-03-31 11:52:46,106]: fea516 : 0.0011
[2020-03-31 11:52:46,106]: fea764 : 0.0011
[2020-03-31 11:52:46,106]: fea534 : 0.0011
[2020-03-31 11:52:46,107]: fea743 : 0.0011
[2020-03-31 11:52:46,107]: fea82 : 0.0011
[2020-03-31 11:52:46,107]: fea750 : 0.0011
[2020-03-31 11:52:46,107]: fea266 : 0.0011
[2020-03-31 11:52:46,107]: fea587 : 0.0011
[2020-03-31 11:52:46,107]: fea947 : 0.0011
[2020-03-31 11:52:46,107]: fea572 : 0.0011
[2020-03-31 11:52:46,107]: fea599 : 0.0011
[2020-03-31 11:52:46,107]: fea600 : 0.0011
[2020-03-31 11:52:46,107]: fea608 : 0.0011
[2020-03-31 11:52:46,107]: fea748 : 0.0011
[2020-03-31 11:52:46,107]: fea915 : 0.0011
[2020-03-31 11:52:46,107]: fea535 : 0.0011
[2020-03-31 11:52:46,107]: fea700 : 0.0011
[2020-03-31 11:52:46,107]: fea593 : 0.0011
[2020-03-31 11:52:46,107]: fea586 : 0.0011
[2020-03-31 11:52:46,108]: fea322 : 0.0011
[2020-03-31 11:52:46,108]: fea606 : 0.0011
[2020-03-31 11:52:46,108]: fea579 : 0.0011
[2020-03-31 11:52:46,108]: fea688 : 0.0011
[2020-03-31 11:52:46,108]: fea615 : 0.0011
[2020-03-31 11:52:46,108]: fea532 : 0.0011
[2020-03-31 11:52:46,108]: fea948 : 0.0011
[2020-03-31 11:52:46,108]: fea937 : 0.0011
[2020-03-31 11:52:46,108]: fea582 : 0.0011
[2020-03-31 11:52:46,108]: fea656 : 0.0011
[2020-03-31 11:52:46,108]: fea1000 : 0.0011
[2020-03-31 11:52:46,108]: fea654 : 0.0011
[2020-03-31 11:52:46,108]: fea614 : 0.0011
[2020-03-31 11:52:46,108]: fea295 : 0.0011
[2020-03-31 11:52:46,108]: fea747 : 0.0011
[2020-03-31 11:52:46,109]: fea220 : 0.0011
[2020-03-31 11:52:46,109]: fea196 : 0.0011
[2020-03-31 11:52:46,109]: fea649 : 0.0011
[2020-03-31 11:52:46,109]: fea850 : 0.0011
[2020-03-31 11:52:46,109]: fea185 : 0.0011
[2020-03-31 11:52:46,109]: fea522 : 0.0011
[2020-03-31 11:52:46,109]: fea902 : 0.0011
[2020-03-31 11:52:46,109]: fea912 : 0.0011
[2020-03-31 11:52:46,109]: fea836 : 0.0011
[2020-03-31 11:52:46,109]: fea40 : 0.0011
[2020-03-31 11:52:46,109]: 1023 : 0.0011
[2020-03-31 11:52:46,109]: fea882 : 0.0011
[2020-03-31 11:52:46,109]: fea524 : 0.0011
[2020-03-31 11:52:46,109]: fea631 : 0.0011
[2020-03-31 11:52:46,109]: fea708 : 0.0011
[2020-03-31 11:52:46,109]: fea994 : 0.0011
[2020-03-31 11:52:46,110]: fea942 : 0.0011
[2020-03-31 11:52:46,110]: fea512 : 0.0011
[2020-03-31 11:52:46,110]: fea163 : 0.0011
[2020-03-31 11:52:46,110]: fea702 : 0.0011
[2020-03-31 11:52:46,110]: fea933 : 0.0011
[2020-03-31 11:52:46,110]: fea618 : 0.0011
[2020-03-31 11:52:46,110]: fea783 : 0.0011
[2020-03-31 11:52:46,110]: fea949 : 0.0011
[2020-03-31 11:52:46,110]: fea632 : 0.0011
[2020-03-31 11:52:46,110]: fea703 : 0.0011
[2020-03-31 11:52:46,110]: fea626 : 0.0011
[2020-03-31 11:52:46,110]: fea928 : 0.0011
[2020-03-31 11:52:46,110]: fea548 : 0.0011
[2020-03-31 11:52:46,110]: fea594 : 0.0011
[2020-03-31 11:52:46,110]: fea525 : 0.0011
[2020-03-31 11:52:46,111]: fea536 : 0.0011
[2020-03-31 11:52:46,111]: fea908 : 0.0011
[2020-03-31 11:52:46,111]: fea509 : 0.0011
[2020-03-31 11:52:46,111]: fea8 : 0.0010
[2020-03-31 11:52:46,111]: fea452 : 0.0010
[2020-03-31 11:52:46,111]: fea233 : 0.0010
[2020-03-31 11:52:46,111]: fea43 : 0.0010
[2020-03-31 11:52:46,111]: fea1004 : 0.0010
[2020-03-31 11:52:46,111]: fea725 : 0.0010
[2020-03-31 11:52:46,111]: fea699 : 0.0010
[2020-03-31 11:52:46,111]: fea658 : 0.0010
[2020-03-31 11:52:46,111]: fea545 : 0.0010
[2020-03-31 11:52:46,111]: fea711 : 0.0010
[2020-03-31 11:52:46,111]: fea741 : 0.0010
[2020-03-31 11:52:46,111]: fea531 : 0.0010
[2020-03-31 11:52:46,111]: fea726 : 0.0010
[2020-03-31 11:52:46,112]: fea642 : 0.0010
[2020-03-31 11:52:46,112]: fea291 : 0.0010
[2020-03-31 11:52:46,112]: fea589 : 0.0010
[2020-03-31 11:52:46,112]: fea639 : 0.0010
[2020-03-31 11:52:46,112]: fea844 : 0.0010
[2020-03-31 11:52:46,112]: fea646 : 0.0010
[2020-03-31 11:52:46,112]: fea550 : 0.0010
[2020-03-31 11:52:46,112]: fea570 : 0.0010
[2020-03-31 11:52:46,112]: fea146 : 0.0010
[2020-03-31 11:52:46,112]: fea941 : 0.0010
[2020-03-31 11:52:46,112]: fea553 : 0.0010
[2020-03-31 11:52:46,112]: fea957 : 0.0010
[2020-03-31 11:52:46,112]: fea621 : 0.0010
[2020-03-31 11:52:46,112]: fea753 : 0.0010
[2020-03-31 11:52:46,112]: fea724 : 0.0010
[2020-03-31 11:52:46,113]: fea780 : 0.0010
[2020-03-31 11:52:46,113]: fea571 : 0.0010
[2020-03-31 11:52:46,113]: fea537 : 0.0010
[2020-03-31 11:52:46,113]: fea810 : 0.0010
[2020-03-31 11:52:46,113]: fea818 : 0.0010
[2020-03-31 11:52:46,113]: fea777 : 0.0010
[2020-03-31 11:52:46,113]: fea382 : 0.0010
[2020-03-31 11:52:46,113]: fea898 : 0.0010
[2020-03-31 11:52:46,113]: fea590 : 0.0010
[2020-03-31 11:52:46,113]: fea463 : 0.0010
[2020-03-31 11:52:46,113]: fea103 : 0.0010
[2020-03-31 11:52:46,113]: fea427 : 0.0010
[2020-03-31 11:52:46,113]: fea159 : 0.0010
[2020-03-31 11:52:46,113]: fea663 : 0.0010
[2020-03-31 11:52:46,113]: fea833 : 0.0010
[2020-03-31 11:52:46,113]: fea85 : 0.0010
[2020-03-31 11:52:46,114]: fea470 : 0.0010
[2020-03-31 11:52:46,114]: fea613 : 0.0010
[2020-03-31 11:52:46,114]: fea232 : 0.0010
[2020-03-31 11:52:46,114]: fea723 : 0.0010
[2020-03-31 11:52:46,114]: fea974 : 0.0010
[2020-03-31 11:52:46,114]: fea421 : 0.0010
[2020-03-31 11:52:46,114]: fea837 : 0.0010
[2020-03-31 11:52:46,114]: fea64 : 0.0010
[2020-03-31 11:52:46,114]: fea778 : 0.0010
[2020-03-31 11:52:46,114]: fea987 : 0.0010
[2020-03-31 11:52:46,114]: fea30 : 0.0010
[2020-03-31 11:52:46,114]: fea826 : 0.0010
[2020-03-31 11:52:46,114]: fea88 : 0.0010
[2020-03-31 11:52:46,114]: fea254 : 0.0010
[2020-03-31 11:52:46,114]: fea871 : 0.0010
[2020-03-31 11:52:46,115]: fea804 : 0.0010
[2020-03-31 11:52:46,115]: fea36 : 0.0010
[2020-03-31 11:52:46,115]: fea143 : 0.0010
[2020-03-31 11:52:46,115]: fea881 : 0.0010
[2020-03-31 11:52:46,115]: fea139 : 0.0010
[2020-03-31 11:52:46,115]: fea207 : 0.0010
[2020-03-31 11:52:46,115]: fea458 : 0.0010
[2020-03-31 11:52:46,115]: fea107 : 0.0010
[2020-03-31 11:52:46,115]: fea66 : 0.0010
[2020-03-31 11:52:46,115]: fea174 : 0.0010
[2020-03-31 11:52:46,115]: fea897 : 0.0010
[2020-03-31 11:52:46,115]: fea415 : 0.0010
[2020-03-31 11:52:46,115]: fea390 : 0.0010
[2020-03-31 11:52:46,115]: fea830 : 0.0010
[2020-03-31 11:52:46,115]: fea231 : 0.0010
[2020-03-31 11:52:46,115]: fea115 : 0.0010
[2020-03-31 11:52:46,116]: fea447 : 0.0010
[2020-03-31 11:52:46,116]: fea11 : 0.0010
[2020-03-31 11:52:46,116]: fea386 : 0.0010
[2020-03-31 11:52:46,116]: fea493 : 0.0010
[2020-03-31 11:52:46,116]: fea920 : 0.0010
[2020-03-31 11:52:46,116]: fea1001 : 0.0010
[2020-03-31 11:52:46,116]: fea1018 : 0.0010
[2020-03-31 11:52:46,116]: fea244 : 0.0010
[2020-03-31 11:52:46,116]: fea429 : 0.0010
[2020-03-31 11:52:46,116]: fea79 : 0.0010
[2020-03-31 11:52:46,116]: fea321 : 0.0010
[2020-03-31 11:52:46,116]: fea375 : 0.0010
[2020-03-31 11:52:46,116]: fea170 : 0.0010
[2020-03-31 11:52:46,116]: fea335 : 0.0010
[2020-03-31 11:52:46,116]: fea326 : 0.0010
[2020-03-31 11:52:46,117]: fea444 : 0.0010
[2020-03-31 11:52:46,117]: fea80 : 0.0010
[2020-03-31 11:52:46,117]: fea31 : 0.0010
[2020-03-31 11:52:46,117]: fea379 : 0.0010
[2020-03-31 11:52:46,117]: fea998 : 0.0010
[2020-03-31 11:52:46,117]: fea199 : 0.0010
[2020-03-31 11:52:46,117]: fea462 : 0.0009
[2020-03-31 11:52:46,117]: fea917 : 0.0009
[2020-03-31 11:52:46,117]: fea134 : 0.0009
[2020-03-31 11:52:46,117]: fea216 : 0.0009
[2020-03-31 11:52:46,117]: fea944 : 0.0009
[2020-03-31 11:52:46,117]: fea58 : 0.0009
[2020-03-31 11:52:46,117]: fea385 : 0.0009
[2020-03-31 11:52:46,117]: fea172 : 0.0009
[2020-03-31 11:52:46,117]: fea800 : 0.0009
[2020-03-31 11:52:46,117]: fea190 : 0.0009
[2020-03-31 11:52:46,118]: fea650 : 0.0009
[2020-03-31 11:52:46,118]: fea95 : 0.0009
[2020-03-31 11:52:46,118]: fea426 : 0.0009
[2020-03-31 11:52:46,118]: fea496 : 0.0009
[2020-03-31 11:52:46,118]: fea381 : 0.0009
[2020-03-31 11:52:46,118]: fea900 : 0.0009
[2020-03-31 11:52:46,118]: fea223 : 0.0009
[2020-03-31 11:52:46,118]: fea260 : 0.0009
[2020-03-31 11:52:46,118]: fea802 : 0.0009
[2020-03-31 11:52:46,118]: fea868 : 0.0009
[2020-03-31 11:52:46,118]: fea847 : 0.0009
[2020-03-31 11:52:46,118]: fea211 : 0.0009
[2020-03-31 11:52:46,118]: fea39 : 0.0009
[2020-03-31 11:52:46,118]: fea710 : 0.0009
[2020-03-31 11:52:46,118]: fea21 : 0.0009
[2020-03-31 11:52:46,118]: fea424 : 0.0009
[2020-03-31 11:52:46,119]: fea473 : 0.0009
[2020-03-31 11:52:46,119]: fea242 : 0.0009
[2020-03-31 11:52:46,119]: fea829 : 0.0009
[2020-03-31 11:52:46,119]: fea875 : 0.0009
[2020-03-31 11:52:46,119]: fea201 : 0.0009
[2020-03-31 11:52:46,119]: fea835 : 0.0009
[2020-03-31 11:52:46,119]: fea585 : 0.0009
[2020-03-31 11:52:46,119]: fea187 : 0.0009
[2020-03-31 11:52:46,119]: fea380 : 0.0009
[2020-03-31 11:52:46,119]: fea874 : 0.0009
[2020-03-31 11:52:46,119]: fea845 : 0.0009
[2020-03-31 11:52:46,119]: fea893 : 0.0009
[2020-03-31 11:52:46,119]: fea428 : 0.0009
[2020-03-31 11:52:46,119]: fea451 : 0.0009
[2020-03-31 11:52:46,119]: fea119 : 0.0009
[2020-03-31 11:52:46,119]: fea438 : 0.0009
[2020-03-31 11:52:46,119]: fea369 : 0.0009
[2020-03-31 11:52:46,120]: fea774 : 0.0009
[2020-03-31 11:52:46,120]: fea182 : 0.0009
[2020-03-31 11:52:46,120]: fea22 : 0.0009
[2020-03-31 11:52:46,120]: fea69 : 0.0009
[2020-03-31 11:52:46,120]: fea324 : 0.0009
[2020-03-31 11:52:46,120]: fea508 : 0.0009
[2020-03-31 11:52:46,120]: fea48 : 0.0009
[2020-03-31 11:52:46,120]: fea510 : 0.0009
[2020-03-31 11:52:46,120]: fea772 : 0.0009
[2020-03-31 11:52:46,120]: fea42 : 0.0009
[2020-03-31 11:52:46,120]: fea155 : 0.0009
[2020-03-31 11:52:46,120]: fea864 : 0.0009
[2020-03-31 11:52:46,120]: fea629 : 0.0009
[2020-03-31 11:52:46,120]: fea437 : 0.0009
[2020-03-31 11:52:46,120]: fea90 : 0.0009
[2020-03-31 11:52:46,120]: fea863 : 0.0009
[2020-03-31 11:52:46,120]: fea116 : 0.0009
[2020-03-31 11:52:46,121]: fea331 : 0.0009
[2020-03-31 11:52:46,121]: fea877 : 0.0009
[2020-03-31 11:52:46,121]: fea961 : 0.0009
[2020-03-31 11:52:46,121]: fea425 : 0.0009
[2020-03-31 11:52:46,121]: fea272 : 0.0009
[2020-03-31 11:52:46,121]: fea905 : 0.0009
[2020-03-31 11:52:46,121]: fea823 : 0.0009
[2020-03-31 11:52:46,121]: fea995 : 0.0009
[2020-03-31 11:52:46,121]: fea101 : 0.0009
[2020-03-31 11:52:46,121]: fea383 : 0.0009
[2020-03-31 11:52:46,121]: fea781 : 0.0009
[2020-03-31 11:52:46,121]: fea418 : 0.0009
[2020-03-31 11:52:46,121]: fea310 : 0.0009
[2020-03-31 11:52:46,121]: fea776 : 0.0009
[2020-03-31 11:52:46,121]: fea367 : 0.0009
[2020-03-31 11:52:46,121]: fea215 : 0.0009
[2020-03-31 11:52:46,121]: fea33 : 0.0009
[2020-03-31 11:52:46,122]: fea349 : 0.0009
[2020-03-31 11:52:46,122]: fea350 : 0.0009
[2020-03-31 11:52:46,122]: fea213 : 0.0009
[2020-03-31 11:52:46,122]: fea54 : 0.0009
[2020-03-31 11:52:46,122]: fea1011 : 0.0009
[2020-03-31 11:52:46,122]: fea459 : 0.0009
[2020-03-31 11:52:46,122]: fea249 : 0.0009
[2020-03-31 11:52:46,122]: fea482 : 0.0009
[2020-03-31 11:52:46,122]: fea339 : 0.0009
[2020-03-31 11:52:46,122]: fea246 : 0.0009
[2020-03-31 11:52:46,122]: fea203 : 0.0009
[2020-03-31 11:52:46,122]: fea411 : 0.0009
[2020-03-31 11:52:46,122]: fea498 : 0.0009
[2020-03-31 11:52:46,122]: fea314 : 0.0009
[2020-03-31 11:52:46,122]: fea921 : 0.0009
[2020-03-31 11:52:46,122]: fea94 : 0.0009
[2020-03-31 11:52:46,122]: fea788 : 0.0009
[2020-03-31 11:52:46,122]: fea261 : 0.0009
[2020-03-31 11:52:46,123]: fea838 : 0.0009
[2020-03-31 11:52:46,123]: fea283 : 0.0009
[2020-03-31 11:52:46,123]: fea938 : 0.0009
[2020-03-31 11:52:46,123]: fea773 : 0.0009
[2020-03-31 11:52:46,123]: fea978 : 0.0009
[2020-03-31 11:52:46,123]: fea394 : 0.0009
[2020-03-31 11:52:46,123]: fea89 : 0.0009
[2020-03-31 11:52:46,123]: fea436 : 0.0009
[2020-03-31 11:52:46,123]: fea239 : 0.0009
[2020-03-31 11:52:46,123]: fea332 : 0.0009
[2020-03-31 11:52:46,123]: fea124 : 0.0009
[2020-03-31 11:52:46,123]: fea230 : 0.0009
[2020-03-31 11:52:46,123]: fea857 : 0.0009
[2020-03-31 11:52:46,123]: fea976 : 0.0009
[2020-03-31 11:52:46,123]: fea61 : 0.0009
[2020-03-31 11:52:46,123]: fea808 : 0.0009
[2020-03-31 11:52:46,123]: fea200 : 0.0009
[2020-03-31 11:52:46,123]: fea41 : 0.0009
[2020-03-31 11:52:46,124]: fea198 : 0.0009
[2020-03-31 11:52:46,124]: fea161 : 0.0009
[2020-03-31 11:52:46,124]: fea38 : 0.0009
[2020-03-31 11:52:46,124]: fea409 : 0.0009
[2020-03-31 11:52:46,124]: fea801 : 0.0009
[2020-03-31 11:52:46,124]: fea971 : 0.0009
[2020-03-31 11:52:46,124]: fea973 : 0.0009
[2020-03-31 11:52:46,124]: fea287 : 0.0009
[2020-03-31 11:52:46,124]: fea387 : 0.0009
[2020-03-31 11:52:46,124]: fea825 : 0.0009
[2020-03-31 11:52:46,124]: fea988 : 0.0009
[2020-03-31 11:52:46,124]: fea860 : 0.0009
[2020-03-31 11:52:46,124]: fea25 : 0.0009
[2020-03-31 11:52:46,124]: fea78 : 0.0009
[2020-03-31 11:52:46,124]: fea985 : 0.0009
[2020-03-31 11:52:46,124]: fea340 : 0.0009
[2020-03-31 11:52:46,125]: fea922 : 0.0009
[2020-03-31 11:52:46,125]: fea240 : 0.0009
[2020-03-31 11:52:46,125]: fea4 : 0.0009
[2020-03-31 11:52:46,125]: fea309 : 0.0009
[2020-03-31 11:52:46,125]: fea269 : 0.0009
[2020-03-31 11:52:46,125]: fea176 : 0.0009
[2020-03-31 11:52:46,125]: fea853 : 0.0009
[2020-03-31 11:52:46,125]: fea248 : 0.0009
[2020-03-31 11:52:46,125]: fea465 : 0.0009
[2020-03-31 11:52:46,125]: fea389 : 0.0009
[2020-03-31 11:52:46,125]: fea162 : 0.0009
[2020-03-31 11:52:46,125]: fea709 : 0.0009
[2020-03-31 11:52:46,125]: fea47 : 0.0009
[2020-03-31 11:52:46,125]: fea486 : 0.0009
[2020-03-31 11:52:46,125]: fea345 : 0.0009
[2020-03-31 11:52:46,125]: fea106 : 0.0009
[2020-03-31 11:52:46,125]: fea620 : 0.0009
[2020-03-31 11:52:46,126]: fea93 : 0.0009
[2020-03-31 11:52:46,126]: fea297 : 0.0009
[2020-03-31 11:52:46,126]: fea275 : 0.0009
[2020-03-31 11:52:46,126]: fea866 : 0.0009
[2020-03-31 11:52:46,126]: fea245 : 0.0009
[2020-03-31 11:52:46,126]: fea337 : 0.0009
[2020-03-31 11:52:46,126]: fea125 : 0.0009
[2020-03-31 11:52:46,126]: fea839 : 0.0009
[2020-03-31 11:52:46,126]: fea503 : 0.0009
[2020-03-31 11:52:46,126]: fea388 : 0.0009
[2020-03-31 11:52:46,126]: fea448 : 0.0009
[2020-03-31 11:52:46,126]: fea986 : 0.0009
[2020-03-31 11:52:46,126]: fea113 : 0.0009
[2020-03-31 11:52:46,126]: fea1013 : 0.0009
[2020-03-31 11:52:46,126]: fea16 : 0.0009
[2020-03-31 11:52:46,126]: fea506 : 0.0009
[2020-03-31 11:52:46,126]: fea105 : 0.0009
[2020-03-31 11:52:46,126]: fea401 : 0.0009
[2020-03-31 11:52:46,127]: fea481 : 0.0009
[2020-03-31 11:52:46,127]: fea144 : 0.0009
[2020-03-31 11:52:46,127]: fea338 : 0.0009
[2020-03-31 11:52:46,127]: fea414 : 0.0009
[2020-03-31 11:52:46,127]: fea504 : 0.0009
[2020-03-31 11:52:46,127]: fea479 : 0.0009
[2020-03-31 11:52:46,127]: fea65 : 0.0009
[2020-03-31 11:52:46,127]: fea1 : 0.0009
[2020-03-31 11:52:46,127]: fea1002 : 0.0009
[2020-03-31 11:52:46,127]: fea293 : 0.0009
[2020-03-31 11:52:46,127]: fea111 : 0.0009
[2020-03-31 11:52:46,127]: fea779 : 0.0009
[2020-03-31 11:52:46,127]: fea904 : 0.0009
[2020-03-31 11:52:46,127]: fea325 : 0.0009
[2020-03-31 11:52:46,127]: fea165 : 0.0009
[2020-03-31 11:52:46,127]: fea471 : 0.0009
[2020-03-31 11:52:46,127]: fea822 : 0.0009
[2020-03-31 11:52:46,127]: fea263 : 0.0009
[2020-03-31 11:52:46,128]: fea317 : 0.0009
[2020-03-31 11:52:46,128]: fea809 : 0.0009
[2020-03-31 11:52:46,128]: fea120 : 0.0009
[2020-03-31 11:52:46,128]: fea37 : 0.0009
[2020-03-31 11:52:46,128]: fea423 : 0.0009
[2020-03-31 11:52:46,128]: fea104 : 0.0009
[2020-03-31 11:52:46,128]: fea443 : 0.0009
[2020-03-31 11:52:46,128]: fea624 : 0.0009
[2020-03-31 11:52:46,128]: fea832 : 0.0009
[2020-03-31 11:52:46,128]: fea123 : 0.0009
[2020-03-31 11:52:46,128]: fea250 : 0.0009
[2020-03-31 11:52:46,128]: fea346 : 0.0009
[2020-03-31 11:52:46,128]: fea122 : 0.0009
[2020-03-31 11:52:46,128]: fea268 : 0.0009
[2020-03-31 11:52:46,128]: fea1008 : 0.0009
[2020-03-31 11:52:46,128]: fea979 : 0.0009
[2020-03-31 11:52:46,128]: fea55 : 0.0009
[2020-03-31 11:52:46,129]: fea1014 : 0.0009
[2020-03-31 11:52:46,129]: fea872 : 0.0009
[2020-03-31 11:52:46,129]: fea141 : 0.0009
[2020-03-31 11:52:46,129]: fea507 : 0.0009
[2020-03-31 11:52:46,129]: fea142 : 0.0009
[2020-03-31 11:52:46,129]: fea279 : 0.0009
[2020-03-31 11:52:46,129]: fea109 : 0.0009
[2020-03-31 11:52:46,129]: fea285 : 0.0009
[2020-03-31 11:52:46,129]: fea100 : 0.0009
[2020-03-31 11:52:46,129]: fea420 : 0.0009
[2020-03-31 11:52:46,129]: fea896 : 0.0009
[2020-03-31 11:52:46,129]: fea901 : 0.0009
[2020-03-31 11:52:46,129]: fea1015 : 0.0009
[2020-03-31 11:52:46,129]: fea416 : 0.0009
[2020-03-31 11:52:46,129]: fea357 : 0.0009
[2020-03-31 11:52:46,129]: fea302 : 0.0009
[2020-03-31 11:52:46,129]: fea13 : 0.0009
[2020-03-31 11:52:46,129]: fea2 : 0.0009
[2020-03-31 11:52:46,130]: fea351 : 0.0009
[2020-03-31 11:52:46,130]: fea241 : 0.0009
[2020-03-31 11:52:46,130]: fea278 : 0.0009
[2020-03-31 11:52:46,130]: fea135 : 0.0009
[2020-03-31 11:52:46,130]: fea499 : 0.0009
[2020-03-31 11:52:46,130]: fea157 : 0.0009
[2020-03-31 11:52:46,130]: fea19 : 0.0009
[2020-03-31 11:52:46,130]: fea889 : 0.0009
[2020-03-31 11:52:46,130]: fea75 : 0.0009
[2020-03-31 11:52:46,130]: fea919 : 0.0009
[2020-03-31 11:52:46,130]: fea227 : 0.0009
[2020-03-31 11:52:46,130]: fea45 : 0.0009
[2020-03-31 11:52:46,130]: fea24 : 0.0009
[2020-03-31 11:52:46,130]: fea323 : 0.0009
[2020-03-31 11:52:46,130]: fea179 : 0.0009
[2020-03-31 11:52:46,130]: fea76 : 0.0009
[2020-03-31 11:52:46,130]: fea873 : 0.0009
[2020-03-31 11:52:46,130]: fea453 : 0.0009
[2020-03-31 11:52:46,131]: fea237 : 0.0009
[2020-03-31 11:52:46,131]: fea96 : 0.0009
[2020-03-31 11:52:46,131]: fea480 : 0.0009
[2020-03-31 11:52:46,131]: fea497 : 0.0009
[2020-03-31 11:52:46,131]: fea169 : 0.0009
[2020-03-31 11:52:46,131]: fea366 : 0.0009
[2020-03-31 11:52:46,131]: fea7 : 0.0009
[2020-03-31 11:52:46,131]: fea210 : 0.0009
[2020-03-31 11:52:46,131]: fea147 : 0.0009
[2020-03-31 11:52:46,131]: fea5 : 0.0009
[2020-03-31 11:52:46,131]: fea271 : 0.0009
[2020-03-31 11:52:46,131]: fea365 : 0.0009
[2020-03-31 11:52:46,131]: fea177 : 0.0009
[2020-03-31 11:52:46,131]: fea407 : 0.0009
[2020-03-31 11:52:46,131]: fea354 : 0.0009
[2020-03-31 11:52:46,131]: fea821 : 0.0009
[2020-03-31 11:52:46,131]: fea371 : 0.0009
[2020-03-31 11:52:46,131]: fea164 : 0.0009
[2020-03-31 11:52:46,132]: fea359 : 0.0009
[2020-03-31 11:52:46,132]: fea972 : 0.0009
[2020-03-31 11:52:46,132]: fea502 : 0.0009
[2020-03-31 11:52:46,132]: fea361 : 0.0009
[2020-03-31 11:52:46,132]: fea131 : 0.0009
[2020-03-31 11:52:46,132]: fea235 : 0.0009
[2020-03-31 11:52:46,132]: fea775 : 0.0009
[2020-03-31 11:52:46,132]: fea171 : 0.0009
[2020-03-31 11:52:46,132]: fea840 : 0.0009
[2020-03-31 11:52:46,132]: fea455 : 0.0009
[2020-03-31 11:52:46,132]: fea197 : 0.0009
[2020-03-31 11:52:46,132]: fea965 : 0.0009
[2020-03-31 11:52:46,132]: fea977 : 0.0009
[2020-03-31 11:52:46,132]: fea9 : 0.0009
[2020-03-31 11:52:46,132]: fea1006 : 0.0009
[2020-03-31 11:52:46,132]: fea23 : 0.0009
[2020-03-31 11:52:46,132]: fea348 : 0.0009
[2020-03-31 11:52:46,133]: fea494 : 0.0009
[2020-03-31 11:52:46,133]: fea26 : 0.0009
[2020-03-31 11:52:46,133]: fea98 : 0.0009
[2020-03-31 11:52:46,133]: fea450 : 0.0009
[2020-03-31 11:52:46,133]: fea194 : 0.0009
[2020-03-31 11:52:46,133]: fea787 : 0.0009
[2020-03-31 11:52:46,133]: fea229 : 0.0009
[2020-03-31 11:52:46,133]: fea793 : 0.0009
[2020-03-31 11:52:46,133]: fea962 : 0.0009
[2020-03-31 11:52:46,133]: fea277 : 0.0009
[2020-03-31 11:52:46,133]: fea208 : 0.0009
[2020-03-31 11:52:46,133]: fea855 : 0.0009
[2020-03-31 11:52:46,133]: fea807 : 0.0009
[2020-03-31 11:52:46,133]: fea221 : 0.0009
[2020-03-31 11:52:46,133]: fea114 : 0.0009
[2020-03-31 11:52:46,133]: fea315 : 0.0009
[2020-03-31 11:52:46,133]: fea313 : 0.0009
[2020-03-31 11:52:46,133]: fea483 : 0.0009
[2020-03-31 11:52:46,134]: fea145 : 0.0009
[2020-03-31 11:52:46,134]: fea967 : 0.0009
[2020-03-31 11:52:46,134]: fea858 : 0.0009
[2020-03-31 11:52:46,134]: fea376 : 0.0009
[2020-03-31 11:52:46,134]: fea320 : 0.0009
[2020-03-31 11:52:46,134]: fea384 : 0.0009
[2020-03-31 11:52:46,134]: fea461 : 0.0009
[2020-03-31 11:52:46,134]: fea792 : 0.0009
[2020-03-31 11:52:46,134]: fea1005 : 0.0009
[2020-03-31 11:52:46,134]: fea284 : 0.0009
[2020-03-31 11:52:46,134]: fea336 : 0.0009
[2020-03-31 11:52:46,134]: fea311 : 0.0009
[2020-03-31 11:52:46,134]: fea294 : 0.0009
[2020-03-31 11:52:46,134]: fea156 : 0.0009
[2020-03-31 11:52:46,134]: fea782 : 0.0009
[2020-03-31 11:52:46,134]: fea15 : 0.0009
[2020-03-31 11:52:46,134]: fea996 : 0.0009
[2020-03-31 11:52:46,134]: fea87 : 0.0009
[2020-03-31 11:52:46,135]: fea984 : 0.0009
[2020-03-31 11:52:46,135]: fea770 : 0.0009
[2020-03-31 11:52:46,135]: fea173 : 0.0009
[2020-03-31 11:52:46,135]: fea334 : 0.0009
[2020-03-31 11:52:46,135]: fea148 : 0.0009
[2020-03-31 11:52:46,135]: fea341 : 0.0009
[2020-03-31 11:52:46,135]: fea152 : 0.0009
[2020-03-31 11:52:46,135]: fea441 : 0.0009
[2020-03-31 11:52:46,135]: fea851 : 0.0009
[2020-03-31 11:52:46,135]: fea191 : 0.0009
[2020-03-31 11:52:46,135]: fea92 : 0.0009
[2020-03-31 11:52:46,135]: fea140 : 0.0009
[2020-03-31 11:52:46,135]: fea360 : 0.0009
[2020-03-31 11:52:46,135]: fea344 : 0.0009
[2020-03-31 11:52:46,135]: fea841 : 0.0009
[2020-03-31 11:52:46,135]: fea892 : 0.0009
[2020-03-31 11:52:46,135]: fea356 : 0.0009
[2020-03-31 11:52:46,135]: fea243 : 0.0009
[2020-03-31 11:52:46,136]: fea445 : 0.0009
[2020-03-31 11:52:46,136]: fea333 : 0.0009
[2020-03-31 11:52:46,136]: fea487 : 0.0009
[2020-03-31 11:52:46,136]: fea814 : 0.0009
[2020-03-31 11:52:46,136]: fea925 : 0.0009
[2020-03-31 11:52:46,136]: fea964 : 0.0009
[2020-03-31 11:52:46,136]: fea118 : 0.0009
[2020-03-31 11:52:46,136]: fea876 : 0.0009
[2020-03-31 11:52:46,136]: fea891 : 0.0009
[2020-03-31 11:52:46,136]: fea225 : 0.0009
[2020-03-31 11:52:46,136]: fea257 : 0.0009
[2020-03-31 11:52:46,136]: fea442 : 0.0009
[2020-03-31 11:52:46,136]: fea372 : 0.0009
[2020-03-31 11:52:46,136]: fea989 : 0.0009
[2020-03-31 11:52:46,136]: fea911 : 0.0009
[2020-03-31 11:52:46,136]: fea440 : 0.0009
[2020-03-31 11:52:46,136]: fea419 : 0.0009
[2020-03-31 11:52:46,136]: fea422 : 0.0009
[2020-03-31 11:52:46,137]: fea316 : 0.0009
[2020-03-31 11:52:46,137]: fea158 : 0.0009
[2020-03-31 11:52:46,137]: fea880 : 0.0009
[2020-03-31 11:52:46,137]: fea251 : 0.0009
[2020-03-31 11:52:46,137]: fea236 : 0.0009
[2020-03-31 11:52:46,137]: fea71 : 0.0009
[2020-03-31 11:52:46,137]: fea796 : 0.0009
[2020-03-31 11:52:46,137]: fea405 : 0.0009
[2020-03-31 11:52:46,137]: fea353 : 0.0009
[2020-03-31 11:52:46,137]: fea402 : 0.0009
[2020-03-31 11:52:46,137]: fea916 : 0.0009
[2020-03-31 11:52:46,137]: fea70 : 0.0009
[2020-03-31 11:52:46,137]: fea435 : 0.0009
[2020-03-31 11:52:46,137]: fea304 : 0.0009
[2020-03-31 11:52:46,137]: fea44 : 0.0009
[2020-03-31 11:52:46,137]: fea963 : 0.0009
[2020-03-31 11:52:46,137]: fea222 : 0.0009
[2020-03-31 11:52:46,138]: fea476 : 0.0009
[2020-03-31 11:52:46,138]: fea28 : 0.0009
[2020-03-31 11:52:46,138]: fea128 : 0.0009
[2020-03-31 11:52:46,138]: fea205 : 0.0009
[2020-03-31 11:52:46,138]: fea886 : 0.0009
[2020-03-31 11:52:46,138]: fea454 : 0.0009
[2020-03-31 11:52:46,138]: fea846 : 0.0009
[2020-03-31 11:52:46,138]: fea180 : 0.0009
[2020-03-31 11:52:46,138]: fea815 : 0.0009
[2020-03-31 11:52:46,138]: fea217 : 0.0009
[2020-03-31 11:52:46,138]: fea475 : 0.0009
[2020-03-31 11:52:46,138]: fea67 : 0.0009
[2020-03-31 11:52:46,138]: fea281 : 0.0009
[2020-03-31 11:52:46,138]: fea378 : 0.0009
[2020-03-31 11:52:46,138]: fea127 : 0.0009
[2020-03-31 11:52:46,138]: fea852 : 0.0009
[2020-03-31 11:52:46,138]: fea108 : 0.0009
[2020-03-31 11:52:46,138]: fea255 : 0.0009
[2020-03-31 11:52:46,139]: fea785 : 0.0009
[2020-03-31 11:52:46,139]: fea60 : 0.0009
[2020-03-31 11:52:46,139]: fea991 : 0.0009
[2020-03-31 11:52:46,139]: fea56 : 0.0009
[2020-03-31 11:52:46,139]: fea474 : 0.0009
[2020-03-31 11:52:46,139]: fea495 : 0.0009
[2020-03-31 11:52:46,139]: fea192 : 0.0009
[2020-03-31 11:52:46,139]: fea84 : 0.0009
[2020-03-31 11:52:46,139]: fea834 : 0.0009
[2020-03-31 11:52:46,139]: fea848 : 0.0009
[2020-03-31 11:52:46,139]: fea10 : 0.0009
[2020-03-31 11:52:46,139]: fea918 : 0.0009
[2020-03-31 11:52:46,139]: fea282 : 0.0009
[2020-03-31 11:52:46,139]: fea799 : 0.0009
[2020-03-31 11:52:46,139]: fea18 : 0.0009
[2020-03-31 11:52:46,139]: fea218 : 0.0009
[2020-03-31 11:52:46,139]: fea879 : 0.0009
[2020-03-31 11:52:46,139]: fea828 : 0.0009
[2020-03-31 11:52:46,140]: fea150 : 0.0009
[2020-03-31 11:52:46,140]: fea299 : 0.0009
[2020-03-31 11:52:46,140]: fea112 : 0.0009
[2020-03-31 11:52:46,140]: fea168 : 0.0009
[2020-03-31 11:52:46,140]: fea81 : 0.0009
[2020-03-31 11:52:46,140]: fea83 : 0.0009
[2020-03-31 11:52:46,140]: fea391 : 0.0009
[2020-03-31 11:52:46,140]: fea91 : 0.0009
[2020-03-31 11:52:46,140]: fea1022 : 0.0009
[2020-03-31 11:52:46,140]: fea300 : 0.0009
[2020-03-31 11:52:46,140]: fea306 : 0.0009
[2020-03-31 11:52:46,140]: fea395 : 0.0009
[2020-03-31 11:52:46,140]: fea86 : 0.0009
[2020-03-31 11:52:46,140]: fea136 : 0.0009
[2020-03-31 11:52:46,140]: fea398 : 0.0009
[2020-03-31 11:52:46,140]: fea193 : 0.0009
[2020-03-31 11:52:46,140]: fea252 : 0.0009
[2020-03-31 11:52:46,140]: fea186 : 0.0009
[2020-03-31 11:52:46,141]: fea73 : 0.0009
[2020-03-31 11:52:46,141]: fea258 : 0.0009
[2020-03-31 11:52:46,141]: fea265 : 0.0009
[2020-03-31 11:52:46,141]: fea795 : 0.0009
[2020-03-31 11:52:46,141]: fea862 : 0.0009
[2020-03-31 11:52:46,141]: fea854 : 0.0009
[2020-03-31 11:52:46,141]: fea178 : 0.0009
[2020-03-31 11:52:46,141]: fea57 : 0.0009
[2020-03-31 11:52:46,141]: fea129 : 0.0009
[2020-03-31 11:52:46,141]: fea456 : 0.0009
[2020-03-31 11:52:46,141]: fea308 : 0.0009
[2020-03-31 11:52:46,141]: fea358 : 0.0009
[2020-03-31 11:52:46,141]: fea312 : 0.0009
[2020-03-31 11:52:46,141]: fea467 : 0.0009
[2020-03-31 11:52:46,141]: fea861 : 0.0009
[2020-03-31 11:52:46,141]: fea460 : 0.0009
[2020-03-31 11:52:46,141]: fea890 : 0.0009
[2020-03-31 11:52:46,141]: fea74 : 0.0009
[2020-03-31 11:52:46,142]: fea301 : 0.0009
[2020-03-31 11:52:46,142]: fea160 : 0.0009
[2020-03-31 11:52:46,142]: fea1017 : 0.0009
[2020-03-31 11:52:46,142]: fea50 : 0.0009
[2020-03-31 11:52:46,142]: fea368 : 0.0009
[2020-03-31 11:52:46,142]: fea68 : 0.0009
[2020-03-31 11:52:46,142]: fea477 : 0.0009
[2020-03-31 11:52:46,142]: fea102 : 0.0009
[2020-03-31 11:52:46,142]: fea137 : 0.0009
[2020-03-31 11:52:46,142]: fea431 : 0.0009
[2020-03-31 11:52:46,142]: fea318 : 0.0009
[2020-03-31 11:52:46,142]: fea286 : 0.0009
[2020-03-31 11:52:46,142]: fea511 : 0.0009
[2020-03-31 11:52:46,142]: fea184 : 0.0009
[2020-03-31 11:52:46,142]: fea99 : 0.0009
[2020-03-31 11:52:46,142]: fea110 : 0.0009
[2020-03-31 11:52:46,142]: fea289 : 0.0009
[2020-03-31 11:52:46,142]: fea999 : 0.0009
[2020-03-31 11:52:46,143]: fea813 : 0.0009
[2020-03-31 11:52:46,143]: fea434 : 0.0009
[2020-03-31 11:52:46,143]: fea117 : 0.0009
[2020-03-31 11:52:46,143]: fea894 : 0.0009
[2020-03-31 11:52:46,143]: fea884 : 0.0009
[2020-03-31 11:52:46,143]: fea449 : 0.0009
[2020-03-31 11:52:46,143]: fea797 : 0.0009
[2020-03-31 11:52:46,143]: fea97 : 0.0009
[2020-03-31 11:52:46,143]: fea212 : 0.0009
[2020-03-31 11:52:46,143]: fea501 : 0.0009
[2020-03-31 11:52:46,143]: fea446 : 0.0009
[2020-03-31 11:52:46,143]: fea393 : 0.0009
[2020-03-31 11:52:46,143]: fea3 : 0.0009
[2020-03-31 11:52:46,143]: fea12 : 0.0009
[2020-03-31 11:52:46,143]: fea329 : 0.0009
[2020-03-31 11:52:46,143]: fea17 : 0.0009
[2020-03-31 11:52:46,143]: fea238 : 0.0009
[2020-03-31 11:52:46,143]: fea343 : 0.0009
[2020-03-31 11:52:46,144]: fea990 : 0.0009
[2020-03-31 11:52:46,144]: fea181 : 0.0009
[2020-03-31 11:52:46,144]: fea867 : 0.0009
[2020-03-31 11:52:46,144]: fea6 : 0.0009
[2020-03-31 11:52:46,144]: fea364 : 0.0009
[2020-03-31 11:52:46,144]: fea968 : 0.0009
[2020-03-31 11:52:46,144]: fea786 : 0.0009
[2020-03-31 11:52:46,144]: fea924 : 0.0009
[2020-03-31 11:52:46,144]: fea63 : 0.0009
[2020-03-31 11:52:46,144]: fea914 : 0.0009
[2020-03-31 11:52:46,144]: fea993 : 0.0009
[2020-03-31 11:52:46,144]: fea870 : 0.0009
[2020-03-31 11:52:46,144]: fea219 : 0.0009
[2020-03-31 11:52:46,144]: fea392 : 0.0009
[2020-03-31 11:52:46,144]: fea1009 : 0.0009
[2020-03-31 11:52:46,144]: fea209 : 0.0009
[2020-03-31 11:52:46,144]: fea403 : 0.0009
[2020-03-31 11:52:46,145]: fea927 : 0.0009
[2020-03-31 11:52:46,145]: fea816 : 0.0009
[2020-03-31 11:52:46,145]: fea175 : 0.0009
[2020-03-31 11:52:46,145]: fea206 : 0.0009
[2020-03-31 11:52:46,145]: fea514 : 0.0009
[2020-03-31 11:52:46,145]: fea869 : 0.0009
[2020-03-31 11:52:46,145]: fea865 : 0.0009
[2020-03-31 11:52:46,145]: fea377 : 0.0009
[2020-03-31 11:52:46,145]: fea307 : 0.0009
[2020-03-31 11:52:46,145]: fea373 : 0.0009
[2020-03-31 11:52:46,145]: fea397 : 0.0009
[2020-03-31 11:52:46,145]: fea478 : 0.0009
[2020-03-31 11:52:46,145]: fea138 : 0.0009
[2020-03-31 11:52:46,145]: fea370 : 0.0009
[2020-03-31 11:52:46,145]: fea319 : 0.0009
[2020-03-31 11:52:46,145]: fea468 : 0.0009
[2020-03-31 11:52:46,145]: fea492 : 0.0009
[2020-03-31 11:52:46,145]: fea969 : 0.0009
[2020-03-31 11:52:46,146]: fea489 : 0.0009
[2020-03-31 11:52:46,146]: fea859 : 0.0009
[2020-03-31 11:52:46,146]: fea62 : 0.0009
[2020-03-31 11:52:46,146]: fea439 : 0.0009
[2020-03-31 11:52:46,146]: fea274 : 0.0009
[2020-03-31 11:52:46,146]: fea842 : 0.0009
[2020-03-31 11:52:46,146]: fea500 : 0.0009
[2020-03-31 11:52:46,146]: fea126 : 0.0009
[2020-03-31 11:52:46,146]: fea305 : 0.0009
[2020-03-31 11:52:46,146]: fea805 : 0.0009
[2020-03-31 11:52:46,146]: fea466 : 0.0009
[2020-03-31 11:52:46,146]: fea276 : 0.0009
[2020-03-31 11:52:46,146]: fea1012 : 0.0009
[2020-03-31 11:52:46,146]: fea53 : 0.0009
[2020-03-31 11:52:46,146]: fea1010 : 0.0009
[2020-03-31 11:52:46,146]: fea811 : 0.0009
[2020-03-31 11:52:46,146]: fea400 : 0.0009
[2020-03-31 11:52:46,146]: fea262 : 0.0009
[2020-03-31 11:52:46,147]: fea975 : 0.0009
[2020-03-31 11:52:46,147]: fea464 : 0.0009
[2020-03-31 11:52:46,147]: fea469 : 0.0009
[2020-03-31 11:52:46,147]: fea374 : 0.0009
[2020-03-31 11:52:46,147]: fea14 : 0.0009
[2020-03-31 11:52:46,147]: fea812 : 0.0009
[2020-03-31 11:52:46,147]: fea59 : 0.0009
[2020-03-31 11:52:46,147]: fea29 : 0.0009
[2020-03-31 11:52:46,147]: fea895 : 0.0009
[2020-03-31 11:52:46,147]: fea195 : 0.0009
[2020-03-31 11:52:46,147]: fea204 : 0.0009
[2020-03-31 11:52:46,147]: fea253 : 0.0009
[2020-03-31 11:52:46,147]: fea983 : 0.0009
[2020-03-31 11:52:46,147]: fea883 : 0.0009
[2020-03-31 11:52:46,147]: fea247 : 0.0009
[2020-03-31 11:52:46,147]: fea399 : 0.0009
[2020-03-31 11:52:46,147]: fea843 : 0.0009
[2020-03-31 11:52:46,147]: fea484 : 0.0009
[2020-03-31 11:52:46,148]: fea831 : 0.0009
[2020-03-31 11:52:46,148]: fea413 : 0.0009
[2020-03-31 11:52:46,148]: fea46 : 0.0009
[2020-03-31 11:52:46,148]: fea183 : 0.0009
[2020-03-31 11:52:46,148]: fea491 : 0.0009
[2020-03-31 11:52:46,148]: fea410 : 0.0009
[2020-03-31 11:52:46,148]: fea362 : 0.0009
[2020-03-31 11:52:46,148]: fea997 : 0.0009
[2020-03-31 11:52:46,148]: fea396 : 0.0009
[2020-03-31 11:52:46,148]: fea149 : 0.0009
[2020-03-31 11:52:46,148]: fea791 : 0.0009
[2020-03-31 11:52:46,148]: fea35 : 0.0009
[2020-03-31 11:52:46,148]: fea228 : 0.0009
[2020-03-31 11:52:46,148]: fea789 : 0.0009
[2020-03-31 11:52:46,148]: fea133 : 0.0009
[2020-03-31 11:52:46,148]: fea982 : 0.0009
[2020-03-31 11:52:46,148]: fea1007 : 0.0009
[2020-03-31 11:52:46,149]: fea132 : 0.0009
[2020-03-31 11:52:46,149]: fea303 : 0.0009
[2020-03-31 11:52:46,149]: fea472 : 0.0009
[2020-03-31 11:52:46,149]: fea154 : 0.0009
[2020-03-31 11:52:46,149]: fea412 : 0.0009
[2020-03-31 11:52:46,149]: fea1020 : 0.0009
[2020-03-31 11:52:46,149]: fea202 : 0.0009
[2020-03-31 11:52:46,149]: fea1021 : 0.0009
[2020-03-31 11:52:46,149]: fea34 : 0.0009
[2020-03-31 11:52:46,149]: fea406 : 0.0009
[2020-03-31 11:52:46,149]: fea856 : 0.0009
[2020-03-31 11:52:46,149]: fea817 : 0.0009
[2020-03-31 11:52:46,149]: fea878 : 0.0009
[2020-03-31 11:52:46,149]: fea166 : 0.0009
[2020-03-31 11:52:46,149]: fea820 : 0.0009
[2020-03-31 11:52:46,149]: fea784 : 0.0009
[2020-03-31 11:52:46,149]: fea52 : 0.0009
[2020-03-31 11:52:46,149]: fea188 : 0.0009
[2020-03-31 11:52:46,150]: fea259 : 0.0009
[2020-03-31 11:52:46,150]: fea485 : 0.0009
[2020-03-31 11:52:46,150]: fea432 : 0.0009
[2020-03-31 11:52:46,150]: fea27 : 0.0009
[2020-03-31 11:52:46,150]: fea121 : 0.0009
[2020-03-31 11:52:46,150]: fea970 : 0.0009
[2020-03-31 11:52:46,150]: fea355 : 0.0009
[2020-03-31 11:52:46,150]: fea352 : 0.0009
[2020-03-31 11:52:46,150]: fea457 : 0.0009
[2020-03-31 11:52:46,150]: fea490 : 0.0009
[2020-03-31 11:52:46,150]: fea1016 : 0.0009
[2020-03-31 11:52:46,150]: fea430 : 0.0009
[2020-03-31 11:52:46,150]: fea790 : 0.0009
[2020-03-31 11:52:46,150]: fea130 : 0.0009
[2020-03-31 11:52:46,150]: fea806 : 0.0009
[2020-03-31 11:52:46,150]: fea433 : 0.0009
[2020-03-31 11:52:46,150]: fea153 : 0.0009
[2020-03-31 11:52:46,150]: fea167 : 0.0008
[2020-03-31 11:52:46,151]: fea330 : 0.0008
[2020-03-31 11:52:46,151]: fea794 : 0.0008
[2020-03-31 11:52:46,151]: fea923 : 0.0008
[2020-03-31 11:52:46,151]: fea417 : 0.0008
[2020-03-31 11:52:46,151]: fea342 : 0.0008
[2020-03-31 11:52:46,151]: fea49 : 0.0008
[2020-03-31 11:52:46,151]: fea824 : 0.0008
[2020-03-31 11:52:46,151]: fea189 : 0.0008
[2020-03-31 11:52:46,151]: fea849 : 0.0008
[2020-03-31 11:52:46,151]: fea888 : 0.0008
[2020-03-31 11:52:46,151]: fea298 : 0.0008
[2020-03-31 11:52:46,151]: fea966 : 0.0008
[2020-03-31 11:52:46,151]: fea885 : 0.0008
[2020-03-31 11:52:46,151]: fea347 : 0.0008
[2020-03-31 11:52:46,151]: fea327 : 0.0008
[2020-03-31 11:52:46,151]: fea77 : 0.0008
[2020-03-31 11:52:46,151]: fea264 : 0.0008
[2020-03-31 11:52:46,151]: fea256 : 0.0008
[2020-03-31 11:52:46,152]: fea404 : 0.0008
[2020-03-31 11:52:46,152]: fea214 : 0.0008
[2020-03-31 11:52:46,152]: fea20 : 0.0008
[2020-03-31 11:52:46,152]: fea981 : 0.0008
[2020-03-31 11:52:46,152]: fea505 : 0.0008
[2020-03-31 11:52:46,152]: fea363 : 0.0008
[2020-03-31 11:52:46,152]: fea408 : 0.0008
[2020-03-31 11:52:46,152]: fea280 : 0.0006
[2020-03-31 11:52:46,152]: feature_rank end
[2020-03-31 11:52:48,548]: Start dimension reduction ...
[2020-03-31 11:52:50,337]: length=1 f1=0.5508 accuarcy=0.6480 precision=0.6747 recall=0.6480 auc=0.5386 
[2020-03-31 11:52:51,767]: length=101 f1=0.7562 accuarcy=0.7653 precision=0.7639 recall=0.7653 auc=0.7235 
[2020-03-31 11:52:53,273]: length=201 f1=0.7585 accuarcy=0.7697 precision=0.7711 recall=0.7697 auc=0.7238 
[2020-03-31 11:52:54,581]: length=301 f1=0.7882 accuarcy=0.7974 precision=0.8017 recall=0.7974 auc=0.7546 
[2020-03-31 11:52:55,851]: length=401 f1=0.7920 accuarcy=0.8012 precision=0.8063 recall=0.8012 auc=0.7583 
[2020-03-31 11:52:57,122]: length=501 f1=0.7858 accuarcy=0.7963 precision=0.8027 recall=0.7963 auc=0.7509 
[2020-03-31 11:52:58,452]: length=601 f1=0.7849 accuarcy=0.7963 precision=0.8048 recall=0.7963 auc=0.7489 
[2020-03-31 11:53:00,334]: length=701 f1=0.7887 accuarcy=0.8001 precision=0.8098 recall=0.8001 auc=0.7525 
[2020-03-31 11:53:02,023]: length=801 f1=0.7935 accuarcy=0.8050 precision=0.8164 recall=0.8050 auc=0.7570 
[2020-03-31 11:53:03,871]: length=901 f1=0.7853 accuarcy=0.7974 precision=0.8078 recall=0.7974 auc=0.7486 
[2020-03-31 11:53:06,050]: length=1001 f1=0.7880 accuarcy=0.7996 precision=0.8093 recall=0.7996 auc=0.7518 
[2020-03-31 11:53:07,958]: length=1023 f1=0.7730 accuarcy=0.7860 precision=0.7947 recall=0.7860 auc=0.7360 
[2020-03-31 11:53:07,958]: ----------
[2020-03-31 11:53:07,958]: the max f1 = 0.7935
[2020-03-31 11:53:07,960]: ['fea939' 'fea578' 'fea576' 'fea687' 'fea952' 'fea583' 'fea644' 'fea929'
 'fea763' 'fea698' 'fea707' 'fea744' 'fea592' 'fea910' 'fea520' 'fea936'
 'fea648' 'fea931' 'fea716' 'fea930' 'fea569' 'fea653' 'fea596' 'fea913'
 'fea932' 'fea951' 'fea640' 'fea943' 'fea552' 'fea715' 'fea738' 'fea690'
 'fea907' 'fea682' 'fea584' 'fea953' 'fea960' 'fea672' 'fea641' 'fea664'
 'fea488' 'fea515' 'fea739' 'fea665' 'fea729' 'fea720' 'fea691' 'fea909'
 'fea605' 'fea827' 'fea635' 'fea628' 'fea638' 'fea684' 'fea819' 'fea757'
 'fea622' 'fea604' 'fea267' 'fea538' 'fea540' 'fea634' 'fea539' 'fea577'
 'fea551' 'fea636' 'fea752' 'fea527' 'fea906' 'fea693' 'fea555' 'fea681'
 'fea72' 'fea521' 'fea609' 'fea674' 'fea706' 'fea652' 'fea616' 'fea645'
 'fea668' 'fea1019' 'fea610' 'fea627' 'fea554' 'fea959' 'fea762' 'fea903'
 'fea742' 'fea735' 'fea657' 'fea733' 'fea701' 'fea899' 'fea692' 'fea655'
 'fea660' 'fea697' 'fea730' 'fea756' 'fea542' 'fea992' 'fea731' 'fea670'
 'fea598' 'fea728' 'fea623' 'fea560' 'fea549' 'fea719' 'fea556' 'fea718'
 'fea526' 'fea581' 'fea561' 'fea617' 'fea563' 'fea601' 'fea677' 'fea562'
 'fea686' 'fea758' 'fea675' 'fea769' 'fea751' 'fea683' 'fea602' 'fea956'
 'fea732' 'fea328' 'fea704' 'fea714' 'fea518' 'fea673' 'fea717' 'fea659'
 'fea573' 'fea546' 'fea667' 'fea575' 'fea803' 'fea695' 'fea712' 'fea685'
 'fea288' 'fea517' 'fea754' 'fea940' 'fea625' 'fea676' 'fea513' 'fea566'
 'fea533' 'fea734' 'fea637' 'fea270' 'fea705' 'fea224' 'fea679' 'fea768'
 'fea603' 'fea559' 'fea950' 'fea580' 'fea946' 'fea766' 'fea530' 'fea926'
 'fea694' 'fea619' 'fea633' 'fea955' 'fea612' 'fea958' 'fea588' 'fea643'
 'fea543' 'fea746' 'fea765' 'fea226' 'fea745' 'fea689' 'fea574' 'fea678'
 'fea51' 'fea662' 'fea565' 'fea760' 'fea755' 'fea595' 'fea541' 'fea761'
 'fea558' 'fea722' 'fea935' 'fea234' 'fea564' 'fea680' 'fea547' 'fea736'
 'fea713' 'fea696' 'fea759' 'fea934' 'fea519' 'fea798' 'fea528' 'fea568'
 'fea296' 'fea671' 'fea567' 'fea651' 'fea523' 'fea273' 'fea557' 'fea669'
 'fea529' 'fea740' 'fea607' 'fea611' 'fea591' 'fea32' 'fea292' 'fea749'
 'fea666' 'fea1003' 'fea661' 'fea151' 'fea954' 'fea771' 'fea887' 'fea544'
 'fea945' 'fea727' 'fea647' 'fea721' 'fea980' 'fea767' 'fea737' 'fea630'
 'fea597' 'fea290' 'fea516' 'fea764' 'fea534' 'fea743' 'fea82' 'fea750'
 'fea266' 'fea587' 'fea947' 'fea572' 'fea599' 'fea600' 'fea608' 'fea748'
 'fea915' 'fea535' 'fea700' 'fea593' 'fea586' 'fea322' 'fea606' 'fea579'
 'fea688' 'fea615' 'fea532' 'fea948' 'fea937' 'fea582' 'fea656' 'fea1000'
 'fea654' 'fea614' 'fea295' 'fea747' 'fea220' 'fea196' 'fea649' 'fea850'
 'fea185' 'fea522' 'fea902' 'fea912' 'fea836' 'fea40' '1023' 'fea882'
 'fea524' 'fea631' 'fea708' 'fea994' 'fea942' 'fea512' 'fea163' 'fea702'
 'fea933' 'fea618' 'fea783' 'fea949' 'fea632' 'fea703' 'fea626' 'fea928'
 'fea548' 'fea594' 'fea525' 'fea536' 'fea908' 'fea509' 'fea8' 'fea452'
 'fea233' 'fea43' 'fea1004' 'fea725' 'fea699' 'fea658' 'fea545' 'fea711'
 'fea741' 'fea531' 'fea726' 'fea642' 'fea291' 'fea589' 'fea639' 'fea844'
 'fea646' 'fea550' 'fea570' 'fea146' 'fea941' 'fea553' 'fea957' 'fea621'
 'fea753' 'fea724' 'fea780' 'fea571' 'fea537' 'fea810' 'fea818' 'fea777'
 'fea382' 'fea898' 'fea590' 'fea463' 'fea103' 'fea427' 'fea159' 'fea663'
 'fea833' 'fea85' 'fea470' 'fea613' 'fea232' 'fea723' 'fea974' 'fea421'
 'fea837' 'fea64' 'fea778' 'fea987' 'fea30' 'fea826' 'fea88' 'fea254'
 'fea871' 'fea804' 'fea36' 'fea143' 'fea881' 'fea139' 'fea207' 'fea458'
 'fea107' 'fea66' 'fea174' 'fea897' 'fea415' 'fea390' 'fea830' 'fea231'
 'fea115' 'fea447' 'fea11' 'fea386' 'fea493' 'fea920' 'fea1001' 'fea1018'
 'fea244' 'fea429' 'fea79' 'fea321' 'fea375' 'fea170' 'fea335' 'fea326'
 'fea444' 'fea80' 'fea31' 'fea379' 'fea998' 'fea199' 'fea462' 'fea917'
 'fea134' 'fea216' 'fea944' 'fea58' 'fea385' 'fea172' 'fea800' 'fea190'
 'fea650' 'fea95' 'fea426' 'fea496' 'fea381' 'fea900' 'fea223' 'fea260'
 'fea802' 'fea868' 'fea847' 'fea211' 'fea39' 'fea710' 'fea21' 'fea424'
 'fea473' 'fea242' 'fea829' 'fea875' 'fea201' 'fea835' 'fea585' 'fea187'
 'fea380' 'fea874' 'fea845' 'fea893' 'fea428' 'fea451' 'fea119' 'fea438'
 'fea369' 'fea774' 'fea182' 'fea22' 'fea69' 'fea324' 'fea508' 'fea48'
 'fea510' 'fea772' 'fea42' 'fea155' 'fea864' 'fea629' 'fea437' 'fea90'
 'fea863' 'fea116' 'fea331' 'fea877' 'fea961' 'fea425' 'fea272' 'fea905'
 'fea823' 'fea995' 'fea101' 'fea383' 'fea781' 'fea418' 'fea310' 'fea776'
 'fea367' 'fea215' 'fea33' 'fea349' 'fea350' 'fea213' 'fea54' 'fea1011'
 'fea459' 'fea249' 'fea482' 'fea339' 'fea246' 'fea203' 'fea411' 'fea498'
 'fea314' 'fea921' 'fea94' 'fea788' 'fea261' 'fea838' 'fea283' 'fea938'
 'fea773' 'fea978' 'fea394' 'fea89' 'fea436' 'fea239' 'fea332' 'fea124'
 'fea230' 'fea857' 'fea976' 'fea61' 'fea808' 'fea200' 'fea41' 'fea198'
 'fea161' 'fea38' 'fea409' 'fea801' 'fea971' 'fea973' 'fea287' 'fea387'
 'fea825' 'fea988' 'fea860' 'fea25' 'fea78' 'fea985' 'fea340' 'fea922'
 'fea240' 'fea4' 'fea309' 'fea269' 'fea176' 'fea853' 'fea248' 'fea465'
 'fea389' 'fea162' 'fea709' 'fea47' 'fea486' 'fea345' 'fea106' 'fea620'
 'fea93' 'fea297' 'fea275' 'fea866' 'fea245' 'fea337' 'fea125' 'fea839'
 'fea503' 'fea388' 'fea448' 'fea986' 'fea113' 'fea1013' 'fea16' 'fea506'
 'fea105' 'fea401' 'fea481' 'fea144' 'fea338' 'fea414' 'fea504' 'fea479'
 'fea65' 'fea1' 'fea1002' 'fea293' 'fea111' 'fea779' 'fea904' 'fea325'
 'fea165' 'fea471' 'fea822' 'fea263' 'fea317' 'fea809' 'fea120' 'fea37'
 'fea423' 'fea104' 'fea443' 'fea624' 'fea832' 'fea123' 'fea250' 'fea346'
 'fea122' 'fea268' 'fea1008' 'fea979' 'fea55' 'fea1014' 'fea872' 'fea141'
 'fea507' 'fea142' 'fea279' 'fea109' 'fea285' 'fea100' 'fea420' 'fea896'
 'fea901' 'fea1015' 'fea416' 'fea357' 'fea302' 'fea13' 'fea2' 'fea351'
 'fea241' 'fea278' 'fea135' 'fea499' 'fea157' 'fea19' 'fea889' 'fea75'
 'fea919' 'fea227' 'fea45' 'fea24' 'fea323' 'fea179' 'fea76' 'fea873'
 'fea453' 'fea237' 'fea96' 'fea480' 'fea497' 'fea169' 'fea366' 'fea7'
 'fea210' 'fea147' 'fea5' 'fea271' 'fea365' 'fea177' 'fea407' 'fea354'
 'fea821' 'fea371' 'fea164' 'fea359' 'fea972' 'fea502' 'fea361' 'fea131'
 'fea235' 'fea775' 'fea171' 'fea840' 'fea455' 'fea197' 'fea965' 'fea977'
 'fea9' 'fea1006' 'fea23' 'fea348' 'fea494' 'fea26' 'fea98' 'fea450'
 'fea194' 'fea787' 'fea229' 'fea793' 'fea962' 'fea277' 'fea208' 'fea855'
 'fea807' 'fea221' 'fea114' 'fea315' 'fea313' 'fea483' 'fea145' 'fea967'
 'fea858' 'fea376' 'fea320' 'fea384' 'fea461' 'fea792' 'fea1005' 'fea284'
 'fea336' 'fea311' 'fea294' 'fea156' 'fea782' 'fea15' 'fea996' 'fea87'
 'fea984' 'fea770' 'fea173' 'fea334' 'fea148' 'fea341' 'fea152' 'fea441'
 'fea851' 'fea191' 'fea92' 'fea140' 'fea360' 'fea344' 'fea841' 'fea892'
 'fea356' 'fea243' 'fea445' 'fea333' 'fea487' 'fea814' 'fea925' 'fea964'
 'fea118' 'fea876' 'fea891' 'fea225' 'fea257' 'fea442' 'fea372' 'fea989'
 'fea911' 'fea440' 'fea419' 'fea422' 'fea316' 'fea158' 'fea880' 'fea251'
 'fea236' 'fea71' 'fea796' 'fea405' 'fea353' 'fea402' 'fea916' 'fea70'
 'fea435' 'fea304' 'fea44' 'fea963' 'fea222' 'fea476' 'fea28' 'fea128'
 'fea205' 'fea886' 'fea454' 'fea846' 'fea180' 'fea815' 'fea217' 'fea475'
 'fea67' 'fea281' 'fea378' 'fea127' 'fea852' 'fea108' 'fea255' 'fea785'
 'fea60' 'fea991' 'fea56' 'fea474' 'fea495' 'fea192' 'fea84' 'fea834'
 'fea848' 'fea10' 'fea918' 'fea282' 'fea799' 'fea18' 'fea218' 'fea879'
 'fea828'],length = 801
[2020-03-31 11:53:07,960]: -----------
[2020-03-31 11:53:09,560]: f1 =0.7935 
[2020-03-31 11:53:09,561]: accuarcy = 0.8050 
[2020-03-31 11:53:09,564]: precision =0.8164 
[2020-03-31 11:53:09,567]: recall =0.8050
[2020-03-31 11:53:09,571]: auc = 0.7570
[2020-03-31 11:53:11,877]: -----------
[2020-03-31 11:53:11,878]: The output by the terminal's log has been saved in the /home/heshida/work/FMRMD2.0/Logs/202003311146.log.
[2020-03-31 11:53:11,878]: metrics have been saved in the /home/heshida/work/FMRMD2.0/Results/1.positive.txt.0.negative.txt.metrics.csv.
[2020-03-31 11:53:43,595]: Scatter charts visualized by t-SNE dataset has been saved in the /home/heshida/work/FMRMD2.0/Results/1.positive.txt.0.negative.txt.fasta.out.csv.png.
[2020-03-31 11:53:43,596]: Reduced dimensional dataset has been saved in the /home/heshida/work/FMRMD2.0/Results/1.positive.txt.0.negative.txt.result.csv.
[2020-03-31 11:53:43,596]: ---mrmd 2.0 end---
